Model : GNMF
Dataset : cstr
max iterations : 100
myeps_1 : 1e-12
myeps_2 : 1e-10
The results of running the Kmeans method 20 times and the report of maximum of 20 runs
##################################################################################################
 k_knn = 3  
 k = 10 :  Max ACC : 56.09243697478992, with theta = 0.01
 k = 10 :  Max NMI : 49.85362484749711, with theta = 0.01
 k = 10 :  Reconstruction Error : 21.373335161594113
 k = 10 :  Max Silhoutter score : 0.9623585520185512, with theta = 10.0
 k = 10 :  Max Dunn's Index score : 1.9214694732300696e-13, with theta = 0.001
 k = 10 :  Min David Bouldin score : 0.8243155884007906, with theta = 0.1
##################################################################################################
##################################################################################################
 k_knn = 3  
 k = 20 :  Max ACC : 57.14285714285714, with theta = 0.001
 k = 20 :  Max NMI : 49.83343188191513, with theta = 0.001
 k = 20 :  Reconstruction Error : 21.366694917943274
 k = 20 :  Max Silhoutter score : 0.9612209023730108, with theta = 10.0
 k = 20 :  Max Dunn's Index score : 8.9627883087595e-14, with theta = 0.001
 k = 20 :  Min David Bouldin score : 0.6791888849771893, with theta = 10.0
##################################################################################################
##################################################################################################
 k_knn = 3  
 k = 30 :  Max ACC : 56.51260504201681, with theta = 0.01
 k = 30 :  Max NMI : 37.831565993324325, with theta = 0.01
 k = 30 :  Reconstruction Error : 21.37301445448991
 k = 30 :  Max Silhoutter score : 0.9656059753632261, with theta = 10.0
 k = 30 :  Max Dunn's Index score : 2.705540250215156e-16, with theta = 0.01
 k = 30 :  Min David Bouldin score : 0.6121500379805609, with theta = 0.1
##################################################################################################
##################################################################################################
 k_knn = 3  
 k = 40 :  Max ACC : 51.89075630252101, with theta = 0.001
 k = 40 :  Max NMI : 31.070469364685476, with theta = 0.001
 k = 40 :  Reconstruction Error : 21.369945558770972
 k = 40 :  Max Silhoutter score : 0.9567948951304586, with theta = 10.0
 k = 40 :  Max Dunn's Index score : 6.281170226215124e-12, with theta = 0.001
 k = 40 :  Min David Bouldin score : 0.658475829000657, with theta = 10.0
##################################################################################################
##################################################################################################
 k_knn = 3  
 k = 50 :  Max ACC : 55.88235294117647, with theta = 0.001
 k = 50 :  Max NMI : 41.30972485998296, with theta = 0.001
 k = 50 :  Reconstruction Error : 21.371275786348242
 k = 50 :  Max Silhoutter score : 0.9518688202283387, with theta = 10.0
 k = 50 :  Max Dunn's Index score : 1.6310041531657418e-12, with theta = 0.001
 k = 50 :  Min David Bouldin score : 0.5317094723689029, with theta = 10.0
##################################################################################################
##################################################################################################
 k_knn = 3  
 k = 60 :  Max ACC : 38.445378151260506, with theta = 0.001
 k = 60 :  Max NMI : 15.97263157888136, with theta = 0.001
 k = 60 :  Reconstruction Error : 21.370445017886055
 k = 60 :  Max Silhoutter score : 0.9621154062545199, with theta = 10.0
 k = 60 :  Max Dunn's Index score : 3.432948022444435e-08, with theta = 0.001
 k = 60 :  Min David Bouldin score : 0.4414807681573386, with theta = 10.0
##################################################################################################
##################################################################################################
 k_knn = 3  
 k = 70 :  Max ACC : 49.36974789915966, with theta = 0.001
 k = 70 :  Max NMI : 24.018041739677265, with theta = 0.001
 k = 70 :  Reconstruction Error : 21.36339942375643
 k = 70 :  Max Silhoutter score : 0.9530343845803806, with theta = 10.0
 k = 70 :  Max Dunn's Index score : 1.3665176040706473e-08, with theta = 0.001
 k = 70 :  Min David Bouldin score : 0.41367809961139246, with theta = 10.0
##################################################################################################
The results of running the Kmeans method 20 times and the average of 20 runs
##################################################################################################
 k_knn = 3 
 k = 10 :  Avg ACC : 48.308270676691734, with theta = 0.001
 k = 10 :  Avg NMI : 36.14276263945356, with theta = 0.001
 k = 10 :  Reconstruction Error : 21.373335161594113
 k = 10 :  Avg Silhoutte score : 0.9584666394587978, with theta = 10.0
 k = 10 :  Avg Dunn's Index score : 1.9214694732300696e-13, with theta = 0.001
 k = 10 :  Avg David Bouldin score : 1.0876312417503118, with theta = 0.1
##################################################################################################
##################################################################################################
 k_knn = 3 
 k = 20 :  Avg ACC : 37.693498452012385, with theta = 0.001
 k = 20 :  Avg NMI : 19.42803807845378, with theta = 0.001
 k = 20 :  Reconstruction Error : 21.366694917943274
 k = 20 :  Avg Silhoutte score : 0.9554604736324542, with theta = 10.0
 k = 20 :  Avg Dunn's Index score : 8.9627883087595e-14, with theta = 0.001
 k = 20 :  Avg David Bouldin score : 1.1775890683576742, with theta = 0.1
##################################################################################################
##################################################################################################
 k_knn = 3 
 k = 30 :  Avg ACC : 35.64794338788147, with theta = 0.1
 k = 30 :  Avg NMI : 15.020138529952373, with theta = 0.001
 k = 30 :  Reconstruction Error : 21.37301445448991
 k = 30 :  Avg Silhoutte score : 0.9652875907865742, with theta = 10.0
 k = 30 :  Avg Dunn's Index score : 2.705540250215156e-16, with theta = 0.01
 k = 30 :  Avg David Bouldin score : 1.1259506237080874, with theta = 0.1
##################################################################################################
##################################################################################################
 k_knn = 3 
 k = 40 :  Avg ACC : 36.76470588235294, with theta = 10.0
 k = 40 :  Avg NMI : 12.232999175238499, with theta = 0.001
 k = 40 :  Reconstruction Error : 21.369945558770972
 k = 40 :  Avg Silhoutte score : 0.9567948951304586, with theta = 10.0
 k = 40 :  Avg Dunn's Index score : 6.281170226215124e-12, with theta = 0.001
 k = 40 :  Avg David Bouldin score : 1.2083082468355297, with theta = 10.0
##################################################################################################
##################################################################################################
 k_knn = 3 
 k = 50 :  Avg ACC : 36.11233967271119, with theta = 0.001
 k = 50 :  Avg NMI : 10.144505696643305, with theta = 0.001
 k = 50 :  Reconstruction Error : 21.371275786348242
 k = 50 :  Avg Silhoutte score : 0.9518688202283387, with theta = 10.0
 k = 50 :  Avg Dunn's Index score : 1.6310041531657418e-12, with theta = 0.001
 k = 50 :  Avg David Bouldin score : 1.0079847643295516, with theta = 10.0
##################################################################################################
##################################################################################################
 k_knn = 3 
 k = 60 :  Avg ACC : 36.344537815126046, with theta = 10.0
 k = 60 :  Avg NMI : 7.314354743182032, with theta = 0.001
 k = 60 :  Reconstruction Error : 21.370445017886055
 k = 60 :  Avg Silhoutte score : 0.9621154062545199, with theta = 10.0
 k = 60 :  Avg Dunn's Index score : 3.432948022444435e-08, with theta = 0.001
 k = 60 :  Avg David Bouldin score : 1.2628160461945785, with theta = 10.0
##################################################################################################
##################################################################################################
 k_knn = 3 
 k = 70 :  Avg ACC : 36.76470588235294, with theta = 10.0
 k = 70 :  Avg NMI : 5.269238690565015, with theta = 0.001
 k = 70 :  Reconstruction Error : 21.36339942375643
 k = 70 :  Avg Silhoutte score : 0.9530343845803806, with theta = 10.0
 k = 70 :  Avg Dunn's Index score : 1.3665176040706473e-08, with theta = 0.001
 k = 70 :  Avg David Bouldin score : 0.7761877211625122, with theta = 10.0
##################################################################################################
The results of running the Kmeans method 20 times and the report of maximum of 20 runs
##################################################################################################
 k_knn = 5  
 k = 10 :  Max ACC : 76.05042016806722, with theta = 0.01
 k = 10 :  Max NMI : 70.14072506824861, with theta = 0.01
 k = 10 :  Reconstruction Error : 21.395099036099083
 k = 10 :  Max Silhoutter score : 0.4190410856696764, with theta = 0.1
 k = 10 :  Max Dunn's Index score : 0.009069584306549573, with theta = 10.0
 k = 10 :  Min David Bouldin score : 1.0311759619304468, with theta = 0.1
##################################################################################################
##################################################################################################
 k_knn = 5  
 k = 20 :  Max ACC : 64.07563025210085, with theta = 0.001
 k = 20 :  Max NMI : 50.93896256687081, with theta = 0.001
 k = 20 :  Reconstruction Error : 21.393494823911322
 k = 20 :  Max Silhoutter score : 0.24875615617710106, with theta = 0.001
 k = 20 :  Max Dunn's Index score : 0.04191696749515513, with theta = 10.0
 k = 20 :  Min David Bouldin score : 0.94281645810901, with theta = 0.001
##################################################################################################
##################################################################################################
 k_knn = 5  
 k = 30 :  Max ACC : 63.23529411764706, with theta = 0.01
 k = 30 :  Max NMI : 52.57224184525231, with theta = 0.01
 k = 30 :  Reconstruction Error : 21.393910490572708
 k = 30 :  Max Silhoutter score : 0.184844952862319, with theta = 0.001
 k = 30 :  Max Dunn's Index score : 0.04105940359623699, with theta = 10.0
 k = 30 :  Min David Bouldin score : 0.9507483481150714, with theta = 0.001
##################################################################################################
##################################################################################################
 k_knn = 5  
 k = 40 :  Max ACC : 65.96638655462185, with theta = 0.1
 k = 40 :  Max NMI : 49.71716769346741, with theta = 0.001
 k = 40 :  Reconstruction Error : 21.39381021196456
 k = 40 :  Max Silhoutter score : 0.18573513935482314, with theta = 0.001
 k = 40 :  Max Dunn's Index score : 0.050947951040311044, with theta = 10.0
 k = 40 :  Min David Bouldin score : 1.0100523930343326, with theta = 0.001
##################################################################################################
##################################################################################################
 k_knn = 5  
 k = 50 :  Max ACC : 73.10924369747899, with theta = 0.01
 k = 50 :  Max NMI : 61.34227474449692, with theta = 0.01
 k = 50 :  Reconstruction Error : 21.39333320779369
 k = 50 :  Max Silhoutter score : 0.2571948330921705, with theta = 0.001
 k = 50 :  Max Dunn's Index score : 0.05046241552354092, with theta = 10.0
 k = 50 :  Min David Bouldin score : 0.8619473730251509, with theta = 0.001
##################################################################################################
##################################################################################################
 k_knn = 5  
 k = 60 :  Max ACC : 66.38655462184873, with theta = 0.01
 k = 60 :  Max NMI : 49.41559112476857, with theta = 0.01
 k = 60 :  Reconstruction Error : 21.393381942977285
 k = 60 :  Max Silhoutter score : 0.2765466915125037, with theta = 0.001
 k = 60 :  Max Dunn's Index score : 0.050384617698731336, with theta = 10.0
 k = 60 :  Min David Bouldin score : 0.7980388825690582, with theta = 0.001
##################################################################################################
##################################################################################################
 k_knn = 5  
 k = 70 :  Max ACC : 73.31932773109243, with theta = 0.01
 k = 70 :  Max NMI : 59.85777132692953, with theta = 0.01
 k = 70 :  Reconstruction Error : 21.394294271894957
 k = 70 :  Max Silhoutter score : 0.18223835125396354, with theta = 0.01
 k = 70 :  Max Dunn's Index score : 0.04248254391578302, with theta = 10.0
 k = 70 :  Min David Bouldin score : 1.1981924981214875, with theta = 0.01
##################################################################################################
The results of running the Kmeans method 20 times and the average of 20 runs
##################################################################################################
 k_knn = 5 
 k = 10 :  Avg ACC : 60.76957098628925, with theta = 0.1
 k = 10 :  Avg NMI : 50.3701513652488, with theta = 0.1
 k = 10 :  Reconstruction Error : 21.395099036099083
 k = 10 :  Avg Silhoutte score : 0.41747396792676145, with theta = 0.1
 k = 10 :  Avg Dunn's Index score : 0.009069584306549573, with theta = 10.0
 k = 10 :  Avg David Bouldin score : 2.0155758618372372, with theta = 0.1
##################################################################################################
##################################################################################################
 k_knn = 5 
 k = 20 :  Avg ACC : 44.946926138876606, with theta = 0.01
 k = 20 :  Avg NMI : 31.575058172519515, with theta = 0.01
 k = 20 :  Reconstruction Error : 21.393494823911322
 k = 20 :  Avg Silhoutte score : 0.1637410233642881, with theta = 0.001
 k = 20 :  Avg Dunn's Index score : 0.04191696749515513, with theta = 10.0
 k = 20 :  Avg David Bouldin score : 2.7713001544659748, with theta = 0.001
##################################################################################################
##################################################################################################
 k_knn = 5 
 k = 30 :  Avg ACC : 47.60061919504644, with theta = 0.01
 k = 30 :  Avg NMI : 32.64922062821903, with theta = 0.01
 k = 30 :  Reconstruction Error : 21.393910490572708
 k = 30 :  Avg Silhoutte score : 0.11488648145785388, with theta = 0.001
 k = 30 :  Avg Dunn's Index score : 0.04105940359623699, with theta = 10.0
 k = 30 :  Avg David Bouldin score : 2.9757620313147073, with theta = 0.001
##################################################################################################
##################################################################################################
 k_knn = 5 
 k = 40 :  Avg ACC : 60.493144626271565, with theta = 0.1
 k = 40 :  Avg NMI : 32.757562055786096, with theta = 0.01
 k = 40 :  Reconstruction Error : 21.39381021196456
 k = 40 :  Avg Silhoutte score : 0.08522777866546465, with theta = 0.01
 k = 40 :  Avg Dunn's Index score : 0.050947951040311044, with theta = 10.0
 k = 40 :  Avg David Bouldin score : 3.126137019810849, with theta = 0.001
##################################################################################################
##################################################################################################
 k_knn = 5 
 k = 50 :  Avg ACC : 47.57850508624502, with theta = 0.01
 k = 50 :  Avg NMI : 31.750116485159733, with theta = 0.01
 k = 50 :  Reconstruction Error : 21.39333320779369
 k = 50 :  Avg Silhoutte score : 0.10270216811233923, with theta = 0.001
 k = 50 :  Avg Dunn's Index score : 0.05046241552354092, with theta = 10.0
 k = 50 :  Avg David Bouldin score : 3.258557432872115, with theta = 0.001
##################################################################################################
##################################################################################################
 k_knn = 5 
 k = 60 :  Avg ACC : 49.07120743034056, with theta = 0.01
 k = 60 :  Avg NMI : 31.47300169849046, with theta = 0.01
 k = 60 :  Reconstruction Error : 21.393381942977285
 k = 60 :  Avg Silhoutte score : 0.08729858936323616, with theta = 0.001
 k = 60 :  Avg Dunn's Index score : 0.050384617698731336, with theta = 10.0
 k = 60 :  Avg David Bouldin score : 3.5863599025492507, with theta = 0.001
##################################################################################################
##################################################################################################
 k_knn = 5 
 k = 70 :  Avg ACC : 50.22114108801415, with theta = 0.01
 k = 70 :  Avg NMI : 34.926849952580696, with theta = 0.01
 k = 70 :  Reconstruction Error : 21.394294271894957
 k = 70 :  Avg Silhoutte score : 0.0942777633900314, with theta = 0.01
 k = 70 :  Avg Dunn's Index score : 0.04248254391578302, with theta = 10.0
 k = 70 :  Avg David Bouldin score : 3.402242587443897, with theta = 0.01
##################################################################################################
The results of running the Kmeans method 20 times and the report of maximum of 20 runs
##################################################################################################
 k_knn = 6  
 k = 10 :  Max ACC : 73.73949579831933, with theta = 0.01
 k = 10 :  Max NMI : 65.44139000078631, with theta = 0.01
 k = 10 :  Reconstruction Error : 21.394603730382475
 k = 10 :  Max Silhoutter score : 0.3773077665173768, with theta = 0.1
 k = 10 :  Max Dunn's Index score : 0.0002671243862792999, with theta = 10.0
 k = 10 :  Min David Bouldin score : 1.0185744661657674, with theta = 0.1
##################################################################################################
##################################################################################################
 k_knn = 6  
 k = 20 :  Max ACC : 76.89075630252101, with theta = 0.01
 k = 20 :  Max NMI : 69.11153724005452, with theta = 0.01
 k = 20 :  Reconstruction Error : 21.394520607011067
 k = 20 :  Max Silhoutter score : 0.27720987434754585, with theta = 0.001
 k = 20 :  Max Dunn's Index score : 0.0007147077535320167, with theta = 0.1
 k = 20 :  Min David Bouldin score : 1.0415230784185536, with theta = 0.001
##################################################################################################
##################################################################################################
 k_knn = 6  
 k = 30 :  Max ACC : 62.81512605042017, with theta = 0.001
 k = 30 :  Max NMI : 44.76734177274921, with theta = 0.001
 k = 30 :  Reconstruction Error : 21.394122207444845
 k = 30 :  Max Silhoutter score : 0.24258214694257824, with theta = 0.01
 k = 30 :  Max Dunn's Index score : 0.004788349955083742, with theta = 0.1
 k = 30 :  Min David Bouldin score : 1.345576901604436, with theta = 0.01
##################################################################################################
##################################################################################################
 k_knn = 6  
 k = 40 :  Max ACC : 71.63865546218487, with theta = 0.001
 k = 40 :  Max NMI : 62.33958260559886, with theta = 0.001
 k = 40 :  Reconstruction Error : 21.39383951989896
 k = 40 :  Max Silhoutter score : 0.24333021871345306, with theta = 0.01
 k = 40 :  Max Dunn's Index score : 0.00781630557586043, with theta = 0.1
 k = 40 :  Min David Bouldin score : 1.6213318562592365, with theta = 0.01
##################################################################################################
##################################################################################################
 k_knn = 6  
 k = 50 :  Max ACC : 69.53781512605042, with theta = 0.01
 k = 50 :  Max NMI : 56.41499390551389, with theta = 0.01
 k = 50 :  Reconstruction Error : 21.39378011400014
 k = 50 :  Max Silhoutter score : 0.14253576368959472, with theta = 0.001
 k = 50 :  Max Dunn's Index score : 0.007350153658883232, with theta = 0.1
 k = 50 :  Min David Bouldin score : 1.1315579504656852, with theta = 0.001
##################################################################################################
##################################################################################################
 k_knn = 6  
 k = 60 :  Max ACC : 72.05882352941177, with theta = 0.01
 k = 60 :  Max NMI : 51.25679560522541, with theta = 0.01
 k = 60 :  Reconstruction Error : 21.39330295652154
 k = 60 :  Max Silhoutter score : 0.2560268899113889, with theta = 0.01
 k = 60 :  Max Dunn's Index score : 0.006689208550798002, with theta = 0.1
 k = 60 :  Min David Bouldin score : 1.2754421849666495, with theta = 0.01
##################################################################################################
##################################################################################################
 k_knn = 6  
 k = 70 :  Max ACC : 72.47899159663865, with theta = 10.0
 k = 70 :  Max NMI : 49.28985017646069, with theta = 0.01
 k = 70 :  Reconstruction Error : 21.394078956604382
 k = 70 :  Max Silhoutter score : 0.2980286638595512, with theta = 0.01
 k = 70 :  Max Dunn's Index score : 0.005365164585769329, with theta = 0.1
 k = 70 :  Min David Bouldin score : 1.2535996375015008, with theta = 0.01
##################################################################################################
The results of running the Kmeans method 20 times and the average of 20 runs
##################################################################################################
 k_knn = 6 
 k = 10 :  Avg ACC : 63.942945599292344, with theta = 0.01
 k = 10 :  Avg NMI : 53.75479347764081, with theta = 0.01
 k = 10 :  Reconstruction Error : 21.394603730382475
 k = 10 :  Avg Silhoutte score : 0.37564111629207947, with theta = 0.1
 k = 10 :  Avg Dunn's Index score : 0.0002671243862792999, with theta = 10.0
 k = 10 :  Avg David Bouldin score : 2.1542000156507264, with theta = 0.1
##################################################################################################
##################################################################################################
 k_knn = 6 
 k = 20 :  Avg ACC : 59.17735515258735, with theta = 0.01
 k = 20 :  Avg NMI : 46.97345205062166, with theta = 0.01
 k = 20 :  Reconstruction Error : 21.394520607011067
 k = 20 :  Avg Silhoutte score : 0.11301183219190046, with theta = 0.01
 k = 20 :  Avg Dunn's Index score : 0.0007147077535320167, with theta = 0.1
 k = 20 :  Avg David Bouldin score : 2.59854799512828, with theta = 0.001
##################################################################################################
##################################################################################################
 k_knn = 6 
 k = 30 :  Avg ACC : 53.19548872180451, with theta = 10.0
 k = 30 :  Avg NMI : 27.998804844902818, with theta = 0.001
 k = 30 :  Reconstruction Error : 21.394122207444845
 k = 30 :  Avg Silhoutte score : 0.1608582088936163, with theta = 0.01
 k = 30 :  Avg Dunn's Index score : 0.004788349955083742, with theta = 0.1
 k = 30 :  Avg David Bouldin score : 2.809381273117321, with theta = 0.01
##################################################################################################
##################################################################################################
 k_knn = 6 
 k = 40 :  Avg ACC : 52.63157894736842, with theta = 0.1
 k = 40 :  Avg NMI : 31.039456771336013, with theta = 0.001
 k = 40 :  Reconstruction Error : 21.39383951989896
 k = 40 :  Avg Silhoutte score : 0.10907907652153177, with theta = 0.01
 k = 40 :  Avg Dunn's Index score : 0.00781630557586043, with theta = 0.1
 k = 40 :  Avg David Bouldin score : 3.0585619301137514, with theta = 0.01
##################################################################################################
##################################################################################################
 k_knn = 6 
 k = 50 :  Avg ACC : 56.789031402034496, with theta = 0.1
 k = 50 :  Avg NMI : 32.94302297521083, with theta = 0.01
 k = 50 :  Reconstruction Error : 21.39378011400014
 k = 50 :  Avg Silhoutte score : 0.08485745889438617, with theta = 0.1
 k = 50 :  Avg Dunn's Index score : 0.007350153658883232, with theta = 0.1
 k = 50 :  Avg David Bouldin score : 3.099358317024339, with theta = 0.01
##################################################################################################
##################################################################################################
 k_knn = 6 
 k = 60 :  Avg ACC : 58.28173374613003, with theta = 10.0
 k = 60 :  Avg NMI : 28.55874091668906, with theta = 10.0
 k = 60 :  Reconstruction Error : 21.39330295652154
 k = 60 :  Avg Silhoutte score : 0.10817001753885075, with theta = 0.01
 k = 60 :  Avg Dunn's Index score : 0.006689208550798002, with theta = 0.1
 k = 60 :  Avg David Bouldin score : 3.1901889433310067, with theta = 0.01
##################################################################################################
##################################################################################################
 k_knn = 6 
 k = 70 :  Avg ACC : 62.39495798319328, with theta = 0.1
 k = 70 :  Avg NMI : 39.351590798199, with theta = 0.1
 k = 70 :  Reconstruction Error : 21.394078956604382
 k = 70 :  Avg Silhoutte score : 0.10019105568825042, with theta = 0.01
 k = 70 :  Avg Dunn's Index score : 0.005365164585769329, with theta = 0.1
 k = 70 :  Avg David Bouldin score : 3.1742958516280737, with theta = 0.01
##################################################################################################
The results of running the Kmeans method 20 times and the report of maximum of 20 runs
##################################################################################################
 k_knn = 11  
 k = 10 :  Max ACC : 90.33613445378151, with theta = 0.01
 k = 10 :  Max NMI : 75.68633089318215, with theta = 0.01
 k = 10 :  Reconstruction Error : 21.39762288082183
 k = 10 :  Max Silhoutter score : 0.6134037130292307, with theta = 0.1
 k = 10 :  Max Dunn's Index score : 1.0520710417737323e-05, with theta = 10.0
 k = 10 :  Min David Bouldin score : 1.246584235005947, with theta = 0.1
##################################################################################################
##################################################################################################
 k_knn = 11  
 k = 20 :  Max ACC : 86.5546218487395, with theta = 0.1
 k = 20 :  Max NMI : 64.50013364891593, with theta = 0.1
 k = 20 :  Reconstruction Error : 21.396360706719683
 k = 20 :  Max Silhoutter score : 0.22024140690605137, with theta = 0.1
 k = 20 :  Max Dunn's Index score : 0.0021999697068358494, with theta = 0.1
 k = 20 :  Min David Bouldin score : 1.1591916901037318, with theta = 0.001
##################################################################################################
##################################################################################################
 k_knn = 11  
 k = 30 :  Max ACC : 78.99159663865547, with theta = 0.1
 k = 30 :  Max NMI : 61.16473294733622, with theta = 0.1
 k = 30 :  Reconstruction Error : 21.395802075760905
 k = 30 :  Max Silhoutter score : 0.49579917545448715, with theta = 0.01
 k = 30 :  Max Dunn's Index score : 0.003542117379638479, with theta = 0.1
 k = 30 :  Min David Bouldin score : 1.0256300395754554, with theta = 0.01
##################################################################################################
##################################################################################################
 k_knn = 11  
 k = 40 :  Max ACC : 81.9327731092437, with theta = 10.0
 k = 40 :  Max NMI : 60.11577254776645, with theta = 10.0
 k = 40 :  Reconstruction Error : 21.395885534690237
 k = 40 :  Max Silhoutter score : 0.5875539086697729, with theta = 0.01
 k = 40 :  Max Dunn's Index score : 0.002176015636673809, with theta = 10.0
 k = 40 :  Min David Bouldin score : 1.0370656654986603, with theta = 0.01
##################################################################################################
##################################################################################################
 k_knn = 11  
 k = 50 :  Max ACC : 87.39495798319328, with theta = 0.1
 k = 50 :  Max NMI : 69.02699320051568, with theta = 0.1
 k = 50 :  Reconstruction Error : 21.395648832892917
 k = 50 :  Max Silhoutter score : 0.471694267026886, with theta = 0.01
 k = 50 :  Max Dunn's Index score : 0.0019449290238387077, with theta = 10.0
 k = 50 :  Min David Bouldin score : 1.3522133963316298, with theta = 0.01
##################################################################################################
##################################################################################################
 k_knn = 11  
 k = 60 :  Max ACC : 87.39495798319328, with theta = 0.1
 k = 60 :  Max NMI : 68.85495773545601, with theta = 0.1
 k = 60 :  Reconstruction Error : 21.39522424351031
 k = 60 :  Max Silhoutter score : 0.3936879788369554, with theta = 0.01
 k = 60 :  Max Dunn's Index score : 0.0031369063743004254, with theta = 0.1
 k = 60 :  Min David Bouldin score : 1.1640601640937736, with theta = 0.01
##################################################################################################
##################################################################################################
 k_knn = 11  
 k = 70 :  Max ACC : 87.18487394957984, with theta = 10.0
 k = 70 :  Max NMI : 66.15804737107244, with theta = 10.0
 k = 70 :  Reconstruction Error : 21.3954757409537
 k = 70 :  Max Silhoutter score : 0.22301444188088979, with theta = 0.01
 k = 70 :  Max Dunn's Index score : 0.002246058849292618, with theta = 10.0
 k = 70 :  Min David Bouldin score : 1.096648689723239, with theta = 0.01
##################################################################################################
The results of running the Kmeans method 20 times and the average of 20 runs
##################################################################################################
 k_knn = 11 
 k = 10 :  Avg ACC : 86.20079610791686, with theta = 0.1
 k = 10 :  Avg NMI : 68.24819307045537, with theta = 0.1
 k = 10 :  Reconstruction Error : 21.39762288082183
 k = 10 :  Avg Silhoutte score : 0.6133057041060241, with theta = 0.1
 k = 10 :  Avg Dunn's Index score : 1.0520710417737323e-05, with theta = 10.0
 k = 10 :  Avg David Bouldin score : 1.3442459481277524, with theta = 0.1
##################################################################################################
##################################################################################################
 k_knn = 11 
 k = 20 :  Avg ACC : 80.7828394515701, with theta = 0.1
 k = 20 :  Avg NMI : 58.54862657154389, with theta = 0.1
 k = 20 :  Reconstruction Error : 21.396360706719683
 k = 20 :  Avg Silhoutte score : 0.2155862127906963, with theta = 0.1
 k = 20 :  Avg Dunn's Index score : 0.0021999697068358494, with theta = 0.1
 k = 20 :  Avg David Bouldin score : 1.8197872726864626, with theta = 0.1
##################################################################################################
##################################################################################################
 k_knn = 11 
 k = 30 :  Avg ACC : 74.15966386554622, with theta = 0.1
 k = 30 :  Avg NMI : 57.928478125151365, with theta = 0.1
 k = 30 :  Reconstruction Error : 21.395802075760905
 k = 30 :  Avg Silhoutte score : 0.40738154617280614, with theta = 0.01
 k = 30 :  Avg Dunn's Index score : 0.003542117379638479, with theta = 0.1
 k = 30 :  Avg David Bouldin score : 1.9499548775546565, with theta = 0.01
##################################################################################################
##################################################################################################
 k_knn = 11 
 k = 40 :  Avg ACC : 68.44316674038036, with theta = 10.0
 k = 40 :  Avg NMI : 50.67686948824129, with theta = 10.0
 k = 40 :  Reconstruction Error : 21.395885534690237
 k = 40 :  Avg Silhoutte score : 0.2592123861974434, with theta = 0.01
 k = 40 :  Avg Dunn's Index score : 0.002176015636673809, with theta = 10.0
 k = 40 :  Avg David Bouldin score : 2.2889623555753014, with theta = 0.01
##################################################################################################
##################################################################################################
 k_knn = 11 
 k = 50 :  Avg ACC : 81.23617868199912, with theta = 0.1
 k = 50 :  Avg NMI : 63.45844408342506, with theta = 0.1
 k = 50 :  Reconstruction Error : 21.395648832892917
 k = 50 :  Avg Silhoutte score : 0.42588969019131145, with theta = 0.01
 k = 50 :  Avg Dunn's Index score : 0.0019449290238387077, with theta = 10.0
 k = 50 :  Avg David Bouldin score : 2.146175411756899, with theta = 0.01
##################################################################################################
##################################################################################################
 k_knn = 11 
 k = 60 :  Avg ACC : 81.12560813799205, with theta = 10.0
 k = 60 :  Avg NMI : 57.96875835774393, with theta = 10.0
 k = 60 :  Reconstruction Error : 21.39522424351031
 k = 60 :  Avg Silhoutte score : 0.23250925260814825, with theta = 0.01
 k = 60 :  Avg Dunn's Index score : 0.0031369063743004254, with theta = 0.1
 k = 60 :  Avg David Bouldin score : 2.4094124784010114, with theta = 0.01
##################################################################################################
##################################################################################################
 k_knn = 11 
 k = 70 :  Avg ACC : 85.08403361344538, with theta = 10.0
 k = 70 :  Avg NMI : 62.52824468420055, with theta = 10.0
 k = 70 :  Reconstruction Error : 21.3954757409537
 k = 70 :  Avg Silhoutte score : 0.20550828837050414, with theta = 10.0
 k = 70 :  Avg Dunn's Index score : 0.002246058849292618, with theta = 10.0
 k = 70 :  Avg David Bouldin score : 2.169656258297661, with theta = 0.01
##################################################################################################
The results of running the Kmeans method 20 times and the report of maximum of 20 runs
##################################################################################################
 k_knn = 21  
 k = 10 :  Max ACC : 90.33613445378151, with theta = 0.001
 k = 10 :  Max NMI : 76.44083562815067, with theta = 0.001
 k = 10 :  Reconstruction Error : 21.396745875792178
 k = 10 :  Max Silhoutter score : 0.40446955100941917, with theta = 0.1
 k = 10 :  Max Dunn's Index score : 0.00050967303848585, with theta = 10.0
 k = 10 :  Min David Bouldin score : 1.0897075304730317, with theta = 0.1
##################################################################################################
##################################################################################################
 k_knn = 21  
 k = 20 :  Max ACC : 87.60504201680672, with theta = 10.0
 k = 20 :  Max NMI : 70.81874715230035, with theta = 10.0
 k = 20 :  Reconstruction Error : 21.396979350012796
 k = 20 :  Max Silhoutter score : 0.3612483082616624, with theta = 10.0
 k = 20 :  Max Dunn's Index score : 0.0007734728276172593, with theta = 10.0
 k = 20 :  Min David Bouldin score : 1.0175042603676565, with theta = 0.001
##################################################################################################
##################################################################################################
 k_knn = 21  
 k = 30 :  Max ACC : 89.70588235294117, with theta = 0.1
 k = 30 :  Max NMI : 75.12734465415988, with theta = 0.1
 k = 30 :  Reconstruction Error : 21.39693259915935
 k = 30 :  Max Silhoutter score : 0.4148436268662899, with theta = 0.1
 k = 30 :  Max Dunn's Index score : 0.0009058642061474653, with theta = 10.0
 k = 30 :  Min David Bouldin score : 1.143115067055402, with theta = 0.1
##################################################################################################
##################################################################################################
 k_knn = 21  
 k = 40 :  Max ACC : 80.46218487394958, with theta = 0.1
 k = 40 :  Max NMI : 64.58467085428394, with theta = 10.0
 k = 40 :  Reconstruction Error : 21.39785474129121
 k = 40 :  Max Silhoutter score : 0.3944374705841348, with theta = 0.01
 k = 40 :  Max Dunn's Index score : 0.0008222364878146638, with theta = 10.0
 k = 40 :  Min David Bouldin score : 1.8528524085741338, with theta = 0.01
##################################################################################################
##################################################################################################
 k_knn = 21  
 k = 50 :  Max ACC : 89.91596638655463, with theta = 10.0
 k = 50 :  Max NMI : 75.38651997905207, with theta = 10.0
 k = 50 :  Reconstruction Error : 21.39675228398182
 k = 50 :  Max Silhoutter score : 0.4131370935483044, with theta = 0.1
 k = 50 :  Max Dunn's Index score : 0.0006502809242947007, with theta = 0.1
 k = 50 :  Min David Bouldin score : 1.029183555944846, with theta = 10.0
##################################################################################################
##################################################################################################
 k_knn = 21  
 k = 60 :  Max ACC : 89.91596638655463, with theta = 0.01
 k = 60 :  Max NMI : 75.15765246405066, with theta = 0.1
 k = 60 :  Reconstruction Error : 21.3969286379318
 k = 60 :  Max Silhoutter score : 0.3853179644983992, with theta = 10.0
 k = 60 :  Max Dunn's Index score : 0.0008098089166218543, with theta = 10.0
 k = 60 :  Min David Bouldin score : 1.4234406971623708, with theta = 10.0
##################################################################################################
##################################################################################################
 k_knn = 21  
 k = 70 :  Max ACC : 90.33613445378151, with theta = 0.1
 k = 70 :  Max NMI : 77.2245730883566, with theta = 0.1
 k = 70 :  Reconstruction Error : 21.397256383557586
 k = 70 :  Max Silhoutter score : 0.41195329413238163, with theta = 0.1
 k = 70 :  Max Dunn's Index score : 0.0008474385921254976, with theta = 10.0
 k = 70 :  Min David Bouldin score : 1.182160317005816, with theta = 0.1
##################################################################################################
The results of running the Kmeans method 20 times and the average of 20 runs
##################################################################################################
 k_knn = 21 
 k = 10 :  Avg ACC : 87.67138434321096, with theta = 10.0
 k = 10 :  Avg NMI : 70.81017355565727, with theta = 10.0
 k = 10 :  Reconstruction Error : 21.396745875792178
 k = 10 :  Avg Silhoutte score : 0.40446955100941917, with theta = 0.1
 k = 10 :  Avg Dunn's Index score : 0.00050967303848585, with theta = 10.0
 k = 10 :  Avg David Bouldin score : 1.4743526616838154, with theta = 0.1
##################################################################################################
##################################################################################################
 k_knn = 21 
 k = 20 :  Avg ACC : 87.40601503759399, with theta = 10.0
 k = 20 :  Avg NMI : 70.02705236394624, with theta = 10.0
 k = 20 :  Reconstruction Error : 21.396979350012796
 k = 20 :  Avg Silhoutte score : 0.3612392517386053, with theta = 10.0
 k = 20 :  Avg Dunn's Index score : 0.0007734728276172593, with theta = 10.0
 k = 20 :  Avg David Bouldin score : 1.7421742155234237, with theta = 0.1
##################################################################################################
##################################################################################################
 k_knn = 21 
 k = 30 :  Avg ACC : 89.70588235294117, with theta = 0.1
 k = 30 :  Avg NMI : 75.12734465415987, with theta = 0.1
 k = 30 :  Reconstruction Error : 21.39693259915935
 k = 30 :  Avg Silhoutte score : 0.4148436268662899, with theta = 0.1
 k = 30 :  Avg Dunn's Index score : 0.0009058642061474653, with theta = 10.0
 k = 30 :  Avg David Bouldin score : 2.0912343704217724, with theta = 0.1
##################################################################################################
##################################################################################################
 k_knn = 21 
 k = 40 :  Avg ACC : 72.68907563025209, with theta = 0.01
 k = 40 :  Avg NMI : 63.38767555681532, with theta = 0.1
 k = 40 :  Reconstruction Error : 21.39785474129121
 k = 40 :  Avg Silhoutte score : 0.3944374705841348, with theta = 0.01
 k = 40 :  Avg Dunn's Index score : 0.0008222364878146638, with theta = 10.0
 k = 40 :  Avg David Bouldin score : 2.1291583368941627, with theta = 0.01
##################################################################################################
##################################################################################################
 k_knn = 21 
 k = 50 :  Avg ACC : 89.91596638655463, with theta = 10.0
 k = 50 :  Avg NMI : 75.35122356058689, with theta = 10.0
 k = 50 :  Reconstruction Error : 21.39675228398182
 k = 50 :  Avg Silhoutte score : 0.4130686163637601, with theta = 0.1
 k = 50 :  Avg Dunn's Index score : 0.0006502809242947007, with theta = 0.1
 k = 50 :  Avg David Bouldin score : 1.7072556499718752, with theta = 10.0
##################################################################################################
##################################################################################################
 k_knn = 21 
 k = 60 :  Avg ACC : 89.5953118089341, with theta = 0.01
 k = 60 :  Avg NMI : 75.15765246405064, with theta = 0.1
 k = 60 :  Reconstruction Error : 21.3969286379318
 k = 60 :  Avg Silhoutte score : 0.3848654548337443, with theta = 10.0
 k = 60 :  Avg Dunn's Index score : 0.0008098089166218543, with theta = 10.0
 k = 60 :  Avg David Bouldin score : 2.5335999088700465, with theta = 10.0
##################################################################################################
##################################################################################################
 k_knn = 21 
 k = 70 :  Avg ACC : 90.33613445378151, with theta = 0.1
 k = 70 :  Avg NMI : 77.22457308835658, with theta = 0.1
 k = 70 :  Reconstruction Error : 21.397256383557586
 k = 70 :  Avg Silhoutte score : 0.41195329413238163, with theta = 0.1
 k = 70 :  Avg Dunn's Index score : 0.0008474385921254976, with theta = 10.0
 k = 70 :  Avg David Bouldin score : 2.4960799255143087, with theta = 0.1
##################################################################################################

Average no. of iterations for k = 10 : 75.9
Average no. of iterations for k = 20 : 61.35
Average no. of iterations for k = 30 : 61.25
Average no. of iterations for k = 40 : 61.2
Average no. of iterations for k = 50 : 56.35
Average no. of iterations for k = 60 : 56.35
Average no. of iterations for k = 70 : 56.35
Overall average no. of iterations : 61.25
done
