Model : OGNMF
Dataset : cstr
max iterations : 100
myeps_1 : 1e-12
myeps_2 : 1e-10
**********************************************************************************************************
The results of running the Kmeans method 20 times and the report of maximum of 20 runs

k = 10 : best max acc = 88.65546218487394 , with parameters = (0.001, 0.01), k_knn = 3
k = 10 : best max nmi = 74.33103415281764 , with parameters = (0.001, 0.01), k_knn = 3
k = 10 : best max Silhoutte score = 0.3993453256621363 , with parameters = (10.0, 0.1), k_knn = 3
k = 10 : best max Dunn's Index score = 6.864345372965552e-05 , with parameters = (0.001, 0.01), k_knn = 3
k = 10 : best min Davies Bouldin score = 0.7937288066701844 , with parameters = (10.0, 1), k_knn = 3


The results of running the Kmeans method 20 times and the report of average of 20 runs

k = 10 : best avg acc = 79.44493586908447 , with parameters = (0.1, 0.1), k_knn = 3
k = 10 : best avg nmi = 65.00718122114864 , with parameters = (0.1, 0.1), k_knn = 3
k = 10 : best avg Silhoutte score = 0.24719931116713095 , with parameters = (10.0, 1), k_knn = 3
k = 10 : best avg Dunn's Index score = 6.864345372965552e-05 , with parameters = (0.001, 0.01), k_knn = 3
k = 10 : best avg Davies Bouldin score = 1.4005284727623302 , with parameters = (10.0, 1), k_knn = 3
**********************************************************************************************************
**********************************************************************************************************
The results of running the Kmeans method 20 times and the report of maximum of 20 runs

k = 20 : best max acc = 90.12605042016807 , with parameters = (0.01, 0.1), k_knn = 3
k = 20 : best max nmi = 75.91556014042216 , with parameters = (0.01, 0.1), k_knn = 3
k = 20 : best max Silhoutte score = 0.3514323401269642 , with parameters = (10.0, 1), k_knn = 3
k = 20 : best max Dunn's Index score = 5.205775700829326e-06 , with parameters = (0.001, 0.01), k_knn = 3
k = 20 : best min Davies Bouldin score = 0.7012231402684119 , with parameters = (10.0, 1), k_knn = 3


The results of running the Kmeans method 20 times and the report of average of 20 runs

k = 20 : best avg acc = 67.96771340114994 , with parameters = (0.01, 0.1), k_knn = 3
k = 20 : best avg nmi = 54.487136259168814 , with parameters = (0.001, 0.01), k_knn = 3
k = 20 : best avg Silhoutte score = 0.23128776550757507 , with parameters = (10.0, 1), k_knn = 3
k = 20 : best avg Dunn's Index score = 5.205775700829326e-06 , with parameters = (0.001, 0.01), k_knn = 3
k = 20 : best avg Davies Bouldin score = 1.3096276377726843 , with parameters = (10.0, 1), k_knn = 3
**********************************************************************************************************
**********************************************************************************************************
The results of running the Kmeans method 20 times and the report of maximum of 20 runs

k = 30 : best max acc = 86.1344537815126 , with parameters = (0.001, 0.1), k_knn = 3
k = 30 : best max nmi = 65.35922061603394 , with parameters = (0.01, 0.1), k_knn = 3
k = 30 : best max Silhoutte score = 0.2535824882624745 , with parameters = (10.0, 1), k_knn = 3
k = 30 : best max Dunn's Index score = 0.00013374395090133721 , with parameters = (0.001, 0.01), k_knn = 3
k = 30 : best min Davies Bouldin score = 0.8826055460842034 , with parameters = (10.0, 0.1), k_knn = 3


The results of running the Kmeans method 20 times and the report of average of 20 runs

k = 30 : best avg acc = 61.63202122954445 , with parameters = (0.001, 0.1), k_knn = 3
k = 30 : best avg nmi = 45.180063167252804 , with parameters = (0.001, 0.1), k_knn = 3
k = 30 : best avg Silhoutte score = 0.15233896002469513 , with parameters = (10.0, 1), k_knn = 3
k = 30 : best avg Dunn's Index score = 0.00013374395090133721 , with parameters = (0.001, 0.01), k_knn = 3
k = 30 : best avg Davies Bouldin score = 1.954598677616491 , with parameters = (10.0, 1), k_knn = 3
**********************************************************************************************************
**********************************************************************************************************
The results of running the Kmeans method 20 times and the report of maximum of 20 runs

k = 40 : best max acc = 80.88235294117648 , with parameters = (0.01, 0.1), k_knn = 3
k = 40 : best max nmi = 63.70793777661815 , with parameters = (0.01, 0.1), k_knn = 3
k = 40 : best max Silhoutte score = 0.1971323268714988 , with parameters = (10.0, 1), k_knn = 3
k = 40 : best max Dunn's Index score = 3.385304484309897e-05 , with parameters = (0.001, 0.01), k_knn = 3
k = 40 : best min Davies Bouldin score = 0.9388337298610852 , with parameters = (10.0, 1), k_knn = 3


The results of running the Kmeans method 20 times and the report of average of 20 runs

k = 40 : best avg acc = 57.88367978770456 , with parameters = (0.01, 0.1), k_knn = 3
k = 40 : best avg nmi = 42.63286987879048 , with parameters = (0.01, 0.1), k_knn = 3
k = 40 : best avg Silhoutte score = 0.13088812559285298 , with parameters = (10.0, 1), k_knn = 3
k = 40 : best avg Dunn's Index score = 3.385304484309897e-05 , with parameters = (0.001, 0.01), k_knn = 3
k = 40 : best avg Davies Bouldin score = 1.772881191979238 , with parameters = (10.0, 1), k_knn = 3
**********************************************************************************************************
**********************************************************************************************************
The results of running the Kmeans method 20 times and the report of maximum of 20 runs

k = 50 : best max acc = 75.42016806722688 , with parameters = (0.001, 0.01), k_knn = 3
k = 50 : best max nmi = 61.861854383945115 , with parameters = (0.001, 0.01), k_knn = 3
k = 50 : best max Silhoutte score = 0.21205383138673065 , with parameters = (10.0, 1), k_knn = 3
k = 50 : best max Dunn's Index score = 0.00010644363772943108 , with parameters = (0.001, 0.01), k_knn = 3
k = 50 : best min Davies Bouldin score = 0.9225987094789572 , with parameters = (10.0, 1), k_knn = 3


The results of running the Kmeans method 20 times and the report of average of 20 runs

k = 50 : best avg acc = 58.70190181335692 , with parameters = (0.01, 0.1), k_knn = 3
k = 50 : best avg nmi = 42.15256879219198 , with parameters = (0.001, 0.1), k_knn = 3
k = 50 : best avg Silhoutte score = 0.10426705553652305 , with parameters = (10.0, 1), k_knn = 3
k = 50 : best avg Dunn's Index score = 0.00010644363772943108 , with parameters = (0.001, 0.01), k_knn = 3
k = 50 : best avg Davies Bouldin score = 1.8047229239549674 , with parameters = (10.0, 1), k_knn = 3
**********************************************************************************************************
**********************************************************************************************************
The results of running the Kmeans method 20 times and the report of maximum of 20 runs

k = 60 : best max acc = 79.41176470588235 , with parameters = (0.001, 0.1), k_knn = 3
k = 60 : best max nmi = 71.11676404843776 , with parameters = (0.001, 0.1), k_knn = 3
k = 60 : best max Silhoutte score = 0.2300303517741322 , with parameters = (10.0, 1), k_knn = 3
k = 60 : best max Dunn's Index score = 0.0004262815961354951 , with parameters = (0.001, 0.01), k_knn = 3
k = 60 : best min Davies Bouldin score = 0.9352803115456366 , with parameters = (10.0, 1), k_knn = 3


The results of running the Kmeans method 20 times and the report of average of 20 runs

k = 60 : best avg acc = 57.13180008845644 , with parameters = (0.001, 0.01), k_knn = 3
k = 60 : best avg nmi = 39.855152240644024 , with parameters = (0.001, 0.01), k_knn = 3
k = 60 : best avg Silhoutte score = 0.10823453339528373 , with parameters = (10.0, 1), k_knn = 3
k = 60 : best avg Dunn's Index score = 0.0004262815961354951 , with parameters = (0.001, 0.01), k_knn = 3
k = 60 : best avg Davies Bouldin score = 1.7773928704203177 , with parameters = (10.0, 1), k_knn = 3
**********************************************************************************************************
**********************************************************************************************************
The results of running the Kmeans method 20 times and the report of maximum of 20 runs

k = 70 : best max acc = 76.68067226890757 , with parameters = (0.01, 0.01), k_knn = 3
k = 70 : best max nmi = 63.63951454684249 , with parameters = (0.01, 0.01), k_knn = 3
k = 70 : best max Silhoutte score = 0.26356205257040055 , with parameters = (10.0, 1), k_knn = 3
k = 70 : best max Dunn's Index score = 0.000811301375725241 , with parameters = (10.0, 1), k_knn = 3
k = 70 : best min Davies Bouldin score = 0.7465745868298775 , with parameters = (10.0, 1), k_knn = 3


The results of running the Kmeans method 20 times and the report of average of 20 runs

k = 70 : best avg acc = 55.36267138434321 , with parameters = (0.001, 0.01), k_knn = 3
k = 70 : best avg nmi = 38.78773187616974 , with parameters = (0.001, 0.01), k_knn = 3
k = 70 : best avg Silhoutte score = 0.10822920854421937 , with parameters = (10.0, 0.1), k_knn = 3
k = 70 : best avg Dunn's Index score = 0.000811301375725241 , with parameters = (10.0, 1), k_knn = 3
k = 70 : best avg Davies Bouldin score = 1.91059561707417 , with parameters = (10.0, 0.1), k_knn = 3
**********************************************************************************************************
**********************************************************************************************************
The results of running the Kmeans method 20 times and the report of maximum of 20 runs

k = 10 : best max acc = 90.33613445378151 , with parameters = (10.0, 0.01), k_knn = 5
k = 10 : best max nmi = 76.04435732726735 , with parameters = (10.0, 0.01), k_knn = 5
k = 10 : best max Silhoutte score = 0.28143724329857195 , with parameters = (0.001, 0.01), k_knn = 5
k = 10 : best max Dunn's Index score = 0.0001969899110360628 , with parameters = (10.0, 1), k_knn = 5
k = 10 : best min Davies Bouldin score = 1.1644305918500792 , with parameters = (0.1, 0.1), k_knn = 5


The results of running the Kmeans method 20 times and the report of average of 20 runs

k = 10 : best avg acc = 66.12118531623176 , with parameters = (10.0, 1), k_knn = 5
k = 10 : best avg nmi = 57.039194950889986 , with parameters = (10.0, 0.01), k_knn = 5
k = 10 : best avg Silhoutte score = 0.2472855162172972 , with parameters = (10.0, 1), k_knn = 5
k = 10 : best avg Dunn's Index score = 0.0001969899110360628 , with parameters = (10.0, 1), k_knn = 5
k = 10 : best avg Davies Bouldin score = 1.45101307287474 , with parameters = (0.01, 0.1), k_knn = 5
**********************************************************************************************************
**********************************************************************************************************
The results of running the Kmeans method 20 times and the report of maximum of 20 runs

k = 20 : best max acc = 89.91596638655463 , with parameters = (10.0, 0.01), k_knn = 5
k = 20 : best max nmi = 75.9036678104164 , with parameters = (10.0, 0.01), k_knn = 5
k = 20 : best max Silhoutte score = 0.1606260248421244 , with parameters = (10.0, 1), k_knn = 5
k = 20 : best max Dunn's Index score = 0.0001588332971296613 , with parameters = (0.001, 0.01), k_knn = 5
k = 20 : best min Davies Bouldin score = 1.4454985226607011 , with parameters = (0.001, 0.1), k_knn = 5


The results of running the Kmeans method 20 times and the report of average of 20 runs

k = 20 : best avg acc = 67.08314904909332 , with parameters = (0.1, 0.1), k_knn = 5
k = 20 : best avg nmi = 53.18127049174322 , with parameters = (0.1, 0.1), k_knn = 5
k = 20 : best avg Silhoutte score = 0.1266094074917011 , with parameters = (10.0, 1), k_knn = 5
k = 20 : best avg Dunn's Index score = 0.0001588332971296613 , with parameters = (0.001, 0.01), k_knn = 5
k = 20 : best avg Davies Bouldin score = 2.0791153075900484 , with parameters = (10.0, 0.1), k_knn = 5
**********************************************************************************************************
**********************************************************************************************************
The results of running the Kmeans method 20 times and the report of maximum of 20 runs

k = 30 : best max acc = 89.91596638655463 , with parameters = (0.1, 1), k_knn = 5
k = 30 : best max nmi = 72.84571673418375 , with parameters = (0.1, 1), k_knn = 5
k = 30 : best max Silhoutte score = 0.16997414476306236 , with parameters = (10.0, 1), k_knn = 5
k = 30 : best max Dunn's Index score = 0.000337341535154737 , with parameters = (0.1, 0.01), k_knn = 5
k = 30 : best min Davies Bouldin score = 1.2931487540630966 , with parameters = (10.0, 0.01), k_knn = 5


The results of running the Kmeans method 20 times and the report of average of 20 runs

k = 30 : best avg acc = 64.44051304732419 , with parameters = (0.01, 0.01), k_knn = 5
k = 30 : best avg nmi = 50.61673000845661 , with parameters = (0.01, 0.01), k_knn = 5
k = 30 : best avg Silhoutte score = 0.08890319083696385 , with parameters = (0.01, 1), k_knn = 5
k = 30 : best avg Dunn's Index score = 0.000337341535154737 , with parameters = (0.1, 0.01), k_knn = 5
k = 30 : best avg Davies Bouldin score = 2.3917412275746193 , with parameters = (10.0, 0.1), k_knn = 5
**********************************************************************************************************
**********************************************************************************************************
The results of running the Kmeans method 20 times and the report of maximum of 20 runs

k = 40 : best max acc = 80.46218487394958 , with parameters = (10.0, 0.1), k_knn = 5
k = 40 : best max nmi = 69.32149215327325 , with parameters = (0.001, 0.1), k_knn = 5
k = 40 : best max Silhoutte score = 0.166224046895808 , with parameters = (10.0, 1), k_knn = 5
k = 40 : best max Dunn's Index score = 7.277051747222323e-06 , with parameters = (0.001, 0.01), k_knn = 5
k = 40 : best min Davies Bouldin score = 1.340621001645181 , with parameters = (10.0, 1), k_knn = 5


The results of running the Kmeans method 20 times and the report of average of 20 runs

k = 40 : best avg acc = 63.16895179124281 , with parameters = (0.1, 0.1), k_knn = 5
k = 40 : best avg nmi = 46.61800995366057 , with parameters = (0.1, 0.1), k_knn = 5
k = 40 : best avg Silhoutte score = 0.07000741359882186 , with parameters = (10.0, 0.1), k_knn = 5
k = 40 : best avg Dunn's Index score = 7.277051747222323e-06 , with parameters = (0.001, 0.01), k_knn = 5
k = 40 : best avg Davies Bouldin score = 2.738591466032235 , with parameters = (10.0, 1), k_knn = 5
**********************************************************************************************************
**********************************************************************************************************
The results of running the Kmeans method 20 times and the report of maximum of 20 runs

k = 50 : best max acc = 81.30252100840336 , with parameters = (0.1, 1), k_knn = 5
k = 50 : best max nmi = 70.5157950043248 , with parameters = (0.1, 0.01), k_knn = 5
k = 50 : best max Silhoutte score = 0.10441430566484557 , with parameters = (10.0, 0.1), k_knn = 5
k = 50 : best max Dunn's Index score = 0.0004503053002401422 , with parameters = (10.0, 1), k_knn = 5
k = 50 : best min Davies Bouldin score = 1.375119822371015 , with parameters = (10.0, 1), k_knn = 5


The results of running the Kmeans method 20 times and the report of average of 20 runs

k = 50 : best avg acc = 59.06678460858027 , with parameters = (0.001, 0.1), k_knn = 5
k = 50 : best avg nmi = 42.73918717750065 , with parameters = (0.001, 0.1), k_knn = 5
k = 50 : best avg Silhoutte score = 0.03733932790748709 , with parameters = (10.0, 1), k_knn = 5
k = 50 : best avg Dunn's Index score = 0.0004503053002401422 , with parameters = (10.0, 1), k_knn = 5
k = 50 : best avg Davies Bouldin score = 2.7660409976918956 , with parameters = (10.0, 1), k_knn = 5
**********************************************************************************************************
**********************************************************************************************************
The results of running the Kmeans method 20 times and the report of maximum of 20 runs

k = 60 : best max acc = 77.52100840336135 , with parameters = (0.1, 1), k_knn = 5
k = 60 : best max nmi = 61.11250617398264 , with parameters = (0.1, 0.01), k_knn = 5
k = 60 : best max Silhoutte score = 0.08811047084670355 , with parameters = (10.0, 1), k_knn = 5
k = 60 : best max Dunn's Index score = 0.00048056339357890003 , with parameters = (0.001, 0.01), k_knn = 5
k = 60 : best min Davies Bouldin score = 1.409457941569504 , with parameters = (10.0, 1), k_knn = 5


The results of running the Kmeans method 20 times and the report of average of 20 runs

k = 60 : best avg acc = 58.24856258292791 , with parameters = (0.001, 0.1), k_knn = 5
k = 60 : best avg nmi = 40.230838741512414 , with parameters = (0.001, 0.1), k_knn = 5
k = 60 : best avg Silhoutte score = 0.04875133484800168 , with parameters = (10.0, 1), k_knn = 5
k = 60 : best avg Dunn's Index score = 0.00048056339357890003 , with parameters = (0.001, 0.01), k_knn = 5
k = 60 : best avg Davies Bouldin score = 2.4568278952708718 , with parameters = (10.0, 1), k_knn = 5
**********************************************************************************************************
**********************************************************************************************************
The results of running the Kmeans method 20 times and the report of maximum of 20 runs

k = 70 : best max acc = 73.73949579831933 , with parameters = (0.01, 1), k_knn = 5
k = 70 : best max nmi = 58.56155354825907 , with parameters = (0.1, 1), k_knn = 5
k = 70 : best max Silhoutte score = 0.1706353800246106 , with parameters = (10.0, 0.1), k_knn = 5
k = 70 : best max Dunn's Index score = 0.000981920762647021 , with parameters = (0.001, 0.01), k_knn = 5
k = 70 : best min Davies Bouldin score = 0.8483001327234018 , with parameters = (10.0, 0.1), k_knn = 5


The results of running the Kmeans method 20 times and the report of average of 20 runs

k = 70 : best avg acc = 56.800088456435205 , with parameters = (0.1, 0.1), k_knn = 5
k = 70 : best avg nmi = 36.83457668478638 , with parameters = (0.001, 0.01), k_knn = 5
k = 70 : best avg Silhoutte score = 0.0455233183436516 , with parameters = (10.0, 0.01), k_knn = 5
k = 70 : best avg Dunn's Index score = 0.000981920762647021 , with parameters = (0.001, 0.01), k_knn = 5
k = 70 : best avg Davies Bouldin score = 2.8563944735122186 , with parameters = (10.0, 0.1), k_knn = 5
**********************************************************************************************************
**********************************************************************************************************
The results of running the Kmeans method 20 times and the report of maximum of 20 runs

k = 10 : best max acc = 87.81512605042016 , with parameters = (10.0, 0.1), k_knn = 6
k = 10 : best max nmi = 71.17058231958552 , with parameters = (10.0, 1), k_knn = 6
k = 10 : best max Silhoutte score = 0.29180400195773787 , with parameters = (10.0, 0.1), k_knn = 6
k = 10 : best max Dunn's Index score = 0.00018503843656925408 , with parameters = (0.001, 0.01), k_knn = 6
k = 10 : best min Davies Bouldin score = 1.0554953204304676 , with parameters = (0.1, 0.01), k_knn = 6


The results of running the Kmeans method 20 times and the report of average of 20 runs

k = 10 : best avg acc = 78.09597523219814 , with parameters = (10.0, 0.1), k_knn = 6
k = 10 : best avg nmi = 62.68943388138241 , with parameters = (10.0, 0.1), k_knn = 6
k = 10 : best avg Silhoutte score = 0.27303103761067965 , with parameters = (10.0, 1), k_knn = 6
k = 10 : best avg Dunn's Index score = 0.00018503843656925408 , with parameters = (0.001, 0.01), k_knn = 6
k = 10 : best avg Davies Bouldin score = 1.5212869018044965 , with parameters = (10.0, 1), k_knn = 6
**********************************************************************************************************
**********************************************************************************************************
The results of running the Kmeans method 20 times and the report of maximum of 20 runs

k = 20 : best max acc = 91.17647058823529 , with parameters = (10.0, 1), k_knn = 6
k = 20 : best max nmi = 78.8174064842014 , with parameters = (10.0, 1), k_knn = 6
k = 20 : best max Silhoutte score = 0.1828480041340452 , with parameters = (10.0, 1), k_knn = 6
k = 20 : best max Dunn's Index score = 9.151429259896705e-05 , with parameters = (10.0, 1), k_knn = 6
k = 20 : best min Davies Bouldin score = 1.6594003460410476 , with parameters = (0.001, 1), k_knn = 6


The results of running the Kmeans method 20 times and the report of average of 20 runs

k = 20 : best avg acc = 68.03405572755418 , with parameters = (10.0, 1), k_knn = 6
k = 20 : best avg nmi = 57.00883036172187 , with parameters = (0.01, 0.01), k_knn = 6
k = 20 : best avg Silhoutte score = 0.13225448243794133 , with parameters = (10.0, 1), k_knn = 6
k = 20 : best avg Dunn's Index score = 9.151429259896705e-05 , with parameters = (10.0, 1), k_knn = 6
k = 20 : best avg Davies Bouldin score = 2.172995211230752 , with parameters = (10.0, 0.01), k_knn = 6
**********************************************************************************************************
**********************************************************************************************************
The results of running the Kmeans method 20 times and the report of maximum of 20 runs

k = 30 : best max acc = 89.49579831932773 , with parameters = (10.0, 0.1), k_knn = 6
k = 30 : best max nmi = 75.4113005665976 , with parameters = (10.0, 0.1), k_knn = 6
k = 30 : best max Silhoutte score = 0.1426308807466405 , with parameters = (10.0, 1), k_knn = 6
k = 30 : best max Dunn's Index score = 0.0016883246204677878 , with parameters = (10.0, 1), k_knn = 6
k = 30 : best min Davies Bouldin score = 1.608179658227509 , with parameters = (0.001, 1), k_knn = 6


The results of running the Kmeans method 20 times and the report of average of 20 runs

k = 30 : best avg acc = 64.34099955771782 , with parameters = (10.0, 0.1), k_knn = 6
k = 30 : best avg nmi = 48.233654599188455 , with parameters = (10.0, 0.1), k_knn = 6
k = 30 : best avg Silhoutte score = 0.08555977185552495 , with parameters = (0.01, 0.01), k_knn = 6
k = 30 : best avg Dunn's Index score = 0.0016883246204677878 , with parameters = (10.0, 1), k_knn = 6
k = 30 : best avg Davies Bouldin score = 2.4693262340148276 , with parameters = (10.0, 1), k_knn = 6
**********************************************************************************************************
**********************************************************************************************************
The results of running the Kmeans method 20 times and the report of maximum of 20 runs

k = 40 : best max acc = 82.35294117647058 , with parameters = (10.0, 0.1), k_knn = 6
k = 40 : best max nmi = 66.67596911685595 , with parameters = (0.001, 0.1), k_knn = 6
k = 40 : best max Silhoutte score = 0.11951677369964947 , with parameters = (0.001, 1), k_knn = 6
k = 40 : best max Dunn's Index score = 0.0018250340416964578 , with parameters = (10.0, 1), k_knn = 6
k = 40 : best min Davies Bouldin score = 1.7407000229565928 , with parameters = (10.0, 1), k_knn = 6


The results of running the Kmeans method 20 times and the report of average of 20 runs

k = 40 : best avg acc = 61.67624944714728 , with parameters = (0.1, 1), k_knn = 6
k = 40 : best avg nmi = 46.11180803989295 , with parameters = (0.001, 0.1), k_knn = 6
k = 40 : best avg Silhoutte score = 0.05577314182582652 , with parameters = (0.1, 0.1), k_knn = 6
k = 40 : best avg Dunn's Index score = 0.0018250340416964578 , with parameters = (10.0, 1), k_knn = 6
k = 40 : best avg Davies Bouldin score = 2.751207335570838 , with parameters = (10.0, 1), k_knn = 6
**********************************************************************************************************
**********************************************************************************************************
The results of running the Kmeans method 20 times and the report of maximum of 20 runs

k = 50 : best max acc = 87.18487394957984 , with parameters = (0.001, 0.1), k_knn = 6
k = 50 : best max nmi = 72.09046649998375 , with parameters = (0.001, 0.1), k_knn = 6
k = 50 : best max Silhoutte score = 0.10167723464631583 , with parameters = (10.0, 1), k_knn = 6
k = 50 : best max Dunn's Index score = 0.001136010088874293 , with parameters = (0.01, 0.01), k_knn = 6
k = 50 : best min Davies Bouldin score = 1.5601298076293877 , with parameters = (10.0, 1), k_knn = 6


The results of running the Kmeans method 20 times and the report of average of 20 runs

k = 50 : best avg acc = 60.31623175586024 , with parameters = (0.1, 1), k_knn = 6
k = 50 : best avg nmi = 43.63013581028066 , with parameters = (0.01, 0.01), k_knn = 6
k = 50 : best avg Silhoutte score = 0.048382847123920526 , with parameters = (0.01, 0.01), k_knn = 6
k = 50 : best avg Dunn's Index score = 0.001136010088874293 , with parameters = (0.01, 0.01), k_knn = 6
k = 50 : best avg Davies Bouldin score = 2.9245570412602286 , with parameters = (10.0, 1), k_knn = 6
**********************************************************************************************************
**********************************************************************************************************
The results of running the Kmeans method 20 times and the report of maximum of 20 runs

k = 60 : best max acc = 77.52100840336135 , with parameters = (0.01, 0.01), k_knn = 6
k = 60 : best max nmi = 65.2760158748469 , with parameters = (0.001, 1), k_knn = 6
k = 60 : best max Silhoutte score = 0.15871910926132765 , with parameters = (10.0, 1), k_knn = 6
k = 60 : best max Dunn's Index score = 0.0020596965860777113 , with parameters = (10.0, 1), k_knn = 6
k = 60 : best min Davies Bouldin score = 1.2174985516152153 , with parameters = (10.0, 1), k_knn = 6


The results of running the Kmeans method 20 times and the report of average of 20 runs

k = 60 : best avg acc = 57.83945157010172 , with parameters = (0.1, 0.1), k_knn = 6
k = 60 : best avg nmi = 39.59404506312996 , with parameters = (0.01, 0.01), k_knn = 6
k = 60 : best avg Silhoutte score = 0.041355168403486325 , with parameters = (10.0, 1), k_knn = 6
k = 60 : best avg Dunn's Index score = 0.0020596965860777113 , with parameters = (10.0, 1), k_knn = 6
k = 60 : best avg Davies Bouldin score = 3.1044687273896474 , with parameters = (10.0, 1), k_knn = 6
**********************************************************************************************************
**********************************************************************************************************
The results of running the Kmeans method 20 times and the report of maximum of 20 runs

k = 70 : best max acc = 85.08403361344537 , with parameters = (0.001, 0.01), k_knn = 6
k = 70 : best max nmi = 65.99710482693692 , with parameters = (0.001, 0.01), k_knn = 6
k = 70 : best max Silhoutte score = 0.10085552937440008 , with parameters = (10.0, 1), k_knn = 6
k = 70 : best max Dunn's Index score = 0.0006393478126256251 , with parameters = (0.001, 0.01), k_knn = 6
k = 70 : best min Davies Bouldin score = 1.2337962143093373 , with parameters = (10.0, 1), k_knn = 6


The results of running the Kmeans method 20 times and the report of average of 20 runs

k = 70 : best avg acc = 58.64661654135338 , with parameters = (0.001, 1), k_knn = 6
k = 70 : best avg nmi = 39.88985866574186 , with parameters = (0.001, 0.01), k_knn = 6
k = 70 : best avg Silhoutte score = 0.033207689493031045 , with parameters = (10.0, 1), k_knn = 6
k = 70 : best avg Dunn's Index score = 0.0006393478126256251 , with parameters = (0.001, 0.01), k_knn = 6
k = 70 : best avg Davies Bouldin score = 2.853360819677398 , with parameters = (10.0, 1), k_knn = 6
**********************************************************************************************************
**********************************************************************************************************
The results of running the Kmeans method 20 times and the report of maximum of 20 runs

k = 10 : best max acc = 90.54621848739495 , with parameters = (10.0, 1), k_knn = 11
k = 10 : best max nmi = 76.4987751617758 , with parameters = (10.0, 1), k_knn = 11
k = 10 : best max Silhoutte score = 0.3147147545268548 , with parameters = (10.0, 1), k_knn = 11
k = 10 : best max Dunn's Index score = 0.00015624273449873864 , with parameters = (0.01, 0.01), k_knn = 11
k = 10 : best min Davies Bouldin score = 1.0398902720675007 , with parameters = (0.1, 0.1), k_knn = 11


The results of running the Kmeans method 20 times and the report of average of 20 runs

k = 10 : best avg acc = 76.63644405130474 , with parameters = (10.0, 1), k_knn = 11
k = 10 : best avg nmi = 68.53734897839996 , with parameters = (10.0, 1), k_knn = 11
k = 10 : best avg Silhoutte score = 0.3046379202060758 , with parameters = (10.0, 1), k_knn = 11
k = 10 : best avg Dunn's Index score = 0.00015624273449873864 , with parameters = (0.01, 0.01), k_knn = 11
k = 10 : best avg Davies Bouldin score = 1.4419679456154826 , with parameters = (10.0, 1), k_knn = 11
**********************************************************************************************************
**********************************************************************************************************
The results of running the Kmeans method 20 times and the report of maximum of 20 runs

k = 20 : best max acc = 88.8655462184874 , with parameters = (10.0, 0.01), k_knn = 11
k = 20 : best max nmi = 71.56358402726217 , with parameters = (10.0, 0.01), k_knn = 11
k = 20 : best max Silhoutte score = 0.16968770904851685 , with parameters = (0.01, 0.1), k_knn = 11
k = 20 : best max Dunn's Index score = 0.00028342727732416493 , with parameters = (10.0, 1), k_knn = 11
k = 20 : best min Davies Bouldin score = 1.4907693402228144 , with parameters = (0.001, 0.1), k_knn = 11


The results of running the Kmeans method 20 times and the report of average of 20 runs

k = 20 : best avg acc = 72.78858911985847 , with parameters = (10.0, 1), k_knn = 11
k = 20 : best avg nmi = 59.34504519232804 , with parameters = (10.0, 1), k_knn = 11
k = 20 : best avg Silhoutte score = 0.15298407611681755 , with parameters = (10.0, 1), k_knn = 11
k = 20 : best avg Dunn's Index score = 0.00028342727732416493 , with parameters = (10.0, 1), k_knn = 11
k = 20 : best avg Davies Bouldin score = 2.1026317301682313 , with parameters = (0.001, 0.1), k_knn = 11
**********************************************************************************************************
**********************************************************************************************************
The results of running the Kmeans method 20 times and the report of maximum of 20 runs

k = 30 : best max acc = 89.70588235294117 , with parameters = (10.0, 1), k_knn = 11
k = 30 : best max nmi = 74.70129662203823 , with parameters = (10.0, 1), k_knn = 11
k = 30 : best max Silhoutte score = 0.14395021175152597 , with parameters = (0.001, 0.1), k_knn = 11
k = 30 : best max Dunn's Index score = 7.810216957258848e-05 , with parameters = (10.0, 1), k_knn = 11
k = 30 : best min Davies Bouldin score = 1.6694030270367264 , with parameters = (10.0, 0.1), k_knn = 11


The results of running the Kmeans method 20 times and the report of average of 20 runs

k = 30 : best avg acc = 69.15081822202565 , with parameters = (10.0, 1), k_knn = 11
k = 30 : best avg nmi = 55.41165777247797 , with parameters = (10.0, 1), k_knn = 11
k = 30 : best avg Silhoutte score = 0.11072184741202515 , with parameters = (10.0, 1), k_knn = 11
k = 30 : best avg Dunn's Index score = 7.810216957258848e-05 , with parameters = (10.0, 1), k_knn = 11
k = 30 : best avg Davies Bouldin score = 2.451937613623398 , with parameters = (10.0, 1), k_knn = 11
**********************************************************************************************************
**********************************************************************************************************
The results of running the Kmeans method 20 times and the report of maximum of 20 runs

k = 40 : best max acc = 88.02521008403362 , with parameters = (0.001, 0.01), k_knn = 11
k = 40 : best max nmi = 71.30258087412793 , with parameters = (0.001, 0.01), k_knn = 11
k = 40 : best max Silhoutte score = 0.10361767946574411 , with parameters = (10.0, 1), k_knn = 11
k = 40 : best max Dunn's Index score = 0.000236491496016771 , with parameters = (10.0, 1), k_knn = 11
k = 40 : best min Davies Bouldin score = 2.1448913349319323 , with parameters = (10.0, 0.1), k_knn = 11


The results of running the Kmeans method 20 times and the report of average of 20 runs

k = 40 : best avg acc = 61.278195488721806 , with parameters = (10.0, 1), k_knn = 11
k = 40 : best avg nmi = 49.42849077009333 , with parameters = (10.0, 1), k_knn = 11
k = 40 : best avg Silhoutte score = 0.08631158473317603 , with parameters = (10.0, 1), k_knn = 11
k = 40 : best avg Dunn's Index score = 0.000236491496016771 , with parameters = (10.0, 1), k_knn = 11
k = 40 : best avg Davies Bouldin score = 2.6922865351154908 , with parameters = (10.0, 1), k_knn = 11
**********************************************************************************************************
**********************************************************************************************************
The results of running the Kmeans method 20 times and the report of maximum of 20 runs

k = 50 : best max acc = 80.67226890756302 , with parameters = (10.0, 0.01), k_knn = 11
k = 50 : best max nmi = 64.39067148474187 , with parameters = (10.0, 1), k_knn = 11
k = 50 : best max Silhoutte score = 0.0946711001375884 , with parameters = (0.001, 0.01), k_knn = 11
k = 50 : best max Dunn's Index score = 0.0005933249660904942 , with parameters = (10.0, 1), k_knn = 11
k = 50 : best min Davies Bouldin score = 1.4597052953776806 , with parameters = (10.0, 1), k_knn = 11


The results of running the Kmeans method 20 times and the report of average of 20 runs

k = 50 : best avg acc = 63.77708978328173 , with parameters = (10.0, 0.1), k_knn = 11
k = 50 : best avg nmi = 49.59729370107025 , with parameters = (10.0, 0.1), k_knn = 11
k = 50 : best avg Silhoutte score = 0.044632854449558515 , with parameters = (10.0, 1), k_knn = 11
k = 50 : best avg Dunn's Index score = 0.0005933249660904942 , with parameters = (10.0, 1), k_knn = 11
k = 50 : best avg Davies Bouldin score = 2.8049401119917876 , with parameters = (10.0, 1), k_knn = 11
**********************************************************************************************************
**********************************************************************************************************
The results of running the Kmeans method 20 times and the report of maximum of 20 runs

k = 60 : best max acc = 88.23529411764706 , with parameters = (10.0, 1), k_knn = 11
k = 60 : best max nmi = 72.31719413229303 , with parameters = (10.0, 1), k_knn = 11
k = 60 : best max Silhoutte score = 0.08413410074703545 , with parameters = (0.001, 0.1), k_knn = 11
k = 60 : best max Dunn's Index score = 0.0023994484258610324 , with parameters = (10.0, 1), k_knn = 11
k = 60 : best min Davies Bouldin score = 2.1743879233475902 , with parameters = (10.0, 1), k_knn = 11


The results of running the Kmeans method 20 times and the report of average of 20 runs

k = 60 : best avg acc = 63.63334807607254 , with parameters = (10.0, 0.01), k_knn = 11
k = 60 : best avg nmi = 46.64575117715207 , with parameters = (10.0, 0.01), k_knn = 11
k = 60 : best avg Silhoutte score = 0.05205606819071876 , with parameters = (10.0, 1), k_knn = 11
k = 60 : best avg Dunn's Index score = 0.0023994484258610324 , with parameters = (10.0, 1), k_knn = 11
k = 60 : best avg Davies Bouldin score = 3.0780158796299597 , with parameters = (10.0, 1), k_knn = 11
**********************************************************************************************************
**********************************************************************************************************
The results of running the Kmeans method 20 times and the report of maximum of 20 runs

k = 70 : best max acc = 85.08403361344537 , with parameters = (10.0, 0.1), k_knn = 11
k = 70 : best max nmi = 68.30790704283922 , with parameters = (10.0, 1), k_knn = 11
k = 70 : best max Silhoutte score = 0.0700010805560076 , with parameters = (10.0, 1), k_knn = 11
k = 70 : best max Dunn's Index score = 0.0006512353849160062 , with parameters = (10.0, 1), k_knn = 11
k = 70 : best min Davies Bouldin score = 2.514868554176413 , with parameters = (10.0, 0.1), k_knn = 11


The results of running the Kmeans method 20 times and the report of average of 20 runs

k = 70 : best avg acc = 61.65413533834586 , with parameters = (10.0, 0.1), k_knn = 11
k = 70 : best avg nmi = 46.87047491376611 , with parameters = (10.0, 1), k_knn = 11
k = 70 : best avg Silhoutte score = 0.052836435082327826 , with parameters = (10.0, 1), k_knn = 11
k = 70 : best avg Dunn's Index score = 0.0006512353849160062 , with parameters = (10.0, 1), k_knn = 11
k = 70 : best avg Davies Bouldin score = 3.3608077280455975 , with parameters = (10.0, 1), k_knn = 11
**********************************************************************************************************
**********************************************************************************************************
The results of running the Kmeans method 20 times and the report of maximum of 20 runs

k = 10 : best max acc = 90.75630252100841 , with parameters = (10.0, 0.1), k_knn = 21
k = 10 : best max nmi = 77.60346997583977 , with parameters = (10.0, 0.1), k_knn = 21
k = 10 : best max Silhoutte score = 0.3338501714459534 , with parameters = (10.0, 1), k_knn = 21
k = 10 : best max Dunn's Index score = 0.0003464650022912702 , with parameters = (10.0, 1), k_knn = 21
k = 10 : best min Davies Bouldin score = 1.0571569240862295 , with parameters = (0.001, 0.1), k_knn = 21


The results of running the Kmeans method 20 times and the report of average of 20 runs

k = 10 : best avg acc = 89.55108359133126 , with parameters = (10.0, 1), k_knn = 21
k = 10 : best avg nmi = 75.18003864990837 , with parameters = (10.0, 1), k_knn = 21
k = 10 : best avg Silhoutte score = 0.33286195102590826 , with parameters = (10.0, 1), k_knn = 21
k = 10 : best avg Dunn's Index score = 0.0003464650022912702 , with parameters = (10.0, 1), k_knn = 21
k = 10 : best avg Davies Bouldin score = 1.2991154091098434 , with parameters = (10.0, 1), k_knn = 21
**********************************************************************************************************
**********************************************************************************************************
The results of running the Kmeans method 20 times and the report of maximum of 20 runs

k = 20 : best max acc = 90.33613445378151 , with parameters = (10.0, 0.01), k_knn = 21
k = 20 : best max nmi = 76.64052179936917 , with parameters = (10.0, 0.01), k_knn = 21
k = 20 : best max Silhoutte score = 0.18280100163793783 , with parameters = (10.0, 1), k_knn = 21
k = 20 : best max Dunn's Index score = 3.7832317327380694e-05 , with parameters = (10.0, 1), k_knn = 21
k = 20 : best min Davies Bouldin score = 1.5877992298663934 , with parameters = (0.1, 1), k_knn = 21


The results of running the Kmeans method 20 times and the report of average of 20 runs

k = 20 : best avg acc = 80.93763821318001 , with parameters = (10.0, 1), k_knn = 21
k = 20 : best avg nmi = 68.74285471048134 , with parameters = (10.0, 1), k_knn = 21
k = 20 : best avg Silhoutte score = 0.18012345636852709 , with parameters = (10.0, 1), k_knn = 21
k = 20 : best avg Dunn's Index score = 3.7832317327380694e-05 , with parameters = (10.0, 1), k_knn = 21
k = 20 : best avg Davies Bouldin score = 2.0063884033173744 , with parameters = (10.0, 1), k_knn = 21
**********************************************************************************************************
**********************************************************************************************************
The results of running the Kmeans method 20 times and the report of maximum of 20 runs

k = 30 : best max acc = 90.33613445378151 , with parameters = (10.0, 0.1), k_knn = 21
k = 30 : best max nmi = 77.00255973948306 , with parameters = (10.0, 0.1), k_knn = 21
k = 30 : best max Silhoutte score = 0.15296397338541776 , with parameters = (10.0, 1), k_knn = 21
k = 30 : best max Dunn's Index score = 0.00031393680352874236 , with parameters = (10.0, 1), k_knn = 21
k = 30 : best min Davies Bouldin score = 1.883869640327725 , with parameters = (0.01, 1), k_knn = 21


The results of running the Kmeans method 20 times and the report of average of 20 runs

k = 30 : best avg acc = 81.18089340999558 , with parameters = (10.0, 1), k_knn = 21
k = 30 : best avg nmi = 69.79124405490266 , with parameters = (10.0, 1), k_knn = 21
k = 30 : best avg Silhoutte score = 0.14039490790673148 , with parameters = (10.0, 1), k_knn = 21
k = 30 : best avg Dunn's Index score = 0.00031393680352874236 , with parameters = (10.0, 1), k_knn = 21
k = 30 : best avg Davies Bouldin score = 2.346333980023755 , with parameters = (10.0, 1), k_knn = 21
**********************************************************************************************************
**********************************************************************************************************
The results of running the Kmeans method 20 times and the report of maximum of 20 runs

k = 40 : best max acc = 89.70588235294117 , with parameters = (10.0, 0.1), k_knn = 21
k = 40 : best max nmi = 74.94209642389895 , with parameters = (10.0, 1), k_knn = 21
k = 40 : best max Silhoutte score = 0.12639145237328467 , with parameters = (10.0, 1), k_knn = 21
k = 40 : best max Dunn's Index score = 0.0004885788535084821 , with parameters = (0.01, 0.01), k_knn = 21
k = 40 : best min Davies Bouldin score = 1.9585094636904639 , with parameters = (0.001, 0.1), k_knn = 21


The results of running the Kmeans method 20 times and the report of average of 20 runs

k = 40 : best avg acc = 76.97921273772667 , with parameters = (10.0, 1), k_knn = 21
k = 40 : best avg nmi = 62.84910156252218 , with parameters = (10.0, 1), k_knn = 21
k = 40 : best avg Silhoutte score = 0.12103920504073981 , with parameters = (10.0, 1), k_knn = 21
k = 40 : best avg Dunn's Index score = 0.0004885788535084821 , with parameters = (0.01, 0.01), k_knn = 21
k = 40 : best avg Davies Bouldin score = 2.4812321160230115 , with parameters = (10.0, 1), k_knn = 21
**********************************************************************************************************
**********************************************************************************************************
The results of running the Kmeans method 20 times and the report of maximum of 20 runs

k = 50 : best max acc = 87.60504201680672 , with parameters = (10.0, 0.1), k_knn = 21
k = 50 : best max nmi = 70.71348233614397 , with parameters = (10.0, 1), k_knn = 21
k = 50 : best max Silhoutte score = 0.10109809188760983 , with parameters = (10.0, 1), k_knn = 21
k = 50 : best max Dunn's Index score = 0.00041968549518860815 , with parameters = (0.001, 0.01), k_knn = 21
k = 50 : best min Davies Bouldin score = 1.9300913288033248 , with parameters = (0.01, 0.1), k_knn = 21


The results of running the Kmeans method 20 times and the report of average of 20 runs

k = 50 : best avg acc = 71.73816895179125 , with parameters = (10.0, 1), k_knn = 21
k = 50 : best avg nmi = 56.188142465010536 , with parameters = (10.0, 1), k_knn = 21
k = 50 : best avg Silhoutte score = 0.09235825609416107 , with parameters = (10.0, 1), k_knn = 21
k = 50 : best avg Dunn's Index score = 0.00041968549518860815 , with parameters = (0.001, 0.01), k_knn = 21
k = 50 : best avg Davies Bouldin score = 2.694979155771888 , with parameters = (10.0, 0.1), k_knn = 21
**********************************************************************************************************
**********************************************************************************************************
The results of running the Kmeans method 20 times and the report of maximum of 20 runs

k = 60 : best max acc = 85.92436974789915 , with parameters = (10.0, 0.1), k_knn = 21
k = 60 : best max nmi = 73.54646565679988 , with parameters = (10.0, 0.1), k_knn = 21
k = 60 : best max Silhoutte score = 0.1897320751752744 , with parameters = (10.0, 1), k_knn = 21
k = 60 : best max Dunn's Index score = 0.0003059828764618368 , with parameters = (0.001, 0.01), k_knn = 21
k = 60 : best min Davies Bouldin score = 1.4786721089986958 , with parameters = (10.0, 1), k_knn = 21


The results of running the Kmeans method 20 times and the report of average of 20 runs

k = 60 : best avg acc = 65.33613445378151 , with parameters = (10.0, 0.1), k_knn = 21
k = 60 : best avg nmi = 49.76446501530194 , with parameters = (10.0, 0.1), k_knn = 21
k = 60 : best avg Silhoutte score = 0.09855176419946363 , with parameters = (10.0, 1), k_knn = 21
k = 60 : best avg Dunn's Index score = 0.0003059828764618368 , with parameters = (0.001, 0.01), k_knn = 21
k = 60 : best avg Davies Bouldin score = 2.4634511928535634 , with parameters = (10.0, 1), k_knn = 21
**********************************************************************************************************
**********************************************************************************************************
The results of running the Kmeans method 20 times and the report of maximum of 20 runs

k = 70 : best max acc = 89.49579831932773 , with parameters = (10.0, 1), k_knn = 21
k = 70 : best max nmi = 76.13084189803648 , with parameters = (10.0, 1), k_knn = 21
k = 70 : best max Silhoutte score = 0.08125655071971422 , with parameters = (10.0, 1), k_knn = 21
k = 70 : best max Dunn's Index score = 0.0007975994778467614 , with parameters = (10.0, 1), k_knn = 21
k = 70 : best min Davies Bouldin score = 2.0617076280298936 , with parameters = (0.01, 1), k_knn = 21


The results of running the Kmeans method 20 times and the report of average of 20 runs

k = 70 : best avg acc = 69.4935869084476 , with parameters = (10.0, 1), k_knn = 21
k = 70 : best avg nmi = 58.03609938379725 , with parameters = (10.0, 1), k_knn = 21
k = 70 : best avg Silhoutte score = 0.07023685321883097 , with parameters = (10.0, 1), k_knn = 21
k = 70 : best avg Dunn's Index score = 0.0007975994778467614 , with parameters = (10.0, 1), k_knn = 21
k = 70 : best avg Davies Bouldin score = 3.1215259256167474 , with parameters = (10.0, 0.1), k_knn = 21
**********************************************************************************************************
Average no. of iterations for k = 10 : 1
Average no. of iterations for k = 20 : 1
Average no. of iterations for k = 30 : 1
Average no. of iterations for k = 40 : 1
Average no. of iterations for k = 50 : 1
Average no. of iterations for k = 60 : 1
Average no. of iterations for k = 70 : 1
Overall average no. of iterations : 10.135714285714286
done!
