Model : dnsNMF
Dataset : cstr
max iterations : 100
myeps_1 : 1e-12
myeps_2 : 1e-10
The results of running the Kmeans method 20 times and the report of maximum of 20 runs
##################################################################################################
 k1 = 80 : k2 = 10 
 Max ACC : 31.092436974789916, with theta = 0.1
 Max NMI : 1.1266200383282092, with theta = 0.01
 Reconstruction Error : 172.13259193325916
 Max Silhoutter score : 0.597307218740266, with theta = 0.1
 Max Dunn's Index score : 0.10449897430356694, with theta = 0.001
 Min David Bouldin score : 2.116774657347508, with theta = 0.1
##################################################################################################
##################################################################################################
 k1 = 80 : k2 = 20 
 Max ACC : 31.512605042016805, with theta = 0.01
 Max NMI : 1.2236335646581418, with theta = 0.01
 Reconstruction Error : 313.9335827111655
 Max Silhoutter score : 0.5866978963346976, with theta = 10.0
 Max Dunn's Index score : 0.16438642582184743, with theta = 0.01
 Min David Bouldin score : 0.7833315984600457, with theta = 10.0
##################################################################################################
##################################################################################################
 k1 = 80 : k2 = 30 
 Max ACC : 30.672268907563026, with theta = 0.1
 Max NMI : 1.8314144719051701, with theta = 0.1
 Reconstruction Error : 402.45878611017815
 Max Silhoutter score : 0.5452971384891033, with theta = 10.0
 Max Dunn's Index score : 0.19839856276027304, with theta = 0.01
 Min David Bouldin score : 1.6872234572590763, with theta = 10.0
##################################################################################################
##################################################################################################
 k1 = 80 : k2 = 40 
 Max ACC : 32.563025210084035, with theta = 0.1
 Max NMI : 1.505651298881841, with theta = 0.1
 Reconstruction Error : 739.3915579242878
 Max Silhoutter score : 0.45491060235259, with theta = 10.0
 Max Dunn's Index score : 0.15912585899859213, with theta = 0.001
 Min David Bouldin score : 2.6661703475994725, with theta = 10.0
##################################################################################################
##################################################################################################
 k1 = 80 : k2 = 50 
 Max ACC : 31.30252100840336, with theta = 0.001
 Max NMI : 1.7529252199826373, with theta = 0.001
 Reconstruction Error : 18672.37553310185
 Max Silhoutter score : 0.0780877565359975, with theta = 0.1
 Max Dunn's Index score : 0.2864059556089708, with theta = 10.0
 Min David Bouldin score : 2.966164804080174, with theta = 0.01
##################################################################################################
##################################################################################################
 k1 = 80 : k2 = 60 
 Max ACC : 31.512605042016805, with theta = 0.001
 Max NMI : 1.3874645632654807, with theta = 10.0
 Reconstruction Error : 16836.016375854426
 Max Silhoutter score : 0.08431608485697323, with theta = 0.1
 Max Dunn's Index score : 0.3675105684542625, with theta = 0.001
 Min David Bouldin score : 4.025546582224379, with theta = 0.1
##################################################################################################
##################################################################################################
 k1 = 80 : k2 = 70 
 Max ACC : 32.35294117647059, with theta = 10.0
 Max NMI : 2.086658923847191, with theta = 10.0
 Reconstruction Error : 19576.963829620538
 Max Silhoutter score : 0.12352168228984285, with theta = 0.1
 Max Dunn's Index score : 0.2939249326245556, with theta = 10.0
 Min David Bouldin score : 2.2544226002474907, with theta = 0.1
##################################################################################################
The results of running the Kmeans method 20 times and the average of 20 runs
##################################################################################################
 k1 = 80 : k2 = 10
 Avg ACC : 31.092436974789916, with theta = 0.1
 Avg NMI : 0.8711700717516971, with theta = 0.1
 Reconstruction Error : 172.13259193325916
 Avg Silhoutte score : 0.5968836755364251, with theta = 0.1
 Avg Dunn's Index score : 0.10449897430356694, with theta = 0.001
 Avg David Bouldin score : 2.145523221839391, with theta = 0.1
##################################################################################################
##################################################################################################
 k1 = 80 : k2 = 20
 Avg ACC : 29.6218487394958, with theta = 10.0
 Avg NMI : 0.9793231384079886, with theta = 10.0
 Reconstruction Error : 313.9335827111655
 Avg Silhoutte score : 0.5866978963346976, with theta = 10.0
 Avg Dunn's Index score : 0.16438642582184743, with theta = 0.01
 Avg David Bouldin score : 2.7271672937000986, with theta = 10.0
##################################################################################################
##################################################################################################
 k1 = 80 : k2 = 30
 Avg ACC : 30.207872622733305, with theta = 0.1
 Avg NMI : 1.66293051695274, with theta = 0.1
 Reconstruction Error : 402.45878611017815
 Avg Silhoutte score : 0.5449193143258703, with theta = 10.0
 Avg Dunn's Index score : 0.19839856276027304, with theta = 0.01
 Avg David Bouldin score : 2.856457837020411, with theta = 10.0
##################################################################################################
##################################################################################################
 k1 = 80 : k2 = 40
 Avg ACC : 29.290137107474568, with theta = 0.1
 Avg NMI : 0.790646653327865, with theta = 0.01
 Reconstruction Error : 739.3915579242878
 Avg Silhoutte score : 0.4539922924851991, with theta = 10.0
 Avg Dunn's Index score : 0.15912585899859213, with theta = 0.001
 Avg David Bouldin score : 2.707593098513953, with theta = 10.0
##################################################################################################
##################################################################################################
 k1 = 80 : k2 = 50
 Avg ACC : 29.080053073861123, with theta = 0.001
 Avg NMI : 0.7888762779702482, with theta = 0.001
 Reconstruction Error : 18672.37553310185
 Avg Silhoutte score : 0.07584968100786839, with theta = 0.1
 Avg Dunn's Index score : 0.2864059556089708, with theta = 10.0
 Avg David Bouldin score : 3.3785247968305345, with theta = 0.01
##################################################################################################
##################################################################################################
 k1 = 80 : k2 = 60
 Avg ACC : 28.372401592215834, with theta = 0.001
 Avg NMI : 0.6285355873795492, with theta = 10.0
 Reconstruction Error : 16836.016375854426
 Avg Silhoutte score : 0.08187327640159149, with theta = 0.1
 Avg Dunn's Index score : 0.3675105684542625, with theta = 0.001
 Avg David Bouldin score : 4.106609586829065, with theta = 0.1
##################################################################################################
##################################################################################################
 k1 = 80 : k2 = 70
 Avg ACC : 29.500221141088016, with theta = 10.0
 Avg NMI : 0.9915683035809758, with theta = 10.0
 Reconstruction Error : 19576.963829620538
 Avg Silhoutte score : 0.12182144732617527, with theta = 0.1
 Avg Dunn's Index score : 0.2939249326245556, with theta = 10.0
 Avg David Bouldin score : 3.4087703563204115, with theta = 0.1
##################################################################################################
The results of running the Kmeans method 20 times and the report of maximum of 20 runs
##################################################################################################
 k1 = 100 : k2 = 10 
 Max ACC : 31.932773109243694, with theta = 0.01
 Max NMI : 0.9896753742016571, with theta = 0.01
 Reconstruction Error : 127.24400239955307
 Max Silhoutter score : 0.5858634421299881, with theta = 10.0
 Max Dunn's Index score : 0.0022185439973623237, with theta = 0.01
 Min David Bouldin score : 0.7790184190490674, with theta = 10.0
##################################################################################################
##################################################################################################
 k1 = 100 : k2 = 20 
 Max ACC : 31.092436974789916, with theta = 0.01
 Max NMI : 1.19456160702256, with theta = 0.01
 Reconstruction Error : 146.97439338014777
 Max Silhoutter score : 0.5844966986198822, with theta = 0.1
 Max Dunn's Index score : 0.06670289106381024, with theta = 0.001
 Min David Bouldin score : 1.9210098305872152, with theta = 0.1
##################################################################################################
##################################################################################################
 k1 = 100 : k2 = 30 
 Max ACC : 30.462184873949578, with theta = 0.01
 Max NMI : 1.1306024489334143, with theta = 0.01
 Reconstruction Error : 356.90847147174156
 Max Silhoutter score : 0.5375409821833921, with theta = 10.0
 Max Dunn's Index score : 0.09326645362985217, with theta = 0.1
 Min David Bouldin score : 1.0965295726075301, with theta = 10.0
##################################################################################################
##################################################################################################
 k1 = 100 : k2 = 40 
 Max ACC : 30.672268907563026, with theta = 10.0
 Max NMI : 1.2616601677288342, with theta = 0.01
 Reconstruction Error : 430.90905210259126
 Max Silhoutter score : 0.5452028746695349, with theta = 10.0
 Max Dunn's Index score : 0.10165671798619351, with theta = 0.01
 Min David Bouldin score : 1.9265830851512664, with theta = 10.0
##################################################################################################
##################################################################################################
 k1 = 100 : k2 = 50 
 Max ACC : 30.88235294117647, with theta = 0.1
 Max NMI : 1.1903674890805742, with theta = 0.1
 Reconstruction Error : 3056.467656803031
 Max Silhoutter score : 0.4527841802868441, with theta = 0.1
 Max Dunn's Index score : 0.10471898910967786, with theta = 0.001
 Min David Bouldin score : 2.2444355045966673, with theta = 0.1
##################################################################################################
##################################################################################################
 k1 = 100 : k2 = 60 
 Max ACC : 30.672268907563026, with theta = 0.01
 Max NMI : 1.7922751065338165, with theta = 0.01
 Reconstruction Error : 22406.122711854234
 Max Silhoutter score : 0.17009779548529771, with theta = 0.1
 Max Dunn's Index score : 0.2559833389932958, with theta = 0.01
 Min David Bouldin score : 2.2734235629912973, with theta = 0.1
##################################################################################################
##################################################################################################
 k1 = 100 : k2 = 70 
 Max ACC : 31.512605042016805, with theta = 0.001
 Max NMI : 1.34362914192734, with theta = 0.01
 Reconstruction Error : 6443.438017152347
 Max Silhoutter score : 0.1690270946506035, with theta = 0.001
 Max Dunn's Index score : 0.12424071936676939, with theta = 10.0
 Min David Bouldin score : 1.6617532237307366, with theta = 0.001
##################################################################################################
The results of running the Kmeans method 20 times and the average of 20 runs
##################################################################################################
 k1 = 100 : k2 = 10
 Avg ACC : 31.921716054842985, with theta = 0.01
 Avg NMI : 0.9883150139390054, with theta = 0.01
 Reconstruction Error : 127.24400239955307
 Avg Silhoutte score : 0.5858098815858359, with theta = 10.0
 Avg Dunn's Index score : 0.0022185439973623237, with theta = 0.01
 Avg David Bouldin score : 0.9669473721429107, with theta = 10.0
##################################################################################################
##################################################################################################
 k1 = 100 : k2 = 20
 Avg ACC : 31.037151702786378, with theta = 0.01
 Avg NMI : 1.1510236564440612, with theta = 0.01
 Reconstruction Error : 146.97439338014777
 Avg Silhoutte score : 0.584429469308519, with theta = 0.1
 Avg Dunn's Index score : 0.06670289106381024, with theta = 0.001
 Avg David Bouldin score : 1.955096543079864, with theta = 0.1
##################################################################################################
##################################################################################################
 k1 = 100 : k2 = 30
 Avg ACC : 28.781512605042018, with theta = 0.001
 Avg NMI : 0.6422709927834926, with theta = 0.001
 Reconstruction Error : 356.90847147174156
 Avg Silhoutte score : 0.5371754410555097, with theta = 10.0
 Avg Dunn's Index score : 0.09326645362985217, with theta = 0.1
 Avg David Bouldin score : 2.2114734476480953, with theta = 10.0
##################################################################################################
##################################################################################################
 k1 = 100 : k2 = 40
 Avg ACC : 30.672268907563026, with theta = 10.0
 Avg NMI : 0.6824672389303245, with theta = 0.001
 Reconstruction Error : 430.90905210259126
 Avg Silhoutte score : 0.5452028746695349, with theta = 10.0
 Avg Dunn's Index score : 0.10165671798619351, with theta = 0.01
 Avg David Bouldin score : 2.279685670683446, with theta = 10.0
##################################################################################################
##################################################################################################
 k1 = 100 : k2 = 50
 Avg ACC : 30.849181777974348, with theta = 0.1
 Avg NMI : 1.153085093292867, with theta = 0.1
 Reconstruction Error : 3056.467656803031
 Avg Silhoutte score : 0.4526959122549849, with theta = 0.1
 Avg Dunn's Index score : 0.10471898910967786, with theta = 0.001
 Avg David Bouldin score : 2.2921188153701206, with theta = 0.1
##################################################################################################
##################################################################################################
 k1 = 100 : k2 = 60
 Avg ACC : 29.080053073861123, with theta = 0.01
 Avg NMI : 1.0567165391647948, with theta = 0.01
 Reconstruction Error : 22406.122711854234
 Avg Silhoutte score : 0.16500452311967878, with theta = 0.1
 Avg Dunn's Index score : 0.2559833389932958, with theta = 0.01
 Avg David Bouldin score : 3.3804452411017683, with theta = 0.1
##################################################################################################
##################################################################################################
 k1 = 100 : k2 = 70
 Avg ACC : 29.080053073861123, with theta = 0.001
 Avg NMI : 0.7824418462450208, with theta = 0.001
 Reconstruction Error : 6443.438017152347
 Avg Silhoutte score : 0.16751573263427005, with theta = 0.001
 Avg Dunn's Index score : 0.12424071936676939, with theta = 10.0
 Avg David Bouldin score : 2.4852579646382735, with theta = 0.001
##################################################################################################
The results of running the Kmeans method 20 times and the report of maximum of 20 runs
##################################################################################################
 k1 = 120 : k2 = 10 
 Max ACC : 31.30252100840336, with theta = 0.1
 Max NMI : 0.9128642873936901, with theta = 0.1
 Reconstruction Error : 147.54539217842176
 Max Silhoutter score : 0.5542902629299278, with theta = 10.0
 Max Dunn's Index score : 0.008966056388040435, with theta = 0.001
 Min David Bouldin score : 1.0696120541809302, with theta = 10.0
##################################################################################################
##################################################################################################
 k1 = 120 : k2 = 20 
 Max ACC : 31.72268907563025, with theta = 10.0
 Max NMI : 0.8175917585968098, with theta = 0.001
 Reconstruction Error : 279.18607897550646
 Max Silhoutter score : 0.5469580081062209, with theta = 10.0
 Max Dunn's Index score : 0.027976615943495813, with theta = 0.001
 Min David Bouldin score : 1.9295415854370757, with theta = 10.0
##################################################################################################
##################################################################################################
 k1 = 120 : k2 = 30 
 Max ACC : 32.142857142857146, with theta = 0.1
 Max NMI : 1.670356445048279, with theta = 0.1
 Reconstruction Error : 669.5191098696529
 Max Silhoutter score : 0.5441273600327049, with theta = 10.0
 Max Dunn's Index score : 0.14080642018596354, with theta = 0.01
 Min David Bouldin score : 2.2359844471308383, with theta = 10.0
##################################################################################################
##################################################################################################
 k1 = 120 : k2 = 40 
 Max ACC : 33.193277310924366, with theta = 0.001
 Max NMI : 2.3037172319500665, with theta = 0.001
 Reconstruction Error : 425.50634125617955
 Max Silhoutter score : 0.546737618398276, with theta = 10.0
 Max Dunn's Index score : 0.08866388073037618, with theta = 0.001
 Min David Bouldin score : 2.0902023981293567, with theta = 10.0
##################################################################################################
##################################################################################################
 k1 = 120 : k2 = 50 
 Max ACC : 30.04201680672269, with theta = 0.01
 Max NMI : 1.2531199940239572, with theta = 0.01
 Reconstruction Error : 840.4454921121281
 Max Silhoutter score : 0.5079433866629638, with theta = 10.0
 Max Dunn's Index score : 0.2025365208575361, with theta = 0.001
 Min David Bouldin score : 2.9444451409267627, with theta = 10.0
##################################################################################################
##################################################################################################
 k1 = 120 : k2 = 60 
 Max ACC : 31.092436974789916, with theta = 0.1
 Max NMI : 1.2036690951266544, with theta = 10.0
 Reconstruction Error : 25090.185657935337
 Max Silhoutter score : 0.12252375913587123, with theta = 10.0
 Max Dunn's Index score : 0.2708832581011726, with theta = 0.01
 Min David Bouldin score : 3.1956827855229157, with theta = 10.0
##################################################################################################
##################################################################################################
 k1 = 120 : k2 = 70 
 Max ACC : 32.142857142857146, with theta = 10.0
 Max NMI : 1.4252642814421375, with theta = 0.01
 Reconstruction Error : 24883.342934495024
 Max Silhoutter score : 0.09813929579530645, with theta = 0.1
 Max Dunn's Index score : 0.5633263663469718, with theta = 10.0
 Min David Bouldin score : 3.7972722004219674, with theta = 0.1
##################################################################################################
The results of running the Kmeans method 20 times and the average of 20 runs
##################################################################################################
 k1 = 120 : k2 = 10
 Avg ACC : 31.30252100840336, with theta = 0.1
 Avg NMI : 0.9036903718303965, with theta = 0.1
 Reconstruction Error : 147.54539217842176
 Avg Silhoutte score : 0.5542902629299278, with theta = 10.0
 Avg Dunn's Index score : 0.008966056388040435, with theta = 0.001
 Avg David Bouldin score : 1.0859482532590115, with theta = 10.0
##################################################################################################
##################################################################################################
 k1 = 120 : k2 = 20
 Avg ACC : 31.63423264042459, with theta = 10.0
 Avg NMI : 0.7568299298106197, with theta = 10.0
 Reconstruction Error : 279.18607897550646
 Avg Silhoutte score : 0.5468360304013153, with theta = 10.0
 Avg Dunn's Index score : 0.027976615943495813, with theta = 0.001
 Avg David Bouldin score : 1.9537665022820179, with theta = 10.0
##################################################################################################
##################################################################################################
 k1 = 120 : k2 = 30
 Avg ACC : 30.705440070765146, with theta = 0.1
 Avg NMI : 1.2701823953821616, with theta = 0.1
 Reconstruction Error : 669.5191098696529
 Avg Silhoutte score : 0.5404827361269636, with theta = 10.0
 Avg Dunn's Index score : 0.14080642018596354, with theta = 0.01
 Avg David Bouldin score : 2.7082978955043115, with theta = 10.0
##################################################################################################
##################################################################################################
 k1 = 120 : k2 = 40
 Avg ACC : 30.163644405130473, with theta = 0.001
 Avg NMI : 1.4988869176241701, with theta = 0.001
 Reconstruction Error : 425.50634125617955
 Avg Silhoutte score : 0.5466940794135825, with theta = 10.0
 Avg Dunn's Index score : 0.08866388073037618, with theta = 0.001
 Avg David Bouldin score : 2.1273139612311494, with theta = 10.0
##################################################################################################
##################################################################################################
 k1 = 120 : k2 = 50
 Avg ACC : 29.179566563467493, with theta = 10.0
 Avg NMI : 0.7498353323917984, with theta = 10.0
 Reconstruction Error : 840.4454921121281
 Avg Silhoutte score : 0.5060913729108212, with theta = 10.0
 Avg Dunn's Index score : 0.2025365208575361, with theta = 0.001
 Avg David Bouldin score : 3.0054055511504005, with theta = 10.0
##################################################################################################
##################################################################################################
 k1 = 120 : k2 = 60
 Avg ACC : 30.22998673153472, with theta = 10.0
 Avg NMI : 0.8998778073648822, with theta = 10.0
 Reconstruction Error : 25090.185657935337
 Avg Silhoutte score : 0.1206061916045442, with theta = 10.0
 Avg Dunn's Index score : 0.2708832581011726, with theta = 0.01
 Avg David Bouldin score : 3.3749136369364012, with theta = 10.0
##################################################################################################
##################################################################################################
 k1 = 120 : k2 = 70
 Avg ACC : 28.991596638655462, with theta = 0.001
 Avg NMI : 0.7502321297805703, with theta = 0.01
 Reconstruction Error : 24883.342934495024
 Avg Silhoutte score : 0.09543025531853988, with theta = 0.1
 Avg Dunn's Index score : 0.5633263663469718, with theta = 10.0
 Avg David Bouldin score : 6.002335726013166, with theta = 0.1
##################################################################################################
The results of running the Kmeans method 20 times and the report of maximum of 20 runs
##################################################################################################
 k1 = 200 : k2 = 10 
 Max ACC : 31.092436974789916, with theta = 0.01
 Max NMI : 1.5940711763467466, with theta = 0.01
 Reconstruction Error : 340.77200318994835
 Max Silhoutter score : 0.5821673238115955, with theta = 10.0
 Max Dunn's Index score : 0.027867425943196605, with theta = 0.01
 Min David Bouldin score : 0.7547492018494942, with theta = 10.0
##################################################################################################
##################################################################################################
 k1 = 200 : k2 = 20 
 Max ACC : 29.6218487394958, with theta = 0.01
 Max NMI : 1.3626724589697936, with theta = 0.001
 Reconstruction Error : 552.3858208277305
 Max Silhoutter score : 0.5730531507590044, with theta = 10.0
 Max Dunn's Index score : 0.05225915316580988, with theta = 0.01
 Min David Bouldin score : 1.6758665072625285, with theta = 10.0
##################################################################################################
##################################################################################################
 k1 = 200 : k2 = 30 
 Max ACC : 31.512605042016805, with theta = 0.001
 Max NMI : 1.3364800103066528, with theta = 0.001
 Reconstruction Error : 988.0213394525963
 Max Silhoutter score : 0.5398142175297287, with theta = 10.0
 Max Dunn's Index score : 0.14136499627099072, with theta = 0.001
 Min David Bouldin score : 2.5780820126927058, with theta = 10.0
##################################################################################################
##################################################################################################
 k1 = 200 : k2 = 40 
 Max ACC : 30.88235294117647, with theta = 0.001
 Max NMI : 1.2885023353672946, with theta = 0.001
 Reconstruction Error : 1480.7650149421656
 Max Silhoutter score : 0.5288296867414531, with theta = 10.0
 Max Dunn's Index score : 0.23022128247628268, with theta = 0.01
 Min David Bouldin score : 2.5582224479454623, with theta = 10.0
##################################################################################################
##################################################################################################
 k1 = 200 : k2 = 50 
 Max ACC : 32.142857142857146, with theta = 0.01
 Max NMI : 2.1783196548474466, with theta = 0.01
 Reconstruction Error : 1585.2885022640112
 Max Silhoutter score : 0.5196329225254134, with theta = 10.0
 Max Dunn's Index score : 0.2028262818998207, with theta = 0.01
 Min David Bouldin score : 2.2604277020406434, with theta = 10.0
##################################################################################################
##################################################################################################
 k1 = 200 : k2 = 60 
 Max ACC : 32.142857142857146, with theta = 10.0
 Max NMI : 1.5965359679123052, with theta = 10.0
 Reconstruction Error : 34992.359762363485
 Max Silhoutter score : 0.09441172229688448, with theta = 0.1
 Max Dunn's Index score : 0.5348635406563396, with theta = 10.0
 Min David Bouldin score : 3.2436554439962713, with theta = 0.1
##################################################################################################
##################################################################################################
 k1 = 200 : k2 = 70 
 Max ACC : 32.35294117647059, with theta = 0.01
 Max NMI : 1.4558738520980639, with theta = 0.001
 Reconstruction Error : 40993.85905620875
 Max Silhoutter score : 0.0644816092566356, with theta = 0.001
 Max Dunn's Index score : 0.5060497895269701, with theta = 10.0
 Min David Bouldin score : 2.9120407215232578, with theta = 0.001
##################################################################################################
The results of running the Kmeans method 20 times and the average of 20 runs
##################################################################################################
 k1 = 200 : k2 = 10
 Avg ACC : 29.588677576293676, with theta = 0.01
 Avg NMI : 1.038690917392102, with theta = 0.01
 Reconstruction Error : 340.77200318994835
 Avg Silhoutte score : 0.5821673238115955, with theta = 10.0
 Avg Dunn's Index score : 0.027867425943196605, with theta = 0.01
 Avg David Bouldin score : 1.4984345033689375, with theta = 10.0
##################################################################################################
##################################################################################################
 k1 = 200 : k2 = 20
 Avg ACC : 28.173374613003094, with theta = 0.01
 Avg NMI : 0.5993766617676044, with theta = 0.001
 Reconstruction Error : 552.3858208277305
 Avg Silhoutte score : 0.5729066919580114, with theta = 10.0
 Avg Dunn's Index score : 0.05225915316580988, with theta = 0.01
 Avg David Bouldin score : 1.8990877196019866, with theta = 10.0
##################################################################################################
##################################################################################################
 k1 = 200 : k2 = 30
 Avg ACC : 30.285272003538257, with theta = 10.0
 Avg NMI : 0.7779648472374446, with theta = 0.1
 Reconstruction Error : 988.0213394525963
 Avg Silhoutte score : 0.5359003190177357, with theta = 10.0
 Avg Dunn's Index score : 0.14136499627099072, with theta = 0.001
 Avg David Bouldin score : 2.6179053974772617, with theta = 10.0
##################################################################################################
##################################################################################################
 k1 = 200 : k2 = 40
 Avg ACC : 30.185758513931887, with theta = 10.0
 Avg NMI : 0.9734624776638839, with theta = 10.0
 Reconstruction Error : 1480.7650149421656
 Avg Silhoutte score : 0.5197403017759576, with theta = 10.0
 Avg Dunn's Index score : 0.23022128247628268, with theta = 0.01
 Avg David Bouldin score : 3.0610480367361323, with theta = 10.0
##################################################################################################
##################################################################################################
 k1 = 200 : k2 = 50
 Avg ACC : 29.820875718708535, with theta = 0.01
 Avg NMI : 1.2373283366817367, with theta = 0.01
 Reconstruction Error : 1585.2885022640112
 Avg Silhoutte score : 0.5196329225254134, with theta = 10.0
 Avg Dunn's Index score : 0.2028262818998207, with theta = 0.01
 Avg David Bouldin score : 3.1423813537269147, with theta = 10.0
##################################################################################################
##################################################################################################
 k1 = 200 : k2 = 60
 Avg ACC : 29.068996019460418, with theta = 10.0
 Avg NMI : 0.7671148891076852, with theta = 0.001
 Reconstruction Error : 34992.359762363485
 Avg Silhoutte score : 0.09211093284866496, with theta = 0.1
 Avg Dunn's Index score : 0.5348635406563396, with theta = 10.0
 Avg David Bouldin score : 5.720477681472287, with theta = 0.1
##################################################################################################
##################################################################################################
 k1 = 200 : k2 = 70
 Avg ACC : 29.34542237947811, with theta = 0.1
 Avg NMI : 0.991459150191842, with theta = 0.1
 Reconstruction Error : 40993.85905620875
 Avg Silhoutte score : 0.06240323549541379, with theta = 0.001
 Avg Dunn's Index score : 0.5060497895269701, with theta = 10.0
 Avg David Bouldin score : 5.925374556921396, with theta = 0.001
##################################################################################################
done
