Model : GRSNMF
Dataset : cstr
max iterations : 100
myeps_1 : 1e-12
myeps_2 : 1e-10
The results of running the Kmeans method 20 times and the report of maximum of 20 runs
##################################################################################################
 k = 10 :  k_knn = 3  
 Max ACC : 90.12605042016807, with theta = 0.1
 Max NMI : 76.86466137565931, with theta = 0.1
 Reconstruction Error : 20.38648742248466
 Max Silhoutter score : 0.7185870676652283, with theta = 10.0
 Max Dunn's Index score : 9.820214398533108e-14, with theta = 0.1
 Min David Bouldin score : 1.2016342830233415, with theta = 10.0
##################################################################################################
##################################################################################################
 k = 20 :  k_knn = 3  
 Max ACC : 77.73109243697479, with theta = 0.01
 Max NMI : 66.64655433528603, with theta = 0.001
 Reconstruction Error : 19.807228919787722
 Max Silhoutter score : 0.3779521740184441, with theta = 10.0
 Max Dunn's Index score : 1.5813697425096175e-10, with theta = 0.1
 Min David Bouldin score : 1.5365387756685422, with theta = 10.0
##################################################################################################
##################################################################################################
 k = 30 :  k_knn = 3  
 Max ACC : 81.30252100840336, with theta = 0.01
 Max NMI : 62.7373220048092, with theta = 0.001
 Reconstruction Error : 19.35259551914117
 Max Silhoutter score : 0.8004331475968411, with theta = 10.0
 Max Dunn's Index score : 1.594679927577257e-11, with theta = 0.01
 Min David Bouldin score : 2.1389962695908546, with theta = 10.0
##################################################################################################
##################################################################################################
 k = 40 :  k_knn = 3  
 Max ACC : 74.36974789915966, with theta = 0.1
 Max NMI : 57.846223676672416, with theta = 0.1
 Reconstruction Error : 18.995602717905378
 Max Silhoutter score : 0.7030562372448493, with theta = 10.0
 Max Dunn's Index score : 3.0251335639611984e-08, with theta = 0.01
 Min David Bouldin score : 1.4935960421829555, with theta = 10.0
##################################################################################################
##################################################################################################
 k = 50 :  k_knn = 3  
 Max ACC : 74.36974789915966, with theta = 0.01
 Max NMI : 62.06160845959657, with theta = 0.01
 Reconstruction Error : 18.777501050293505
 Max Silhoutter score : 0.39721682027100386, with theta = 10.0
 Max Dunn's Index score : 1.263372664861228e-05, with theta = 0.01
 Min David Bouldin score : 2.1310366973858246, with theta = 10.0
##################################################################################################
##################################################################################################
 k = 60 :  k_knn = 3  
 Max ACC : 78.15126050420169, with theta = 0.001
 Max NMI : 54.80771843402502, with theta = 0.001
 Reconstruction Error : 18.347782610254352
 Max Silhoutter score : 0.7107070404231692, with theta = 10.0
 Max Dunn's Index score : 3.081272880294606e-06, with theta = 0.01
 Min David Bouldin score : 2.756412386493105, with theta = 10.0
##################################################################################################
##################################################################################################
 k = 70 :  k_knn = 3  
 Max ACC : 77.52100840336135, with theta = 0.1
 Max NMI : 65.53714019629449, with theta = 0.1
 Reconstruction Error : 18.307397961360376
 Max Silhoutter score : 0.37884377518096946, with theta = 10.0
 Max Dunn's Index score : 1.0726354992612388e-05, with theta = 0.01
 Min David Bouldin score : 2.3858766968607306, with theta = 10.0
##################################################################################################
The results of running the Kmeans method 20 times and the average of 20 runs
##################################################################################################
k = 10 :  k_knn = 3 
 Avg ACC : 68.22202565236621, with theta = 0.01
 Avg NMI : 56.26526994265661, with theta = 0.01
 Reconstruction Error : 20.38648742248466
 Avg Silhoutte score : 0.7185870676652283, with theta = 10.0
 Avg Dunn's Index score : 9.820214398533108e-14, with theta = 0.1
 Avg David Bouldin score : 0.4710274298358065, with theta = 10.0
##################################################################################################
##################################################################################################
k = 20 :  k_knn = 3 
 Avg ACC : 61.05705440070765, with theta = 0.01
 Avg NMI : 45.98611478359047, with theta = 0.01
 Reconstruction Error : 19.807228919787722
 Avg Silhoutte score : 0.3679876343688974, with theta = 10.0
 Avg Dunn's Index score : 1.5813697425096175e-10, with theta = 0.1
 Avg David Bouldin score : 1.077770787377296, with theta = 10.0
##################################################################################################
##################################################################################################
k = 30 :  k_knn = 3 
 Avg ACC : 57.750995134896066, with theta = 0.01
 Avg NMI : 43.605978660449985, with theta = 0.001
 Reconstruction Error : 19.35259551914117
 Avg Silhoutte score : 0.8004331475968411, with theta = 10.0
 Avg Dunn's Index score : 1.594679927577257e-11, with theta = 0.01
 Avg David Bouldin score : 0.2822744684822302, with theta = 10.0
##################################################################################################
##################################################################################################
k = 40 :  k_knn = 3 
 Avg ACC : 61.25608137992039, with theta = 0.1
 Avg NMI : 45.42575025433348, with theta = 0.1
 Reconstruction Error : 18.995602717905378
 Avg Silhoutte score : 0.5946339406282931, with theta = 10.0
 Avg Dunn's Index score : 3.0251335639611984e-08, with theta = 0.01
 Avg David Bouldin score : 0.501810994987065, with theta = 10.0
##################################################################################################
##################################################################################################
k = 50 :  k_knn = 3 
 Avg ACC : 53.69305616983635, with theta = 0.01
 Avg NMI : 36.63765132608613, with theta = 0.1
 Reconstruction Error : 18.777501050293505
 Avg Silhoutte score : 0.2658956826544397, with theta = 10.0
 Avg Dunn's Index score : 1.263372664861228e-05, with theta = 0.01
 Avg David Bouldin score : 0.9759298778802438, with theta = 10.0
##################################################################################################
##################################################################################################
k = 60 :  k_knn = 3 
 Avg ACC : 55.47324192835029, with theta = 0.001
 Avg NMI : 37.139583863981876, with theta = 0.001
 Reconstruction Error : 18.347782610254352
 Avg Silhoutte score : 0.37972359629211466, with theta = 10.0
 Avg Dunn's Index score : 3.081272880294606e-06, with theta = 0.01
 Avg David Bouldin score : 0.7328998695233219, with theta = 10.0
##################################################################################################
##################################################################################################
k = 70 :  k_knn = 3 
 Avg ACC : 55.992923485183546, with theta = 0.1
 Avg NMI : 36.67191577392916, with theta = 0.1
 Reconstruction Error : 18.307397961360376
 Avg Silhoutte score : 0.2303454919686945, with theta = 10.0
 Avg Dunn's Index score : 1.0726354992612388e-05, with theta = 0.01
 Avg David Bouldin score : 1.2148017060092704, with theta = 10.0
##################################################################################################
The results of running the Kmeans method 20 times and the report of maximum of 20 runs
##################################################################################################
 k = 10 :  k_knn = 5  
 Max ACC : 90.54621848739495, with theta = 0.1
 Max NMI : 77.75207440412592, with theta = 0.1
 Reconstruction Error : 20.655342867393685
 Max Silhoutter score : 0.4200112329048203, with theta = 10.0
 Max Dunn's Index score : 5.650391359824167e-14, with theta = 0.1
 Min David Bouldin score : 1.2886357659281553, with theta = 10.0
##################################################################################################
##################################################################################################
 k = 20 :  k_knn = 5  
 Max ACC : 80.46218487394958, with theta = 0.001
 Max NMI : 65.50631189436655, with theta = 0.001
 Reconstruction Error : 20.062877540050128
 Max Silhoutter score : 0.25472928274855183, with theta = 10.0
 Max Dunn's Index score : 7.275642862442867e-16, with theta = 0.1
 Min David Bouldin score : 1.5557591598153964, with theta = 10.0
##################################################################################################
##################################################################################################
 k = 30 :  k_knn = 5  
 Max ACC : 77.31092436974791, with theta = 0.1
 Max NMI : 65.90220139265959, with theta = 0.01
 Reconstruction Error : 19.868399709355998
 Max Silhoutter score : 0.43052773299430014, with theta = 10.0
 Max Dunn's Index score : 3.980407176630038e-09, with theta = 0.1
 Min David Bouldin score : 2.054483565304299, with theta = 10.0
##################################################################################################
##################################################################################################
 k = 40 :  k_knn = 5  
 Max ACC : 82.98319327731093, with theta = 0.001
 Max NMI : 72.48566228205434, with theta = 0.1
 Reconstruction Error : 19.277226194443372
 Max Silhoutter score : 0.6079209687319541, with theta = 10.0
 Max Dunn's Index score : 4.0503965036174224e-07, with theta = 0.001
 Min David Bouldin score : 1.9991909157112924, with theta = 10.0
##################################################################################################
##################################################################################################
 k = 50 :  k_knn = 5  
 Max ACC : 71.84873949579831, with theta = 0.01
 Max NMI : 56.01312535149717, with theta = 0.01
 Reconstruction Error : 19.24263097697939
 Max Silhoutter score : 0.153769397552331, with theta = 10.0
 Max Dunn's Index score : 9.494512452297443e-06, with theta = 0.1
 Min David Bouldin score : 2.4553246859652513, with theta = 10.0
##################################################################################################
##################################################################################################
 k = 60 :  k_knn = 5  
 Max ACC : 71.84873949579831, with theta = 0.001
 Max NMI : 54.450050061739006, with theta = 0.1
 Reconstruction Error : 19.016939657537332
 Max Silhoutter score : 0.44812894327694097, with theta = 10.0
 Max Dunn's Index score : 2.962022553733178e-05, with theta = 0.01
 Min David Bouldin score : 2.6468810501808906, with theta = 10.0
##################################################################################################
##################################################################################################
 k = 70 :  k_knn = 5  
 Max ACC : 70.7983193277311, with theta = 0.1
 Max NMI : 56.68256943291645, with theta = 0.1
 Reconstruction Error : 18.584089046607943
 Max Silhoutter score : 0.26230252854529923, with theta = 10.0
 Max Dunn's Index score : 6.311527811386705e-06, with theta = 0.01
 Min David Bouldin score : 2.114583462824797, with theta = 10.0
##################################################################################################
The results of running the Kmeans method 20 times and the average of 20 runs
##################################################################################################
k = 10 :  k_knn = 5 
 Avg ACC : 72.94338788146838, with theta = 0.1
 Avg NMI : 58.63771654444656, with theta = 0.1
 Reconstruction Error : 20.655342867393685
 Avg Silhoutte score : 0.4196061357800557, with theta = 10.0
 Avg Dunn's Index score : 5.650391359824167e-14, with theta = 0.1
 Avg David Bouldin score : 0.7327336971938246, with theta = 10.0
##################################################################################################
##################################################################################################
k = 20 :  k_knn = 5 
 Avg ACC : 63.55594869526758, with theta = 0.001
 Avg NMI : 49.590795391340535, with theta = 10.0
 Reconstruction Error : 20.062877540050128
 Avg Silhoutte score : 0.22234516707916865, with theta = 10.0
 Avg Dunn's Index score : 7.275642862442867e-16, with theta = 0.1
 Avg David Bouldin score : 1.0820038086486083, with theta = 10.0
##################################################################################################
##################################################################################################
k = 30 :  k_knn = 5 
 Avg ACC : 59.75232198142415, with theta = 0.1
 Avg NMI : 45.4678297515137, with theta = 0.001
 Reconstruction Error : 19.868399709355998
 Avg Silhoutte score : 0.31409504395683774, with theta = 10.0
 Avg Dunn's Index score : 3.980407176630038e-09, with theta = 0.1
 Avg David Bouldin score : 1.0676602595653983, with theta = 10.0
##################################################################################################
##################################################################################################
k = 40 :  k_knn = 5 
 Avg ACC : 58.956214064573196, with theta = 0.01
 Avg NMI : 41.82736473118359, with theta = 0.1
 Reconstruction Error : 19.277226194443372
 Avg Silhoutte score : 0.36874275012586044, with theta = 10.0
 Avg Dunn's Index score : 4.0503965036174224e-07, with theta = 0.001
 Avg David Bouldin score : 1.007137768543271, with theta = 10.0
##################################################################################################
##################################################################################################
k = 50 :  k_knn = 5 
 Avg ACC : 58.21539141972578, with theta = 0.1
 Avg NMI : 39.63351177056811, with theta = 0.1
 Reconstruction Error : 19.24263097697939
 Avg Silhoutte score : 0.127021433907787, with theta = 10.0
 Avg Dunn's Index score : 9.494512452297443e-06, with theta = 0.1
 Avg David Bouldin score : 1.5904472237513072, with theta = 10.0
##################################################################################################
##################################################################################################
k = 60 :  k_knn = 5 
 Avg ACC : 56.62317558602388, with theta = 0.001
 Avg NMI : 38.54570935203307, with theta = 0.001
 Reconstruction Error : 19.016939657537332
 Avg Silhoutte score : 0.38201638624797385, with theta = 10.0
 Avg Dunn's Index score : 2.962022553733178e-05, with theta = 0.01
 Avg David Bouldin score : 0.8041999056008649, with theta = 10.0
##################################################################################################
##################################################################################################
k = 70 :  k_knn = 5 
 Avg ACC : 55.89340999557718, with theta = 0.01
 Avg NMI : 37.5234128069355, with theta = 0.01
 Reconstruction Error : 18.584089046607943
 Avg Silhoutte score : 0.14987144138814457, with theta = 10.0
 Avg Dunn's Index score : 6.311527811386705e-06, with theta = 0.01
 Avg David Bouldin score : 1.372032345475401, with theta = 10.0
##################################################################################################
The results of running the Kmeans method 20 times and the report of maximum of 20 runs
##################################################################################################
 k = 10 :  k_knn = 6  
 Max ACC : 89.49579831932773, with theta = 0.01
 Max NMI : 75.81695987244166, with theta = 0.01
 Reconstruction Error : 21.390269793713184
 Max Silhoutter score : 0.26750894751111537, with theta = 0.1
 Max Dunn's Index score : 0.0021548859929336446, with theta = 10.0
 Min David Bouldin score : 1.2445467248702395, with theta = 0.01
##################################################################################################
##################################################################################################
 k = 20 :  k_knn = 6  
 Max ACC : 89.49579831932773, with theta = 0.01
 Max NMI : 75.00047296494951, with theta = 0.01
 Reconstruction Error : 21.388601987577246
 Max Silhoutter score : 0.2015956789982467, with theta = 0.01
 Max Dunn's Index score : 0.002531616094900073, with theta = 10.0
 Min David Bouldin score : 1.9472819302085709, with theta = 0.1
##################################################################################################
##################################################################################################
 k = 30 :  k_knn = 6  
 Max ACC : 87.81512605042016, with theta = 0.01
 Max NMI : 70.4886713663057, with theta = 0.01
 Reconstruction Error : 19.644050877811154
 Max Silhoutter score : 0.39942774384479673, with theta = 10.0
 Max Dunn's Index score : 6.7251436578777e-06, with theta = 0.1
 Min David Bouldin score : 2.039152678444092, with theta = 10.0
##################################################################################################
##################################################################################################
 k = 40 :  k_knn = 6  
 Max ACC : 76.26050420168067, with theta = 0.01
 Max NMI : 63.60938588843751, with theta = 0.01
 Reconstruction Error : 19.212401338651805
 Max Silhoutter score : 0.44397485869127595, with theta = 10.0
 Max Dunn's Index score : 3.991638803602171e-06, with theta = 0.1
 Min David Bouldin score : 2.189330300595284, with theta = 10.0
##################################################################################################
##################################################################################################
 k = 50 :  k_knn = 6  
 Max ACC : 79.2016806722689, with theta = 0.01
 Max NMI : 68.90053925045243, with theta = 0.01
 Reconstruction Error : 18.95096908831626
 Max Silhoutter score : 0.19652442314987195, with theta = 10.0
 Max Dunn's Index score : 1.8966657535258761e-06, with theta = 0.01
 Min David Bouldin score : 2.344573093567314, with theta = 10.0
##################################################################################################
##################################################################################################
 k = 60 :  k_knn = 6  
 Max ACC : 70.37815126050421, with theta = 0.01
 Max NMI : 54.107844068397725, with theta = 0.001
 Reconstruction Error : 18.759306015198717
 Max Silhoutter score : 0.31030016888127177, with theta = 10.0
 Max Dunn's Index score : 7.647497088250194e-06, with theta = 0.1
 Min David Bouldin score : 2.7611881942229743, with theta = 10.0
##################################################################################################
##################################################################################################
 k = 70 :  k_knn = 6  
 Max ACC : 74.15966386554622, with theta = 0.01
 Max NMI : 62.25248944707077, with theta = 10.0
 Reconstruction Error : 18.666586174697706
 Max Silhoutter score : 0.16289284960644293, with theta = 10.0
 Max Dunn's Index score : 5.056623399675058e-05, with theta = 0.1
 Min David Bouldin score : 2.8139172954873586, with theta = 10.0
##################################################################################################
The results of running the Kmeans method 20 times and the average of 20 runs
##################################################################################################
k = 10 :  k_knn = 6 
 Avg ACC : 70.51083591331269, with theta = 0.01
 Avg NMI : 59.17529290198239, with theta = 0.1
 Reconstruction Error : 21.390269793713184
 Avg Silhoutte score : 0.24162954443011453, with theta = 0.01
 Avg Dunn's Index score : 0.0021548859929336446, with theta = 10.0
 Avg David Bouldin score : 1.5585070694436438, with theta = 0.01
##################################################################################################
##################################################################################################
k = 20 :  k_knn = 6 
 Avg ACC : 65.8889871738169, with theta = 0.01
 Avg NMI : 53.176267466978565, with theta = 0.01
 Reconstruction Error : 21.388601987577246
 Avg Silhoutte score : 0.1366850578973665, with theta = 0.1
 Avg Dunn's Index score : 0.002531616094900073, with theta = 10.0
 Avg David Bouldin score : 1.9503410020154373, with theta = 10.0
##################################################################################################
##################################################################################################
k = 30 :  k_knn = 6 
 Avg ACC : 56.424148606811144, with theta = 0.001
 Avg NMI : 41.17401697222012, with theta = 0.001
 Reconstruction Error : 19.644050877811154
 Avg Silhoutte score : 0.2764630454024558, with theta = 10.0
 Avg Dunn's Index score : 6.7251436578777e-06, with theta = 0.1
 Avg David Bouldin score : 0.995848972811939, with theta = 10.0
##################################################################################################
##################################################################################################
k = 40 :  k_knn = 6 
 Avg ACC : 58.86775762936754, with theta = 0.1
 Avg NMI : 42.344011260019585, with theta = 0.1
 Reconstruction Error : 19.212401338651805
 Avg Silhoutte score : 0.39477209039916494, with theta = 10.0
 Avg Dunn's Index score : 3.991638803602171e-06, with theta = 0.1
 Avg David Bouldin score : 0.6874285877502188, with theta = 10.0
##################################################################################################
##################################################################################################
k = 50 :  k_knn = 6 
 Avg ACC : 58.536045997346314, with theta = 0.01
 Avg NMI : 41.41699101936561, with theta = 0.01
 Reconstruction Error : 18.95096908831626
 Avg Silhoutte score : 0.11282209625595307, with theta = 10.0
 Avg Dunn's Index score : 1.8966657535258761e-06, with theta = 0.01
 Avg David Bouldin score : 1.7502335140262588, with theta = 10.0
##################################################################################################
##################################################################################################
k = 60 :  k_knn = 6 
 Avg ACC : 55.74966828836798, with theta = 0.001
 Avg NMI : 37.425718143932926, with theta = 0.001
 Reconstruction Error : 18.759306015198717
 Avg Silhoutte score : 0.13957014713755014, with theta = 10.0
 Avg Dunn's Index score : 7.647497088250194e-06, with theta = 0.1
 Avg David Bouldin score : 1.4109687917669085, with theta = 10.0
##################################################################################################
##################################################################################################
k = 70 :  k_knn = 6 
 Avg ACC : 57.02122954444936, with theta = 0.001
 Avg NMI : 38.269249484313214, with theta = 0.001
 Reconstruction Error : 18.666586174697706
 Avg Silhoutte score : 0.12081035713046118, with theta = 10.0
 Avg Dunn's Index score : 5.056623399675058e-05, with theta = 0.1
 Avg David Bouldin score : 1.6937194415386847, with theta = 10.0
##################################################################################################
The results of running the Kmeans method 20 times and the report of maximum of 20 runs
##################################################################################################
 k = 10 :  k_knn = 11  
 Max ACC : 91.17647058823529, with theta = 0.01
 Max NMI : 79.09088477559102, with theta = 0.01
 Reconstruction Error : 21.391621566845657
 Max Silhoutter score : 0.3056209303989503, with theta = 0.1
 Max Dunn's Index score : 0.0010761931121712625, with theta = 10.0
 Min David Bouldin score : 1.4277187560688018, with theta = 0.1
##################################################################################################
##################################################################################################
 k = 20 :  k_knn = 11  
 Max ACC : 79.83193277310924, with theta = 0.001
 Max NMI : 61.33005025659456, with theta = 0.001
 Reconstruction Error : 21.390320269959055
 Max Silhoutter score : 0.18678171066203822, with theta = 10.0
 Max Dunn's Index score : 0.0007829222948664197, with theta = 10.0
 Min David Bouldin score : 1.721382271533461, with theta = 0.01
##################################################################################################
##################################################################################################
 k = 30 :  k_knn = 11  
 Max ACC : 85.29411764705883, with theta = 0.1
 Max NMI : 71.65230978409332, with theta = 0.01
 Reconstruction Error : 21.38474284350944
 Max Silhoutter score : 0.21709473996726794, with theta = 10.0
 Max Dunn's Index score : 0.0019369267025237545, with theta = 10.0
 Min David Bouldin score : 1.4999067361219067, with theta = 0.001
##################################################################################################
##################################################################################################
 k = 40 :  k_knn = 11  
 Max ACC : 87.39495798319328, with theta = 10.0
 Max NMI : 69.93714975963846, with theta = 0.01
 Reconstruction Error : 21.387596019482114
 Max Silhoutter score : 0.19776754656309736, with theta = 10.0
 Max Dunn's Index score : 0.0011554526249396182, with theta = 10.0
 Min David Bouldin score : 2.46032908054009, with theta = 0.1
##################################################################################################
##################################################################################################
 k = 50 :  k_knn = 11  
 Max ACC : 70.7983193277311, with theta = 0.001
 Max NMI : 61.28982234430249, with theta = 0.001
 Reconstruction Error : 18.978482891451893
 Max Silhoutter score : 0.521597578196161, with theta = 10.0
 Max Dunn's Index score : 6.410080965573484e-07, with theta = 0.01
 Min David Bouldin score : 2.449906216259945, with theta = 10.0
##################################################################################################
##################################################################################################
 k = 60 :  k_knn = 11  
 Max ACC : 77.73109243697479, with theta = 0.01
 Max NMI : 60.394630208728216, with theta = 0.01
 Reconstruction Error : 19.289102727875278
 Max Silhoutter score : 0.19801373191804578, with theta = 10.0
 Max Dunn's Index score : 3.891541560685345e-05, with theta = 0.1
 Min David Bouldin score : 2.445586589699314, with theta = 10.0
##################################################################################################
##################################################################################################
 k = 70 :  k_knn = 11  
 Max ACC : 81.72268907563026, with theta = 10.0
 Max NMI : 63.967813259006064, with theta = 10.0
 Reconstruction Error : 19.004166845062166
 Max Silhoutter score : 0.14562326781392096, with theta = 10.0
 Max Dunn's Index score : 2.735704011531071e-05, with theta = 0.001
 Min David Bouldin score : 2.2725106335954854, with theta = 10.0
##################################################################################################
The results of running the Kmeans method 20 times and the average of 20 runs
##################################################################################################
k = 10 :  k_knn = 11 
 Avg ACC : 74.63511720477665, with theta = 0.001
 Avg NMI : 62.2945944242898, with theta = 0.001
 Reconstruction Error : 21.391621566845657
 Avg Silhoutte score : 0.2791441955861294, with theta = 0.1
 Avg Dunn's Index score : 0.0010761931121712625, with theta = 10.0
 Avg David Bouldin score : 1.5113800095108052, with theta = 0.1
##################################################################################################
##################################################################################################
k = 20 :  k_knn = 11 
 Avg ACC : 70.27863777089783, with theta = 10.0
 Avg NMI : 47.177754494563096, with theta = 10.0
 Reconstruction Error : 21.390320269959055
 Avg Silhoutte score : 0.18626827437881768, with theta = 10.0
 Avg Dunn's Index score : 0.0007829222948664197, with theta = 10.0
 Avg David Bouldin score : 1.7953012173268057, with theta = 10.0
##################################################################################################
##################################################################################################
k = 30 :  k_knn = 11 
 Avg ACC : 78.15126050420169, with theta = 10.0
 Avg NMI : 58.90726019270088, with theta = 10.0
 Reconstruction Error : 21.38474284350944
 Avg Silhoutte score : 0.21709473996726794, with theta = 10.0
 Avg Dunn's Index score : 0.0019369267025237545, with theta = 10.0
 Avg David Bouldin score : 1.7884761833599594, with theta = 10.0
##################################################################################################
##################################################################################################
k = 40 :  k_knn = 11 
 Avg ACC : 85.02874834144184, with theta = 10.0
 Avg NMI : 66.12481777200104, with theta = 10.0
 Reconstruction Error : 21.387596019482114
 Avg Silhoutte score : 0.19567019605663172, with theta = 10.0
 Avg Dunn's Index score : 0.0011554526249396182, with theta = 10.0
 Avg David Bouldin score : 1.844252728339503, with theta = 10.0
##################################################################################################
##################################################################################################
k = 50 :  k_knn = 11 
 Avg ACC : 57.784166298098185, with theta = 0.001
 Avg NMI : 39.80309087919133, with theta = 0.001
 Reconstruction Error : 18.978482891451893
 Avg Silhoutte score : 0.4992416285643549, with theta = 10.0
 Avg Dunn's Index score : 6.410080965573484e-07, with theta = 0.01
 Avg David Bouldin score : 0.6791536721433612, with theta = 10.0
##################################################################################################
##################################################################################################
k = 60 :  k_knn = 11 
 Avg ACC : 58.22644847412649, with theta = 0.01
 Avg NMI : 41.25152060251781, with theta = 0.01
 Reconstruction Error : 19.289102727875278
 Avg Silhoutte score : 0.1834910486863252, with theta = 10.0
 Avg Dunn's Index score : 3.891541560685345e-05, with theta = 0.1
 Avg David Bouldin score : 1.616015347754406, with theta = 10.0
##################################################################################################
##################################################################################################
k = 70 :  k_knn = 11 
 Avg ACC : 61.42193719593101, with theta = 10.0
 Avg NMI : 44.1420688186007, with theta = 10.0
 Reconstruction Error : 19.004166845062166
 Avg Silhoutte score : 0.1136264268790212, with theta = 10.0
 Avg Dunn's Index score : 2.735704011531071e-05, with theta = 0.001
 Avg David Bouldin score : 2.041776270754382, with theta = 10.0
##################################################################################################
The results of running the Kmeans method 20 times and the report of maximum of 20 runs
##################################################################################################
 k = 10 :  k_knn = 21  
 Max ACC : 90.96638655462185, with theta = 0.001
 Max NMI : 78.8920521375854, with theta = 0.001
 Reconstruction Error : 21.39036483711615
 Max Silhoutter score : 0.42172537881291927, with theta = 10.0
 Max Dunn's Index score : 0.00010090384011786363, with theta = 10.0
 Min David Bouldin score : 1.3175079336358624, with theta = 10.0
##################################################################################################
##################################################################################################
 k = 20 :  k_knn = 21  
 Max ACC : 81.09243697478992, with theta = 10.0
 Max NMI : 67.60350525809531, with theta = 0.001
 Reconstruction Error : 21.389278051103243
 Max Silhoutter score : 0.4372855832652549, with theta = 10.0
 Max Dunn's Index score : 0.0003798849877146772, with theta = 10.0
 Min David Bouldin score : 1.8318999378830079, with theta = 10.0
##################################################################################################
##################################################################################################
 k = 30 :  k_knn = 21  
 Max ACC : 85.71428571428571, with theta = 0.01
 Max NMI : 66.49435417598593, with theta = 10.0
 Reconstruction Error : 21.389157296323585
 Max Silhoutter score : 0.3513630990174527, with theta = 10.0
 Max Dunn's Index score : 0.00018656181275019212, with theta = 10.0
 Min David Bouldin score : 1.7532865125603392, with theta = 10.0
##################################################################################################
##################################################################################################
 k = 40 :  k_knn = 21  
 Max ACC : 82.56302521008404, with theta = 10.0
 Max NMI : 65.30078743423489, with theta = 10.0
 Reconstruction Error : 21.388830171876783
 Max Silhoutter score : 0.4036331104671885, with theta = 10.0
 Max Dunn's Index score : 0.0003088748939045133, with theta = 10.0
 Min David Bouldin score : 1.8848239416286798, with theta = 10.0
##################################################################################################
##################################################################################################
 k = 50 :  k_knn = 21  
 Max ACC : 88.23529411764706, with theta = 10.0
 Max NMI : 72.83188603780482, with theta = 10.0
 Reconstruction Error : 21.388749739705716
 Max Silhoutter score : 0.40321412718913135, with theta = 10.0
 Max Dunn's Index score : 0.0002446385338117154, with theta = 10.0
 Min David Bouldin score : 2.5675781786367136, with theta = 10.0
##################################################################################################
##################################################################################################
 k = 60 :  k_knn = 21  
 Max ACC : 88.65546218487394, with theta = 10.0
 Max NMI : 71.63563340526822, with theta = 10.0
 Reconstruction Error : 21.388194347692906
 Max Silhoutter score : 0.3868061132048063, with theta = 10.0
 Max Dunn's Index score : 0.0003431147734097649, with theta = 10.0
 Min David Bouldin score : 2.59014992962638, with theta = 10.0
##################################################################################################
##################################################################################################
 k = 70 :  k_knn = 21  
 Max ACC : 88.65546218487394, with theta = 10.0
 Max NMI : 71.33711557034533, with theta = 10.0
 Reconstruction Error : 21.386707783462207
 Max Silhoutter score : 0.41661713703306325, with theta = 10.0
 Max Dunn's Index score : 0.00016799005774769405, with theta = 10.0
 Min David Bouldin score : 2.8392675668159426, with theta = 10.0
##################################################################################################
The results of running the Kmeans method 20 times and the average of 20 runs
##################################################################################################
k = 10 :  k_knn = 21 
 Avg ACC : 88.4453781512605, with theta = 10.0
 Avg NMI : 73.95865576012615, with theta = 10.0
 Reconstruction Error : 21.39036483711615
 Avg Silhoutte score : 0.42172537881291927, with theta = 10.0
 Avg Dunn's Index score : 0.00010090384011786363, with theta = 10.0
 Avg David Bouldin score : 0.9696369488639671, with theta = 10.0
##################################################################################################
##################################################################################################
k = 20 :  k_knn = 21 
 Avg ACC : 81.09243697478992, with theta = 10.0
 Avg NMI : 63.541202131790875, with theta = 10.0
 Reconstruction Error : 21.389278051103243
 Avg Silhoutte score : 0.4372855832652549, with theta = 10.0
 Avg Dunn's Index score : 0.0003798849877146772, with theta = 10.0
 Avg David Bouldin score : 0.9492638544583523, with theta = 10.0
##################################################################################################
##################################################################################################
k = 30 :  k_knn = 21 
 Avg ACC : 65.22556390977444, with theta = 10.0
 Avg NMI : 66.23020117065289, with theta = 10.0
 Reconstruction Error : 21.389157296323585
 Avg Silhoutte score : 0.3511106697038342, with theta = 10.0
 Avg Dunn's Index score : 0.00018656181275019212, with theta = 10.0
 Avg David Bouldin score : 1.1786596313286126, with theta = 10.0
##################################################################################################
##################################################################################################
k = 40 :  k_knn = 21 
 Avg ACC : 82.39716939407342, with theta = 10.0
 Avg NMI : 65.13018741497325, with theta = 10.0
 Reconstruction Error : 21.388830171876783
 Avg Silhoutte score : 0.4034524227366501, with theta = 10.0
 Avg Dunn's Index score : 0.0003088748939045133, with theta = 10.0
 Avg David Bouldin score : 1.0705973560660589, with theta = 10.0
##################################################################################################
##################################################################################################
k = 50 :  k_knn = 21 
 Avg ACC : 70.56612118531623, with theta = 10.0
 Avg NMI : 66.55145433397604, with theta = 10.0
 Reconstruction Error : 21.388749739705716
 Avg Silhoutte score : 0.38370463046406295, with theta = 10.0
 Avg Dunn's Index score : 0.0002446385338117154, with theta = 10.0
 Avg David Bouldin score : 1.0178247324850462, with theta = 10.0
##################################################################################################
##################################################################################################
k = 60 :  k_knn = 21 
 Avg ACC : 87.92569659442724, with theta = 10.0
 Avg NMI : 70.67117883335379, with theta = 10.0
 Reconstruction Error : 21.388194347692906
 Avg Silhoutte score : 0.38535557678153665, with theta = 10.0
 Avg Dunn's Index score : 0.0003431147734097649, with theta = 10.0
 Avg David Bouldin score : 1.17412980462275, with theta = 10.0
##################################################################################################
##################################################################################################
k = 70 :  k_knn = 21 
 Avg ACC : 88.29057938965059, with theta = 10.0
 Avg NMI : 70.71638917738971, with theta = 10.0
 Reconstruction Error : 21.386707783462207
 Avg Silhoutte score : 0.4159651992098255, with theta = 10.0
 Avg Dunn's Index score : 0.00016799005774769405, with theta = 10.0
 Avg David Bouldin score : 1.0284893933719403, with theta = 10.0
##################################################################################################
{10: [100, 100, 4, 4, 4], 20: [100, 100, 4, 4, 4], 30: [100, 100, 100, 4, 4], 40: [100, 100, 100, 4, 4], 50: [100, 100, 100, 100, 4], 60: [100, 100, 100, 100, 4], 70: [100, 100, 100, 100, 4]}
Average no. of iterations for k = 10 : 42.4
Average no. of iterations for k = 20 : 42.4
Average no. of iterations for k = 30 : 61.6
Average no. of iterations for k = 40 : 61.6
Average no. of iterations for k = 50 : 80.8
Average no. of iterations for k = 60 : 80.8
Average no. of iterations for k = 70 : 80.8
Overall average no. of iterations : 90.89285714285714
done
