Model : nsNMF
Dataset : orl
max iterations : 100
myeps_1 : 1e-12
myeps_2 : 1e-10
**********************************************************************************************************
The results of running the Kmeans method 20 times and the report of maximum of 20 runs

k = 10 : best max acc = 49.25 , with nu = 0.01
k = 10 : best max nmi = 68.65406619277285 , with nu = 0.01
k = 10 : best max Silhoutte score = 0.20270975576367253 , with nu = 0.001
k = 10 : best max Dunn's Index score = 0.14040583549621383 , with nu = 10.0
k = 10 : best min Davies Bouldin score = 1.2548498361983356 , with nu = 10.0


The results of running the Kmeans method 20 times and the report of average of 20 runs

k = 10 : best avg acc = 45.43421052631579 , with nu = 0.001 
k = 10 : best avg nmi = 66.77996874236936 , with nu = 0.001 
k = 10 : best avg Silhoutte score = 0.1941533940974371 , with nu = 0.001 
k = 10 : best avg Dunn's Index score = 0.14040583549621383 , with nu = 10.0 
k = 10 : best avg Davies Bouldin score = 1.3074706178611246 , with nu = 0.001 
**********************************************************************************************************
**********************************************************************************************************
The results of running the Kmeans method 20 times and the report of maximum of 20 runs

k = 20 : best max acc = 18.25 , with nu = 0.1
k = 20 : best max nmi = 41.95657821308956 , with nu = 0.1
k = 20 : best max Silhoutte score = 0.15316263812433584 , with nu = 0.01
k = 20 : best max Dunn's Index score = 0.2717347127762443 , with nu = 10.0
k = 20 : best min Davies Bouldin score = 1.4489454525127945 , with nu = 10.0


The results of running the Kmeans method 20 times and the report of average of 20 runs

k = 20 : best avg acc = 17.236842105263158 , with nu = 0.1 
k = 20 : best avg nmi = 41.097168086122004 , with nu = 0.1 
k = 20 : best avg Silhoutte score = 0.14559005809528752 , with nu = 0.01 
k = 20 : best avg Dunn's Index score = 0.2717347127762443 , with nu = 10.0 
k = 20 : best avg Davies Bouldin score = 1.4828472427815675 , with nu = 0.001 
**********************************************************************************************************
**********************************************************************************************************
The results of running the Kmeans method 20 times and the report of maximum of 20 runs

k = 30 : best max acc = 17.5 , with nu = 0.1
k = 30 : best max nmi = 41.950932903978256 , with nu = 0.1
k = 30 : best max Silhoutte score = 0.09710612438197992 , with nu = 0.1
k = 30 : best max Dunn's Index score = 0.3301750246071678 , with nu = 10.0
k = 30 : best min Davies Bouldin score = 1.7433877903927297 , with nu = 10.0


The results of running the Kmeans method 20 times and the report of average of 20 runs

k = 30 : best avg acc = 16.855263157894736 , with nu = 0.1 
k = 30 : best avg nmi = 40.9735519160975 , with nu = 0.1 
k = 30 : best avg Silhoutte score = 0.09271217177334769 , with nu = 0.1 
k = 30 : best avg Dunn's Index score = 0.3301750246071678 , with nu = 10.0 
k = 30 : best avg Davies Bouldin score = 1.7918862693107913 , with nu = 0.1 
**********************************************************************************************************
**********************************************************************************************************
The results of running the Kmeans method 20 times and the report of maximum of 20 runs

k = 40 : best max acc = 18.75 , with nu = 10.0
k = 40 : best max nmi = 42.165725569574825 , with nu = 10.0
k = 40 : best max Silhoutte score = 0.06859214389771552 , with nu = 0.1
k = 40 : best max Dunn's Index score = 0.346161512070502 , with nu = 0.001
k = 40 : best min Davies Bouldin score = 2.0079292553079595 , with nu = 10.0


The results of running the Kmeans method 20 times and the report of average of 20 runs

k = 40 : best avg acc = 17.0 , with nu = 0.01 
k = 40 : best avg nmi = 41.052583797296464 , with nu = 0.01 
k = 40 : best avg Silhoutte score = 0.06128388050245877 , with nu = 0.1 
k = 40 : best avg Dunn's Index score = 0.346161512070502 , with nu = 0.001 
k = 40 : best avg Davies Bouldin score = 2.0371601415570844 , with nu = 0.1 
**********************************************************************************************************
**********************************************************************************************************
The results of running the Kmeans method 20 times and the report of maximum of 20 runs

k = 50 : best max acc = 18.0 , with nu = 0.01
k = 50 : best max nmi = 41.69701338648814 , with nu = 0.01
k = 50 : best max Silhoutte score = 0.03752145697105181 , with nu = 0.1
k = 50 : best max Dunn's Index score = 0.4055386544559536 , with nu = 10.0
k = 50 : best min Davies Bouldin score = 2.3077963391027625 , with nu = 10.0


The results of running the Kmeans method 20 times and the report of average of 20 runs

k = 50 : best avg acc = 16.526315789473685 , with nu = 0.01 
k = 50 : best avg nmi = 40.46699003157887 , with nu = 0.1 
k = 50 : best avg Silhoutte score = 0.0341258753561987 , with nu = 0.1 
k = 50 : best avg Dunn's Index score = 0.4055386544559536 , with nu = 10.0 
k = 50 : best avg Davies Bouldin score = 2.3583725439099004 , with nu = 0.1 
**********************************************************************************************************
**********************************************************************************************************
The results of running the Kmeans method 20 times and the report of maximum of 20 runs

k = 60 : best max acc = 17.5 , with nu = 10.0
k = 60 : best max nmi = 41.36169332740954 , with nu = 10.0
k = 60 : best max Silhoutte score = 0.039367738965687384 , with nu = 10.0
k = 60 : best max Dunn's Index score = 0.4242712191305969 , with nu = 0.01
k = 60 : best min Davies Bouldin score = 2.265142029977466 , with nu = 0.001


The results of running the Kmeans method 20 times and the report of average of 20 runs

k = 60 : best avg acc = 16.539473684210527 , with nu = 10.0 
k = 60 : best avg nmi = 40.268086237134156 , with nu = 10.0 
k = 60 : best avg Silhoutte score = 0.029792719569245625 , with nu = 10.0 
k = 60 : best avg Dunn's Index score = 0.4242712191305969 , with nu = 0.01 
k = 60 : best avg Davies Bouldin score = 2.348159539930172 , with nu = 10.0 
**********************************************************************************************************
**********************************************************************************************************
The results of running the Kmeans method 20 times and the report of maximum of 20 runs

k = 70 : best max acc = 17.75 , with nu = 10.0
k = 70 : best max nmi = 41.271305100942726 , with nu = 10.0
k = 70 : best max Silhoutte score = 0.03076259718233844 , with nu = 10.0
k = 70 : best max Dunn's Index score = 0.46286080738701496 , with nu = 0.01
k = 70 : best min Davies Bouldin score = 2.3533480797062754 , with nu = 0.001


The results of running the Kmeans method 20 times and the report of average of 20 runs

k = 70 : best avg acc = 16.44736842105263 , with nu = 10.0 
k = 70 : best avg nmi = 39.814742592353966 , with nu = 10.0 
k = 70 : best avg Silhoutte score = 0.020669698968261728 , with nu = 10.0 
k = 70 : best avg Dunn's Index score = 0.46286080738701496 , with nu = 0.01 
k = 70 : best avg Davies Bouldin score = 2.4369215406732447 , with nu = 10.0 
**********************************************************************************************************
Average no. of iterations for k2 = 10 : 4
Average no. of iterations for k2 = 20 : 5
Average no. of iterations for k2 = 30 : 1
Average no. of iterations for k2 = 40 : 1
Average no. of iterations for k2 = 50 : 1
Average no. of iterations for k2 = 60 : 1
Average no. of iterations for k2 = 70 : 1
Overall average no. of iterations : 1.25
done
