Model : DGONMF
Dataset : orl
max iterations : 100
myeps_1 : 1e-12
myeps_2 : 1e-10
The results of running the Kmeans method 20 times and the report of maximum of 20 runs
##################################################################################################
 k1 = 80 : k2 = 10 : knn_k = 5
 Max ACC : 60.0, with (alpha, beta) = (10.0, 0.01)
 Max NMI : 77.32162840405428, with (alpha, beta) = (10.0, 0.1)
 Reconstruction Error : 3.6527910932689034
 Max Silhoutter score : 0.46631483182936534, with (alpha, beta) = (10.0, 0.1)
 Max Dunn's Index score : 0.08471480323648035, with (alpha, beta) = (0.01, 0.01)
 Min David Bouldin score : 1.2777046490931887, with (alpha, beta) = (10.0, 0.1)
##################################################################################################
##################################################################################################
 k1 = 80 : k2 = 20 : knn_k = 5
 Max ACC : 64.0, with (alpha, beta) = (10.0, 1)
 Max NMI : 79.31860683774272, with (alpha, beta) = (10.0, 1)
 Reconstruction Error : 3.461046756163387
 Max Silhoutter score : 0.4624922860900264, with (alpha, beta) = (10.0, 1)
 Max Dunn's Index score : 0.17446498539218458, with (alpha, beta) = (0.001, 1)
 Min David Bouldin score : 1.3578072556095262, with (alpha, beta) = (10.0, 1)
##################################################################################################
##################################################################################################
 k1 = 80 : k2 = 30 : knn_k = 5
 Max ACC : 64.5, with (alpha, beta) = (0.1, 0.1)
 Max NMI : 80.33488535902542, with (alpha, beta) = (0.1, 0.01)
 Reconstruction Error : 3.4272153661531193
 Max Silhoutter score : 0.33743175345832926, with (alpha, beta) = (0.1, 1)
 Max Dunn's Index score : 0.1652069431017954, with (alpha, beta) = (0.01, 0.01)
 Min David Bouldin score : 1.369066250591422, with (alpha, beta) = (0.1, 1)
##################################################################################################
##################################################################################################
 k1 = 80 : k2 = 40 : knn_k = 5
 Max ACC : 65.0, with (alpha, beta) = (0.1, 0.01)
 Max NMI : 79.6940647083773, with (alpha, beta) = (0.01, 0.01)
 Reconstruction Error : 3.1187889980438555
 Max Silhoutter score : 0.35131816753707473, with (alpha, beta) = (0.1, 0.01)
 Max Dunn's Index score : 0.1908994631504105, with (alpha, beta) = (0.01, 0.1)
 Min David Bouldin score : 1.46310060779045, with (alpha, beta) = (0.1, 1)
##################################################################################################
##################################################################################################
 k1 = 80 : k2 = 50 : knn_k = 5
 Max ACC : 64.0, with (alpha, beta) = (0.1, 0.01)
 Max NMI : 79.6351078061457, with (alpha, beta) = (0.1, 0.01)
 Reconstruction Error : 2.8266843699531434
 Max Silhoutter score : 0.3564606303276429, with (alpha, beta) = (0.1, 0.01)
 Max Dunn's Index score : 0.12965701740078195, with (alpha, beta) = (0.001, 0.1)
 Min David Bouldin score : 1.3441390998772342, with (alpha, beta) = (0.1, 0.01)
##################################################################################################
##################################################################################################
 k1 = 80 : k2 = 60 : knn_k = 5
 Max ACC : 63.0, with (alpha, beta) = (0.01, 0.01)
 Max NMI : 79.36383506233705, with (alpha, beta) = (0.01, 0.01)
 Reconstruction Error : 2.5634546908999942
 Max Silhoutter score : 0.294749744191745, with (alpha, beta) = (0.01, 0.01)
 Max Dunn's Index score : 0.07077605222745856, with (alpha, beta) = (0.001, 0.1)
 Min David Bouldin score : 1.0926317498437084, with (alpha, beta) = (0.001, 0.01)
##################################################################################################
##################################################################################################
 k1 = 80 : k2 = 70 : knn_k = 5
 Max ACC : 53.25, with (alpha, beta) = (0.001, 0.1)
 Max NMI : 71.46458769752513, with (alpha, beta) = (0.001, 0.1)
 Reconstruction Error : 2.369678096528298
 Max Silhoutter score : 0.2900498377069728, with (alpha, beta) = (0.01, 1)
 Max Dunn's Index score : 0.13161469839878026, with (alpha, beta) = (0.001, 0.1)
 Min David Bouldin score : 1.2510756437442097, with (alpha, beta) = (0.01, 1)
##################################################################################################
The results of running the Kmeans method 20 times and the average of 20 runs
##################################################################################################
 k1 = 80 : k2 = 10 : knn_k = 5
 Avg ACC : 58.03947368421053, with (alpha, beta) = (10.0, 0.01)
 Avg NMI : 76.15050067883237, with (alpha, beta) = (10.0, 0.01)
 Reconstruction Error : 3.6527910932689034
 Avg Silhoutte score : 0.45497638754024244, with (alpha, beta) = (10.0, 0.1)
 Avg Dunn's Index score : 0.08471480323648035, with (alpha, beta) = (0.01, 0.01)
 Avg David Bouldin score : 0.7596872281256459, with (alpha, beta) = (10.0, 0.1)
##################################################################################################
##################################################################################################
 k1 = 80 : k2 = 20 : knn_k = 5
 Avg ACC : 61.671052631578945, with (alpha, beta) = (10.0, 1)
 Avg NMI : 77.78369126750862, with (alpha, beta) = (10.0, 1)
 Reconstruction Error : 3.461046756163387
 Avg Silhoutte score : 0.4512463306587939, with (alpha, beta) = (10.0, 1)
 Avg Dunn's Index score : 0.17446498539218458, with (alpha, beta) = (0.001, 1)
 Avg David Bouldin score : 0.8364039847044488, with (alpha, beta) = (10.0, 1)
##################################################################################################
##################################################################################################
 k1 = 80 : k2 = 30 : knn_k = 5
 Avg ACC : 62.85526315789473, with (alpha, beta) = (0.1, 0.1)
 Avg NMI : 78.95151605155709, with (alpha, beta) = (0.1, 0.1)
 Reconstruction Error : 3.4272153661531193
 Avg Silhoutte score : 0.3253212739868687, with (alpha, beta) = (0.1, 0.1)
 Avg Dunn's Index score : 0.1652069431017954, with (alpha, beta) = (0.01, 0.01)
 Avg David Bouldin score : 1.1204616113382986, with (alpha, beta) = (0.1, 1)
##################################################################################################
##################################################################################################
 k1 = 80 : k2 = 40 : knn_k = 5
 Avg ACC : 62.85526315789473, with (alpha, beta) = (0.1, 0.01)
 Avg NMI : 78.40937908287134, with (alpha, beta) = (0.01, 0.01)
 Reconstruction Error : 3.1187889980438555
 Avg Silhoutte score : 0.34248103766802707, with (alpha, beta) = (0.1, 0.01)
 Avg Dunn's Index score : 0.1908994631504105, with (alpha, beta) = (0.01, 0.1)
 Avg David Bouldin score : 1.0703851655931764, with (alpha, beta) = (0.1, 1)
##################################################################################################
##################################################################################################
 k1 = 80 : k2 = 50 : knn_k = 5
 Avg ACC : 61.0, with (alpha, beta) = (0.1, 0.01)
 Avg NMI : 78.29773865540388, with (alpha, beta) = (0.1, 0.01)
 Reconstruction Error : 2.8266843699531434
 Avg Silhoutte score : 0.3460009912740663, with (alpha, beta) = (0.1, 0.01)
 Avg Dunn's Index score : 0.12965701740078195, with (alpha, beta) = (0.001, 0.1)
 Avg David Bouldin score : 1.1239568600252543, with (alpha, beta) = (0.1, 0.01)
##################################################################################################
##################################################################################################
 k1 = 80 : k2 = 60 : knn_k = 5
 Avg ACC : 59.53947368421053, with (alpha, beta) = (0.01, 0.01)
 Avg NMI : 77.56807996500685, with (alpha, beta) = (0.01, 0.01)
 Reconstruction Error : 2.5634546908999942
 Avg Silhoutte score : 0.2866016627092964, with (alpha, beta) = (0.01, 0.01)
 Avg Dunn's Index score : 0.07077605222745856, with (alpha, beta) = (0.001, 0.1)
 Avg David Bouldin score : 1.1580503932943105, with (alpha, beta) = (0.001, 0.01)
##################################################################################################
##################################################################################################
 k1 = 80 : k2 = 70 : knn_k = 5
 Avg ACC : 49.973684210526315, with (alpha, beta) = (0.001, 0.1)
 Avg NMI : 69.97883277995108, with (alpha, beta) = (0.001, 0.1)
 Reconstruction Error : 2.369678096528298
 Avg Silhoutte score : 0.2778458322995559, with (alpha, beta) = (0.01, 1)
 Avg Dunn's Index score : 0.13161469839878026, with (alpha, beta) = (0.001, 0.1)
 Avg David Bouldin score : 0.9530944270541938, with (alpha, beta) = (0.01, 1)
##################################################################################################
The results of running the Kmeans method 20 times and the report of maximum of 20 runs
##################################################################################################
 k1 = 100 : k2 = 10 : knn_k = 5
 Max ACC : 62.25000000000001, with (alpha, beta) = (10.0, 1)
 Max NMI : 77.83438610813866, with (alpha, beta) = (10.0, 0.1)
 Reconstruction Error : 3.9078416900415482
 Max Silhoutter score : 0.4310268433303054, with (alpha, beta) = (10.0, 0.1)
 Max Dunn's Index score : 0.1040422181523844, with (alpha, beta) = (0.1, 0.01)
 Min David Bouldin score : 1.2850338786010236, with (alpha, beta) = (10.0, 0.1)
##################################################################################################
##################################################################################################
 k1 = 100 : k2 = 20 : knn_k = 5
 Max ACC : 65.25, with (alpha, beta) = (10.0, 0.1)
 Max NMI : 79.51429852871252, with (alpha, beta) = (10.0, 1)
 Reconstruction Error : 3.7638045056589076
 Max Silhoutter score : 0.4518467465321044, with (alpha, beta) = (10.0, 0.1)
 Max Dunn's Index score : 0.17769244247469398, with (alpha, beta) = (0.01, 0.01)
 Min David Bouldin score : 1.4454367537974886, with (alpha, beta) = (10.0, 0.1)
##################################################################################################
##################################################################################################
 k1 = 100 : k2 = 30 : knn_k = 5
 Max ACC : 62.74999999999999, with (alpha, beta) = (0.1, 0.1)
 Max NMI : 79.30058746239065, with (alpha, beta) = (0.1, 0.1)
 Reconstruction Error : 3.9356119769759763
 Max Silhoutter score : 0.394104439226872, with (alpha, beta) = (0.1, 0.01)
 Max Dunn's Index score : 0.1527579350721953, with (alpha, beta) = (10.0, 0.01)
 Min David Bouldin score : 1.408173616758645, with (alpha, beta) = (0.1, 0.01)
##################################################################################################
##################################################################################################
 k1 = 100 : k2 = 40 : knn_k = 5
 Max ACC : 64.75, with (alpha, beta) = (0.01, 0.1)
 Max NMI : 81.2122457315558, with (alpha, beta) = (0.01, 0.1)
 Reconstruction Error : 3.815069395679073
 Max Silhoutter score : 0.43631810624079853, with (alpha, beta) = (0.1, 1)
 Max Dunn's Index score : 0.16143090580112301, with (alpha, beta) = (10.0, 1)
 Min David Bouldin score : 1.3900660123819721, with (alpha, beta) = (0.1, 1)
##################################################################################################
##################################################################################################
 k1 = 100 : k2 = 50 : knn_k = 5
 Max ACC : 65.0, with (alpha, beta) = (0.1, 0.1)
 Max NMI : 80.31540977519236, with (alpha, beta) = (0.1, 0.1)
 Reconstruction Error : 3.8993658298101144
 Max Silhoutter score : 0.5628909615449834, with (alpha, beta) = (0.01, 0.01)
 Max Dunn's Index score : 0.1259573626189102, with (alpha, beta) = (0.001, 0.01)
 Min David Bouldin score : 1.3947947942541556, with (alpha, beta) = (0.01, 0.01)
##################################################################################################
##################################################################################################
 k1 = 100 : k2 = 60 : knn_k = 5
 Max ACC : 61.75000000000001, with (alpha, beta) = (0.01, 0.01)
 Max NMI : 78.4485285587276, with (alpha, beta) = (0.01, 0.01)
 Reconstruction Error : 2.926202006793342
 Max Silhoutter score : 0.3078349911075904, with (alpha, beta) = (0.01, 0.01)
 Max Dunn's Index score : 0.11716226822149306, with (alpha, beta) = (0.001, 0.1)
 Min David Bouldin score : 1.3726224500216773, with (alpha, beta) = (0.1, 0.01)
##################################################################################################
##################################################################################################
 k1 = 100 : k2 = 70 : knn_k = 5
 Max ACC : 62.0, with (alpha, beta) = (0.01, 0.1)
 Max NMI : 78.99337427829913, with (alpha, beta) = (0.01, 0.1)
 Reconstruction Error : 2.8525141240060825
 Max Silhoutter score : 0.6020807381837832, with (alpha, beta) = (0.1, 0.01)
 Max Dunn's Index score : 0.14676277747995461, with (alpha, beta) = (0.01, 0.1)
 Min David Bouldin score : 1.2285234864318997, with (alpha, beta) = (0.1, 0.01)
##################################################################################################
The results of running the Kmeans method 20 times and the average of 20 runs
##################################################################################################
 k1 = 100 : k2 = 10 : knn_k = 5
 Avg ACC : 58.85526315789473, with (alpha, beta) = (10.0, 0.01)
 Avg NMI : 76.04380042830513, with (alpha, beta) = (10.0, 0.1)
 Reconstruction Error : 3.9078416900415482
 Avg Silhoutte score : 0.42107941443609487, with (alpha, beta) = (10.0, 0.1)
 Avg Dunn's Index score : 0.1040422181523844, with (alpha, beta) = (0.1, 0.01)
 Avg David Bouldin score : 0.8161772936131945, with (alpha, beta) = (10.0, 0.1)
##################################################################################################
##################################################################################################
 k1 = 100 : k2 = 20 : knn_k = 5
 Avg ACC : 63.5, with (alpha, beta) = (10.0, 0.1)
 Avg NMI : 78.72522209864809, with (alpha, beta) = (10.0, 0.1)
 Reconstruction Error : 3.7638045056589076
 Avg Silhoutte score : 0.4417884474875074, with (alpha, beta) = (10.0, 0.1)
 Avg Dunn's Index score : 0.17769244247469398, with (alpha, beta) = (0.01, 0.01)
 Avg David Bouldin score : 0.8536246238673346, with (alpha, beta) = (10.0, 0.1)
##################################################################################################
##################################################################################################
 k1 = 100 : k2 = 30 : knn_k = 5
 Avg ACC : 59.89473684210527, with (alpha, beta) = (0.1, 0.1)
 Avg NMI : 77.93595140159078, with (alpha, beta) = (0.1, 0.1)
 Reconstruction Error : 3.9356119769759763
 Avg Silhoutte score : 0.3848757252836635, with (alpha, beta) = (0.1, 0.01)
 Avg Dunn's Index score : 0.1527579350721953, with (alpha, beta) = (10.0, 0.01)
 Avg David Bouldin score : 0.9136002291397542, with (alpha, beta) = (0.1, 0.01)
##################################################################################################
##################################################################################################
 k1 = 100 : k2 = 40 : knn_k = 5
 Avg ACC : 60.51315789473684, with (alpha, beta) = (0.01, 0.1)
 Avg NMI : 78.94487427391019, with (alpha, beta) = (0.01, 0.1)
 Reconstruction Error : 3.815069395679073
 Avg Silhoutte score : 0.3700781734022907, with (alpha, beta) = (0.1, 0.01)
 Avg Dunn's Index score : 0.16143090580112301, with (alpha, beta) = (10.0, 1)
 Avg David Bouldin score : 0.6050550582282459, with (alpha, beta) = (0.1, 1)
##################################################################################################
##################################################################################################
 k1 = 100 : k2 = 50 : knn_k = 5
 Avg ACC : 61.44736842105263, with (alpha, beta) = (0.1, 0.1)
 Avg NMI : 78.60085702876916, with (alpha, beta) = (0.1, 0.1)
 Reconstruction Error : 3.8993658298101144
 Avg Silhoutte score : 0.5271680812315053, with (alpha, beta) = (0.01, 0.01)
 Avg Dunn's Index score : 0.1259573626189102, with (alpha, beta) = (0.001, 0.01)
 Avg David Bouldin score : 0.4867940450488773, with (alpha, beta) = (0.01, 0.01)
##################################################################################################
##################################################################################################
 k1 = 100 : k2 = 60 : knn_k = 5
 Avg ACC : 57.64473684210527, with (alpha, beta) = (0.01, 0.01)
 Avg NMI : 76.52939253241777, with (alpha, beta) = (0.01, 0.01)
 Reconstruction Error : 2.926202006793342
 Avg Silhoutte score : 0.2974030064966319, with (alpha, beta) = (0.01, 0.01)
 Avg Dunn's Index score : 0.11716226822149306, with (alpha, beta) = (0.001, 0.1)
 Avg David Bouldin score : 1.0823416225506282, with (alpha, beta) = (0.1, 0.01)
##################################################################################################
##################################################################################################
 k1 = 100 : k2 = 70 : knn_k = 5
 Avg ACC : 58.1578947368421, with (alpha, beta) = (0.01, 0.1)
 Avg NMI : 77.55261583389657, with (alpha, beta) = (0.01, 0.1)
 Reconstruction Error : 2.8525141240060825
 Avg Silhoutte score : 0.5904105366396826, with (alpha, beta) = (0.1, 0.01)
 Avg Dunn's Index score : 0.14676277747995461, with (alpha, beta) = (0.01, 0.1)
 Avg David Bouldin score : 0.4510379982963468, with (alpha, beta) = (0.1, 0.01)
##################################################################################################
The results of running the Kmeans method 20 times and the report of maximum of 20 runs
##################################################################################################
 k1 = 120 : k2 = 10 : knn_k = 5
 Max ACC : 62.0, with (alpha, beta) = (10.0, 0.1)
 Max NMI : 77.43419898390009, with (alpha, beta) = (10.0, 0.1)
 Reconstruction Error : 4.538028853013863
 Max Silhoutter score : 0.4345561012438745, with (alpha, beta) = (10.0, 0.1)
 Max Dunn's Index score : 0.06800181397477936, with (alpha, beta) = (0.1, 0.1)
 Min David Bouldin score : 1.2006885840990975, with (alpha, beta) = (10.0, 0.01)
##################################################################################################
##################################################################################################
 k1 = 120 : k2 = 20 : knn_k = 5
 Max ACC : 67.0, with (alpha, beta) = (10.0, 0.1)
 Max NMI : 79.76809405745934, with (alpha, beta) = (10.0, 0.1)
 Reconstruction Error : 5.099214952473151
 Max Silhoutter score : 0.43947972741991853, with (alpha, beta) = (10.0, 1)
 Max Dunn's Index score : 0.1469660344885068, with (alpha, beta) = (0.01, 0.1)
 Min David Bouldin score : 1.4251869436760642, with (alpha, beta) = (10.0, 1)
##################################################################################################
##################################################################################################
 k1 = 120 : k2 = 30 : knn_k = 5
 Max ACC : 62.25000000000001, with (alpha, beta) = (0.1, 1)
 Max NMI : 78.07642198546144, with (alpha, beta) = (10.0, 0.1)
 Reconstruction Error : 4.373264867807055
 Max Silhoutter score : 0.4182116930599619, with (alpha, beta) = (10.0, 0.1)
 Max Dunn's Index score : 0.1799163081051463, with (alpha, beta) = (0.01, 0.01)
 Min David Bouldin score : 1.5359618317778487, with (alpha, beta) = (10.0, 0.1)
##################################################################################################
##################################################################################################
 k1 = 120 : k2 = 40 : knn_k = 5
 Max ACC : 64.75, with (alpha, beta) = (0.1, 1)
 Max NMI : 79.40799753832763, with (alpha, beta) = (0.1, 1)
 Reconstruction Error : 4.3414676115168644
 Max Silhoutter score : 0.3805226415796262, with (alpha, beta) = (0.1, 0.1)
 Max Dunn's Index score : 0.17568021112229473, with (alpha, beta) = (0.001, 0.01)
 Min David Bouldin score : 1.4871032762527983, with (alpha, beta) = (0.1, 0.1)
##################################################################################################
##################################################################################################
 k1 = 120 : k2 = 50 : knn_k = 5
 Max ACC : 65.5, with (alpha, beta) = (0.1, 0.1)
 Max NMI : 80.02685798114958, with (alpha, beta) = (0.1, 0.1)
 Reconstruction Error : 3.810359810127532
 Max Silhoutter score : 0.3764982981694317, with (alpha, beta) = (0.1, 1)
 Max Dunn's Index score : 0.19432253810302666, with (alpha, beta) = (0.001, 1)
 Min David Bouldin score : 1.3664507598399385, with (alpha, beta) = (0.1, 1)
##################################################################################################
##################################################################################################
 k1 = 120 : k2 = 60 : knn_k = 5
 Max ACC : 66.0, with (alpha, beta) = (0.1, 0.1)
 Max NMI : 80.78730894619595, with (alpha, beta) = (0.1, 0.1)
 Reconstruction Error : 3.6859383156037318
 Max Silhoutter score : 0.3750568967631274, with (alpha, beta) = (0.1, 1)
 Max Dunn's Index score : 0.14678047264751062, with (alpha, beta) = (10.0, 0.01)
 Min David Bouldin score : 1.4904744023543957, with (alpha, beta) = (0.1, 1)
##################################################################################################
##################################################################################################
 k1 = 120 : k2 = 70 : knn_k = 5
 Max ACC : 57.99999999999999, with (alpha, beta) = (0.1, 1)
 Max NMI : 76.31848479804626, with (alpha, beta) = (0.1, 1)
 Reconstruction Error : 3.374698089000688
 Max Silhoutter score : 0.45080119681595465, with (alpha, beta) = (0.01, 0.01)
 Max Dunn's Index score : 0.17379478277295024, with (alpha, beta) = (0.001, 0.01)
 Min David Bouldin score : 1.4678956508793872, with (alpha, beta) = (0.01, 0.01)
##################################################################################################
The results of running the Kmeans method 20 times and the average of 20 runs
##################################################################################################
 k1 = 120 : k2 = 10 : knn_k = 5
 Avg ACC : 60.03947368421053, with (alpha, beta) = (10.0, 0.1)
 Avg NMI : 76.11809727456705, with (alpha, beta) = (10.0, 0.1)
 Reconstruction Error : 4.538028853013863
 Avg Silhoutte score : 0.42132538745397924, with (alpha, beta) = (10.0, 0.1)
 Avg Dunn's Index score : 0.06800181397477936, with (alpha, beta) = (0.1, 0.1)
 Avg David Bouldin score : 0.864471512158744, with (alpha, beta) = (10.0, 0.1)
##################################################################################################
##################################################################################################
 k1 = 120 : k2 = 20 : knn_k = 5
 Avg ACC : 64.5, with (alpha, beta) = (10.0, 0.1)
 Avg NMI : 78.75447697969162, with (alpha, beta) = (10.0, 0.1)
 Reconstruction Error : 5.099214952473151
 Avg Silhoutte score : 0.4259461852554021, with (alpha, beta) = (10.0, 1)
 Avg Dunn's Index score : 0.1469660344885068, with (alpha, beta) = (0.01, 0.1)
 Avg David Bouldin score : 0.874703410836313, with (alpha, beta) = (10.0, 1)
##################################################################################################
##################################################################################################
 k1 = 120 : k2 = 30 : knn_k = 5
 Avg ACC : 60.76315789473684, with (alpha, beta) = (10.0, 0.1)
 Avg NMI : 77.26182245902226, with (alpha, beta) = (10.0, 0.1)
 Reconstruction Error : 4.373264867807055
 Avg Silhoutte score : 0.4045428576566072, with (alpha, beta) = (10.0, 0.1)
 Avg Dunn's Index score : 0.1799163081051463, with (alpha, beta) = (0.01, 0.01)
 Avg David Bouldin score : 0.9203864498513342, with (alpha, beta) = (10.0, 0.1)
##################################################################################################
##################################################################################################
 k1 = 120 : k2 = 40 : knn_k = 5
 Avg ACC : 61.48684210526316, with (alpha, beta) = (0.1, 1)
 Avg NMI : 78.07715806998704, with (alpha, beta) = (0.1, 1)
 Reconstruction Error : 4.3414676115168644
 Avg Silhoutte score : 0.3660042764579338, with (alpha, beta) = (0.1, 0.1)
 Avg Dunn's Index score : 0.17568021112229473, with (alpha, beta) = (0.001, 0.01)
 Avg David Bouldin score : 1.0171116523780355, with (alpha, beta) = (0.1, 0.1)
##################################################################################################
##################################################################################################
 k1 = 120 : k2 = 50 : knn_k = 5
 Avg ACC : 63.51315789473684, with (alpha, beta) = (0.1, 0.1)
 Avg NMI : 79.0748764598176, with (alpha, beta) = (0.1, 0.1)
 Reconstruction Error : 3.810359810127532
 Avg Silhoutte score : 0.36815685100876167, with (alpha, beta) = (0.1, 0.1)
 Avg Dunn's Index score : 0.19432253810302666, with (alpha, beta) = (0.001, 1)
 Avg David Bouldin score : 1.027303228926879, with (alpha, beta) = (0.1, 1)
##################################################################################################
##################################################################################################
 k1 = 120 : k2 = 60 : knn_k = 5
 Avg ACC : 59.96052631578947, with (alpha, beta) = (0.1, 0.01)
 Avg NMI : 78.30425573012421, with (alpha, beta) = (0.1, 0.1)
 Reconstruction Error : 3.6859383156037318
 Avg Silhoutte score : 0.36321674032499174, with (alpha, beta) = (0.1, 1)
 Avg Dunn's Index score : 0.14678047264751062, with (alpha, beta) = (10.0, 0.01)
 Avg David Bouldin score : 1.018720435674117, with (alpha, beta) = (0.1, 1)
##################################################################################################
##################################################################################################
 k1 = 120 : k2 = 70 : knn_k = 5
 Avg ACC : 53.94736842105263, with (alpha, beta) = (0.1, 1)
 Avg NMI : 74.45062811092825, with (alpha, beta) = (0.1, 1)
 Reconstruction Error : 3.374698089000688
 Avg Silhoutte score : 0.42743589005303634, with (alpha, beta) = (0.01, 0.01)
 Avg Dunn's Index score : 0.17379478277295024, with (alpha, beta) = (0.001, 0.01)
 Avg David Bouldin score : 0.6450754583999241, with (alpha, beta) = (0.01, 0.01)
##################################################################################################
The results of running the Kmeans method 20 times and the report of maximum of 20 runs
##################################################################################################
 k1 = 200 : k2 = 10 : knn_k = 5
 Max ACC : 60.25, with (alpha, beta) = (0.1, 1)
 Max NMI : 76.92365969820895, with (alpha, beta) = (0.1, 1)
 Reconstruction Error : 6.333952493511077
 Max Silhoutter score : 0.4143997865093131, with (alpha, beta) = (0.01, 0.01)
 Max Dunn's Index score : 0.0619310412453606, with (alpha, beta) = (0.001, 0.01)
 Min David Bouldin score : 1.1928052150495803, with (alpha, beta) = (0.01, 0.01)
##################################################################################################
##################################################################################################
 k1 = 200 : k2 = 20 : knn_k = 5
 Max ACC : 59.75, with (alpha, beta) = (0.1, 0.01)
 Max NMI : 77.53337165847235, with (alpha, beta) = (0.1, 0.01)
 Reconstruction Error : 7.191618564722814
 Max Silhoutter score : 0.40754788090054356, with (alpha, beta) = (0.1, 0.1)
 Max Dunn's Index score : 0.040575766627070464, with (alpha, beta) = (0.001, 0.01)
 Min David Bouldin score : 1.0553443958330906, with (alpha, beta) = (0.1, 0.1)
##################################################################################################
##################################################################################################
 k1 = 200 : k2 = 30 : knn_k = 5
 Max ACC : 62.25000000000001, with (alpha, beta) = (0.1, 0.1)
 Max NMI : 77.4976221227996, with (alpha, beta) = (0.1, 0.1)
 Reconstruction Error : 6.897961979562057
 Max Silhoutter score : 0.41597520177367164, with (alpha, beta) = (0.1, 0.1)
 Max Dunn's Index score : 0.09035131012409857, with (alpha, beta) = (0.001, 0.1)
 Min David Bouldin score : 0.953409071566259, with (alpha, beta) = (0.1, 0.1)
##################################################################################################
##################################################################################################
 k1 = 200 : k2 = 40 : knn_k = 5
 Max ACC : 57.75, with (alpha, beta) = (0.01, 0.1)
 Max NMI : 75.55666170985211, with (alpha, beta) = (0.01, 0.1)
 Reconstruction Error : 6.3082713451268475
 Max Silhoutter score : 0.39610875194747325, with (alpha, beta) = (0.1, 0.1)
 Max Dunn's Index score : 0.1146158573635851, with (alpha, beta) = (0.001, 0.1)
 Min David Bouldin score : 0.9574506534230703, with (alpha, beta) = (0.1, 0.1)
##################################################################################################
##################################################################################################
 k1 = 200 : k2 = 50 : knn_k = 5
 Max ACC : 57.49999999999999, with (alpha, beta) = (0.1, 1)
 Max NMI : 73.9583970957943, with (alpha, beta) = (0.001, 0.01)
 Reconstruction Error : 5.750221138728087
 Max Silhoutter score : 0.38396999021288614, with (alpha, beta) = (10.0, 0.01)
 Max Dunn's Index score : 0.058445959278365815, with (alpha, beta) = (0.1, 1)
 Min David Bouldin score : 0.9578918881306446, with (alpha, beta) = (10.0, 0.01)
##################################################################################################
##################################################################################################
 k1 = 200 : k2 = 60 : knn_k = 5
 Max ACC : 54.0, with (alpha, beta) = (0.01, 0.01)
 Max NMI : 71.33201365035991, with (alpha, beta) = (0.01, 0.1)
 Reconstruction Error : 5.84603416873936
 Max Silhoutter score : 0.3842331222600707, with (alpha, beta) = (0.01, 0.01)
 Max Dunn's Index score : 0.07783332716444721, with (alpha, beta) = (0.1, 0.01)
 Min David Bouldin score : 0.8159180712788707, with (alpha, beta) = (0.01, 0.1)
##################################################################################################
##################################################################################################
 k1 = 200 : k2 = 70 : knn_k = 5
 Max ACC : 50.24999999999999, with (alpha, beta) = (0.01, 0.1)
 Max NMI : 68.72062876686746, with (alpha, beta) = (0.01, 0.1)
 Reconstruction Error : 5.443365233619755
 Max Silhoutter score : 0.3765902355026848, with (alpha, beta) = (0.1, 1)
 Max Dunn's Index score : 0.10566902647056102, with (alpha, beta) = (10.0, 0.1)
 Min David Bouldin score : 0.8556964986081376, with (alpha, beta) = (0.1, 1)
##################################################################################################
The results of running the Kmeans method 20 times and the average of 20 runs
##################################################################################################
 k1 = 200 : k2 = 10 : knn_k = 5
 Avg ACC : 57.59210526315789, with (alpha, beta) = (0.01, 0.01)
 Avg NMI : 75.63947511409962, with (alpha, beta) = (0.1, 1)
 Reconstruction Error : 6.333952493511077
 Avg Silhoutte score : 0.4000767803772557, with (alpha, beta) = (0.01, 0.01)
 Avg Dunn's Index score : 0.0619310412453606, with (alpha, beta) = (0.001, 0.01)
 Avg David Bouldin score : 0.8928971814008575, with (alpha, beta) = (0.01, 0.01)
##################################################################################################
##################################################################################################
 k1 = 200 : k2 = 20 : knn_k = 5
 Avg ACC : 55.98684210526316, with (alpha, beta) = (0.1, 0.01)
 Avg NMI : 75.99005740568114, with (alpha, beta) = (0.1, 0.01)
 Reconstruction Error : 7.191618564722814
 Avg Silhoutte score : 0.3983026480206566, with (alpha, beta) = (0.1, 0.1)
 Avg Dunn's Index score : 0.040575766627070464, with (alpha, beta) = (0.001, 0.01)
 Avg David Bouldin score : 0.8580493445723548, with (alpha, beta) = (0.1, 0.1)
##################################################################################################
##################################################################################################
 k1 = 200 : k2 = 30 : knn_k = 5
 Avg ACC : 58.64473684210526, with (alpha, beta) = (0.1, 0.1)
 Avg NMI : 76.2394522351255, with (alpha, beta) = (0.1, 0.1)
 Reconstruction Error : 6.897961979562057
 Avg Silhoutte score : 0.4023613212653185, with (alpha, beta) = (0.1, 0.1)
 Avg Dunn's Index score : 0.09035131012409857, with (alpha, beta) = (0.001, 0.1)
 Avg David Bouldin score : 0.9238200644817228, with (alpha, beta) = (0.1, 0.1)
##################################################################################################
##################################################################################################
 k1 = 200 : k2 = 40 : knn_k = 5
 Avg ACC : 54.31578947368421, with (alpha, beta) = (0.01, 0.1)
 Avg NMI : 74.34532965835139, with (alpha, beta) = (0.01, 0.1)
 Reconstruction Error : 6.3082713451268475
 Avg Silhoutte score : 0.38022214707697227, with (alpha, beta) = (0.1, 0.1)
 Avg Dunn's Index score : 0.1146158573635851, with (alpha, beta) = (0.001, 0.1)
 Avg David Bouldin score : 0.7445754082468828, with (alpha, beta) = (0.1, 0.1)
##################################################################################################
##################################################################################################
 k1 = 200 : k2 = 50 : knn_k = 5
 Avg ACC : 52.75, with (alpha, beta) = (0.1, 1)
 Avg NMI : 72.33522927778581, with (alpha, beta) = (0.01, 0.01)
 Reconstruction Error : 5.750221138728087
 Avg Silhoutte score : 0.3679141791652106, with (alpha, beta) = (0.01, 0.01)
 Avg Dunn's Index score : 0.058445959278365815, with (alpha, beta) = (0.1, 1)
 Avg David Bouldin score : 0.7489721673260827, with (alpha, beta) = (10.0, 0.01)
##################################################################################################
##################################################################################################
 k1 = 200 : k2 = 60 : knn_k = 5
 Avg ACC : 52.0, with (alpha, beta) = (0.01, 0.01)
 Avg NMI : 69.69899864095625, with (alpha, beta) = (0.01, 0.1)
 Reconstruction Error : 5.84603416873936
 Avg Silhoutte score : 0.3790608954605177, with (alpha, beta) = (0.01, 0.01)
 Avg Dunn's Index score : 0.07783332716444721, with (alpha, beta) = (0.1, 0.01)
 Avg David Bouldin score : 0.8856782470928004, with (alpha, beta) = (10.0, 1)
##################################################################################################
##################################################################################################
 k1 = 200 : k2 = 70 : knn_k = 5
 Avg ACC : 47.921052631578945, with (alpha, beta) = (0.01, 0.1)
 Avg NMI : 67.79537272518877, with (alpha, beta) = (0.01, 0.1)
 Reconstruction Error : 5.443365233619755
 Avg Silhoutte score : 0.3476865799759722, with (alpha, beta) = (0.01, 0.1)
 Avg Dunn's Index score : 0.10566902647056102, with (alpha, beta) = (10.0, 0.1)
 Avg David Bouldin score : 0.8318298777083304, with (alpha, beta) = (0.1, 1)
##################################################################################################
Average no. of iterations for k2 = 10 : 63
Average no. of iterations for k2 = 20 : 56
Average no. of iterations for k2 = 30 : 1.5
Average no. of iterations for k2 = 40 : 1.75
Average no. of iterations for k2 = 50 : 1.25
Average no. of iterations for k2 = 60 : 1
Average no. of iterations for k2 = 70 : 1
Overall average no. of iterations : 70.31547619047619
#Done!
