Model : dsnmf
Dataset : ORL.mat
max iterations : 100
myeps_1 : 1e-12
myeps_2 : 1e-10
**********************************************************************************************************
The results of running the Kmeans method 20 times and the report of maximum of 20 runs

k1 = 80 : k2 = 10 : best max_acc = 47.25 
k1 = 80 : k2 = 10 : best max_nmi = 67.91104843498546 


The results of running the Kmeans method 20 times and the report of average of 20 runs

k1 = 80 :  k2 = 10 : avg_acc = 44.61842105263158 
k1 = 80 :  k2 = 10 : avg_nmi = 66.0753784807165  
**********************************************************************************************************
**********************************************************************************************************
The results of running the Kmeans method 20 times and the report of maximum of 20 runs

k1 = 80 : k2 = 20 : best max_acc = 53.25 
k1 = 80 : k2 = 20 : best max_nmi = 73.29085367015313 


The results of running the Kmeans method 20 times and the report of average of 20 runs

k1 = 80 :  k2 = 20 : avg_acc = 49.89473684210526 
k1 = 80 :  k2 = 20 : avg_nmi = 71.31733050044757  
**********************************************************************************************************
**********************************************************************************************************
The results of running the Kmeans method 20 times and the report of maximum of 20 runs

k1 = 80 : k2 = 30 : best max_acc = 49.25 
k1 = 80 : k2 = 30 : best max_nmi = 70.01242087395345 


The results of running the Kmeans method 20 times and the report of average of 20 runs

k1 = 80 :  k2 = 30 : avg_acc = 45.078947368421055 
k1 = 80 :  k2 = 30 : avg_nmi = 67.8862710515795  
**********************************************************************************************************
**********************************************************************************************************
The results of running the Kmeans method 20 times and the report of maximum of 20 runs

k1 = 80 : k2 = 40 : best max_acc = 52.0 
k1 = 80 : k2 = 40 : best max_nmi = 71.1337663511377 


The results of running the Kmeans method 20 times and the report of average of 20 runs

k1 = 80 :  k2 = 40 : avg_acc = 47.48684210526316 
k1 = 80 :  k2 = 40 : avg_nmi = 68.47381111603242  
**********************************************************************************************************
**********************************************************************************************************
The results of running the Kmeans method 20 times and the report of maximum of 20 runs

k1 = 80 : k2 = 50 : best max_acc = 50.24999999999999 
k1 = 80 : k2 = 50 : best max_nmi = 71.93192478116406 


The results of running the Kmeans method 20 times and the report of average of 20 runs

k1 = 80 :  k2 = 50 : avg_acc = 46.44736842105263 
k1 = 80 :  k2 = 50 : avg_nmi = 67.95755293424511  
**********************************************************************************************************
**********************************************************************************************************
The results of running the Kmeans method 20 times and the report of maximum of 20 runs

k1 = 80 : k2 = 60 : best max_acc = 50.74999999999999 
k1 = 80 : k2 = 60 : best max_nmi = 68.83200464470039 


The results of running the Kmeans method 20 times and the report of average of 20 runs

k1 = 80 :  k2 = 60 : avg_acc = 44.05263157894737 
k1 = 80 :  k2 = 60 : avg_nmi = 65.08751440054886  
**********************************************************************************************************
**********************************************************************************************************
The results of running the Kmeans method 20 times and the report of maximum of 20 runs

k1 = 80 : k2 = 70 : best max_acc = 44.75 
k1 = 80 : k2 = 70 : best max_nmi = 64.88315884143285 


The results of running the Kmeans method 20 times and the report of average of 20 runs

k1 = 80 :  k2 = 70 : avg_acc = 40.96052631578947 
k1 = 80 :  k2 = 70 : avg_nmi = 61.613100301084664  
**********************************************************************************************************
**********************************************************************************************************
The results of running the Kmeans method 20 times and the report of maximum of 20 runs

k1 = 100 : k2 = 10 : best max_acc = 50.0 
k1 = 100 : k2 = 10 : best max_nmi = 69.76822930768395 


The results of running the Kmeans method 20 times and the report of average of 20 runs

k1 = 100 :  k2 = 10 : avg_acc = 45.973684210526315 
k1 = 100 :  k2 = 10 : avg_nmi = 67.51126284343728  
**********************************************************************************************************
**********************************************************************************************************
The results of running the Kmeans method 20 times and the report of maximum of 20 runs

k1 = 100 : k2 = 20 : best max_acc = 52.75 
k1 = 100 : k2 = 20 : best max_nmi = 75.49943930253528 


The results of running the Kmeans method 20 times and the report of average of 20 runs

k1 = 100 :  k2 = 20 : avg_acc = 48.35526315789474 
k1 = 100 :  k2 = 20 : avg_nmi = 72.8238353690368  
**********************************************************************************************************
**********************************************************************************************************
The results of running the Kmeans method 20 times and the report of maximum of 20 runs

k1 = 100 : k2 = 30 : best max_acc = 51.5 
k1 = 100 : k2 = 30 : best max_nmi = 71.53751937453033 


The results of running the Kmeans method 20 times and the report of average of 20 runs

k1 = 100 :  k2 = 30 : avg_acc = 47.421052631578945 
k1 = 100 :  k2 = 30 : avg_nmi = 69.33204829435545  
**********************************************************************************************************
**********************************************************************************************************
The results of running the Kmeans method 20 times and the report of maximum of 20 runs

k1 = 100 : k2 = 40 : best max_acc = 47.0 
k1 = 100 : k2 = 40 : best max_nmi = 66.75132478614209 


The results of running the Kmeans method 20 times and the report of average of 20 runs

k1 = 100 :  k2 = 40 : avg_acc = 43.6578947368421 
k1 = 100 :  k2 = 40 : avg_nmi = 64.64729743778004  
**********************************************************************************************************
**********************************************************************************************************
The results of running the Kmeans method 20 times and the report of maximum of 20 runs

k1 = 100 : k2 = 50 : best max_acc = 49.25 
k1 = 100 : k2 = 50 : best max_nmi = 69.64219175820122 


The results of running the Kmeans method 20 times and the report of average of 20 runs

k1 = 100 :  k2 = 50 : avg_acc = 44.31578947368421 
k1 = 100 :  k2 = 50 : avg_nmi = 65.21706003965298  
**********************************************************************************************************
**********************************************************************************************************
The results of running the Kmeans method 20 times and the report of maximum of 20 runs

k1 = 100 : k2 = 60 : best max_acc = 45.5 
k1 = 100 : k2 = 60 : best max_nmi = 65.94152798214978 


The results of running the Kmeans method 20 times and the report of average of 20 runs

k1 = 100 :  k2 = 60 : avg_acc = 41.171052631578945 
k1 = 100 :  k2 = 60 : avg_nmi = 62.166883259224555  
**********************************************************************************************************
**********************************************************************************************************
The results of running the Kmeans method 20 times and the report of maximum of 20 runs

k1 = 100 : k2 = 70 : best max_acc = 43.5 
k1 = 100 : k2 = 70 : best max_nmi = 62.49646137185489 


The results of running the Kmeans method 20 times and the report of average of 20 runs

k1 = 100 :  k2 = 70 : avg_acc = 40.1578947368421 
k1 = 100 :  k2 = 70 : avg_nmi = 60.34787995955022  
**********************************************************************************************************
**********************************************************************************************************
The results of running the Kmeans method 20 times and the report of maximum of 20 runs

k1 = 120 : k2 = 10 : best max_acc = 45.5 
k1 = 120 : k2 = 10 : best max_nmi = 66.50659581249542 


The results of running the Kmeans method 20 times and the report of average of 20 runs

k1 = 120 :  k2 = 10 : avg_acc = 41.31578947368421 
k1 = 120 :  k2 = 10 : avg_nmi = 64.6218488908856  
**********************************************************************************************************
**********************************************************************************************************
The results of running the Kmeans method 20 times and the report of maximum of 20 runs

k1 = 120 : k2 = 20 : best max_acc = 55.00000000000001 
k1 = 120 : k2 = 20 : best max_nmi = 74.0336751012928 


The results of running the Kmeans method 20 times and the report of average of 20 runs

k1 = 120 :  k2 = 20 : avg_acc = 44.68421052631579 
k1 = 120 :  k2 = 20 : avg_nmi = 67.8802080843254  
**********************************************************************************************************
**********************************************************************************************************
The results of running the Kmeans method 20 times and the report of maximum of 20 runs

k1 = 120 : k2 = 30 : best max_acc = 48.5 
k1 = 120 : k2 = 30 : best max_nmi = 70.10930783226837 


The results of running the Kmeans method 20 times and the report of average of 20 runs

k1 = 120 :  k2 = 30 : avg_acc = 44.38157894736842 
k1 = 120 :  k2 = 30 : avg_nmi = 67.27038375149519  
**********************************************************************************************************
**********************************************************************************************************
The results of running the Kmeans method 20 times and the report of maximum of 20 runs

k1 = 120 : k2 = 40 : best max_acc = 49.5 
k1 = 120 : k2 = 40 : best max_nmi = 72.02841948965364 


The results of running the Kmeans method 20 times and the report of average of 20 runs

k1 = 120 :  k2 = 40 : avg_acc = 46.0 
k1 = 120 :  k2 = 40 : avg_nmi = 68.61536646350736  
**********************************************************************************************************
**********************************************************************************************************
The results of running the Kmeans method 20 times and the report of maximum of 20 runs

k1 = 120 : k2 = 50 : best max_acc = 48.25 
k1 = 120 : k2 = 50 : best max_nmi = 68.13767175541552 


The results of running the Kmeans method 20 times and the report of average of 20 runs

k1 = 120 :  k2 = 50 : avg_acc = 45.35526315789474 
k1 = 120 :  k2 = 50 : avg_nmi = 65.93923717821869  
**********************************************************************************************************
**********************************************************************************************************
The results of running the Kmeans method 20 times and the report of maximum of 20 runs

k1 = 120 : k2 = 60 : best max_acc = 48.75 
k1 = 120 : k2 = 60 : best max_nmi = 66.09829080960552 


The results of running the Kmeans method 20 times and the report of average of 20 runs

k1 = 120 :  k2 = 60 : avg_acc = 43.526315789473685 
k1 = 120 :  k2 = 60 : avg_nmi = 63.27054711119942  
**********************************************************************************************************
**********************************************************************************************************
The results of running the Kmeans method 20 times and the report of maximum of 20 runs

k1 = 120 : k2 = 70 : best max_acc = 39.0 
k1 = 120 : k2 = 70 : best max_nmi = 57.39335660032333 


The results of running the Kmeans method 20 times and the report of average of 20 runs

k1 = 120 :  k2 = 70 : avg_acc = 36.0 
k1 = 120 :  k2 = 70 : avg_nmi = 55.8310248780893  
**********************************************************************************************************
**********************************************************************************************************
The results of running the Kmeans method 20 times and the report of maximum of 20 runs

k1 = 200 : k2 = 10 : best max_acc = 46.5 
k1 = 200 : k2 = 10 : best max_nmi = 67.24021909570247 


The results of running the Kmeans method 20 times and the report of average of 20 runs

k1 = 200 :  k2 = 10 : avg_acc = 44.75 
k1 = 200 :  k2 = 10 : avg_nmi = 66.35287688914127  
**********************************************************************************************************
**********************************************************************************************************
The results of running the Kmeans method 20 times and the report of maximum of 20 runs

k1 = 200 : k2 = 20 : best max_acc = 52.5 
k1 = 200 : k2 = 20 : best max_nmi = 72.51421095260156 


The results of running the Kmeans method 20 times and the report of average of 20 runs

k1 = 200 :  k2 = 20 : avg_acc = 48.171052631578945 
k1 = 200 :  k2 = 20 : avg_nmi = 70.51363410403948  
**********************************************************************************************************
**********************************************************************************************************
The results of running the Kmeans method 20 times and the report of maximum of 20 runs

k1 = 200 : k2 = 30 : best max_acc = 50.74999999999999 
k1 = 200 : k2 = 30 : best max_nmi = 71.82279116592747 


The results of running the Kmeans method 20 times and the report of average of 20 runs

k1 = 200 :  k2 = 30 : avg_acc = 46.171052631578945 
k1 = 200 :  k2 = 30 : avg_nmi = 69.20291881487236  
**********************************************************************************************************
**********************************************************************************************************
The results of running the Kmeans method 20 times and the report of maximum of 20 runs

k1 = 200 : k2 = 40 : best max_acc = 49.0 
k1 = 200 : k2 = 40 : best max_nmi = 69.5150217879815 


The results of running the Kmeans method 20 times and the report of average of 20 runs

k1 = 200 :  k2 = 40 : avg_acc = 44.6578947368421 
k1 = 200 :  k2 = 40 : avg_nmi = 67.0147747746624  
**********************************************************************************************************
**********************************************************************************************************
The results of running the Kmeans method 20 times and the report of maximum of 20 runs

k1 = 200 : k2 = 50 : best max_acc = 48.0 
k1 = 200 : k2 = 50 : best max_nmi = 68.22612437373874 


The results of running the Kmeans method 20 times and the report of average of 20 runs

k1 = 200 :  k2 = 50 : avg_acc = 45.25 
k1 = 200 :  k2 = 50 : avg_nmi = 65.95224150933507  
**********************************************************************************************************
**********************************************************************************************************
The results of running the Kmeans method 20 times and the report of maximum of 20 runs

k1 = 200 : k2 = 60 : best max_acc = 45.0 
k1 = 200 : k2 = 60 : best max_nmi = 63.80019335169388 


The results of running the Kmeans method 20 times and the report of average of 20 runs

k1 = 200 :  k2 = 60 : avg_acc = 41.276315789473685 
k1 = 200 :  k2 = 60 : avg_nmi = 61.38348427602275  
**********************************************************************************************************
**********************************************************************************************************
The results of running the Kmeans method 20 times and the report of maximum of 20 runs

k1 = 200 : k2 = 70 : best max_acc = 43.25 
k1 = 200 : k2 = 70 : best max_nmi = 61.4037145008388 


The results of running the Kmeans method 20 times and the report of average of 20 runs

k1 = 200 :  k2 = 70 : avg_acc = 39.5 
k1 = 200 :  k2 = 70 : avg_nmi = 58.79703877282167  
**********************************************************************************************************
done!
