Model : OGNMF
Dataset : ORL.mat
max iterations : 100
myeps_1 : 1e-12
myeps_2 : 1e-10
**********************************************************************************************************
The results of running the Kmeans method 20 times and the report of maximum of 20 runs

k = 10 : best max_acc = 49.5 , with parameters = (10.0, 1), k_knn = 3
k = 10 : best max_nmi = 71.40334944877914 , with parameters = (10.0, 1), k_knn = 3


The results of running the Kmeans method 20 times and the report of average of 20 runs

k = 10 : best avg_acc = 46.223684210526315 , with parameters = (10.0, 1), k_knn = 3
k = 10 : best avg_nmi = 70.28617252502411 , with parameters = (10.0, 1), k_knn = 3
**********************************************************************************************************
**********************************************************************************************************
The results of running the Kmeans method 20 times and the report of maximum of 20 runs

k = 20 : best max_acc = 59.25 , with parameters = (10.0, 0.01), k_knn = 3
k = 20 : best max_nmi = 78.84830524327833 , with parameters = (10.0, 0.01), k_knn = 3


The results of running the Kmeans method 20 times and the report of average of 20 runs

k = 20 : best avg_acc = 56.381578947368425 , with parameters = (10.0, 0.01), k_knn = 3
k = 20 : best avg_nmi = 77.425569782159 , with parameters = (10.0, 0.01), k_knn = 3
**********************************************************************************************************
**********************************************************************************************************
The results of running the Kmeans method 20 times and the report of maximum of 20 runs

k = 30 : best max_acc = 56.25 , with parameters = (10.0, 1), k_knn = 3
k = 30 : best max_nmi = 74.20053498608686 , with parameters = (10.0, 1), k_knn = 3


The results of running the Kmeans method 20 times and the report of average of 20 runs

k = 30 : best avg_acc = 52.026315789473685 , with parameters = (10.0, 1), k_knn = 3
k = 30 : best avg_nmi = 72.44602181765869 , with parameters = (10.0, 1), k_knn = 3
**********************************************************************************************************
**********************************************************************************************************
The results of running the Kmeans method 20 times and the report of maximum of 20 runs

k = 40 : best max_acc = 57.99999999999999 , with parameters = (10.0, 1), k_knn = 3
k = 40 : best max_nmi = 78.56451073635904 , with parameters = (10.0, 0.1), k_knn = 3


The results of running the Kmeans method 20 times and the report of average of 20 runs

k = 40 : best avg_acc = 55.36842105263158 , with parameters = (10.0, 0.01), k_knn = 3
k = 40 : best avg_nmi = 76.8683256184636 , with parameters = (10.0, 1), k_knn = 3
**********************************************************************************************************
**********************************************************************************************************
The results of running the Kmeans method 20 times and the report of maximum of 20 runs

k = 50 : best max_acc = 56.25 , with parameters = (10.0, 0.1), k_knn = 3
k = 50 : best max_nmi = 75.67067764096964 , with parameters = (10.0, 0.1), k_knn = 3


The results of running the Kmeans method 20 times and the report of average of 20 runs

k = 50 : best avg_acc = 51.78947368421053 , with parameters = (10.0, 1), k_knn = 3
k = 50 : best avg_nmi = 73.59693563573879 , with parameters = (10.0, 1), k_knn = 3
**********************************************************************************************************
**********************************************************************************************************
The results of running the Kmeans method 20 times and the report of maximum of 20 runs

k = 60 : best max_acc = 59.5 , with parameters = (10.0, 1), k_knn = 3
k = 60 : best max_nmi = 79.21913497006454 , with parameters = (10.0, 0.1), k_knn = 3


The results of running the Kmeans method 20 times and the report of average of 20 runs

k = 60 : best avg_acc = 55.89473684210526 , with parameters = (10.0, 1), k_knn = 3
k = 60 : best avg_nmi = 77.71625537833107 , with parameters = (10.0, 1), k_knn = 3
**********************************************************************************************************
**********************************************************************************************************
The results of running the Kmeans method 20 times and the report of maximum of 20 runs

k = 70 : best max_acc = 55.00000000000001 , with parameters = (10.0, 0.01), k_knn = 3
k = 70 : best max_nmi = 75.38197394664226 , with parameters = (10.0, 1), k_knn = 3


The results of running the Kmeans method 20 times and the report of average of 20 runs

k = 70 : best avg_acc = 50.1578947368421 , with parameters = (10.0, 1), k_knn = 3
k = 70 : best avg_nmi = 72.83339615522101 , with parameters = (10.0, 1), k_knn = 3
**********************************************************************************************************
**********************************************************************************************************
The results of running the Kmeans method 20 times and the report of maximum of 20 runs

k = 10 : best max_acc = 50.74999999999999 , with parameters = (10.0, 0.1), k_knn = 5
k = 10 : best max_nmi = 70.16480409304168 , with parameters = (10.0, 1), k_knn = 5


The results of running the Kmeans method 20 times and the report of average of 20 runs

k = 10 : best avg_acc = 47.5921052631579 , with parameters = (10.0, 1), k_knn = 5
k = 10 : best avg_nmi = 68.26814020339992 , with parameters = (10.0, 1), k_knn = 5
**********************************************************************************************************
**********************************************************************************************************
The results of running the Kmeans method 20 times and the report of maximum of 20 runs

k = 20 : best max_acc = 60.75000000000001 , with parameters = (10.0, 1), k_knn = 5
k = 20 : best max_nmi = 77.27545741640812 , with parameters = (10.0, 1), k_knn = 5


The results of running the Kmeans method 20 times and the report of average of 20 runs

k = 20 : best avg_acc = 58.26315789473684 , with parameters = (10.0, 1), k_knn = 5
k = 20 : best avg_nmi = 75.90362749365129 , with parameters = (10.0, 1), k_knn = 5
**********************************************************************************************************
**********************************************************************************************************
The results of running the Kmeans method 20 times and the report of maximum of 20 runs

k = 30 : best max_acc = 62.0 , with parameters = (10.0, 1), k_knn = 5
k = 30 : best max_nmi = 77.96309766381157 , with parameters = (10.0, 1), k_knn = 5


The results of running the Kmeans method 20 times and the report of average of 20 runs

k = 30 : best avg_acc = 58.23684210526316 , with parameters = (10.0, 1), k_knn = 5
k = 30 : best avg_nmi = 76.3581721522118 , with parameters = (10.0, 1), k_knn = 5
**********************************************************************************************************
**********************************************************************************************************
The results of running the Kmeans method 20 times and the report of maximum of 20 runs

k = 40 : best max_acc = 66.0 , with parameters = (10.0, 1), k_knn = 5
k = 40 : best max_nmi = 79.75135409620623 , with parameters = (10.0, 1), k_knn = 5


The results of running the Kmeans method 20 times and the report of average of 20 runs

k = 40 : best avg_acc = 59.53947368421053 , with parameters = (10.0, 1), k_knn = 5
k = 40 : best avg_nmi = 77.05987570368175 , with parameters = (10.0, 1), k_knn = 5
**********************************************************************************************************
**********************************************************************************************************
The results of running the Kmeans method 20 times and the report of maximum of 20 runs

k = 50 : best max_acc = 62.74999999999999 , with parameters = (10.0, 0.1), k_knn = 5
k = 50 : best max_nmi = 78.74566838362885 , with parameters = (10.0, 1), k_knn = 5


The results of running the Kmeans method 20 times and the report of average of 20 runs

k = 50 : best avg_acc = 58.526315789473685 , with parameters = (10.0, 1), k_knn = 5
k = 50 : best avg_nmi = 76.9659364016936 , with parameters = (10.0, 1), k_knn = 5
**********************************************************************************************************
**********************************************************************************************************
The results of running the Kmeans method 20 times and the report of maximum of 20 runs

k = 60 : best max_acc = 62.74999999999999 , with parameters = (10.0, 0.1), k_knn = 5
k = 60 : best max_nmi = 79.77489695323395 , with parameters = (10.0, 0.1), k_knn = 5


The results of running the Kmeans method 20 times and the report of average of 20 runs

k = 60 : best avg_acc = 59.28947368421053 , with parameters = (10.0, 0.1), k_knn = 5
k = 60 : best avg_nmi = 77.80422549570686 , with parameters = (10.0, 1), k_knn = 5
**********************************************************************************************************
**********************************************************************************************************
The results of running the Kmeans method 20 times and the report of maximum of 20 runs

k = 70 : best max_acc = 66.25 , with parameters = (10.0, 1), k_knn = 5
k = 70 : best max_nmi = 79.63161660024363 , with parameters = (10.0, 1), k_knn = 5


The results of running the Kmeans method 20 times and the report of average of 20 runs

k = 70 : best avg_acc = 60.26315789473684 , with parameters = (10.0, 1), k_knn = 5
k = 70 : best avg_nmi = 76.97496885519551 , with parameters = (10.0, 1), k_knn = 5
**********************************************************************************************************
**********************************************************************************************************
The results of running the Kmeans method 20 times and the report of maximum of 20 runs

k = 10 : best max_acc = 48.0 , with parameters = (10.0, 0.1), k_knn = 6
k = 10 : best max_nmi = 67.5906325000295 , with parameters = (10.0, 1), k_knn = 6


The results of running the Kmeans method 20 times and the report of average of 20 runs

k = 10 : best avg_acc = 46.51315789473684 , with parameters = (10.0, 1), k_knn = 6
k = 10 : best avg_nmi = 66.86060902471313 , with parameters = (10.0, 1), k_knn = 6
**********************************************************************************************************
**********************************************************************************************************
The results of running the Kmeans method 20 times and the report of maximum of 20 runs

k = 20 : best max_acc = 56.25 , with parameters = (10.0, 1), k_knn = 6
k = 20 : best max_nmi = 73.62957321141245 , with parameters = (10.0, 1), k_knn = 6


The results of running the Kmeans method 20 times and the report of average of 20 runs

k = 20 : best avg_acc = 53.23684210526316 , with parameters = (10.0, 1), k_knn = 6
k = 20 : best avg_nmi = 72.27745083739876 , with parameters = (10.0, 1), k_knn = 6
**********************************************************************************************************
**********************************************************************************************************
The results of running the Kmeans method 20 times and the report of maximum of 20 runs

k = 30 : best max_acc = 62.5 , with parameters = (10.0, 1), k_knn = 6
k = 30 : best max_nmi = 75.91222831466573 , with parameters = (10.0, 1), k_knn = 6


The results of running the Kmeans method 20 times and the report of average of 20 runs

k = 30 : best avg_acc = 58.71052631578947 , with parameters = (10.0, 1), k_knn = 6
k = 30 : best avg_nmi = 74.91295229609882 , with parameters = (10.0, 1), k_knn = 6
**********************************************************************************************************
**********************************************************************************************************
The results of running the Kmeans method 20 times and the report of maximum of 20 runs

k = 40 : best max_acc = 63.5 , with parameters = (10.0, 1), k_knn = 6
k = 40 : best max_nmi = 76.89178515713718 , with parameters = (10.0, 1), k_knn = 6


The results of running the Kmeans method 20 times and the report of average of 20 runs

k = 40 : best avg_acc = 60.03947368421053 , with parameters = (10.0, 1), k_knn = 6
k = 40 : best avg_nmi = 75.47728984656939 , with parameters = (10.0, 1), k_knn = 6
**********************************************************************************************************
**********************************************************************************************************
The results of running the Kmeans method 20 times and the report of maximum of 20 runs

k = 50 : best max_acc = 63.0 , with parameters = (10.0, 0.1), k_knn = 6
k = 50 : best max_nmi = 78.03380612750401 , with parameters = (10.0, 1), k_knn = 6


The results of running the Kmeans method 20 times and the report of average of 20 runs

k = 50 : best avg_acc = 59.64473684210527 , with parameters = (10.0, 1), k_knn = 6
k = 50 : best avg_nmi = 75.90414396306122 , with parameters = (10.0, 1), k_knn = 6
**********************************************************************************************************
**********************************************************************************************************
The results of running the Kmeans method 20 times and the report of maximum of 20 runs

k = 60 : best max_acc = 62.5 , with parameters = (10.0, 1), k_knn = 6
k = 60 : best max_nmi = 77.31702155129054 , with parameters = (10.0, 1), k_knn = 6


The results of running the Kmeans method 20 times and the report of average of 20 runs

k = 60 : best avg_acc = 59.46052631578947 , with parameters = (10.0, 1), k_knn = 6
k = 60 : best avg_nmi = 75.38593323841465 , with parameters = (10.0, 1), k_knn = 6
**********************************************************************************************************
**********************************************************************************************************
The results of running the Kmeans method 20 times and the report of maximum of 20 runs

k = 70 : best max_acc = 62.0 , with parameters = (10.0, 0.1), k_knn = 6
k = 70 : best max_nmi = 77.55811324102105 , with parameters = (10.0, 0.1), k_knn = 6


The results of running the Kmeans method 20 times and the report of average of 20 runs

k = 70 : best avg_acc = 59.118421052631575 , with parameters = (10.0, 1), k_knn = 6
k = 70 : best avg_nmi = 75.86844083476387 , with parameters = (10.0, 1), k_knn = 6
**********************************************************************************************************
**********************************************************************************************************
The results of running the Kmeans method 20 times and the report of maximum of 20 runs

k = 10 : best max_acc = 48.5 , with parameters = (10.0, 1), k_knn = 11
k = 10 : best max_nmi = 65.66672068518737 , with parameters = (10.0, 1), k_knn = 11


The results of running the Kmeans method 20 times and the report of average of 20 runs

k = 10 : best avg_acc = 43.60526315789474 , with parameters = (10.0, 1), k_knn = 11
k = 10 : best avg_nmi = 63.53559518349237 , with parameters = (10.0, 1), k_knn = 11
**********************************************************************************************************
**********************************************************************************************************
The results of running the Kmeans method 20 times and the report of maximum of 20 runs

k = 20 : best max_acc = 48.5 , with parameters = (10.0, 1), k_knn = 11
k = 20 : best max_nmi = 68.54337612781612 , with parameters = (10.0, 1), k_knn = 11


The results of running the Kmeans method 20 times and the report of average of 20 runs

k = 20 : best avg_acc = 45.85526315789474 , with parameters = (10.0, 1), k_knn = 11
k = 20 : best avg_nmi = 66.31386726487302 , with parameters = (10.0, 1), k_knn = 11
**********************************************************************************************************
**********************************************************************************************************
The results of running the Kmeans method 20 times and the report of maximum of 20 runs

k = 30 : best max_acc = 51.0 , with parameters = (10.0, 1), k_knn = 11
k = 30 : best max_nmi = 69.22780012078479 , with parameters = (10.0, 1), k_knn = 11


The results of running the Kmeans method 20 times and the report of average of 20 runs

k = 30 : best avg_acc = 47.10526315789474 , with parameters = (10.0, 1), k_knn = 11
k = 30 : best avg_nmi = 66.99663508630731 , with parameters = (10.0, 1), k_knn = 11
**********************************************************************************************************
**********************************************************************************************************
The results of running the Kmeans method 20 times and the report of maximum of 20 runs

k = 40 : best max_acc = 55.00000000000001 , with parameters = (10.0, 1), k_knn = 11
k = 40 : best max_nmi = 71.43245322166864 , with parameters = (10.0, 0.1), k_knn = 11


The results of running the Kmeans method 20 times and the report of average of 20 runs

k = 40 : best avg_acc = 51.026315789473685 , with parameters = (10.0, 1), k_knn = 11
k = 40 : best avg_nmi = 69.5123864914977 , with parameters = (10.0, 1), k_knn = 11
**********************************************************************************************************
**********************************************************************************************************
The results of running the Kmeans method 20 times and the report of maximum of 20 runs

k = 50 : best max_acc = 58.25 , with parameters = (10.0, 0.1), k_knn = 11
k = 50 : best max_nmi = 72.99904447598131 , with parameters = (10.0, 1), k_knn = 11


The results of running the Kmeans method 20 times and the report of average of 20 runs

k = 50 : best avg_acc = 53.526315789473685 , with parameters = (10.0, 1), k_knn = 11
k = 50 : best avg_nmi = 71.58861824212497 , with parameters = (10.0, 1), k_knn = 11
**********************************************************************************************************
**********************************************************************************************************
The results of running the Kmeans method 20 times and the report of maximum of 20 runs

k = 60 : best max_acc = 56.00000000000001 , with parameters = (10.0, 1), k_knn = 11
k = 60 : best max_nmi = 73.40347304446573 , with parameters = (10.0, 1), k_knn = 11


The results of running the Kmeans method 20 times and the report of average of 20 runs

k = 60 : best avg_acc = 53.01315789473684 , with parameters = (10.0, 1), k_knn = 11
k = 60 : best avg_nmi = 71.45803761567855 , with parameters = (10.0, 1), k_knn = 11
**********************************************************************************************************
**********************************************************************************************************
The results of running the Kmeans method 20 times and the report of maximum of 20 runs

k = 70 : best max_acc = 58.75 , with parameters = (10.0, 1), k_knn = 11
k = 70 : best max_nmi = 74.82137050809635 , with parameters = (10.0, 1), k_knn = 11


The results of running the Kmeans method 20 times and the report of average of 20 runs

k = 70 : best avg_acc = 54.85526315789474 , with parameters = (10.0, 1), k_knn = 11
k = 70 : best avg_nmi = 72.84922983702417 , with parameters = (10.0, 1), k_knn = 11
**********************************************************************************************************
**********************************************************************************************************
The results of running the Kmeans method 20 times and the report of maximum of 20 runs

k = 10 : best max_acc = 39.25 , with parameters = (10.0, 0.1), k_knn = 21
k = 10 : best max_nmi = 61.3930224597798 , with parameters = (10.0, 0.1), k_knn = 21


The results of running the Kmeans method 20 times and the report of average of 20 runs

k = 10 : best avg_acc = 34.88157894736842 , with parameters = (10.0, 1), k_knn = 21
k = 10 : best avg_nmi = 59.23769498039204 , with parameters = (10.0, 1), k_knn = 21
**********************************************************************************************************
**********************************************************************************************************
The results of running the Kmeans method 20 times and the report of maximum of 20 runs

k = 20 : best max_acc = 33.75 , with parameters = (10.0, 1), k_knn = 21
k = 20 : best max_nmi = 56.278344575484795 , with parameters = (10.0, 1), k_knn = 21


The results of running the Kmeans method 20 times and the report of average of 20 runs

k = 20 : best avg_acc = 30.644736842105264 , with parameters = (10.0, 1), k_knn = 21
k = 20 : best avg_nmi = 53.376889788703295 , with parameters = (10.0, 1), k_knn = 21
**********************************************************************************************************
**********************************************************************************************************
The results of running the Kmeans method 20 times and the report of maximum of 20 runs

k = 30 : best max_acc = 34.25 , with parameters = (10.0, 1), k_knn = 21
k = 30 : best max_nmi = 55.2171652516217 , with parameters = (10.0, 1), k_knn = 21


The results of running the Kmeans method 20 times and the report of average of 20 runs

k = 30 : best avg_acc = 29.67105263157895 , with parameters = (10.0, 1), k_knn = 21
k = 30 : best avg_nmi = 52.06618163496117 , with parameters = (10.0, 1), k_knn = 21
**********************************************************************************************************
**********************************************************************************************************
The results of running the Kmeans method 20 times and the report of maximum of 20 runs

k = 40 : best max_acc = 39.5 , with parameters = (10.0, 1), k_knn = 21
k = 40 : best max_nmi = 59.881953413789276 , with parameters = (10.0, 1), k_knn = 21


The results of running the Kmeans method 20 times and the report of average of 20 runs

k = 40 : best avg_acc = 34.63157894736842 , with parameters = (10.0, 1), k_knn = 21
k = 40 : best avg_nmi = 56.882687816319724 , with parameters = (10.0, 1), k_knn = 21
**********************************************************************************************************
**********************************************************************************************************
The results of running the Kmeans method 20 times and the report of maximum of 20 runs

k = 50 : best max_acc = 37.0 , with parameters = (10.0, 0.1), k_knn = 21
k = 50 : best max_nmi = 58.75762053768613 , with parameters = (10.0, 1), k_knn = 21


The results of running the Kmeans method 20 times and the report of average of 20 runs

k = 50 : best avg_acc = 32.973684210526315 , with parameters = (10.0, 1), k_knn = 21
k = 50 : best avg_nmi = 55.928014897858034 , with parameters = (10.0, 1), k_knn = 21
**********************************************************************************************************
**********************************************************************************************************
The results of running the Kmeans method 20 times and the report of maximum of 20 runs

k = 60 : best max_acc = 36.75 , with parameters = (10.0, 1), k_knn = 21
k = 60 : best max_nmi = 60.06631874763075 , with parameters = (10.0, 1), k_knn = 21


The results of running the Kmeans method 20 times and the report of average of 20 runs

k = 60 : best avg_acc = 35.0921052631579 , with parameters = (10.0, 1), k_knn = 21
k = 60 : best avg_nmi = 57.78666020802487 , with parameters = (10.0, 1), k_knn = 21
**********************************************************************************************************
**********************************************************************************************************
The results of running the Kmeans method 20 times and the report of maximum of 20 runs

k = 70 : best max_acc = 40.25 , with parameters = (10.0, 1), k_knn = 21
k = 70 : best max_nmi = 61.43559273995499 , with parameters = (10.0, 1), k_knn = 21


The results of running the Kmeans method 20 times and the report of average of 20 runs

k = 70 : best avg_acc = 36.723684210526315 , with parameters = (10.0, 1), k_knn = 21
k = 70 : best avg_nmi = 59.67081447391002 , with parameters = (10.0, 1), k_knn = 21
**********************************************************************************************************
done!
