Model : GRSNMF
Dataset : ORL.mat
max iterations : 100
myeps_1 : 1e-12
myeps_2 : 1e-10
The results of running the Kmeans method 20 times and the report of maximum of 20 runs
##################################################################################################
 k = 10 :  k_knn = 3  
 Max ACC : 21.75, with theta = 10.0
 Max NMI : 44.3485248000556, with theta = 10.0
 Reconstruction Error : 3.656772587572292e+26
##################################################################################################
##################################################################################################
 k = 20 :  k_knn = 3  
 Max ACC : 20.75, with theta = 10.0
 Max NMI : 43.16561860929752, with theta = 10.0
 Reconstruction Error : 2.351100155561445e+28
##################################################################################################
##################################################################################################
 k = 30 :  k_knn = 3  
 Max ACC : 21.5, with theta = 10.0
 Max NMI : 43.87379217745549, with theta = 10.0
 Reconstruction Error : 2.359055233723514e+29
##################################################################################################
##################################################################################################
 k = 40 :  k_knn = 3  
 Max ACC : 21.75, with theta = 10.0
 Max NMI : 43.59710896840105, with theta = 10.0
 Reconstruction Error : 1.2337392645331872e+30
##################################################################################################
##################################################################################################
 k = 50 :  k_knn = 3  
 Max ACC : 21.25, with theta = 10.0
 Max NMI : 42.44290198800483, with theta = 10.0
 Reconstruction Error : 5.009142659700253e+30
##################################################################################################
##################################################################################################
 k = 60 :  k_knn = 3  
 Max ACC : 22.0, with theta = 10.0
 Max NMI : 43.520665668802664, with theta = 10.0
 Reconstruction Error : 1.4868402358926893e+31
##################################################################################################
##################################################################################################
 k = 70 :  k_knn = 3  
 Max ACC : 21.5, with theta = 10.0
 Max NMI : 42.541747870823535, with theta = 10.0
 Reconstruction Error : 3.88536020080486e+31
##################################################################################################
The results of running the Kmeans method 20 times and the average of 20 runs
##################################################################################################
k = 10 :  k_knn = 3 
 Avg ACC : 20.81578947368421, with lambda = 10.0
 Avg NMI : 43.09057370677959, with lambda = 10.0
 Reconstruction Error : 3.656772587572292e+26
##################################################################################################
##################################################################################################
k = 20 :  k_knn = 3 
 Avg ACC : 19.736842105263158, with lambda = 10.0
 Avg NMI : 41.95154301390856, with lambda = 10.0
 Reconstruction Error : 2.351100155561445e+28
##################################################################################################
##################################################################################################
k = 30 :  k_knn = 3 
 Avg ACC : 19.68421052631579, with lambda = 10.0
 Avg NMI : 41.479514376332595, with lambda = 10.0
 Reconstruction Error : 2.359055233723514e+29
##################################################################################################
##################################################################################################
k = 40 :  k_knn = 3 
 Avg ACC : 20.605263157894736, with lambda = 10.0
 Avg NMI : 41.448658040759014, with lambda = 10.0
 Reconstruction Error : 1.2337392645331872e+30
##################################################################################################
##################################################################################################
k = 50 :  k_knn = 3 
 Avg ACC : 20.473684210526315, with lambda = 10.0
 Avg NMI : 41.36546401596109, with lambda = 10.0
 Reconstruction Error : 5.009142659700253e+30
##################################################################################################
##################################################################################################
k = 60 :  k_knn = 3 
 Avg ACC : 20.38157894736842, with lambda = 10.0
 Avg NMI : 41.547341771178246, with lambda = 10.0
 Reconstruction Error : 1.4868402358926893e+31
##################################################################################################
##################################################################################################
k = 70 :  k_knn = 3 
 Avg ACC : 20.25, with lambda = 10.0
 Avg NMI : 41.01238516370087, with lambda = 10.0
 Reconstruction Error : 3.88536020080486e+31
##################################################################################################
The results of running the Kmeans method 20 times and the report of maximum of 20 runs
##################################################################################################
 k = 10 :  k_knn = 5  
 Max ACC : 25.0, with theta = 10.0
 Max NMI : 46.76717706742177, with theta = 10.0
 Reconstruction Error : 1.8464269173204727e+27
##################################################################################################
##################################################################################################
 k = 20 :  k_knn = 5  
 Max ACC : 25.25, with theta = 10.0
 Max NMI : 46.82879897960205, with theta = 10.0
 Reconstruction Error : 1.004312316966076e+29
##################################################################################################
##################################################################################################
 k = 30 :  k_knn = 5  
 Max ACC : 27.250000000000004, with theta = 10.0
 Max NMI : 47.77381113772722, with theta = 10.0
 Reconstruction Error : 1.2488082594818714e+30
##################################################################################################
##################################################################################################
 k = 40 :  k_knn = 5  
 Max ACC : 28.249999999999996, with theta = 10.0
 Max NMI : 49.63032579152164, with theta = 10.0
 Reconstruction Error : 6.164087378975897e+30
##################################################################################################
##################################################################################################
 k = 50 :  k_knn = 5  
 Max ACC : 28.249999999999996, with theta = 10.0
 Max NMI : 49.80525912953601, with theta = 10.0
 Reconstruction Error : 2.4118927873267916e+31
##################################################################################################
##################################################################################################
 k = 60 :  k_knn = 5  
 Max ACC : 33.0, with theta = 10.0
 Max NMI : 51.90686132143378, with theta = 10.0
 Reconstruction Error : 7.457168132275733e+31
##################################################################################################
##################################################################################################
 k = 70 :  k_knn = 5  
 Max ACC : 29.75, with theta = 10.0
 Max NMI : 51.76088262947714, with theta = 10.0
 Reconstruction Error : 1.8485257957711697e+32
##################################################################################################
The results of running the Kmeans method 20 times and the average of 20 runs
##################################################################################################
k = 10 :  k_knn = 5 
 Avg ACC : 23.55263157894737, with lambda = 10.0
 Avg NMI : 45.541984109005746, with lambda = 10.0
 Reconstruction Error : 1.8464269173204727e+27
##################################################################################################
##################################################################################################
k = 20 :  k_knn = 5 
 Avg ACC : 22.855263157894736, with lambda = 10.0
 Avg NMI : 44.7776422088137, with lambda = 10.0
 Reconstruction Error : 1.004312316966076e+29
##################################################################################################
##################################################################################################
k = 30 :  k_knn = 5 
 Avg ACC : 24.592105263157894, with lambda = 10.0
 Avg NMI : 45.37843151220711, with lambda = 10.0
 Reconstruction Error : 1.2488082594818714e+30
##################################################################################################
##################################################################################################
k = 40 :  k_knn = 5 
 Avg ACC : 26.05263157894737, with lambda = 10.0
 Avg NMI : 46.946560949088045, with lambda = 10.0
 Reconstruction Error : 6.164087378975897e+30
##################################################################################################
##################################################################################################
k = 50 :  k_knn = 5 
 Avg ACC : 26.565789473684212, with lambda = 10.0
 Avg NMI : 47.38029948940757, with lambda = 10.0
 Reconstruction Error : 2.4118927873267916e+31
##################################################################################################
##################################################################################################
k = 60 :  k_knn = 5 
 Avg ACC : 29.684210526315788, with lambda = 10.0
 Avg NMI : 49.41668822961856, with lambda = 10.0
 Reconstruction Error : 7.457168132275733e+31
##################################################################################################
##################################################################################################
k = 70 :  k_knn = 5 
 Avg ACC : 27.157894736842106, with lambda = 10.0
 Avg NMI : 48.86574391791537, with lambda = 10.0
 Reconstruction Error : 1.8485257957711697e+32
##################################################################################################
The results of running the Kmeans method 20 times and the report of maximum of 20 runs
##################################################################################################
 k = 10 :  k_knn = 6  
 Max ACC : 26.25, with theta = 10.0
 Max NMI : 48.419611858286565, with theta = 10.0
 Reconstruction Error : 4.1480641326198074e+27
##################################################################################################
##################################################################################################
 k = 20 :  k_knn = 6  
 Max ACC : 24.75, with theta = 10.0
 Max NMI : 47.40894051327971, with theta = 10.0
 Reconstruction Error : 2.5166234140381304e+29
##################################################################################################
##################################################################################################
 k = 30 :  k_knn = 6  
 Max ACC : 28.000000000000004, with theta = 10.0
 Max NMI : 50.05765393792435, with theta = 10.0
 Reconstruction Error : 2.5210620511698535e+30
##################################################################################################
##################################################################################################
 k = 40 :  k_knn = 6  
 Max ACC : 27.750000000000004, with theta = 10.0
 Max NMI : 50.26598764823118, with theta = 10.0
 Reconstruction Error : 1.350826679177464e+31
##################################################################################################
##################################################################################################
 k = 50 :  k_knn = 6  
 Max ACC : 27.750000000000004, with theta = 10.0
 Max NMI : 49.463567523320336, with theta = 10.0
 Reconstruction Error : 5.074347294256341e+31
##################################################################################################
##################################################################################################
 k = 60 :  k_knn = 6  
 Max ACC : 27.250000000000004, with theta = 10.0
 Max NMI : 48.322485276857314, with theta = 10.0
 Reconstruction Error : 1.5614250456642905e+32
##################################################################################################
##################################################################################################
 k = 70 :  k_knn = 6  
 Max ACC : 30.5, with theta = 10.0
 Max NMI : 51.555243978471324, with theta = 10.0
 Reconstruction Error : 3.7425626875011935e+32
##################################################################################################
The results of running the Kmeans method 20 times and the average of 20 runs
##################################################################################################
k = 10 :  k_knn = 6 
 Avg ACC : 24.960526315789473, with lambda = 10.0
 Avg NMI : 47.006733106056515, with lambda = 10.0
 Reconstruction Error : 4.1480641326198074e+27
##################################################################################################
##################################################################################################
k = 20 :  k_knn = 6 
 Avg ACC : 22.63157894736842, with lambda = 10.0
 Avg NMI : 45.09344888061574, with lambda = 10.0
 Reconstruction Error : 2.5166234140381304e+29
##################################################################################################
##################################################################################################
k = 30 :  k_knn = 6 
 Avg ACC : 25.63157894736842, with lambda = 10.0
 Avg NMI : 47.76978541400794, with lambda = 10.0
 Reconstruction Error : 2.5210620511698535e+30
##################################################################################################
##################################################################################################
k = 40 :  k_knn = 6 
 Avg ACC : 26.36842105263158, with lambda = 10.0
 Avg NMI : 48.24880454324736, with lambda = 10.0
 Reconstruction Error : 1.350826679177464e+31
##################################################################################################
##################################################################################################
k = 50 :  k_knn = 6 
 Avg ACC : 25.55263157894737, with lambda = 10.0
 Avg NMI : 46.976027444647904, with lambda = 10.0
 Reconstruction Error : 5.074347294256341e+31
##################################################################################################
##################################################################################################
k = 60 :  k_knn = 6 
 Avg ACC : 25.13157894736842, with lambda = 10.0
 Avg NMI : 46.48076927546462, with lambda = 10.0
 Reconstruction Error : 1.5614250456642905e+32
##################################################################################################
##################################################################################################
k = 70 :  k_knn = 6 
 Avg ACC : 27.57894736842105, with lambda = 10.0
 Avg NMI : 49.24099680251863, with lambda = 10.0
 Reconstruction Error : 3.7425626875011935e+32
##################################################################################################
The results of running the Kmeans method 20 times and the report of maximum of 20 runs
##################################################################################################
 k = 10 :  k_knn = 11  
 Max ACC : 21.75, with theta = 10.0
 Max NMI : 42.577033383563275, with theta = 10.0
 Reconstruction Error : 6.302306875819579e+28
##################################################################################################
##################################################################################################
 k = 20 :  k_knn = 11  
 Max ACC : 23.5, with theta = 10.0
 Max NMI : 46.08673885185919, with theta = 10.0
 Reconstruction Error : 3.2762711913358226e+30
##################################################################################################
##################################################################################################
 k = 30 :  k_knn = 11  
 Max ACC : 27.750000000000004, with theta = 10.0
 Max NMI : 48.5447492970754, with theta = 10.0
 Reconstruction Error : 3.261658881055903e+31
##################################################################################################
##################################################################################################
 k = 40 :  k_knn = 11  
 Max ACC : 24.75, with theta = 10.0
 Max NMI : 45.71083299934271, with theta = 10.0
 Reconstruction Error : 1.8138743164022405e+32
##################################################################################################
##################################################################################################
 k = 50 :  k_knn = 11  
 Max ACC : 28.999999999999996, with theta = 10.0
 Max NMI : 50.80024347346986, with theta = 10.0
 Reconstruction Error : 6.1059945223241445e+32
##################################################################################################
##################################################################################################
 k = 60 :  k_knn = 11  
 Max ACC : 28.999999999999996, with theta = 10.0
 Max NMI : 49.99190776272722, with theta = 10.0
 Reconstruction Error : 1.8643811542257167e+33
##################################################################################################
##################################################################################################
 k = 70 :  k_knn = 11  
 Max ACC : 31.75, with theta = 10.0
 Max NMI : 52.18509615722443, with theta = 10.0
 Reconstruction Error : 4.3563714877775125e+33
##################################################################################################
The results of running the Kmeans method 20 times and the average of 20 runs
##################################################################################################
k = 10 :  k_knn = 11 
 Avg ACC : 20.07894736842105, with lambda = 10.0
 Avg NMI : 41.19791077285386, with lambda = 10.0
 Reconstruction Error : 6.302306875819579e+28
##################################################################################################
##################################################################################################
k = 20 :  k_knn = 11 
 Avg ACC : 21.92105263157895, with lambda = 10.0
 Avg NMI : 44.68199683385429, with lambda = 10.0
 Reconstruction Error : 3.2762711913358226e+30
##################################################################################################
##################################################################################################
k = 30 :  k_knn = 11 
 Avg ACC : 24.157894736842106, with lambda = 10.0
 Avg NMI : 45.459872918130706, with lambda = 10.0
 Reconstruction Error : 3.261658881055903e+31
##################################################################################################
##################################################################################################
k = 40 :  k_knn = 11 
 Avg ACC : 22.526315789473685, with lambda = 10.0
 Avg NMI : 44.0094246876219, with lambda = 10.0
 Reconstruction Error : 1.8138743164022405e+32
##################################################################################################
##################################################################################################
k = 50 :  k_knn = 11 
 Avg ACC : 25.36842105263158, with lambda = 10.0
 Avg NMI : 47.536513578876935, with lambda = 10.0
 Reconstruction Error : 6.1059945223241445e+32
##################################################################################################
##################################################################################################
k = 60 :  k_knn = 11 
 Avg ACC : 26.013157894736842, with lambda = 10.0
 Avg NMI : 47.1395232502854, with lambda = 10.0
 Reconstruction Error : 1.8643811542257167e+33
##################################################################################################
##################################################################################################
k = 70 :  k_knn = 11 
 Avg ACC : 27.460526315789473, with lambda = 10.0
 Avg NMI : 49.41831190013113, with lambda = 10.0
 Reconstruction Error : 4.3563714877775125e+33
##################################################################################################
The results of running the Kmeans method 20 times and the report of maximum of 20 runs
##################################################################################################
 k = 10 :  k_knn = 21  
 Max ACC : 17.75, with theta = 0.01
 Max NMI : 41.110445896112935, with theta = 0.1
 Reconstruction Error : 1.420171285485333e+30
##################################################################################################
##################################################################################################
 k = 20 :  k_knn = 21  
 Max ACC : 19.0, with theta = 10.0
 Max NMI : 40.543538849436295, with theta = 0.1
 Reconstruction Error : 5.750739639833783e+31
##################################################################################################
##################################################################################################
 k = 30 :  k_knn = 21  
 Max ACC : 21.25, with theta = 10.0
 Max NMI : 44.21816870317733, with theta = 10.0
 Reconstruction Error : 5.4362322484137766e+32
##################################################################################################
##################################################################################################
 k = 40 :  k_knn = 21  
 Max ACC : 21.0, with theta = 10.0
 Max NMI : 44.045176851522186, with theta = 10.0
 Reconstruction Error : 2.654638156278969e+33
##################################################################################################
##################################################################################################
 k = 50 :  k_knn = 21  
 Max ACC : 22.5, with theta = 10.0
 Max NMI : 46.889381203976015, with theta = 10.0
 Reconstruction Error : 9.801736737956563e+33
##################################################################################################
##################################################################################################
 k = 60 :  k_knn = 21  
 Max ACC : 22.75, with theta = 10.0
 Max NMI : 47.68097261341449, with theta = 10.0
 Reconstruction Error : 3.11311720811397e+34
##################################################################################################
##################################################################################################
 k = 70 :  k_knn = 21  
 Max ACC : 24.5, with theta = 10.0
 Max NMI : 48.453896505918784, with theta = 10.0
 Reconstruction Error : 6.774283132313846e+34
##################################################################################################
The results of running the Kmeans method 20 times and the average of 20 runs
##################################################################################################
k = 10 :  k_knn = 21 
 Avg ACC : 17.0, with lambda = 0.1
 Avg NMI : 40.043253608394316, with lambda = 0.1
 Reconstruction Error : 1.420171285485333e+30
##################################################################################################
##################################################################################################
k = 20 :  k_knn = 21 
 Avg ACC : 17.157894736842106, with lambda = 0.1
 Avg NMI : 39.64042975647168, with lambda = 0.1
 Reconstruction Error : 5.750739639833783e+31
##################################################################################################
##################################################################################################
k = 30 :  k_knn = 21 
 Avg ACC : 18.473684210526315, with lambda = 10.0
 Avg NMI : 40.95964899656895, with lambda = 10.0
 Reconstruction Error : 5.4362322484137766e+32
##################################################################################################
##################################################################################################
k = 40 :  k_knn = 21 
 Avg ACC : 19.657894736842106, with lambda = 10.0
 Avg NMI : 42.3875052415772, with lambda = 10.0
 Reconstruction Error : 2.654638156278969e+33
##################################################################################################
##################################################################################################
k = 50 :  k_knn = 21 
 Avg ACC : 20.605263157894736, with lambda = 10.0
 Avg NMI : 45.168840255395175, with lambda = 10.0
 Reconstruction Error : 9.801736737956563e+33
##################################################################################################
##################################################################################################
k = 60 :  k_knn = 21 
 Avg ACC : 21.592105263157894, with lambda = 10.0
 Avg NMI : 46.2131800730789, with lambda = 10.0
 Reconstruction Error : 3.11311720811397e+34
##################################################################################################
##################################################################################################
k = 70 :  k_knn = 21 
 Avg ACC : 22.57894736842105, with lambda = 10.0
 Avg NMI : 46.77051691731953, with lambda = 10.0
 Reconstruction Error : 6.774283132313846e+34
##################################################################################################
done
