Model : DGONMF
Dataset : orl
max iterations : 100
myeps_1 : 1e-12
myeps_2 : 1e-10
The results of running the Kmeans method 20 times and the report of maximum of 20 runs
##################################################################################################
 k1 = 80 : k2 = 10 
 Max ACC : 42.75, with (alpha, beta) = (10.0, 1)
 Max NMI : 63.625158466044354, with (alpha, beta) = (10.0, 1)
 Reconstruction Error : 5.177812849288991
 Max Silhoutter score : 0.30270114835691286, with (alpha, beta) = (0.1, 0.01)
 Max Dunn's Index score : 0.11279786952950853, with (alpha, beta) = (0.001, 1)
 Min David Bouldin score : 1.3659956444720436, with (alpha, beta) = (0.1, 0.01)
##################################################################################################
##################################################################################################
 k1 = 80 : k2 = 20 
 Max ACC : 55.50000000000001, with (alpha, beta) = (0.001, 0.1)
 Max NMI : 74.21934461684305, with (alpha, beta) = (0.001, 0.1)
 Reconstruction Error : 4.689487999301808
 Max Silhoutter score : 0.18433485777018258, with (alpha, beta) = (0.01, 0.1)
 Max Dunn's Index score : 0.23139134755674892, with (alpha, beta) = (0.001, 0.1)
 Min David Bouldin score : 1.5852607748801653, with (alpha, beta) = (0.01, 0.1)
##################################################################################################
##################################################################################################
 k1 = 80 : k2 = 30 
 Max ACC : 54.50000000000001, with (alpha, beta) = (0.001, 0.1)
 Max NMI : 73.64889127027709, with (alpha, beta) = (0.001, 0.1)
 Reconstruction Error : 4.527282901290008
 Max Silhoutter score : 0.1593598632197731, with (alpha, beta) = (0.01, 0.1)
 Max Dunn's Index score : 0.22893206386306886, with (alpha, beta) = (0.001, 0.1)
 Min David Bouldin score : 1.6393236732876328, with (alpha, beta) = (10.0, 0.01)
##################################################################################################
##################################################################################################
 k1 = 80 : k2 = 40 
 Max ACC : 45.25, with (alpha, beta) = (0.01, 1)
 Max NMI : 66.00502894902985, with (alpha, beta) = (0.01, 1)
 Reconstruction Error : 4.404100447873
 Max Silhoutter score : 0.44482459416835346, with (alpha, beta) = (0.1, 0.01)
 Max Dunn's Index score : 0.1359059332781293, with (alpha, beta) = (0.01, 1)
 Min David Bouldin score : 1.3085528679121627, with (alpha, beta) = (0.1, 0.01)
##################################################################################################
##################################################################################################
 k1 = 80 : k2 = 50 
 Max ACC : 49.25, with (alpha, beta) = (0.01, 0.1)
 Max NMI : 68.98709576161036, with (alpha, beta) = (0.01, 0.1)
 Reconstruction Error : 4.212456541928327
 Max Silhoutter score : 0.3164839762659744, with (alpha, beta) = (0.01, 1)
 Max Dunn's Index score : 0.18875563122223502, with (alpha, beta) = (0.01, 0.1)
 Min David Bouldin score : 1.3727916593566394, with (alpha, beta) = (0.01, 1)
##################################################################################################
##################################################################################################
 k1 = 80 : k2 = 60 
 Max ACC : 46.25, with (alpha, beta) = (0.01, 0.01)
 Max NMI : 68.1680479691039, with (alpha, beta) = (0.1, 1)
 Reconstruction Error : 4.012665947000087
 Max Silhoutter score : 0.2219267330400695, with (alpha, beta) = (0.1, 0.01)
 Max Dunn's Index score : 0.2169092277304996, with (alpha, beta) = (0.1, 1)
 Min David Bouldin score : 1.586977533604344, with (alpha, beta) = (0.1, 0.01)
##################################################################################################
##################################################################################################
 k1 = 80 : k2 = 70 
 Max ACC : 43.5, with (alpha, beta) = (0.001, 0.1)
 Max NMI : 64.4522797005677, with (alpha, beta) = (0.001, 0.1)
 Reconstruction Error : 3.910290667334858
 Max Silhoutter score : 0.3963632839811022, with (alpha, beta) = (10.0, 0.01)
 Max Dunn's Index score : 0.15906517914508841, with (alpha, beta) = (0.001, 0.1)
 Min David Bouldin score : 1.5381645007489386, with (alpha, beta) = (10.0, 0.01)
##################################################################################################
The results of running the Kmeans method 20 times and the average of 20 runs
##################################################################################################
 k1 = 80 : k2 = 10
 Avg ACC : 40.06578947368421, with (alpha, beta) = (10.0, 1)
 Avg NMI : 62.54244855762788, with (alpha, beta) = (10.0, 1)
 Reconstruction Error : 5.177812849288991
 Avg Silhoutte score : 0.2830331023981175, with (alpha, beta) = (0.1, 0.01)
 Avg Dunn's Index score : 0.11279786952950853, with (alpha, beta) = (0.001, 1)
 Avg David Bouldin score : 1.002647190132677, with (alpha, beta) = (0.1, 0.01)
##################################################################################################
##################################################################################################
 k1 = 80 : k2 = 20
 Avg ACC : 51.5, with (alpha, beta) = (0.001, 0.1)
 Avg NMI : 71.65556412853982, with (alpha, beta) = (0.001, 0.1)
 Reconstruction Error : 4.689487999301808
 Avg Silhoutte score : 0.17942238261882784, with (alpha, beta) = (0.01, 0.1)
 Avg Dunn's Index score : 0.23139134755674892, with (alpha, beta) = (0.001, 0.1)
 Avg David Bouldin score : 1.4876016254974216, with (alpha, beta) = (0.01, 0.1)
##################################################################################################
##################################################################################################
 k1 = 80 : k2 = 30
 Avg ACC : 50.81578947368421, with (alpha, beta) = (0.001, 0.1)
 Avg NMI : 71.69055744204404, with (alpha, beta) = (0.001, 0.1)
 Reconstruction Error : 4.527282901290008
 Avg Silhoutte score : 0.15109397374401595, with (alpha, beta) = (0.01, 0.1)
 Avg Dunn's Index score : 0.22893206386306886, with (alpha, beta) = (0.001, 0.1)
 Avg David Bouldin score : 1.478030825813857, with (alpha, beta) = (10.0, 0.01)
##################################################################################################
##################################################################################################
 k1 = 80 : k2 = 40
 Avg ACC : 41.88157894736842, with (alpha, beta) = (0.01, 1)
 Avg NMI : 63.25658030467411, with (alpha, beta) = (0.01, 1)
 Reconstruction Error : 4.404100447873
 Avg Silhoutte score : 0.43360274749751027, with (alpha, beta) = (0.1, 0.01)
 Avg Dunn's Index score : 0.1359059332781293, with (alpha, beta) = (0.01, 1)
 Avg David Bouldin score : 0.7035181185201183, with (alpha, beta) = (0.1, 0.01)
##################################################################################################
##################################################################################################
 k1 = 80 : k2 = 50
 Avg ACC : 46.51315789473684, with (alpha, beta) = (0.01, 0.1)
 Avg NMI : 67.01157548713235, with (alpha, beta) = (0.01, 0.1)
 Reconstruction Error : 4.212456541928327
 Avg Silhoutte score : 0.29460594986637034, with (alpha, beta) = (0.01, 1)
 Avg Dunn's Index score : 0.18875563122223502, with (alpha, beta) = (0.01, 0.1)
 Avg David Bouldin score : 0.8925775304356055, with (alpha, beta) = (0.01, 1)
##################################################################################################
##################################################################################################
 k1 = 80 : k2 = 60
 Avg ACC : 43.828947368421055, with (alpha, beta) = (0.1, 1)
 Avg NMI : 66.57586096944162, with (alpha, beta) = (0.1, 1)
 Reconstruction Error : 4.012665947000087
 Avg Silhoutte score : 0.21233977668910142, with (alpha, beta) = (0.1, 0.01)
 Avg Dunn's Index score : 0.2169092277304996, with (alpha, beta) = (0.1, 1)
 Avg David Bouldin score : 1.1628673069352193, with (alpha, beta) = (0.1, 0.01)
##################################################################################################
##################################################################################################
 k1 = 80 : k2 = 70
 Avg ACC : 40.76315789473684, with (alpha, beta) = (0.001, 0.1)
 Avg NMI : 63.355518260622155, with (alpha, beta) = (0.001, 0.1)
 Reconstruction Error : 3.910290667334858
 Avg Silhoutte score : 0.3563051825580672, with (alpha, beta) = (10.0, 0.01)
 Avg Dunn's Index score : 0.15906517914508841, with (alpha, beta) = (0.001, 0.1)
 Avg David Bouldin score : 0.8316514234463356, with (alpha, beta) = (10.0, 0.01)
##################################################################################################
The results of running the Kmeans method 20 times and the report of maximum of 20 runs
##################################################################################################
 k1 = 100 : k2 = 10 
 Max ACC : 39.5, with (alpha, beta) = (0.001, 0.1)
 Max NMI : 61.33960025822596, with (alpha, beta) = (0.001, 0.1)
 Reconstruction Error : 6.173364496970992
 Max Silhoutter score : 0.406968905111242, with (alpha, beta) = (0.1, 0.1)
 Max Dunn's Index score : 0.10342563508876604, with (alpha, beta) = (0.001, 0.1)
 Min David Bouldin score : 1.3603726888594436, with (alpha, beta) = (0.1, 0.1)
##################################################################################################
##################################################################################################
 k1 = 100 : k2 = 20 
 Max ACC : 48.75, with (alpha, beta) = (0.001, 0.1)
 Max NMI : 67.79680872930794, with (alpha, beta) = (0.001, 0.1)
 Reconstruction Error : 6.351392794769515
 Max Silhoutter score : 0.16033202616952963, with (alpha, beta) = (0.01, 1)
 Max Dunn's Index score : 0.211541037123324, with (alpha, beta) = (0.001, 0.01)
 Min David Bouldin score : 1.7206259782038955, with (alpha, beta) = (0.01, 1)
##################################################################################################
##################################################################################################
 k1 = 100 : k2 = 30 
 Max ACC : 48.75, with (alpha, beta) = (0.001, 0.01)
 Max NMI : 68.79466536273597, with (alpha, beta) = (0.001, 0.1)
 Reconstruction Error : 4.893204828076495
 Max Silhoutter score : 0.15212925952085726, with (alpha, beta) = (10.0, 0.01)
 Max Dunn's Index score : 0.2937526094045538, with (alpha, beta) = (0.001, 0.1)
 Min David Bouldin score : 1.8727462365767427, with (alpha, beta) = (10.0, 0.01)
##################################################################################################
##################################################################################################
 k1 = 100 : k2 = 40 
 Max ACC : 50.0, with (alpha, beta) = (0.01, 0.01)
 Max NMI : 70.8210615534678, with (alpha, beta) = (0.01, 0.01)
 Reconstruction Error : 4.7753361717662735
 Max Silhoutter score : 0.1378364544793582, with (alpha, beta) = (0.1, 0.01)
 Max Dunn's Index score : 0.27405116006407043, with (alpha, beta) = (0.001, 1)
 Min David Bouldin score : 1.7449242493034103, with (alpha, beta) = (0.1, 0.01)
##################################################################################################
##################################################################################################
 k1 = 100 : k2 = 50 
 Max ACC : 44.25, with (alpha, beta) = (0.001, 0.1)
 Max NMI : 64.0538300947893, with (alpha, beta) = (0.001, 0.1)
 Reconstruction Error : 4.666197386200611
 Max Silhoutter score : 0.151035065885266, with (alpha, beta) = (0.01, 1)
 Max Dunn's Index score : 0.2125927362356503, with (alpha, beta) = (0.001, 0.01)
 Min David Bouldin score : 1.7303403266481787, with (alpha, beta) = (0.01, 1)
##################################################################################################
##################################################################################################
 k1 = 100 : k2 = 60 
 Max ACC : 46.25, with (alpha, beta) = (0.001, 1)
 Max NMI : 65.76110855855455, with (alpha, beta) = (0.001, 1)
 Reconstruction Error : 4.776480077676664
 Max Silhoutter score : 0.3214778892641189, with (alpha, beta) = (10.0, 1)
 Max Dunn's Index score : 0.16011114041355573, with (alpha, beta) = (0.001, 1)
 Min David Bouldin score : 1.6020865785265748, with (alpha, beta) = (10.0, 1)
##################################################################################################
##################################################################################################
 k1 = 100 : k2 = 70 
 Max ACC : 49.5, with (alpha, beta) = (0.001, 1)
 Max NMI : 68.52425220280139, with (alpha, beta) = (0.001, 1)
 Reconstruction Error : 4.423238312672822
 Max Silhoutter score : 0.42525891631442847, with (alpha, beta) = (0.1, 0.01)
 Max Dunn's Index score : 0.21350861359034995, with (alpha, beta) = (0.001, 1)
 Min David Bouldin score : 1.6203646678086343, with (alpha, beta) = (0.1, 0.01)
##################################################################################################
The results of running the Kmeans method 20 times and the average of 20 runs
##################################################################################################
 k1 = 100 : k2 = 10
 Avg ACC : 37.473684210526315, with (alpha, beta) = (0.001, 0.1)
 Avg NMI : 59.87165972292051, with (alpha, beta) = (0.001, 0.1)
 Reconstruction Error : 6.173364496970992
 Avg Silhoutte score : 0.3839691903951504, with (alpha, beta) = (0.1, 0.1)
 Avg Dunn's Index score : 0.10342563508876604, with (alpha, beta) = (0.001, 0.1)
 Avg David Bouldin score : 0.7457550813819155, with (alpha, beta) = (0.1, 0.1)
##################################################################################################
##################################################################################################
 k1 = 100 : k2 = 20
 Avg ACC : 44.5921052631579, with (alpha, beta) = (0.001, 0.1)
 Avg NMI : 65.83470764023518, with (alpha, beta) = (0.001, 0.1)
 Reconstruction Error : 6.351392794769515
 Avg Silhoutte score : 0.1516112449611324, with (alpha, beta) = (0.01, 1)
 Avg Dunn's Index score : 0.211541037123324, with (alpha, beta) = (0.001, 0.01)
 Avg David Bouldin score : 1.4481077855455622, with (alpha, beta) = (0.01, 1)
##################################################################################################
##################################################################################################
 k1 = 100 : k2 = 30
 Avg ACC : 45.55263157894737, with (alpha, beta) = (0.01, 0.1)
 Avg NMI : 67.26384889639718, with (alpha, beta) = (0.01, 0.1)
 Reconstruction Error : 4.893204828076495
 Avg Silhoutte score : 0.14300720594538063, with (alpha, beta) = (10.0, 0.01)
 Avg Dunn's Index score : 0.2937526094045538, with (alpha, beta) = (0.001, 0.1)
 Avg David Bouldin score : 1.4819600255206955, with (alpha, beta) = (10.0, 0.01)
##################################################################################################
##################################################################################################
 k1 = 100 : k2 = 40
 Avg ACC : 45.3421052631579, with (alpha, beta) = (0.01, 0.01)
 Avg NMI : 67.60691769927517, with (alpha, beta) = (0.01, 0.01)
 Reconstruction Error : 4.7753361717662735
 Avg Silhoutte score : 0.1279573911126163, with (alpha, beta) = (0.1, 0.01)
 Avg Dunn's Index score : 0.27405116006407043, with (alpha, beta) = (0.001, 1)
 Avg David Bouldin score : 1.6217227019349623, with (alpha, beta) = (0.1, 0.01)
##################################################################################################
##################################################################################################
 k1 = 100 : k2 = 50
 Avg ACC : 40.078947368421055, with (alpha, beta) = (0.01, 0.01)
 Avg NMI : 62.15092484566564, with (alpha, beta) = (0.001, 0.1)
 Reconstruction Error : 4.666197386200611
 Avg Silhoutte score : 0.1433850835511351, with (alpha, beta) = (0.01, 1)
 Avg Dunn's Index score : 0.2125927362356503, with (alpha, beta) = (0.001, 0.01)
 Avg David Bouldin score : 1.4165384450070466, with (alpha, beta) = (0.01, 1)
##################################################################################################
##################################################################################################
 k1 = 100 : k2 = 60
 Avg ACC : 39.6578947368421, with (alpha, beta) = (0.001, 1)
 Avg NMI : 61.53342380512036, with (alpha, beta) = (0.001, 1)
 Reconstruction Error : 4.776480077676664
 Avg Silhoutte score : 0.2796681904612487, with (alpha, beta) = (10.0, 1)
 Avg Dunn's Index score : 0.16011114041355573, with (alpha, beta) = (0.001, 1)
 Avg David Bouldin score : 0.9238504676344371, with (alpha, beta) = (10.0, 1)
##################################################################################################
##################################################################################################
 k1 = 100 : k2 = 70
 Avg ACC : 44.98684210526316, with (alpha, beta) = (0.001, 1)
 Avg NMI : 66.0542262207782, with (alpha, beta) = (0.001, 1)
 Reconstruction Error : 4.423238312672822
 Avg Silhoutte score : 0.41189147991308106, with (alpha, beta) = (0.1, 0.01)
 Avg Dunn's Index score : 0.21350861359034995, with (alpha, beta) = (0.001, 1)
 Avg David Bouldin score : 0.72207816709571, with (alpha, beta) = (0.1, 0.01)
##################################################################################################
The results of running the Kmeans method 20 times and the report of maximum of 20 runs
##################################################################################################
 k1 = 120 : k2 = 10 
 Max ACC : 30.25, with (alpha, beta) = (0.001, 0.01)
 Max NMI : 54.41474811383994, with (alpha, beta) = (0.001, 0.01)
 Reconstruction Error : 5.264274596726403
 Max Silhoutter score : 0.3964233125650655, with (alpha, beta) = (0.1, 0.01)
 Max Dunn's Index score : 0.07683983358633392, with (alpha, beta) = (0.001, 1)
 Min David Bouldin score : 1.3269105812374353, with (alpha, beta) = (0.01, 0.1)
##################################################################################################
##################################################################################################
 k1 = 120 : k2 = 20 
 Max ACC : 43.75, with (alpha, beta) = (0.1, 1)
 Max NMI : 62.482838427362665, with (alpha, beta) = (0.001, 1)
 Reconstruction Error : 5.834105362460092
 Max Silhoutter score : 0.12212567544158563, with (alpha, beta) = (10.0, 0.1)
 Max Dunn's Index score : 0.21851689499975355, with (alpha, beta) = (0.001, 0.1)
 Min David Bouldin score : 1.8093719437564837, with (alpha, beta) = (10.0, 0.1)
##################################################################################################
##################################################################################################
 k1 = 120 : k2 = 30 
 Max ACC : 47.75, with (alpha, beta) = (0.001, 0.01)
 Max NMI : 68.08801559350042, with (alpha, beta) = (0.001, 0.01)
 Reconstruction Error : 5.487559461153819
 Max Silhoutter score : 0.1234789119160774, with (alpha, beta) = (0.1, 1)
 Max Dunn's Index score : 0.27278617062879446, with (alpha, beta) = (0.001, 0.1)
 Min David Bouldin score : 1.8801184230310155, with (alpha, beta) = (10.0, 0.1)
##################################################################################################
##################################################################################################
 k1 = 120 : k2 = 40 
 Max ACC : 45.25, with (alpha, beta) = (10.0, 1)
 Max NMI : 64.97717895417848, with (alpha, beta) = (10.0, 1)
 Reconstruction Error : 5.090698001693623
 Max Silhoutter score : 0.1375483921411411, with (alpha, beta) = (0.001, 0.1)
 Max Dunn's Index score : 0.28432722178477404, with (alpha, beta) = (0.001, 1)
 Min David Bouldin score : 1.7990088180924857, with (alpha, beta) = (0.001, 0.1)
##################################################################################################
##################################################################################################
 k1 = 120 : k2 = 50 
 Max ACC : 47.25, with (alpha, beta) = (0.001, 0.1)
 Max NMI : 67.96643291282052, with (alpha, beta) = (0.001, 0.1)
 Reconstruction Error : 5.166331886073879
 Max Silhoutter score : 0.14329013824204634, with (alpha, beta) = (0.01, 0.01)
 Max Dunn's Index score : 0.3214077739722937, with (alpha, beta) = (0.001, 0.1)
 Min David Bouldin score : 1.8167899798349711, with (alpha, beta) = (0.01, 0.01)
##################################################################################################
##################################################################################################
 k1 = 120 : k2 = 60 
 Max ACC : 45.5, with (alpha, beta) = (0.001, 0.1)
 Max NMI : 64.93410484961733, with (alpha, beta) = (0.001, 0.1)
 Reconstruction Error : 5.134365864964583
 Max Silhoutter score : 0.1734318486937299, with (alpha, beta) = (0.1, 0.01)
 Max Dunn's Index score : 0.20067610379145456, with (alpha, beta) = (10.0, 0.1)
 Min David Bouldin score : 1.8090553873681494, with (alpha, beta) = (0.1, 0.01)
##################################################################################################
##################################################################################################
 k1 = 120 : k2 = 70 
 Max ACC : 45.5, with (alpha, beta) = (0.01, 0.1)
 Max NMI : 64.09510406852858, with (alpha, beta) = (0.01, 0.1)
 Reconstruction Error : 5.000938892862154
 Max Silhoutter score : 0.7080190208818731, with (alpha, beta) = (10.0, 0.01)
 Max Dunn's Index score : 0.2397080067565979, with (alpha, beta) = (0.01, 0.1)
 Min David Bouldin score : 1.8675174601024458, with (alpha, beta) = (10.0, 0.01)
##################################################################################################
The results of running the Kmeans method 20 times and the average of 20 runs
##################################################################################################
 k1 = 120 : k2 = 10
 Avg ACC : 28.486842105263158, with (alpha, beta) = (0.001, 0.1)
 Avg NMI : 52.657280462185916, with (alpha, beta) = (0.001, 0.01)
 Reconstruction Error : 5.264274596726403
 Avg Silhoutte score : 0.37945555147246984, with (alpha, beta) = (0.1, 0.01)
 Avg Dunn's Index score : 0.07683983358633392, with (alpha, beta) = (0.001, 1)
 Avg David Bouldin score : 0.8749863893937252, with (alpha, beta) = (0.01, 0.1)
##################################################################################################
##################################################################################################
 k1 = 120 : k2 = 20
 Avg ACC : 39.671052631578945, with (alpha, beta) = (0.1, 1)
 Avg NMI : 60.71905501830808, with (alpha, beta) = (0.1, 1)
 Reconstruction Error : 5.834105362460092
 Avg Silhoutte score : 0.11244014398446237, with (alpha, beta) = (0.1, 1)
 Avg Dunn's Index score : 0.21851689499975355, with (alpha, beta) = (0.001, 0.1)
 Avg David Bouldin score : 1.704991133964634, with (alpha, beta) = (10.0, 0.1)
##################################################################################################
##################################################################################################
 k1 = 120 : k2 = 30
 Avg ACC : 43.86842105263158, with (alpha, beta) = (0.001, 0.01)
 Avg NMI : 65.25857963705946, with (alpha, beta) = (0.001, 0.01)
 Reconstruction Error : 5.487559461153819
 Avg Silhoutte score : 0.11550874946796667, with (alpha, beta) = (0.1, 1)
 Avg Dunn's Index score : 0.27278617062879446, with (alpha, beta) = (0.001, 0.1)
 Avg David Bouldin score : 1.731651553195664, with (alpha, beta) = (10.0, 0.1)
##################################################################################################
##################################################################################################
 k1 = 120 : k2 = 40
 Avg ACC : 42.43421052631579, with (alpha, beta) = (10.0, 1)
 Avg NMI : 63.272425018595456, with (alpha, beta) = (10.0, 1)
 Reconstruction Error : 5.090698001693623
 Avg Silhoutte score : 0.12898798620213148, with (alpha, beta) = (0.001, 0.1)
 Avg Dunn's Index score : 0.28432722178477404, with (alpha, beta) = (0.001, 1)
 Avg David Bouldin score : 1.5124754265300528, with (alpha, beta) = (0.001, 0.1)
##################################################################################################
##################################################################################################
 k1 = 120 : k2 = 50
 Avg ACC : 44.89473684210526, with (alpha, beta) = (0.001, 0.1)
 Avg NMI : 66.2060670495305, with (alpha, beta) = (0.001, 0.1)
 Reconstruction Error : 5.166331886073879
 Avg Silhoutte score : 0.13657387694482764, with (alpha, beta) = (0.01, 0.01)
 Avg Dunn's Index score : 0.3214077739722937, with (alpha, beta) = (0.001, 0.1)
 Avg David Bouldin score : 1.5057144347437006, with (alpha, beta) = (0.01, 0.01)
##################################################################################################
##################################################################################################
 k1 = 120 : k2 = 60
 Avg ACC : 42.921052631578945, with (alpha, beta) = (0.001, 0.1)
 Avg NMI : 63.009622236693794, with (alpha, beta) = (0.001, 0.1)
 Reconstruction Error : 5.134365864964583
 Avg Silhoutte score : 0.16628964385598363, with (alpha, beta) = (0.1, 0.01)
 Avg Dunn's Index score : 0.20067610379145456, with (alpha, beta) = (10.0, 0.1)
 Avg David Bouldin score : 1.3754368290964034, with (alpha, beta) = (0.1, 0.01)
##################################################################################################
##################################################################################################
 k1 = 120 : k2 = 70
 Avg ACC : 41.31578947368421, with (alpha, beta) = (0.01, 0.1)
 Avg NMI : 62.236077143904915, with (alpha, beta) = (0.01, 0.1)
 Reconstruction Error : 5.000938892862154
 Avg Silhoutte score : 0.697886830869576, with (alpha, beta) = (10.0, 0.01)
 Avg Dunn's Index score : 0.2397080067565979, with (alpha, beta) = (0.01, 0.1)
 Avg David Bouldin score : 0.42709315173829926, with (alpha, beta) = (10.0, 0.01)
##################################################################################################
The results of running the Kmeans method 20 times and the report of maximum of 20 runs
##################################################################################################
 k1 = 200 : k2 = 10 
 Max ACC : 24.25, with (alpha, beta) = (0.1, 0.01)
 Max NMI : 45.92991414698975, with (alpha, beta) = (0.001, 1)
 Reconstruction Error : 5.861470257538666
 Max Silhoutter score : 0.3710261123281225, with (alpha, beta) = (0.001, 0.1)
 Max Dunn's Index score : 0.048423862568039086, with (alpha, beta) = (0.1, 1)
 Min David Bouldin score : 0.8815651855065509, with (alpha, beta) = (0.001, 0.1)
##################################################################################################
##################################################################################################
 k1 = 200 : k2 = 20 
 Max ACC : 30.25, with (alpha, beta) = (0.1, 0.01)
 Max NMI : 52.758035493849164, with (alpha, beta) = (0.1, 0.01)
 Reconstruction Error : 8.034237813692963
 Max Silhoutter score : 0.24710593186841173, with (alpha, beta) = (0.001, 0.1)
 Max Dunn's Index score : 0.07903121450493843, with (alpha, beta) = (0.1, 1)
 Min David Bouldin score : 1.258556107299154, with (alpha, beta) = (0.01, 0.01)
##################################################################################################
##################################################################################################
 k1 = 200 : k2 = 30 
 Max ACC : 28.000000000000004, with (alpha, beta) = (0.1, 1)
 Max NMI : 50.91849278561781, with (alpha, beta) = (0.1, 1)
 Reconstruction Error : 7.182580619775796
 Max Silhoutter score : 0.5012747643133113, with (alpha, beta) = (0.1, 0.01)
 Max Dunn's Index score : 0.14377404927633486, with (alpha, beta) = (0.01, 1)
 Min David Bouldin score : 0.836810354851677, with (alpha, beta) = (0.1, 0.01)
##################################################################################################
##################################################################################################
 k1 = 200 : k2 = 40 
 Max ACC : 28.499999999999996, with (alpha, beta) = (10.0, 0.01)
 Max NMI : 50.79320480714065, with (alpha, beta) = (10.0, 0.01)
 Reconstruction Error : 6.8543466214568145
 Max Silhoutter score : 0.28297989365245724, with (alpha, beta) = (0.1, 0.01)
 Max Dunn's Index score : 0.07751853176137143, with (alpha, beta) = (10.0, 0.01)
 Min David Bouldin score : 1.3901597669506298, with (alpha, beta) = (0.1, 0.01)
##################################################################################################
##################################################################################################
 k1 = 200 : k2 = 50 
 Max ACC : 28.000000000000004, with (alpha, beta) = (10.0, 0.1)
 Max NMI : 50.153615119692965, with (alpha, beta) = (10.0, 0.1)
 Reconstruction Error : 6.244980534819143
 Max Silhoutter score : 0.3055039962601488, with (alpha, beta) = (0.1, 1)
 Max Dunn's Index score : 0.10348456975606192, with (alpha, beta) = (0.001, 1)
 Min David Bouldin score : 1.2451233558068462, with (alpha, beta) = (0.1, 1)
##################################################################################################
##################################################################################################
 k1 = 200 : k2 = 60 
 Max ACC : 33.5, with (alpha, beta) = (10.0, 1)
 Max NMI : 56.05171412247487, with (alpha, beta) = (10.0, 1)
 Reconstruction Error : 6.239162284246967
 Max Silhoutter score : 0.22189003479138872, with (alpha, beta) = (0.01, 1)
 Max Dunn's Index score : 0.11692461767037929, with (alpha, beta) = (10.0, 1)
 Min David Bouldin score : 1.3560261052848728, with (alpha, beta) = (0.01, 1)
##################################################################################################
##################################################################################################
 k1 = 200 : k2 = 70 
 Max ACC : 27.750000000000004, with (alpha, beta) = (0.01, 0.01)
 Max NMI : 49.12920896177335, with (alpha, beta) = (10.0, 0.1)
 Reconstruction Error : 7.278256537267993
 Max Silhoutter score : 0.28585907356944384, with (alpha, beta) = (10.0, 1)
 Max Dunn's Index score : 0.08185615276599889, with (alpha, beta) = (0.001, 1)
 Min David Bouldin score : 1.2934211643607942, with (alpha, beta) = (10.0, 1)
##################################################################################################
The results of running the Kmeans method 20 times and the average of 20 runs
##################################################################################################
 k1 = 200 : k2 = 10
 Avg ACC : 22.736842105263158, with (alpha, beta) = (0.1, 0.01)
 Avg NMI : 44.40424615239713, with (alpha, beta) = (0.001, 1)
 Reconstruction Error : 5.861470257538666
 Avg Silhoutte score : 0.35465687934165413, with (alpha, beta) = (0.001, 0.1)
 Avg Dunn's Index score : 0.048423862568039086, with (alpha, beta) = (0.1, 1)
 Avg David Bouldin score : 0.8761264761417434, with (alpha, beta) = (0.001, 0.1)
##################################################################################################
##################################################################################################
 k1 = 200 : k2 = 20
 Avg ACC : 28.789473684210527, with (alpha, beta) = (0.1, 0.01)
 Avg NMI : 51.75083046586531, with (alpha, beta) = (0.1, 0.01)
 Reconstruction Error : 8.034237813692963
 Avg Silhoutte score : 0.2386613995531955, with (alpha, beta) = (0.001, 0.1)
 Avg Dunn's Index score : 0.07903121450493843, with (alpha, beta) = (0.1, 1)
 Avg David Bouldin score : 1.1405574225895165, with (alpha, beta) = (0.01, 0.01)
##################################################################################################
##################################################################################################
 k1 = 200 : k2 = 30
 Avg ACC : 27.065789473684212, with (alpha, beta) = (0.1, 1)
 Avg NMI : 49.94617731957055, with (alpha, beta) = (0.1, 1)
 Reconstruction Error : 7.182580619775796
 Avg Silhoutte score : 0.44776511907496647, with (alpha, beta) = (0.1, 0.01)
 Avg Dunn's Index score : 0.14377404927633486, with (alpha, beta) = (0.01, 1)
 Avg David Bouldin score : 0.5212518446637286, with (alpha, beta) = (0.1, 0.01)
##################################################################################################
##################################################################################################
 k1 = 200 : k2 = 40
 Avg ACC : 27.11842105263158, with (alpha, beta) = (10.0, 0.01)
 Avg NMI : 48.81660489270117, with (alpha, beta) = (10.0, 0.01)
 Reconstruction Error : 6.8543466214568145
 Avg Silhoutte score : 0.2615632095539175, with (alpha, beta) = (0.1, 0.01)
 Avg Dunn's Index score : 0.07751853176137143, with (alpha, beta) = (10.0, 0.01)
 Avg David Bouldin score : 0.8645091558976986, with (alpha, beta) = (0.1, 0.01)
##################################################################################################
##################################################################################################
 k1 = 200 : k2 = 50
 Avg ACC : 25.32894736842105, with (alpha, beta) = (10.0, 0.1)
 Avg NMI : 48.849633158283815, with (alpha, beta) = (10.0, 0.1)
 Reconstruction Error : 6.244980534819143
 Avg Silhoutte score : 0.2928466652872679, with (alpha, beta) = (0.1, 1)
 Avg Dunn's Index score : 0.10348456975606192, with (alpha, beta) = (0.001, 1)
 Avg David Bouldin score : 0.878687432267937, with (alpha, beta) = (0.1, 1)
##################################################################################################
##################################################################################################
 k1 = 200 : k2 = 60
 Avg ACC : 29.88157894736842, with (alpha, beta) = (10.0, 1)
 Avg NMI : 54.14913956808283, with (alpha, beta) = (10.0, 1)
 Reconstruction Error : 6.239162284246967
 Avg Silhoutte score : 0.20723298178871946, with (alpha, beta) = (0.001, 1)
 Avg Dunn's Index score : 0.11692461767037929, with (alpha, beta) = (10.0, 1)
 Avg David Bouldin score : 0.9355497456990894, with (alpha, beta) = (0.01, 1)
##################################################################################################
##################################################################################################
 k1 = 200 : k2 = 70
 Avg ACC : 24.86842105263158, with (alpha, beta) = (0.01, 0.01)
 Avg NMI : 47.464093277028276, with (alpha, beta) = (10.0, 0.1)
 Reconstruction Error : 7.278256537267993
 Avg Silhoutte score : 0.2523271484220145, with (alpha, beta) = (10.0, 1)
 Avg Dunn's Index score : 0.08185615276599889, with (alpha, beta) = (0.001, 1)
 Avg David Bouldin score : 0.8822844201465746, with (alpha, beta) = (10.0, 1)
##################################################################################################
Average no. of iterations for k2 = 10 : 5.25
Average no. of iterations for k2 = 20 : 1
Average no. of iterations for k2 = 30 : 1
Average no. of iterations for k2 = 40 : 1
Average no. of iterations for k2 = 50 : 1
Average no. of iterations for k2 = 60 : 1
Average no. of iterations for k2 = 70 : 1
Overall average no. of iterations : 15.818452380952381
#Done!
