Model : dnsNMF
Dataset : yaleB
max iterations : 100
myeps_1 : 1e-12
myeps_2 : 1e-10
The results of running the Kmeans method 20 times and the report of maximum of 20 runs
##################################################################################################
 k1 = 80 : k2 = 10 
 Max ACC : 7.663628831814416, with theta = 0.01
 Max NMI : 9.6666978693124, with theta = 0.01
 Reconstruction Error : 333.03239418707324
 Max Silhoutter score : 0.5348287085211988, with theta = 10.0
 Max Dunn's Index score : 0.04303334917975079, with theta = 0.001
 Min David Bouldin score : 1.4758188874047822, with theta = 10.0
##################################################################################################
##################################################################################################
 k1 = 80 : k2 = 20 
 Max ACC : 7.663628831814416, with theta = 0.01
 Max NMI : 9.795546726980051, with theta = 0.01
 Reconstruction Error : 574.2247358342615
 Max Silhoutter score : 0.544444694097765, with theta = 10.0
 Max Dunn's Index score : 0.11096303785897332, with theta = 0.01
 Min David Bouldin score : 1.7292137504267793, with theta = 10.0
##################################################################################################
##################################################################################################
 k1 = 80 : k2 = 30 
 Max ACC : 7.705053852526926, with theta = 0.1
 Max NMI : 9.572036466934783, with theta = 10.0
 Reconstruction Error : 16614.863880748304
 Max Silhoutter score : 0.12306746746822098, with theta = 0.1
 Max Dunn's Index score : 0.10166561683137973, with theta = 0.001
 Min David Bouldin score : 1.9237005492151347, with theta = 0.1
##################################################################################################
##################################################################################################
 k1 = 80 : k2 = 40 
 Max ACC : 7.746478873239436, with theta = 0.1
 Max NMI : 9.727974021434918, with theta = 0.1
 Reconstruction Error : 39819.827061712975
 Max Silhoutter score : 0.13141724866923346, with theta = 0.01
 Max Dunn's Index score : 0.21504524028697516, with theta = 10.0
 Min David Bouldin score : 1.7023263728967803, with theta = 0.01
##################################################################################################
##################################################################################################
 k1 = 80 : k2 = 50 
 Max ACC : 7.912178956089479, with theta = 0.01
 Max NMI : 10.130211677868441, with theta = 0.01
 Reconstruction Error : 55358.75458631939
 Max Silhoutter score : 0.08849783698244854, with theta = 0.001
 Max Dunn's Index score : 0.3008987772538403, with theta = 10.0
 Min David Bouldin score : 1.8257457854690797, with theta = 0.001
##################################################################################################
##################################################################################################
 k1 = 80 : k2 = 60 
 Max ACC : 7.953603976801989, with theta = 10.0
 Max NMI : 9.613578965899976, with theta = 0.001
 Reconstruction Error : 46797.690769673696
 Max Silhoutter score : 0.0991427833466126, with theta = 0.001
 Max Dunn's Index score : 0.15063818610287927, with theta = 0.1
 Min David Bouldin score : 1.71168608251487, with theta = 0.001
##################################################################################################
##################################################################################################
 k1 = 80 : k2 = 70 
 Max ACC : 7.787903893951947, with theta = 0.001
 Max NMI : 9.612980343121649, with theta = 0.1
 Reconstruction Error : 69274.92478032806
 Max Silhoutter score : 0.052934341458056054, with theta = 0.001
 Max Dunn's Index score : 0.36588633255459424, with theta = 10.0
 Min David Bouldin score : 2.350048040172336, with theta = 0.001
##################################################################################################
The results of running the Kmeans method 20 times and the average of 20 runs
##################################################################################################
 k1 = 80 : k2 = 10
 Avg ACC : 7.369293158330789, with theta = 0.01
 Avg NMI : 9.083983628126564, with theta = 0.1
 Reconstruction Error : 333.03239418707324
 Avg Silhoutte score : 0.5276604550673235, with theta = 10.0
 Avg Dunn's Index score : 0.04303334917975079, with theta = 0.001
 Avg David Bouldin score : 1.5101469773603882, with theta = 10.0
##################################################################################################
##################################################################################################
 k1 = 80 : k2 = 20
 Avg ACC : 7.3758339510748705, with theta = 0.01
 Avg NMI : 9.242711960328588, with theta = 0.01
 Reconstruction Error : 574.2247358342615
 Avg Silhoutte score : 0.5395159736802453, with theta = 10.0
 Avg Dunn's Index score : 0.11096303785897332, with theta = 0.01
 Avg David Bouldin score : 1.9427046661625322, with theta = 10.0
##################################################################################################
##################################################################################################
 k1 = 80 : k2 = 30
 Avg ACC : 7.393276065059085, with theta = 0.1
 Avg NMI : 9.155582358107123, with theta = 10.0
 Reconstruction Error : 16614.863880748304
 Avg Silhoutte score : 0.1212544121449416, with theta = 0.1
 Avg Dunn's Index score : 0.10166561683137973, with theta = 0.001
 Avg David Bouldin score : 1.962511680954473, with theta = 0.01
##################################################################################################
##################################################################################################
 k1 = 80 : k2 = 40
 Avg ACC : 7.43906161426765, with theta = 0.001
 Avg NMI : 9.186751399495936, with theta = 0.1
 Reconstruction Error : 39819.827061712975
 Avg Silhoutte score : 0.12937702089256456, with theta = 0.01
 Avg Dunn's Index score : 0.21504524028697516, with theta = 10.0
 Avg David Bouldin score : 2.6147656830541988, with theta = 0.01
##################################################################################################
##################################################################################################
 k1 = 80 : k2 = 50
 Avg ACC : 7.511010334452536, with theta = 0.01
 Avg NMI : 9.546308558492738, with theta = 0.01
 Reconstruction Error : 55358.75458631939
 Avg Silhoutte score : 0.08649189570150281, with theta = 0.001
 Avg Dunn's Index score : 0.3008987772538403, with theta = 10.0
 Avg David Bouldin score : 3.1080314780552767, with theta = 0.001
##################################################################################################
##################################################################################################
 k1 = 80 : k2 = 60
 Avg ACC : 7.436881350019623, with theta = 10.0
 Avg NMI : 9.171488158028312, with theta = 0.001
 Reconstruction Error : 46797.690769673696
 Avg Silhoutte score : 0.09728346777760048, with theta = 0.001
 Avg Dunn's Index score : 0.15063818610287927, with theta = 0.1
 Avg David Bouldin score : 2.3048831431053696, with theta = 0.001
##################################################################################################
##################################################################################################
 k1 = 80 : k2 = 70
 Avg ACC : 7.3954563293071125, with theta = 0.001
 Avg NMI : 9.10926644242867, with theta = 10.0
 Reconstruction Error : 69274.92478032806
 Avg Silhoutte score : 0.0517961863871591, with theta = 0.001
 Avg Dunn's Index score : 0.36588633255459424, with theta = 10.0
 Avg David Bouldin score : 3.6640809466748663, with theta = 0.001
##################################################################################################
The results of running the Kmeans method 20 times and the report of maximum of 20 runs
##################################################################################################
 k1 = 100 : k2 = 10 
 Max ACC : 7.829328914664457, with theta = 0.001
 Max NMI : 9.59797783395307, with theta = 0.001
 Reconstruction Error : 437.387522191548
 Max Silhoutter score : 0.540520146409932, with theta = 10.0
 Max Dunn's Index score : 0.029809146677857196, with theta = 0.001
 Min David Bouldin score : 1.3545322799515391, with theta = 10.0
##################################################################################################
##################################################################################################
 k1 = 100 : k2 = 20 
 Max ACC : 7.829328914664457, with theta = 0.001
 Max NMI : 9.701397853487096, with theta = 0.01
 Reconstruction Error : 19603.21532300827
 Max Silhoutter score : 0.310187021350382, with theta = 0.1
 Max Dunn's Index score : 0.11468869447416946, with theta = 0.01
 Min David Bouldin score : 1.5843102651394803, with theta = 0.1
##################################################################################################
##################################################################################################
 k1 = 100 : k2 = 30 
 Max ACC : 7.912178956089479, with theta = 0.01
 Max NMI : 9.794860615011627, with theta = 0.01
 Reconstruction Error : 24301.23521571607
 Max Silhoutter score : 0.17480895505397684, with theta = 0.01
 Max Dunn's Index score : 0.09811036666659387, with theta = 0.001
 Min David Bouldin score : 1.9179746269969458, with theta = 0.01
##################################################################################################
##################################################################################################
 k1 = 100 : k2 = 40 
 Max ACC : 7.787903893951947, with theta = 0.001
 Max NMI : 9.69046555048129, with theta = 10.0
 Reconstruction Error : 50851.95114686733
 Max Silhoutter score : 0.1311194867496565, with theta = 0.001
 Max Dunn's Index score : 0.25001096981941984, with theta = 10.0
 Min David Bouldin score : 1.4882259942823965, with theta = 0.001
##################################################################################################
##################################################################################################
 k1 = 100 : k2 = 50 
 Max ACC : 7.746478873239436, with theta = 0.01
 Max NMI : 9.863050912522901, with theta = 0.1
 Reconstruction Error : 24648.93949397044
 Max Silhoutter score : 0.11285540392171194, with theta = 0.001
 Max Dunn's Index score : 0.4233765311923202, with theta = 10.0
 Min David Bouldin score : 1.593773693147873, with theta = 0.001
##################################################################################################
##################################################################################################
 k1 = 100 : k2 = 60 
 Max ACC : 7.8707539353769675, with theta = 0.001
 Max NMI : 9.623109776717046, with theta = 0.1
 Reconstruction Error : 71244.38426516492
 Max Silhoutter score : 0.08777209694788773, with theta = 0.01
 Max Dunn's Index score : 0.3527136531914403, with theta = 10.0
 Min David Bouldin score : 1.9108099397678273, with theta = 0.01
##################################################################################################
##################################################################################################
 k1 = 100 : k2 = 70 
 Max ACC : 7.995028997514499, with theta = 0.001
 Max NMI : 9.821881990746688, with theta = 0.001
 Reconstruction Error : 88190.71828010266
 Max Silhoutter score : 0.10077042700131361, with theta = 0.01
 Max Dunn's Index score : 0.40984334796801564, with theta = 10.0
 Min David Bouldin score : 1.932384391999745, with theta = 0.01
##################################################################################################
The results of running the Kmeans method 20 times and the average of 20 runs
##################################################################################################
 k1 = 100 : k2 = 10
 Avg ACC : 7.541534033924912, with theta = 0.001
 Avg NMI : 9.323271819282265, with theta = 0.001
 Reconstruction Error : 437.387522191548
 Avg Silhoutte score : 0.5354408538024236, with theta = 10.0
 Avg Dunn's Index score : 0.029809146677857196, with theta = 0.001
 Avg David Bouldin score : 1.3813029938948302, with theta = 10.0
##################################################################################################
##################################################################################################
 k1 = 100 : k2 = 20
 Avg ACC : 7.371473422578816, with theta = 0.01
 Avg NMI : 9.113984334844654, with theta = 0.01
 Reconstruction Error : 19603.21532300827
 Avg Silhoutte score : 0.302840698686752, with theta = 0.1
 Avg Dunn's Index score : 0.11468869447416946, with theta = 0.01
 Avg David Bouldin score : 1.9497118529697073, with theta = 0.1
##################################################################################################
##################################################################################################
 k1 = 100 : k2 = 30
 Avg ACC : 7.6614485675663895, with theta = 0.01
 Avg NMI : 9.440052232368075, with theta = 0.01
 Reconstruction Error : 24301.23521571607
 Avg Silhoutte score : 0.17186687626616529, with theta = 0.01
 Avg Dunn's Index score : 0.09811036666659387, with theta = 0.001
 Avg David Bouldin score : 1.9712052413502543, with theta = 0.01
##################################################################################################
##################################################################################################
 k1 = 100 : k2 = 40
 Avg ACC : 7.408537914795273, with theta = 0.1
 Avg NMI : 9.32685505510539, with theta = 10.0
 Reconstruction Error : 50851.95114686733
 Avg Silhoutte score : 0.1274101120197832, with theta = 0.001
 Avg Dunn's Index score : 0.25001096981941984, with theta = 10.0
 Avg David Bouldin score : 2.815609780635008, with theta = 0.001
##################################################################################################
##################################################################################################
 k1 = 100 : k2 = 50
 Avg ACC : 7.338769458858414, with theta = 10.0
 Avg NMI : 9.240685893639741, with theta = 0.1
 Reconstruction Error : 24648.93949397044
 Avg Silhoutte score : 0.11029986572666522, with theta = 0.001
 Avg Dunn's Index score : 0.4233765311923202, with theta = 10.0
 Avg David Bouldin score : 3.8552836829752777, with theta = 0.001
##################################################################################################
##################################################################################################
 k1 = 100 : k2 = 60
 Avg ACC : 7.439061614267649, with theta = 0.001
 Avg NMI : 9.134722941367897, with theta = 0.1
 Reconstruction Error : 71244.38426516492
 Avg Silhoutte score : 0.08553840490328589, with theta = 0.01
 Avg Dunn's Index score : 0.3527136531914403, with theta = 10.0
 Avg David Bouldin score : 3.3971845147095796, with theta = 0.01
##################################################################################################
##################################################################################################
 k1 = 100 : k2 = 70
 Avg ACC : 7.4521431997558105, with theta = 0.001
 Avg NMI : 9.274744468474946, with theta = 0.1
 Reconstruction Error : 88190.71828010266
 Avg Silhoutte score : 0.0989342427012515, with theta = 0.01
 Avg Dunn's Index score : 0.40984334796801564, with theta = 10.0
 Avg David Bouldin score : 3.7234311899067705, with theta = 0.01
##################################################################################################
The results of running the Kmeans method 20 times and the report of maximum of 20 runs
##################################################################################################
 k1 = 120 : k2 = 10 
 Max ACC : 7.705053852526926, with theta = 0.1
 Max NMI : 9.752175318936454, with theta = 0.1
 Reconstruction Error : 493.17116459890667
 Max Silhoutter score : 0.545945114159834, with theta = 10.0
 Max Dunn's Index score : 0.020080703990649672, with theta = 0.001
 Min David Bouldin score : 1.3252740488063355, with theta = 10.0
##################################################################################################
##################################################################################################
 k1 = 120 : k2 = 20 
 Max ACC : 7.746478873239436, with theta = 0.001
 Max NMI : 9.806899790266446, with theta = 10.0
 Reconstruction Error : 11083.971997478446
 Max Silhoutter score : 0.1883147530488508, with theta = 0.1
 Max Dunn's Index score : 0.10927968140993685, with theta = 0.001
 Min David Bouldin score : 1.9093081703112826, with theta = 0.1
##################################################################################################
##################################################################################################
 k1 = 120 : k2 = 30 
 Max ACC : 7.663628831814416, with theta = 0.1
 Max NMI : 9.658072501931414, with theta = 10.0
 Reconstruction Error : 20258.997169657472
 Max Silhoutter score : 0.14396732108238885, with theta = 0.1
 Max Dunn's Index score : 0.27023289239539433, with theta = 10.0
 Min David Bouldin score : 1.92770880025647, with theta = 0.1
##################################################################################################
##################################################################################################
 k1 = 120 : k2 = 40 
 Max ACC : 8.036454018227008, with theta = 0.001
 Max NMI : 9.724734073027182, with theta = 0.001
 Reconstruction Error : 32916.449678160665
 Max Silhoutter score : 0.13503409548178874, with theta = 0.1
 Max Dunn's Index score : 0.3725334523756647, with theta = 10.0
 Min David Bouldin score : 1.6897207403756374, with theta = 0.1
##################################################################################################
##################################################################################################
 k1 = 120 : k2 = 50 
 Max ACC : 7.829328914664457, with theta = 0.1
 Max NMI : 9.80686620993068, with theta = 0.1
 Reconstruction Error : 69706.66230549778
 Max Silhoutter score : 0.1029376764268215, with theta = 0.1
 Max Dunn's Index score : 0.3124365917115677, with theta = 10.0
 Min David Bouldin score : 1.92975830580413, with theta = 0.01
##################################################################################################
##################################################################################################
 k1 = 120 : k2 = 60 
 Max ACC : 7.8707539353769675, with theta = 10.0
 Max NMI : 9.805112067591914, with theta = 0.001
 Reconstruction Error : 40191.89806957658
 Max Silhoutter score : 0.08251399248803268, with theta = 0.1
 Max Dunn's Index score : 0.45638093451770123, with theta = 10.0
 Min David Bouldin score : 2.2567664516307895, with theta = 0.01
##################################################################################################
##################################################################################################
 k1 = 120 : k2 = 70 
 Max ACC : 7.787903893951947, with theta = 0.01
 Max NMI : 9.876753016142438, with theta = 0.1
 Reconstruction Error : 48070.26347640442
 Max Silhoutter score : 0.10100484737943768, with theta = 0.01
 Max Dunn's Index score : 0.4928683747236866, with theta = 10.0
 Min David Bouldin score : 1.7025506129752614, with theta = 0.01
##################################################################################################
The results of running the Kmeans method 20 times and the average of 20 runs
##################################################################################################
 k1 = 120 : k2 = 10
 Avg ACC : 7.436881350019623, with theta = 0.1
 Avg NMI : 9.282327756999337, with theta = 0.1
 Reconstruction Error : 493.17116459890667
 Avg Silhoutte score : 0.5387067665719154, with theta = 10.0
 Avg Dunn's Index score : 0.020080703990649672, with theta = 0.001
 Avg David Bouldin score : 1.3600157354653504, with theta = 10.0
##################################################################################################
##################################################################################################
 k1 = 120 : k2 = 20
 Avg ACC : 7.384555008066978, with theta = 0.001
 Avg NMI : 9.252996492163984, with theta = 0.1
 Reconstruction Error : 11083.971997478446
 Avg Silhoutte score : 0.183958984155105, with theta = 0.1
 Avg Dunn's Index score : 0.10927968140993685, with theta = 0.001
 Avg David Bouldin score : 1.9715318285254921, with theta = 0.1
##################################################################################################
##################################################################################################
 k1 = 120 : k2 = 30
 Avg ACC : 7.362752365586709, with theta = 0.1
 Avg NMI : 9.078391443621111, with theta = 10.0
 Reconstruction Error : 20258.997169657472
 Avg Silhoutte score : 0.14217060072291537, with theta = 0.1
 Avg Dunn's Index score : 0.27023289239539433, with theta = 10.0
 Avg David Bouldin score : 2.9374084768635984, with theta = 0.1
##################################################################################################
##################################################################################################
 k1 = 120 : k2 = 40
 Avg ACC : 7.434701085771596, with theta = 10.0
 Avg NMI : 9.163314561214944, with theta = 10.0
 Reconstruction Error : 32916.449678160665
 Avg Silhoutte score : 0.13149301161606564, with theta = 0.1
 Avg Dunn's Index score : 0.3725334523756647, with theta = 10.0
 Avg David Bouldin score : 3.4878548232920616, with theta = 0.1
##################################################################################################
##################################################################################################
 k1 = 120 : k2 = 50
 Avg ACC : 7.436881350019623, with theta = 0.1
 Avg NMI : 9.454771592151827, with theta = 0.1
 Reconstruction Error : 69706.66230549778
 Avg Silhoutte score : 0.10135841321284968, with theta = 0.1
 Avg Dunn's Index score : 0.3124365917115677, with theta = 10.0
 Avg David Bouldin score : 3.098612135257103, with theta = 0.01
##################################################################################################
##################################################################################################
 k1 = 120 : k2 = 60
 Avg ACC : 7.364932629834736, with theta = 0.1
 Avg NMI : 9.128995349984438, with theta = 0.01
 Reconstruction Error : 40191.89806957658
 Avg Silhoutte score : 0.0814939565160359, with theta = 0.1
 Avg Dunn's Index score : 0.45638093451770123, with theta = 10.0
 Avg David Bouldin score : 4.1388970220765255, with theta = 0.01
##################################################################################################
##################################################################################################
 k1 = 120 : k2 = 70
 Avg ACC : 7.358391837090656, with theta = 10.0
 Avg NMI : 9.261558379508099, with theta = 0.1
 Reconstruction Error : 48070.26347640442
 Avg Silhoutte score : 0.09847833027097863, with theta = 0.01
 Avg Dunn's Index score : 0.4928683747236866, with theta = 10.0
 Avg David Bouldin score : 4.386567644122875, with theta = 0.01
##################################################################################################
The results of running the Kmeans method 20 times and the report of maximum of 20 runs
##################################################################################################
 k1 = 200 : k2 = 10 
 Max ACC : 7.622203811101906, with theta = 0.001
 Max NMI : 9.436132020795911, with theta = 0.1
 Reconstruction Error : 971.5252442552422
 Max Silhoutter score : 0.5398308934381318, with theta = 10.0
 Max Dunn's Index score : 0.0314000241157744, with theta = 0.001
 Min David Bouldin score : 1.3656978790857353, with theta = 10.0
##################################################################################################
##################################################################################################
 k1 = 200 : k2 = 20 
 Max ACC : 7.995028997514499, with theta = 10.0
 Max NMI : 10.051892296339224, with theta = 0.001
 Reconstruction Error : 25328.42488992046
 Max Silhoutter score : 0.21031292194637236, with theta = 0.1
 Max Dunn's Index score : 0.18105622764933996, with theta = 10.0
 Min David Bouldin score : 2.0145851132189647, with theta = 0.1
##################################################################################################
##################################################################################################
 k1 = 200 : k2 = 30 
 Max ACC : 7.829328914664457, with theta = 0.001
 Max NMI : 9.804110261932527, with theta = 0.1
 Reconstruction Error : 39047.260978331055
 Max Silhoutter score : 0.13238514991454428, with theta = 0.1
 Max Dunn's Index score : 0.3154385705490895, with theta = 10.0
 Min David Bouldin score : 1.7184841003943976, with theta = 0.1
##################################################################################################
##################################################################################################
 k1 = 200 : k2 = 40 
 Max ACC : 7.8707539353769675, with theta = 0.001
 Max NMI : 10.102387245199397, with theta = 0.001
 Reconstruction Error : 49827.32928344414
 Max Silhoutter score : 0.13351630017856164, with theta = 0.1
 Max Dunn's Index score : 0.34468642390030924, with theta = 10.0
 Min David Bouldin score : 2.0155775585271716, with theta = 0.1
##################################################################################################
##################################################################################################
 k1 = 200 : k2 = 50 
 Max ACC : 7.705053852526926, with theta = 0.001
 Max NMI : 9.360656107846262, with theta = 0.001
 Reconstruction Error : 61191.73598300377
 Max Silhoutter score : 0.09744994610655587, with theta = 0.1
 Max Dunn's Index score : 0.3914032999784852, with theta = 10.0
 Min David Bouldin score : 1.9096548088602128, with theta = 0.1
##################################################################################################
##################################################################################################
 k1 = 200 : k2 = 60 
 Max ACC : 7.705053852526926, with theta = 10.0
 Max NMI : 9.852798213344077, with theta = 10.0
 Reconstruction Error : 127640.9314536088
 Max Silhoutter score : 0.09955432252721273, with theta = 0.1
 Max Dunn's Index score : 0.38600577866044644, with theta = 10.0
 Min David Bouldin score : 1.815949801674024, with theta = 0.1
##################################################################################################
##################################################################################################
 k1 = 200 : k2 = 70 
 Max ACC : 7.8707539353769675, with theta = 0.01
 Max NMI : 9.735869735751894, with theta = 0.01
 Reconstruction Error : 134155.96823543185
 Max Silhoutter score : 0.1269564654031654, with theta = 0.1
 Max Dunn's Index score : 0.3878489144886578, with theta = 10.0
 Min David Bouldin score : 2.3403914502176124, with theta = 0.1
##################################################################################################
The results of running the Kmeans method 20 times and the average of 20 runs
##################################################################################################
 k1 = 200 : k2 = 10
 Avg ACC : 7.288623381153796, with theta = 0.001
 Avg NMI : 9.133064060164232, with theta = 0.1
 Reconstruction Error : 971.5252442552422
 Avg Silhoutte score : 0.5334667588757482, with theta = 10.0
 Avg Dunn's Index score : 0.0314000241157744, with theta = 0.001
 Avg David Bouldin score : 1.3814079822959344, with theta = 10.0
##################################################################################################
##################################################################################################
 k1 = 200 : k2 = 20
 Avg ACC : 7.582959054637422, with theta = 10.0
 Avg NMI : 9.431632189861366, with theta = 10.0
 Reconstruction Error : 25328.42488992046
 Avg Silhoutte score : 0.2030333680638219, with theta = 0.1
 Avg Dunn's Index score : 0.18105622764933996, with theta = 10.0
 Avg David Bouldin score : 2.4135412098923394, with theta = 0.1
##################################################################################################
##################################################################################################
 k1 = 200 : k2 = 30
 Avg ACC : 7.506649805956482, with theta = 0.1
 Avg NMI : 9.423973392565406, with theta = 0.1
 Reconstruction Error : 39047.260978331055
 Avg Silhoutte score : 0.13001191433725048, with theta = 0.1
 Avg Dunn's Index score : 0.3154385705490895, with theta = 10.0
 Avg David Bouldin score : 3.1139575589707507, with theta = 0.1
##################################################################################################
##################################################################################################
 k1 = 200 : k2 = 40
 Avg ACC : 7.4325208215235685, with theta = 0.001
 Avg NMI : 9.439186588016927, with theta = 0.001
 Reconstruction Error : 49827.32928344414
 Avg Silhoutte score : 0.13076596977998453, with theta = 0.1
 Avg Dunn's Index score : 0.34468642390030924, with theta = 10.0
 Avg David Bouldin score : 3.5196958091340758, with theta = 0.1
##################################################################################################
##################################################################################################
 k1 = 200 : k2 = 50
 Avg ACC : 7.314786552130118, with theta = 0.1
 Avg NMI : 8.93793316371478, with theta = 0.1
 Reconstruction Error : 61191.73598300377
 Avg Silhoutte score : 0.0947432721052114, with theta = 0.1
 Avg Dunn's Index score : 0.3914032999784852, with theta = 10.0
 Avg David Bouldin score : 3.85560931088307, with theta = 0.1
##################################################################################################
##################################################################################################
 k1 = 200 : k2 = 60
 Avg ACC : 7.373653686826843, with theta = 10.0
 Avg NMI : 9.152975414988896, with theta = 10.0
 Reconstruction Error : 127640.9314536088
 Avg Silhoutte score : 0.09774800685515536, with theta = 0.1
 Avg Dunn's Index score : 0.38600577866044644, with theta = 10.0
 Avg David Bouldin score : 3.573744220811173, with theta = 0.1
##################################################################################################
##################################################################################################
 k1 = 200 : k2 = 70
 Avg ACC : 7.367112894082763, with theta = 10.0
 Avg NMI : 9.18705194013343, with theta = 0.01
 Reconstruction Error : 134155.96823543185
 Avg Silhoutte score : 0.1246010284545115, with theta = 0.1
 Avg Dunn's Index score : 0.3878489144886578, with theta = 10.0
 Avg David Bouldin score : 3.834728934958557, with theta = 0.1
##################################################################################################
done
