Model : GRSNMF
Dataset : yaleB
max iterations : 100
myeps_1 : 1e-12
myeps_2 : 1e-10
The results of running the Kmeans method 20 times and the report of maximum of 20 runs
##################################################################################################
 k = 10 :  k_knn = 3  
 Max ACC : 10.149130074565036, with theta = 0.001
 Max NMI : 16.70021155060012, with theta = 0.001
 Reconstruction Error : 16.69850699952744
 Max Silhoutter score : 0.22496121246206002, with theta = 0.1
 Max Dunn's Index score : 0.012496738170210532, with theta = 0.01
 Min David Bouldin score : 1.2732698690582274, with theta = 0.1
##################################################################################################
##################################################################################################
 k = 20 :  k_knn = 3  
 Max ACC : 12.510356255178129, with theta = 0.001
 Max NMI : 22.940872955881474, with theta = 0.001
 Reconstruction Error : 15.114823066770162
 Max Silhoutter score : 0.15758398547511127, with theta = 0.001
 Max Dunn's Index score : 0.027166946017396783, with theta = 0.01
 Min David Bouldin score : 1.5280599577310847, with theta = 0.1
##################################################################################################
##################################################################################################
 k = 30 :  k_knn = 3  
 Max ACC : 15.161557580778789, with theta = 10.0
 Max NMI : 27.66154697760915, with theta = 0.01
 Reconstruction Error : 14.08126190999302
 Max Silhoutter score : 0.13308298887297085, with theta = 10.0
 Max Dunn's Index score : 0.056051564964180636, with theta = 0.001
 Min David Bouldin score : 1.7345294972882428, with theta = 10.0
##################################################################################################
##################################################################################################
 k = 40 :  k_knn = 3  
 Max ACC : 16.072908036454017, with theta = 0.01
 Max NMI : 28.760610662106366, with theta = 10.0
 Reconstruction Error : 13.359454007082698
 Max Silhoutter score : 0.12136559687514628, with theta = 10.0
 Max Dunn's Index score : 0.06702320594106573, with theta = 0.1
 Min David Bouldin score : 1.8750212241974908, with theta = 10.0
##################################################################################################
##################################################################################################
 k = 50 :  k_knn = 3  
 Max ACC : 16.570008285004143, with theta = 0.001
 Max NMI : 31.057434123856076, with theta = 0.001
 Reconstruction Error : 12.932388061074134
 Max Silhoutter score : 0.10613071168315308, with theta = 0.001
 Max Dunn's Index score : 0.09072257885139444, with theta = 0.1
 Min David Bouldin score : 1.931469320118592, with theta = 0.1
##################################################################################################
##################################################################################################
 k = 60 :  k_knn = 3  
 Max ACC : 17.854183927091963, with theta = 10.0
 Max NMI : 31.444870863846074, with theta = 10.0
 Reconstruction Error : 12.42311099623979
 Max Silhoutter score : 0.10560169364634131, with theta = 10.0
 Max Dunn's Index score : 0.08675057258608665, with theta = 0.001
 Min David Bouldin score : 2.0268467918749336, with theta = 10.0
##################################################################################################
##################################################################################################
 k = 70 :  k_knn = 3  
 Max ACC : 17.688483844241922, with theta = 10.0
 Max NMI : 31.72041132651527, with theta = 10.0
 Reconstruction Error : 12.04475287539323
 Max Silhoutter score : 0.09730977778168237, with theta = 10.0
 Max Dunn's Index score : 0.11040603556060413, with theta = 0.001
 Min David Bouldin score : 2.1157214736262904, with theta = 10.0
##################################################################################################
The results of running the Kmeans method 20 times and the average of 20 runs
##################################################################################################
k = 10 :  k_knn = 3 
 Avg ACC : 9.42528234422012, with theta = 0.001
 Avg NMI : 15.268514754907484, with theta = 0.001
 Reconstruction Error : 16.69850699952744
 Avg Silhoutte score : 0.21747418981435446, with theta = 0.1
 Avg Dunn's Index score : 0.012496738170210532, with theta = 0.01
 Avg David Bouldin score : 1.238469390090114, with theta = 0.1
##################################################################################################
##################################################################################################
k = 20 :  k_knn = 3 
 Avg ACC : 11.68185584092792, with theta = 0.1
 Avg NMI : 21.756839542068427, with theta = 0.001
 Reconstruction Error : 15.114823066770162
 Avg Silhoutte score : 0.15085352236959493, with theta = 0.001
 Avg Dunn's Index score : 0.027166946017396783, with theta = 0.01
 Avg David Bouldin score : 1.5610027324497493, with theta = 0.001
##################################################################################################
##################################################################################################
k = 30 :  k_knn = 3 
 Avg ACC : 14.328696638032529, with theta = 0.01
 Avg NMI : 26.63955928569347, with theta = 0.01
 Reconstruction Error : 14.08126190999302
 Avg Silhoutte score : 0.12925568268815382, with theta = 10.0
 Avg Dunn's Index score : 0.056051564964180636, with theta = 0.001
 Avg David Bouldin score : 1.7142612859454647, with theta = 10.0
##################################################################################################
##################################################################################################
k = 40 :  k_knn = 3 
 Avg ACC : 14.884664021279379, with theta = 10.0
 Avg NMI : 27.170787184535836, with theta = 10.0
 Reconstruction Error : 13.359454007082698
 Avg Silhoutte score : 0.116216157814088, with theta = 10.0
 Avg Dunn's Index score : 0.06702320594106573, with theta = 0.1
 Avg David Bouldin score : 1.8681794804854985, with theta = 10.0
##################################################################################################
##################################################################################################
k = 50 :  k_knn = 3 
 Avg ACC : 15.264030000436053, with theta = 0.001
 Avg NMI : 28.830572034966323, with theta = 0.001
 Reconstruction Error : 12.932388061074134
 Avg Silhoutte score : 0.1026078449891383, with theta = 0.001
 Avg Dunn's Index score : 0.09072257885139444, with theta = 0.1
 Avg David Bouldin score : 1.9511951305563127, with theta = 0.01
##################################################################################################
##################################################################################################
k = 60 :  k_knn = 3 
 Avg ACC : 16.511141150307417, with theta = 10.0
 Avg NMI : 30.20290077250593, with theta = 10.0
 Reconstruction Error : 12.42311099623979
 Avg Silhoutte score : 0.10147665263299492, with theta = 10.0
 Avg Dunn's Index score : 0.08675057258608665, with theta = 0.001
 Avg David Bouldin score : 2.0089014047759495, with theta = 10.0
##################################################################################################
##################################################################################################
k = 70 :  k_knn = 3 
 Avg ACC : 16.54384511402782, with theta = 10.0
 Avg NMI : 29.829233763305506, with theta = 10.0
 Reconstruction Error : 12.04475287539323
 Avg Silhoutte score : 0.09119742848786581, with theta = 10.0
 Avg Dunn's Index score : 0.11040603556060413, with theta = 0.001
 Avg David Bouldin score : 2.107180282216611, with theta = 10.0
##################################################################################################
The results of running the Kmeans method 20 times and the report of maximum of 20 runs
##################################################################################################
 k = 10 :  k_knn = 5  
 Max ACC : 8.699254349627175, with theta = 0.001
 Max NMI : 13.446245814536203, with theta = 0.001
 Reconstruction Error : 16.661648334880056
 Max Silhoutter score : 0.22255752663004078, with theta = 10.0
 Max Dunn's Index score : 0.010275913369737686, with theta = 10.0
 Min David Bouldin score : 1.2068897891910078, with theta = 0.001
##################################################################################################
##################################################################################################
 k = 20 :  k_knn = 5  
 Max ACC : 13.256006628003314, with theta = 0.1
 Max NMI : 22.72583819028501, with theta = 0.1
 Reconstruction Error : 15.050677729098076
 Max Silhoutter score : 0.15645834867629455, with theta = 10.0
 Max Dunn's Index score : 0.036161354731296856, with theta = 0.001
 Min David Bouldin score : 1.5599636581754774, with theta = 10.0
##################################################################################################
##################################################################################################
 k = 30 :  k_knn = 5  
 Max ACC : 14.457332228666115, with theta = 0.1
 Max NMI : 28.044268732753007, with theta = 0.1
 Reconstruction Error : 14.181300216107926
 Max Silhoutter score : 0.13577870088356936, with theta = 10.0
 Max Dunn's Index score : 0.06073872305433416, with theta = 0.01
 Min David Bouldin score : 1.7339083131844248, with theta = 0.01
##################################################################################################
##################################################################################################
 k = 40 :  k_knn = 5  
 Max ACC : 15.948632974316487, with theta = 0.001
 Max NMI : 30.478250312061643, with theta = 0.001
 Reconstruction Error : 13.444151864604233
 Max Silhoutter score : 0.11898548514567002, with theta = 0.001
 Max Dunn's Index score : 0.06168636093968232, with theta = 0.01
 Min David Bouldin score : 1.8241567866192685, with theta = 0.001
##################################################################################################
##################################################################################################
 k = 50 :  k_knn = 5  
 Max ACC : 16.528583264291633, with theta = 10.0
 Max NMI : 30.373770411008934, with theta = 0.1
 Reconstruction Error : 12.8031722258708
 Max Silhoutter score : 0.11666355274637838, with theta = 10.0
 Max Dunn's Index score : 0.07778834010405801, with theta = 0.1
 Min David Bouldin score : 1.9108982363198375, with theta = 0.1
##################################################################################################
##################################################################################################
 k = 60 :  k_knn = 5  
 Max ACC : 16.901408450704224, with theta = 10.0
 Max NMI : 30.396076276744754, with theta = 10.0
 Reconstruction Error : 12.403245165112313
 Max Silhoutter score : 0.10659350493677786, with theta = 10.0
 Max Dunn's Index score : 0.10322164573456882, with theta = 0.01
 Min David Bouldin score : 2.00214730501771, with theta = 0.1
##################################################################################################
##################################################################################################
 k = 70 :  k_knn = 5  
 Max ACC : 17.895608947804472, with theta = 0.001
 Max NMI : 31.57668676619195, with theta = 10.0
 Reconstruction Error : 12.025033966051092
 Max Silhoutter score : 0.10366437225088918, with theta = 10.0
 Max Dunn's Index score : 0.10362235246273785, with theta = 0.01
 Min David Bouldin score : 2.1163666321301835, with theta = 10.0
##################################################################################################
The results of running the Kmeans method 20 times and the average of 20 runs
##################################################################################################
k = 10 :  k_knn = 5 
 Avg ACC : 8.274102821261938, with theta = 0.001
 Avg NMI : 13.017280559224764, with theta = 0.001
 Reconstruction Error : 16.661648334880056
 Avg Silhoutte score : 0.21909706367522838, with theta = 0.001
 Avg Dunn's Index score : 0.010275913369737686, with theta = 10.0
 Avg David Bouldin score : 1.2288151503048748, with theta = 0.001
##################################################################################################
##################################################################################################
k = 20 :  k_knn = 5 
 Avg ACC : 12.054681027340514, with theta = 0.1
 Avg NMI : 21.437412677190085, with theta = 0.001
 Reconstruction Error : 15.050677729098076
 Avg Silhoutte score : 0.15172368365932695, with theta = 10.0
 Avg Dunn's Index score : 0.036161354731296856, with theta = 0.001
 Avg David Bouldin score : 1.563017819592892, with theta = 10.0
##################################################################################################
##################################################################################################
k = 30 :  k_knn = 5 
 Avg ACC : 13.367200104652683, with theta = 0.1
 Avg NMI : 25.376309151476164, with theta = 0.1
 Reconstruction Error : 14.181300216107926
 Avg Silhoutte score : 0.12892757023885873, with theta = 10.0
 Avg Dunn's Index score : 0.06073872305433416, with theta = 0.01
 Avg David Bouldin score : 1.735907077647938, with theta = 10.0
##################################################################################################
##################################################################################################
k = 40 :  k_knn = 5 
 Avg ACC : 14.832337679326734, with theta = 0.001
 Avg NMI : 28.420492984240102, with theta = 0.001
 Reconstruction Error : 13.444151864604233
 Avg Silhoutte score : 0.11254551566881442, with theta = 0.001
 Avg Dunn's Index score : 0.06168636093968232, with theta = 0.01
 Avg David Bouldin score : 1.8715771635094918, with theta = 0.001
##################################################################################################
##################################################################################################
k = 50 :  k_knn = 5 
 Avg ACC : 15.250948414947892, with theta = 0.1
 Avg NMI : 28.62468142089996, with theta = 0.1
 Reconstruction Error : 12.8031722258708
 Avg Silhoutte score : 0.11012619252855685, with theta = 10.0
 Avg Dunn's Index score : 0.07778834010405801, with theta = 0.1
 Avg David Bouldin score : 1.9467800288136703, with theta = 0.1
##################################################################################################
##################################################################################################
k = 60 :  k_knn = 5 
 Avg ACC : 15.067806218113635, with theta = 10.0
 Avg NMI : 27.896875654495606, with theta = 0.001
 Reconstruction Error : 12.403245165112313
 Avg Silhoutte score : 0.10133720846642913, with theta = 10.0
 Avg Dunn's Index score : 0.10322164573456882, with theta = 0.01
 Avg David Bouldin score : 2.019046317160446, with theta = 10.0
##################################################################################################
##################################################################################################
k = 70 :  k_knn = 5 
 Avg ACC : 16.34108053896132, with theta = 10.0
 Avg NMI : 29.49828465312029, with theta = 10.0
 Reconstruction Error : 12.025033966051092
 Avg Silhoutte score : 0.09748738840048998, with theta = 10.0
 Avg Dunn's Index score : 0.10362235246273785, with theta = 0.01
 Avg David Bouldin score : 2.107185948196915, with theta = 10.0
##################################################################################################
The results of running the Kmeans method 20 times and the report of maximum of 20 runs
##################################################################################################
 k = 10 :  k_knn = 6  
 Max ACC : 9.113504556752279, with theta = 0.001
 Max NMI : 13.89953508664015, with theta = 0.001
 Reconstruction Error : 16.623336998143614
 Max Silhoutter score : 0.22689945865084973, with theta = 0.01
 Max Dunn's Index score : 0.01200875387925435, with theta = 10.0
 Min David Bouldin score : 1.2254587122600697, with theta = 10.0
##################################################################################################
##################################################################################################
 k = 20 :  k_knn = 6  
 Max ACC : 12.71748135874068, with theta = 0.1
 Max NMI : 24.402251238806308, with theta = 0.1
 Reconstruction Error : 15.15108774470153
 Max Silhoutter score : 0.16186767676276362, with theta = 10.0
 Max Dunn's Index score : 0.027201247596020498, with theta = 10.0
 Min David Bouldin score : 1.5492681117335407, with theta = 10.0
##################################################################################################
##################################################################################################
 k = 30 :  k_knn = 6  
 Max ACC : 14.333057166528585, with theta = 0.001
 Max NMI : 26.584737049674217, with theta = 0.001
 Reconstruction Error : 14.098241906110198
 Max Silhoutter score : 0.138315682251527, with theta = 10.0
 Max Dunn's Index score : 0.049207527832917174, with theta = 10.0
 Min David Bouldin score : 1.716763259110239, with theta = 10.0
##################################################################################################
##################################################################################################
 k = 40 :  k_knn = 6  
 Max ACC : 15.907207953603978, with theta = 0.01
 Max NMI : 28.55716597709198, with theta = 0.01
 Reconstruction Error : 13.433747656576411
 Max Silhoutter score : 0.1298326585331875, with theta = 10.0
 Max Dunn's Index score : 0.06349967016127929, with theta = 0.01
 Min David Bouldin score : 1.8604693891121082, with theta = 10.0
##################################################################################################
##################################################################################################
 k = 50 :  k_knn = 6  
 Max ACC : 17.43993371996686, with theta = 10.0
 Max NMI : 31.360082963451426, with theta = 0.1
 Reconstruction Error : 12.906110172207335
 Max Silhoutter score : 0.12722709815029043, with theta = 10.0
 Max Dunn's Index score : 0.09720860141486384, with theta = 0.1
 Min David Bouldin score : 1.9908113019124023, with theta = 10.0
##################################################################################################
##################################################################################################
 k = 60 :  k_knn = 6  
 Max ACC : 16.777133388566696, with theta = 10.0
 Max NMI : 30.684581936491305, with theta = 0.1
 Reconstruction Error : 12.468937059671287
 Max Silhoutter score : 0.11309970028915946, with theta = 10.0
 Max Dunn's Index score : 0.0927709326181285, with theta = 0.1
 Min David Bouldin score : 2.0229933962128808, with theta = 10.0
##################################################################################################
##################################################################################################
 k = 70 :  k_knn = 6  
 Max ACC : 18.185584092792045, with theta = 0.1
 Max NMI : 31.611840266109652, with theta = 0.1
 Reconstruction Error : 12.030757859719174
 Max Silhoutter score : 0.1091609914460329, with theta = 10.0
 Max Dunn's Index score : 0.11410529891266327, with theta = 10.0
 Min David Bouldin score : 2.1317464193902333, with theta = 10.0
##################################################################################################
The results of running the Kmeans method 20 times and the average of 20 runs
##################################################################################################
k = 10 :  k_knn = 6 
 Avg ACC : 8.53573453102516, with theta = 0.001
 Avg NMI : 13.383249449517521, with theta = 0.001
 Reconstruction Error : 16.623336998143614
 Avg Silhoutte score : 0.22227561749352195, with theta = 0.01
 Avg Dunn's Index score : 0.01200875387925435, with theta = 10.0
 Avg David Bouldin score : 1.2066109157681522, with theta = 10.0
##################################################################################################
##################################################################################################
k = 20 :  k_knn = 6 
 Avg ACC : 12.141891597261589, with theta = 0.1
 Avg NMI : 22.46692376788202, with theta = 0.1
 Reconstruction Error : 15.15108774470153
 Avg Silhoutte score : 0.15470027223351168, with theta = 10.0
 Avg Dunn's Index score : 0.027201247596020498, with theta = 10.0
 Avg David Bouldin score : 1.5579467475399038, with theta = 0.01
##################################################################################################
##################################################################################################
k = 30 :  k_knn = 6 
 Avg ACC : 13.35629878341255, with theta = 0.001
 Avg NMI : 25.606169840490796, with theta = 0.01
 Reconstruction Error : 14.098241906110198
 Avg Silhoutte score : 0.13187518067545337, with theta = 10.0
 Avg Dunn's Index score : 0.049207527832917174, with theta = 10.0
 Avg David Bouldin score : 1.7304140236066157, with theta = 10.0
##################################################################################################
##################################################################################################
k = 40 :  k_knn = 6 
 Avg ACC : 14.365761130248986, with theta = 0.1
 Avg NMI : 26.5966649767807, with theta = 0.1
 Reconstruction Error : 13.433747656576411
 Avg Silhoutte score : 0.12233775277713085, with theta = 10.0
 Avg Dunn's Index score : 0.06349967016127929, with theta = 0.01
 Avg David Bouldin score : 1.8262489536504227, with theta = 10.0
##################################################################################################
##################################################################################################
k = 50 :  k_knn = 6 
 Avg ACC : 15.482056425238738, with theta = 10.0
 Avg NMI : 28.943865240393198, with theta = 0.1
 Reconstruction Error : 12.906110172207335
 Avg Silhoutte score : 0.12074565897007779, with theta = 10.0
 Avg Dunn's Index score : 0.09720860141486384, with theta = 0.1
 Avg David Bouldin score : 1.8835962707386338, with theta = 10.0
##################################################################################################
##################################################################################################
k = 60 :  k_knn = 6 
 Avg ACC : 15.264030000436053, with theta = 10.0
 Avg NMI : 28.512477757266325, with theta = 0.1
 Reconstruction Error : 12.468937059671287
 Avg Silhoutte score : 0.10427606610372944, with theta = 10.0
 Avg Dunn's Index score : 0.0927709326181285, with theta = 0.1
 Avg David Bouldin score : 2.0242133105004614, with theta = 10.0
##################################################################################################
##################################################################################################
k = 70 :  k_knn = 6 
 Avg ACC : 16.027122487245453, with theta = 0.1
 Avg NMI : 29.66975595166496, with theta = 0.1
 Reconstruction Error : 12.030757859719174
 Avg Silhoutte score : 0.10091362450549472, with theta = 10.0
 Avg Dunn's Index score : 0.11410529891266327, with theta = 10.0
 Avg David Bouldin score : 2.0780275409010263, with theta = 10.0
##################################################################################################
The results of running the Kmeans method 20 times and the report of maximum of 20 runs
##################################################################################################
 k = 10 :  k_knn = 11  
 Max ACC : 9.36205468102734, with theta = 0.1
 Max NMI : 14.293111517848272, with theta = 0.01
 Reconstruction Error : 16.79095053806912
 Max Silhoutter score : 0.25726970160145207, with theta = 10.0
 Max Dunn's Index score : 0.010302372942418479, with theta = 10.0
 Min David Bouldin score : 1.1970277441773556, with theta = 10.0
##################################################################################################
##################################################################################################
 k = 20 :  k_knn = 11  
 Max ACC : 13.04888152444076, with theta = 0.1
 Max NMI : 23.322453781897973, with theta = 0.1
 Reconstruction Error : 15.41683053268024
 Max Silhoutter score : 0.18857637701925273, with theta = 10.0
 Max Dunn's Index score : 0.039955104906104176, with theta = 0.01
 Min David Bouldin score : 1.5424791071322723, with theta = 10.0
##################################################################################################
##################################################################################################
 k = 30 :  k_knn = 11  
 Max ACC : 14.374482187241094, with theta = 0.001
 Max NMI : 27.076030061220624, with theta = 0.01
 Reconstruction Error : 14.54983390521392
 Max Silhoutter score : 0.16492354661637038, with theta = 10.0
 Max Dunn's Index score : 0.06361504257343581, with theta = 0.01
 Min David Bouldin score : 1.7084209905538101, with theta = 10.0
##################################################################################################
##################################################################################################
 k = 40 :  k_knn = 11  
 Max ACC : 16.031483015741507, with theta = 0.1
 Max NMI : 28.782131236054948, with theta = 0.1
 Reconstruction Error : 13.799347294211369
 Max Silhoutter score : 0.15182741800377503, with theta = 10.0
 Max Dunn's Index score : 0.06121929878620015, with theta = 0.1
 Min David Bouldin score : 1.8272590165254412, with theta = 10.0
##################################################################################################
##################################################################################################
 k = 50 :  k_knn = 11  
 Max ACC : 16.777133388566696, with theta = 0.001
 Max NMI : 30.57134949953289, with theta = 0.001
 Reconstruction Error : 13.202000138318786
 Max Silhoutter score : 0.13133403057992954, with theta = 10.0
 Max Dunn's Index score : 0.07326632094374447, with theta = 0.001
 Min David Bouldin score : 1.9466945585106803, with theta = 10.0
##################################################################################################
##################################################################################################
 k = 60 :  k_knn = 11  
 Max ACC : 17.23280861640431, with theta = 0.01
 Max NMI : 30.75066095097557, with theta = 0.01
 Reconstruction Error : 12.888455801814759
 Max Silhoutter score : 0.1293589029071207, with theta = 10.0
 Max Dunn's Index score : 0.10530304820292608, with theta = 0.001
 Min David Bouldin score : 2.018229283402402, with theta = 10.0
##################################################################################################
##################################################################################################
 k = 70 :  k_knn = 11  
 Max ACC : 16.942833471416733, with theta = 0.001
 Max NMI : 32.007133217233715, with theta = 0.1
 Reconstruction Error : 12.520282783115396
 Max Silhoutter score : 0.12509277495622032, with theta = 10.0
 Max Dunn's Index score : 0.11996592419833531, with theta = 0.1
 Min David Bouldin score : 2.036465734821836, with theta = 10.0
##################################################################################################
The results of running the Kmeans method 20 times and the average of 20 runs
##################################################################################################
k = 10 :  k_knn = 11 
 Avg ACC : 8.740679370339684, with theta = 0.01
 Avg NMI : 13.801158210237713, with theta = 0.01
 Reconstruction Error : 16.79095053806912
 Avg Silhoutte score : 0.24830071680565113, with theta = 10.0
 Avg Dunn's Index score : 0.010302372942418479, with theta = 10.0
 Avg David Bouldin score : 1.1366603227082983, with theta = 10.0
##################################################################################################
##################################################################################################
k = 20 :  k_knn = 11 
 Avg ACC : 12.211660053198447, with theta = 0.1
 Avg NMI : 22.01782872853902, with theta = 0.1
 Reconstruction Error : 15.41683053268024
 Avg Silhoutte score : 0.18275446298993955, with theta = 10.0
 Avg Dunn's Index score : 0.039955104906104176, with theta = 0.01
 Avg David Bouldin score : 1.4149078158847783, with theta = 10.0
##################################################################################################
##################################################################################################
k = 30 :  k_knn = 11 
 Avg ACC : 13.635372607159988, with theta = 0.001
 Avg NMI : 25.373364693612995, with theta = 0.001
 Reconstruction Error : 14.54983390521392
 Avg Silhoutte score : 0.15905890927555744, with theta = 10.0
 Avg Dunn's Index score : 0.06361504257343581, with theta = 0.01
 Avg David Bouldin score : 1.55235633340626, with theta = 10.0
##################################################################################################
##################################################################################################
k = 40 :  k_knn = 11 
 Avg ACC : 14.278550560327911, with theta = 0.1
 Avg NMI : 26.56911373499359, with theta = 0.1
 Reconstruction Error : 13.799347294211369
 Avg Silhoutte score : 0.14335485752210897, with theta = 10.0
 Avg Dunn's Index score : 0.06121929878620015, with theta = 0.1
 Avg David Bouldin score : 1.6701850387793133, with theta = 10.0
##################################################################################################
##################################################################################################
k = 50 :  k_knn = 11 
 Avg ACC : 15.573627523655867, with theta = 0.001
 Avg NMI : 29.285900818734877, with theta = 0.001
 Reconstruction Error : 13.202000138318786
 Avg Silhoutte score : 0.12679987025590797, with theta = 10.0
 Avg Dunn's Index score : 0.07326632094374447, with theta = 0.001
 Avg David Bouldin score : 1.7897965782808212, with theta = 10.0
##################################################################################################
##################################################################################################
k = 60 :  k_knn = 11 
 Avg ACC : 15.859242140147385, with theta = 0.001
 Avg NMI : 28.865446591104657, with theta = 0.001
 Reconstruction Error : 12.888455801814759
 Avg Silhoutte score : 0.11994855691871423, with theta = 10.0
 Avg Dunn's Index score : 0.10530304820292608, with theta = 0.001
 Avg David Bouldin score : 1.829474685988776, with theta = 10.0
##################################################################################################
##################################################################################################
k = 70 :  k_knn = 11 
 Avg ACC : 15.843980290411197, with theta = 0.001
 Avg NMI : 28.60682622772838, with theta = 0.01
 Reconstruction Error : 12.520282783115396
 Avg Silhoutte score : 0.11950532433896802, with theta = 10.0
 Avg Dunn's Index score : 0.11996592419833531, with theta = 0.1
 Avg David Bouldin score : 1.881507946770202, with theta = 10.0
##################################################################################################
The results of running the Kmeans method 20 times and the report of maximum of 20 runs
##################################################################################################
 k = 10 :  k_knn = 21  
 Max ACC : 9.569179784589894, with theta = 0.001
 Max NMI : 15.355365032680126, with theta = 0.001
 Reconstruction Error : 20.584983084767728
 Max Silhoutter score : 0.3312024307830952, with theta = 10.0
 Max Dunn's Index score : 0.006826940265015082, with theta = 0.1
 Min David Bouldin score : 1.2284416591082985, with theta = 10.0
##################################################################################################
##################################################################################################
 k = 20 :  k_knn = 21  
 Max ACC : 12.468931234465618, with theta = 0.001
 Max NMI : 22.122175533830095, with theta = 0.001
 Reconstruction Error : 18.434239520908477
 Max Silhoutter score : 0.32583520458945125, with theta = 10.0
 Max Dunn's Index score : 0.02330960132108383, with theta = 0.1
 Min David Bouldin score : 1.5123906658699877, with theta = 10.0
##################################################################################################
##################################################################################################
 k = 30 :  k_knn = 21  
 Max ACC : 14.250207125103561, with theta = 0.01
 Max NMI : 26.42501658202314, with theta = 0.001
 Reconstruction Error : 17.078244451464954
 Max Silhoutter score : 0.2787616325396044, with theta = 10.0
 Max Dunn's Index score : 0.05405969965265291, with theta = 0.1
 Min David Bouldin score : 1.7100357350052544, with theta = 10.0
##################################################################################################
##################################################################################################
 k = 40 :  k_knn = 21  
 Max ACC : 14.95443247721624, with theta = 0.01
 Max NMI : 27.710119279459878, with theta = 0.01
 Reconstruction Error : 16.777490429057842
 Max Silhoutter score : 0.2601615255678344, with theta = 10.0
 Max Dunn's Index score : 0.07723440558211345, with theta = 0.1
 Min David Bouldin score : 1.8431162749827663, with theta = 10.0
##################################################################################################
##################################################################################################
 k = 50 :  k_knn = 21  
 Max ACC : 16.611433305716652, with theta = 0.1
 Max NMI : 29.761643862454584, with theta = 0.001
 Reconstruction Error : 15.979298867619525
 Max Silhoutter score : 0.22602565288003607, with theta = 10.0
 Max Dunn's Index score : 0.06659926075784137, with theta = 0.1
 Min David Bouldin score : 1.905566555287929, with theta = 10.0
##################################################################################################
##################################################################################################
 k = 60 :  k_knn = 21  
 Max ACC : 17.688483844241922, with theta = 0.01
 Max NMI : 30.99471897220368, with theta = 0.01
 Reconstruction Error : 15.255943043427088
 Max Silhoutter score : 0.196279704788254, with theta = 10.0
 Max Dunn's Index score : 0.10256389179094395, with theta = 0.001
 Min David Bouldin score : 2.0409291795167563, with theta = 10.0
##################################################################################################
##################################################################################################
 k = 70 :  k_knn = 21  
 Max ACC : 16.859983429991715, with theta = 0.01
 Max NMI : 31.31358410138701, with theta = 0.001
 Reconstruction Error : 15.203567696853742
 Max Silhoutter score : 0.19356262292121867, with theta = 10.0
 Max Dunn's Index score : 0.09073473327789465, with theta = 0.001
 Min David Bouldin score : 2.1342549457781588, with theta = 10.0
##################################################################################################
The results of running the Kmeans method 20 times and the average of 20 runs
##################################################################################################
k = 10 :  k_knn = 21 
 Avg ACC : 9.080800593031876, with theta = 0.001
 Avg NMI : 14.744363396772139, with theta = 0.001
 Reconstruction Error : 20.584983084767728
 Avg Silhoutte score : 0.32526171088985073, with theta = 10.0
 Avg Dunn's Index score : 0.006826940265015082, with theta = 0.1
 Avg David Bouldin score : 0.9379600292114563, with theta = 10.0
##################################################################################################
##################################################################################################
k = 20 :  k_knn = 21 
 Avg ACC : 11.712379540400297, with theta = 0.001
 Avg NMI : 21.079845612908517, with theta = 0.001
 Reconstruction Error : 18.434239520908477
 Avg Silhoutte score : 0.31796939609853603, with theta = 10.0
 Avg Dunn's Index score : 0.02330960132108383, with theta = 0.1
 Avg David Bouldin score : 0.9337884609488941, with theta = 10.0
##################################################################################################
##################################################################################################
k = 30 :  k_knn = 21 
 Avg ACC : 13.48711463829416, with theta = 0.01
 Avg NMI : 25.472693691459554, with theta = 0.001
 Reconstruction Error : 17.078244451464954
 Avg Silhoutte score : 0.2714202116240813, with theta = 10.0
 Avg Dunn's Index score : 0.05405969965265291, with theta = 0.1
 Avg David Bouldin score : 1.0645474959534142, with theta = 10.0
##################################################################################################
##################################################################################################
k = 40 :  k_knn = 21 
 Avg ACC : 13.816334539746217, with theta = 0.1
 Avg NMI : 26.124533779732985, with theta = 0.1
 Reconstruction Error : 16.777490429057842
 Avg Silhoutte score : 0.25356677516526677, with theta = 10.0
 Avg Dunn's Index score : 0.07723440558211345, with theta = 0.1
 Avg David Bouldin score : 1.1265886003009327, with theta = 10.0
##################################################################################################
##################################################################################################
k = 50 :  k_knn = 21 
 Avg ACC : 15.170278637770897, with theta = 0.1
 Avg NMI : 28.8215155165273, with theta = 0.001
 Reconstruction Error : 15.979298867619525
 Avg Silhoutte score : 0.21858158401125705, with theta = 10.0
 Avg Dunn's Index score : 0.06659926075784137, with theta = 0.1
 Avg David Bouldin score : 1.2902005331729534, with theta = 10.0
##################################################################################################
##################################################################################################
k = 60 :  k_knn = 21 
 Avg ACC : 15.961714559804648, with theta = 0.01
 Avg NMI : 29.194905349288263, with theta = 0.01
 Reconstruction Error : 15.255943043427088
 Avg Silhoutte score : 0.1892843353825076, with theta = 10.0
 Avg Dunn's Index score : 0.10256389179094395, with theta = 0.001
 Avg David Bouldin score : 1.4258503589168312, with theta = 10.0
##################################################################################################
##################################################################################################
k = 70 :  k_knn = 21 
 Avg ACC : 15.274931321676187, with theta = 0.01
 Avg NMI : 28.64813349941218, with theta = 0.01
 Reconstruction Error : 15.203567696853742
 Avg Silhoutte score : 0.18728547049486777, with theta = 10.0
 Avg Dunn's Index score : 0.09073473327789465, with theta = 0.001
 Avg David Bouldin score : 1.4313610443527793, with theta = 10.0
##################################################################################################
{10: [100, 100, 100, 100, 100], 20: [100, 100, 100, 100, 100], 30: [100, 100, 100, 100, 100], 40: [100, 100, 100, 100, 100], 50: [100, 100, 100, 100, 100], 60: [100, 100, 100, 100, 100], 70: [100, 100, 100, 100, 100]}
Average no. of iterations for k = 10 : 100
Average no. of iterations for k = 20 : 100
Average no. of iterations for k = 30 : 100
Average no. of iterations for k = 40 : 100
Average no. of iterations for k = 50 : 100
Average no. of iterations for k = 60 : 100
Average no. of iterations for k = 70 : 100
Overall average no. of iterations : 100
done
