Model : DGONMF
Dataset : yaleB
max iterations : 100
myeps_1 : 1e-12
myeps_2 : 1e-10
The results of running the Kmeans method 20 times and the report of maximum of 20 runs
##################################################################################################
 k1 = 80 : k2 = 10 
 Max ACC : 28.376139188069594, with (alpha, beta) = (0.1, 0.01)
 Max NMI : 45.25341960075657, with (alpha, beta) = (0.01, 0.1)
 Reconstruction Error : 24.015499353649986
 Max Silhoutter score : 0.4075522805895195, with (alpha, beta) = (0.1, 0.1)
 Max Dunn's Index score : 0.024416143289225475, with (alpha, beta) = (0.01, 1)
 Min David Bouldin score : 1.2772509946425974, with (alpha, beta) = (0.1, 0.1)
##################################################################################################
##################################################################################################
 k1 = 80 : k2 = 20 
 Max ACC : 29.90886495443248, with (alpha, beta) = (0.01, 0.01)
 Max NMI : 47.07108767768784, with (alpha, beta) = (0.01, 0.01)
 Reconstruction Error : 20.660160361171446
 Max Silhoutter score : 0.1839999949164285, with (alpha, beta) = (0.01, 0.01)
 Max Dunn's Index score : 0.07857547257487292, with (alpha, beta) = (0.01, 0.01)
 Min David Bouldin score : 1.5965643913902507, with (alpha, beta) = (0.01, 0.01)
##################################################################################################
##################################################################################################
 k1 = 80 : k2 = 30 
 Max ACC : 31.23446561723281, with (alpha, beta) = (0.001, 0.1)
 Max NMI : 49.85128362611228, with (alpha, beta) = (0.001, 0.1)
 Reconstruction Error : 19.404215327009894
 Max Silhoutter score : 0.18451418689614943, with (alpha, beta) = (10.0, 1)
 Max Dunn's Index score : 0.08711278135134415, with (alpha, beta) = (0.01, 0.1)
 Min David Bouldin score : 1.3598602191240063, with (alpha, beta) = (10.0, 1)
##################################################################################################
##################################################################################################
 k1 = 80 : k2 = 40 
 Max ACC : 32.22866611433305, with (alpha, beta) = (0.001, 0.01)
 Max NMI : 51.00786803732361, with (alpha, beta) = (0.001, 0.01)
 Reconstruction Error : 18.7424961062619
 Max Silhoutter score : 0.19651656863292677, with (alpha, beta) = (0.1, 0.1)
 Max Dunn's Index score : 0.10407208191450319, with (alpha, beta) = (0.001, 0.1)
 Min David Bouldin score : 1.706548532317126, with (alpha, beta) = (0.1, 0.1)
##################################################################################################
##################################################################################################
 k1 = 80 : k2 = 50 
 Max ACC : 21.87241093620547, with (alpha, beta) = (0.001, 0.1)
 Max NMI : 35.74683527404762, with (alpha, beta) = (0.001, 0.1)
 Reconstruction Error : 18.12551061802495
 Max Silhoutter score : 0.24417113115249475, with (alpha, beta) = (0.01, 0.01)
 Max Dunn's Index score : 0.05062202627787621, with (alpha, beta) = (0.01, 1)
 Min David Bouldin score : 1.445359836897098, with (alpha, beta) = (0.01, 0.01)
##################################################################################################
##################################################################################################
 k1 = 80 : k2 = 60 
 Max ACC : 54.72245236122618, with (alpha, beta) = (0.001, 0.1)
 Max NMI : 70.87812784995509, with (alpha, beta) = (0.001, 0.1)
 Reconstruction Error : 19.51765035796793
 Max Silhoutter score : 0.21940127944656565, with (alpha, beta) = (0.001, 0.1)
 Max Dunn's Index score : 0.045350331429225524, with (alpha, beta) = (10.0, 0.01)
 Min David Bouldin score : 1.5645477536474106, with (alpha, beta) = (0.01, 0.1)
##################################################################################################
##################################################################################################
 k1 = 80 : k2 = 70 
 Max ACC : 26.26346313173157, with (alpha, beta) = (0.001, 1)
 Max NMI : 41.31496841625214, with (alpha, beta) = (0.001, 1)
 Reconstruction Error : 17.80677060656611
 Max Silhoutter score : 0.30387322694973146, with (alpha, beta) = (10.0, 0.01)
 Max Dunn's Index score : 0.06733932309569873, with (alpha, beta) = (0.001, 1)
 Min David Bouldin score : 1.6487063035450775, with (alpha, beta) = (10.0, 0.01)
##################################################################################################
The results of running the Kmeans method 20 times and the average of 20 runs
##################################################################################################
 k1 = 80 : k2 = 10
 Avg ACC : 26.701696245584966, with (alpha, beta) = (0.1, 0.01)
 Avg NMI : 44.0976386699949, with (alpha, beta) = (0.01, 0.1)
 Reconstruction Error : 24.015499353649986
 Avg Silhoutte score : 0.3814140026887783, with (alpha, beta) = (10.0, 1)
 Avg Dunn's Index score : 0.024416143289225475, with (alpha, beta) = (0.01, 1)
 Avg David Bouldin score : 0.738388453717944, with (alpha, beta) = (0.1, 0.1)
##################################################################################################
##################################################################################################
 k1 = 80 : k2 = 20
 Avg ACC : 28.4415471155104, with (alpha, beta) = (0.01, 0.01)
 Avg NMI : 46.04639039595597, with (alpha, beta) = (0.01, 0.01)
 Reconstruction Error : 20.660160361171446
 Avg Silhoutte score : 0.17647537879830694, with (alpha, beta) = (0.01, 0.01)
 Avg Dunn's Index score : 0.07857547257487292, with (alpha, beta) = (0.01, 0.01)
 Avg David Bouldin score : 1.5556692099385827, with (alpha, beta) = (0.01, 0.01)
##################################################################################################
##################################################################################################
 k1 = 80 : k2 = 30
 Avg ACC : 28.73152226049797, with (alpha, beta) = (0.001, 0.1)
 Avg NMI : 47.89092423345864, with (alpha, beta) = (0.001, 0.1)
 Reconstruction Error : 19.404215327009894
 Avg Silhoutte score : 0.17268141078359728, with (alpha, beta) = (10.0, 1)
 Avg Dunn's Index score : 0.08711278135134415, with (alpha, beta) = (0.01, 0.1)
 Avg David Bouldin score : 1.352817166375581, with (alpha, beta) = (10.0, 1)
##################################################################################################
##################################################################################################
 k1 = 80 : k2 = 40
 Avg ACC : 30.06802424453844, with (alpha, beta) = (0.001, 0.01)
 Avg NMI : 48.10479881256645, with (alpha, beta) = (0.001, 0.01)
 Reconstruction Error : 18.7424961062619
 Avg Silhoutte score : 0.18914524971413904, with (alpha, beta) = (0.1, 0.1)
 Avg Dunn's Index score : 0.10407208191450319, with (alpha, beta) = (0.001, 0.1)
 Avg David Bouldin score : 1.3753086860289578, with (alpha, beta) = (0.1, 0.1)
##################################################################################################
##################################################################################################
 k1 = 80 : k2 = 50
 Avg ACC : 21.006846029738806, with (alpha, beta) = (0.001, 0.1)
 Avg NMI : 34.769939071801836, with (alpha, beta) = (0.001, 0.1)
 Reconstruction Error : 18.12551061802495
 Avg Silhoutte score : 0.2339500192509153, with (alpha, beta) = (0.01, 0.01)
 Avg Dunn's Index score : 0.05062202627787621, with (alpha, beta) = (0.01, 1)
 Avg David Bouldin score : 1.130901061859254, with (alpha, beta) = (0.01, 0.01)
##################################################################################################
##################################################################################################
 k1 = 80 : k2 = 60
 Avg ACC : 51.27763484934374, with (alpha, beta) = (0.001, 0.1)
 Avg NMI : 69.30055123703013, with (alpha, beta) = (0.001, 0.1)
 Reconstruction Error : 19.51765035796793
 Avg Silhoutte score : 0.21037055042081584, with (alpha, beta) = (0.001, 0.1)
 Avg Dunn's Index score : 0.045350331429225524, with (alpha, beta) = (10.0, 0.01)
 Avg David Bouldin score : 1.3667800422340657, with (alpha, beta) = (0.01, 0.1)
##################################################################################################
##################################################################################################
 k1 = 80 : k2 = 70
 Avg ACC : 24.828849256529892, with (alpha, beta) = (0.001, 1)
 Avg NMI : 39.67073599806122, with (alpha, beta) = (0.001, 1)
 Reconstruction Error : 17.80677060656611
 Avg Silhoutte score : 0.28844244862477103, with (alpha, beta) = (10.0, 0.01)
 Avg Dunn's Index score : 0.06733932309569873, with (alpha, beta) = (0.001, 1)
 Avg David Bouldin score : 0.6931008076094145, with (alpha, beta) = (10.0, 0.01)
##################################################################################################
The results of running the Kmeans method 20 times and the report of maximum of 20 runs
##################################################################################################
 k1 = 100 : k2 = 10 
 Max ACC : 33.30571665285832, with (alpha, beta) = (0.1, 0.01)
 Max NMI : 50.31592890084128, with (alpha, beta) = (0.1, 0.01)
 Reconstruction Error : 25.9051325150536
 Max Silhoutter score : 0.22479466152386954, with (alpha, beta) = (0.001, 1)
 Max Dunn's Index score : 0.03712249709256331, with (alpha, beta) = (0.1, 0.01)
 Min David Bouldin score : 1.280487652292964, with (alpha, beta) = (0.001, 0.01)
##################################################################################################
##################################################################################################
 k1 = 100 : k2 = 20 
 Max ACC : 62.510356255178124, with (alpha, beta) = (0.01, 1)
 Max NMI : 78.26501934616621, with (alpha, beta) = (0.01, 1)
 Reconstruction Error : 22.23450235415976
 Max Silhoutter score : 0.2889676845079603, with (alpha, beta) = (0.01, 1)
 Max Dunn's Index score : 0.06002158298607394, with (alpha, beta) = (0.01, 0.1)
 Min David Bouldin score : 1.5951930184856216, with (alpha, beta) = (0.1, 1)
##################################################################################################
##################################################################################################
 k1 = 100 : k2 = 30 
 Max ACC : 22.949461474730736, with (alpha, beta) = (0.1, 0.01)
 Max NMI : 39.01575868062855, with (alpha, beta) = (0.1, 0.01)
 Reconstruction Error : 22.334706851582645
 Max Silhoutter score : 0.16909499668146805, with (alpha, beta) = (0.01, 1)
 Max Dunn's Index score : 0.07536886222850837, with (alpha, beta) = (0.001, 0.1)
 Min David Bouldin score : 1.774913274643088, with (alpha, beta) = (10.0, 0.1)
##################################################################################################
##################################################################################################
 k1 = 100 : k2 = 40 
 Max ACC : 31.02734051367026, with (alpha, beta) = (0.001, 1)
 Max NMI : 46.85641966787987, with (alpha, beta) = (0.001, 1)
 Reconstruction Error : 21.114151096408897
 Max Silhoutter score : 0.19241012804577234, with (alpha, beta) = (0.01, 1)
 Max Dunn's Index score : 0.11286644457712273, with (alpha, beta) = (0.001, 0.01)
 Min David Bouldin score : 1.8984539640481461, with (alpha, beta) = (0.001, 0.1)
##################################################################################################
##################################################################################################
 k1 = 100 : k2 = 50 
 Max ACC : 39.72659486329743, with (alpha, beta) = (0.001, 1)
 Max NMI : 53.6776945704321, with (alpha, beta) = (0.001, 1)
 Reconstruction Error : 19.274930566921217
 Max Silhoutter score : 0.2099671239837174, with (alpha, beta) = (0.01, 0.01)
 Max Dunn's Index score : 0.058026605204290344, with (alpha, beta) = (0.01, 1)
 Min David Bouldin score : 1.3262092510916184, with (alpha, beta) = (0.01, 0.01)
##################################################################################################
##################################################################################################
 k1 = 100 : k2 = 60 
 Max ACC : 28.83181441590721, with (alpha, beta) = (0.001, 0.1)
 Max NMI : 46.38389508808529, with (alpha, beta) = (0.001, 0.1)
 Reconstruction Error : 19.651824436934955
 Max Silhoutter score : 0.1946600142718092, with (alpha, beta) = (0.1, 1)
 Max Dunn's Index score : 0.12234642474154686, with (alpha, beta) = (0.001, 0.1)
 Min David Bouldin score : 1.683542272351587, with (alpha, beta) = (0.1, 1)
##################################################################################################
##################################################################################################
 k1 = 100 : k2 = 70 
 Max ACC : 52.56835128417564, with (alpha, beta) = (0.001, 0.1)
 Max NMI : 64.46483853199676, with (alpha, beta) = (0.001, 0.1)
 Reconstruction Error : 18.63492021319028
 Max Silhoutter score : 0.29362298221242167, with (alpha, beta) = (0.1, 0.1)
 Max Dunn's Index score : 0.13370424737994924, with (alpha, beta) = (0.001, 0.1)
 Min David Bouldin score : 1.112413303135093, with (alpha, beta) = (0.1, 0.1)
##################################################################################################
The results of running the Kmeans method 20 times and the average of 20 runs
##################################################################################################
 k1 = 100 : k2 = 10
 Avg ACC : 31.225744560240702, with (alpha, beta) = (0.1, 0.01)
 Avg NMI : 49.184511112411066, with (alpha, beta) = (0.1, 0.01)
 Reconstruction Error : 25.9051325150536
 Avg Silhoutte score : 0.21488023561111405, with (alpha, beta) = (0.001, 1)
 Avg Dunn's Index score : 0.03712249709256331, with (alpha, beta) = (0.1, 0.01)
 Avg David Bouldin score : 1.3166689044867894, with (alpha, beta) = (0.001, 0.01)
##################################################################################################
##################################################################################################
 k1 = 100 : k2 = 20
 Avg ACC : 58.80390703353246, with (alpha, beta) = (0.01, 1)
 Avg NMI : 76.47127608240152, with (alpha, beta) = (0.01, 1)
 Reconstruction Error : 22.23450235415976
 Avg Silhoutte score : 0.27857092792246824, with (alpha, beta) = (0.01, 1)
 Avg Dunn's Index score : 0.06002158298607394, with (alpha, beta) = (0.01, 0.1)
 Avg David Bouldin score : 1.4160162182231575, with (alpha, beta) = (0.1, 1)
##################################################################################################
##################################################################################################
 k1 = 100 : k2 = 30
 Avg ACC : 21.519208128025117, with (alpha, beta) = (0.1, 0.01)
 Avg NMI : 38.36719728941302, with (alpha, beta) = (0.1, 0.01)
 Reconstruction Error : 22.334706851582645
 Avg Silhoutte score : 0.15966041717196805, with (alpha, beta) = (0.01, 1)
 Avg Dunn's Index score : 0.07536886222850837, with (alpha, beta) = (0.001, 0.1)
 Avg David Bouldin score : 1.4288226959771362, with (alpha, beta) = (10.0, 0.1)
##################################################################################################
##################################################################################################
 k1 = 100 : k2 = 40
 Avg ACC : 28.792569659442723, with (alpha, beta) = (0.001, 1)
 Avg NMI : 45.406686600275584, with (alpha, beta) = (0.001, 1)
 Reconstruction Error : 21.114151096408897
 Avg Silhoutte score : 0.18437552252805767, with (alpha, beta) = (0.01, 1)
 Avg Dunn's Index score : 0.11286644457712273, with (alpha, beta) = (0.001, 0.01)
 Avg David Bouldin score : 1.2001775276849183, with (alpha, beta) = (0.001, 0.1)
##################################################################################################
##################################################################################################
 k1 = 100 : k2 = 50
 Avg ACC : 36.48454192648149, with (alpha, beta) = (0.001, 1)
 Avg NMI : 52.39230958369752, with (alpha, beta) = (0.001, 1)
 Reconstruction Error : 19.274930566921217
 Avg Silhoutte score : 0.20005329193851554, with (alpha, beta) = (0.01, 0.01)
 Avg Dunn's Index score : 0.058026605204290344, with (alpha, beta) = (0.01, 1)
 Avg David Bouldin score : 1.2195262983292934, with (alpha, beta) = (0.01, 0.01)
##################################################################################################
##################################################################################################
 k1 = 100 : k2 = 60
 Avg ACC : 27.11376618846204, with (alpha, beta) = (0.001, 0.1)
 Avg NMI : 45.10610231950161, with (alpha, beta) = (0.001, 0.1)
 Reconstruction Error : 19.651824436934955
 Avg Silhoutte score : 0.18292827027832503, with (alpha, beta) = (0.1, 1)
 Avg Dunn's Index score : 0.12234642474154686, with (alpha, beta) = (0.001, 0.1)
 Avg David Bouldin score : 1.2140820846072813, with (alpha, beta) = (0.1, 1)
##################################################################################################
##################################################################################################
 k1 = 100 : k2 = 70
 Avg ACC : 46.39820346225962, with (alpha, beta) = (0.001, 0.1)
 Avg NMI : 61.64476795579706, with (alpha, beta) = (0.001, 0.1)
 Reconstruction Error : 18.63492021319028
 Avg Silhoutte score : 0.28506094263407045, with (alpha, beta) = (0.1, 0.1)
 Avg Dunn's Index score : 0.13370424737994924, with (alpha, beta) = (0.001, 0.1)
 Avg David Bouldin score : 0.9517602051017985, with (alpha, beta) = (0.1, 0.1)
##################################################################################################
The results of running the Kmeans method 20 times and the report of maximum of 20 runs
##################################################################################################
 k1 = 120 : k2 = 10 
 Max ACC : 24.56503728251864, with (alpha, beta) = (0.01, 1)
 Max NMI : 45.15177109038414, with (alpha, beta) = (0.01, 1)
 Reconstruction Error : 25.609748100969703
 Max Silhoutter score : 0.20100120626034854, with (alpha, beta) = (0.001, 0.01)
 Max Dunn's Index score : 0.02188132503912138, with (alpha, beta) = (0.01, 1)
 Min David Bouldin score : 1.3011590916089248, with (alpha, beta) = (10.0, 1)
##################################################################################################
##################################################################################################
 k1 = 120 : k2 = 20 
 Max ACC : 83.2228666114333, with (alpha, beta) = (0.001, 0.1)
 Max NMI : 86.84946104748815, with (alpha, beta) = (0.001, 0.1)
 Reconstruction Error : 22.721086389664688
 Max Silhoutter score : 0.7237633310912934, with (alpha, beta) = (0.001, 0.1)
 Max Dunn's Index score : 0.057517508654935386, with (alpha, beta) = (0.001, 0.01)
 Min David Bouldin score : 1.7138732882271308, with (alpha, beta) = (0.001, 0.1)
##################################################################################################
##################################################################################################
 k1 = 120 : k2 = 30 
 Max ACC : 31.648715824357915, with (alpha, beta) = (0.001, 1)
 Max NMI : 47.41427409138354, with (alpha, beta) = (0.001, 1)
 Reconstruction Error : 22.715065097005375
 Max Silhoutter score : 0.2585095768489936, with (alpha, beta) = (0.001, 0.01)
 Max Dunn's Index score : 0.041446160279748755, with (alpha, beta) = (0.1, 1)
 Min David Bouldin score : 1.1317408376287386, with (alpha, beta) = (0.001, 0.01)
##################################################################################################
##################################################################################################
 k1 = 120 : k2 = 40 
 Max ACC : 73.03231151615576, with (alpha, beta) = (0.001, 0.1)
 Max NMI : 81.77947930902272, with (alpha, beta) = (0.001, 0.1)
 Reconstruction Error : 27.21593564368705
 Max Silhoutter score : 0.32497823261239134, with (alpha, beta) = (0.001, 0.1)
 Max Dunn's Index score : 0.03838725712898435, with (alpha, beta) = (0.001, 1)
 Min David Bouldin score : 1.4493705073032992, with (alpha, beta) = (0.1, 1)
##################################################################################################
##################################################################################################
 k1 = 120 : k2 = 50 
 Max ACC : 29.08036454018227, with (alpha, beta) = (0.001, 1)
 Max NMI : 43.873523900623454, with (alpha, beta) = (0.001, 1)
 Reconstruction Error : 23.58321096353051
 Max Silhoutter score : 0.3278252828792507, with (alpha, beta) = (10.0, 0.01)
 Max Dunn's Index score : 0.026490412699212974, with (alpha, beta) = (0.001, 1)
 Min David Bouldin score : 1.4897851185891329, with (alpha, beta) = (10.0, 0.01)
##################################################################################################
##################################################################################################
 k1 = 120 : k2 = 60 
 Max ACC : 52.48550124275062, with (alpha, beta) = (0.001, 0.1)
 Max NMI : 67.794053514318, with (alpha, beta) = (0.001, 0.1)
 Reconstruction Error : 20.677831176925128
 Max Silhoutter score : 0.23910416755973188, with (alpha, beta) = (0.01, 0.01)
 Max Dunn's Index score : 0.1083686730280868, with (alpha, beta) = (0.001, 0.01)
 Min David Bouldin score : 1.8311262326676137, with (alpha, beta) = (0.01, 0.01)
##################################################################################################
##################################################################################################
 k1 = 120 : k2 = 70 
 Max ACC : 26.594863297431647, with (alpha, beta) = (0.001, 0.1)
 Max NMI : 38.98810207122142, with (alpha, beta) = (0.001, 0.1)
 Reconstruction Error : 20.040991616177394
 Max Silhoutter score : 0.4563075548200099, with (alpha, beta) = (0.1, 0.01)
 Max Dunn's Index score : 0.035842979429095416, with (alpha, beta) = (0.001, 0.1)
 Min David Bouldin score : 1.0936337807188357, with (alpha, beta) = (0.1, 0.01)
##################################################################################################
The results of running the Kmeans method 20 times and the average of 20 runs
##################################################################################################
 k1 = 120 : k2 = 10
 Avg ACC : 22.936379889242577, with (alpha, beta) = (0.1, 1)
 Avg NMI : 43.75844994392615, with (alpha, beta) = (0.01, 1)
 Reconstruction Error : 25.609748100969703
 Avg Silhoutte score : 0.1937489532107019, with (alpha, beta) = (0.001, 0.01)
 Avg Dunn's Index score : 0.02188132503912138, with (alpha, beta) = (0.01, 1)
 Avg David Bouldin score : 1.2461086690717185, with (alpha, beta) = (10.0, 1)
##################################################################################################
##################################################################################################
 k1 = 120 : k2 = 20
 Avg ACC : 81.27153010944927, with (alpha, beta) = (0.001, 0.1)
 Avg NMI : 86.38324382734041, with (alpha, beta) = (0.001, 0.1)
 Reconstruction Error : 22.721086389664688
 Avg Silhoutte score : 0.700599824790406, with (alpha, beta) = (0.001, 0.1)
 Avg Dunn's Index score : 0.057517508654935386, with (alpha, beta) = (0.001, 0.01)
 Avg David Bouldin score : 0.3970285627916033, with (alpha, beta) = (0.001, 0.1)
##################################################################################################
##################################################################################################
 k1 = 120 : k2 = 30
 Avg ACC : 29.052021104957923, with (alpha, beta) = (0.001, 1)
 Avg NMI : 46.30788385752602, with (alpha, beta) = (0.001, 1)
 Reconstruction Error : 22.715065097005375
 Avg Silhoutte score : 0.24980086661211062, with (alpha, beta) = (0.001, 0.01)
 Avg Dunn's Index score : 0.041446160279748755, with (alpha, beta) = (0.1, 1)
 Avg David Bouldin score : 1.154492258149763, with (alpha, beta) = (0.001, 0.01)
##################################################################################################
##################################################################################################
 k1 = 120 : k2 = 40
 Avg ACC : 70.61875899359002, with (alpha, beta) = (0.001, 0.1)
 Avg NMI : 80.76665233750595, with (alpha, beta) = (0.001, 0.1)
 Reconstruction Error : 27.21593564368705
 Avg Silhoutte score : 0.3176139325073526, with (alpha, beta) = (0.001, 0.1)
 Avg Dunn's Index score : 0.03838725712898435, with (alpha, beta) = (0.001, 1)
 Avg David Bouldin score : 1.1887576908447013, with (alpha, beta) = (0.1, 1)
##################################################################################################
##################################################################################################
 k1 = 120 : k2 = 50
 Avg ACC : 27.371037369729212, with (alpha, beta) = (0.001, 1)
 Avg NMI : 42.574690864799855, with (alpha, beta) = (0.001, 1)
 Reconstruction Error : 23.58321096353051
 Avg Silhoutte score : 0.3056835897991291, with (alpha, beta) = (10.0, 0.01)
 Avg Dunn's Index score : 0.026490412699212974, with (alpha, beta) = (0.001, 1)
 Avg David Bouldin score : 0.7178626924585705, with (alpha, beta) = (10.0, 0.01)
##################################################################################################
##################################################################################################
 k1 = 120 : k2 = 60
 Avg ACC : 49.64679719181965, with (alpha, beta) = (0.001, 0.1)
 Avg NMI : 66.35924993813362, with (alpha, beta) = (0.001, 0.1)
 Reconstruction Error : 20.677831176925128
 Avg Silhoutte score : 0.22346905976257522, with (alpha, beta) = (0.01, 0.01)
 Avg Dunn's Index score : 0.1083686730280868, with (alpha, beta) = (0.001, 0.01)
 Avg David Bouldin score : 1.0817527653816896, with (alpha, beta) = (0.01, 0.01)
##################################################################################################
##################################################################################################
 k1 = 120 : k2 = 70
 Avg ACC : 25.49601011642611, with (alpha, beta) = (0.001, 0.1)
 Avg NMI : 38.3958921498178, with (alpha, beta) = (0.001, 0.1)
 Reconstruction Error : 20.040991616177394
 Avg Silhoutte score : 0.4336625022929957, with (alpha, beta) = (0.1, 0.01)
 Avg Dunn's Index score : 0.035842979429095416, with (alpha, beta) = (0.001, 0.1)
 Avg David Bouldin score : 0.7269142884992438, with (alpha, beta) = (0.1, 0.01)
##################################################################################################
The results of running the Kmeans method 20 times and the report of maximum of 20 runs
##################################################################################################
 k1 = 200 : k2 = 10 
 Max ACC : 24.44076222038111, with (alpha, beta) = (0.001, 0.1)
 Max NMI : 47.18728456975273, with (alpha, beta) = (0.001, 0.1)
 Reconstruction Error : 26.56156304069709
 Max Silhoutter score : 0.21730754867160545, with (alpha, beta) = (0.001, 0.1)
 Max Dunn's Index score : 0.02372107772554174, with (alpha, beta) = (0.001, 0.1)
 Min David Bouldin score : 1.4648901157518717, with (alpha, beta) = (10.0, 0.01)
##################################################################################################
##################################################################################################
 k1 = 200 : k2 = 20 
 Max ACC : 29.204639602319798, with (alpha, beta) = (0.001, 0.01)
 Max NMI : 48.92215992438025, with (alpha, beta) = (0.001, 0.01)
 Reconstruction Error : 23.84555397697479
 Max Silhoutter score : 0.18746664266006696, with (alpha, beta) = (10.0, 0.01)
 Max Dunn's Index score : 0.032851008661596605, with (alpha, beta) = (0.001, 0.01)
 Min David Bouldin score : 1.5921623517617074, with (alpha, beta) = (0.1, 1)
##################################################################################################
##################################################################################################
 k1 = 200 : k2 = 30 
 Max ACC : 19.138359569179787, with (alpha, beta) = (10.0, 1)
 Max NMI : 31.481203557047476, with (alpha, beta) = (0.001, 1)
 Reconstruction Error : 23.330839693592154
 Max Silhoutter score : 0.5301757619050583, with (alpha, beta) = (0.01, 0.01)
 Max Dunn's Index score : 0.01760350242260454, with (alpha, beta) = (0.01, 1)
 Min David Bouldin score : 1.0200901924416563, with (alpha, beta) = (0.01, 0.01)
##################################################################################################
##################################################################################################
 k1 = 200 : k2 = 40 
 Max ACC : 17.854183927091963, with (alpha, beta) = (10.0, 1)
 Max NMI : 32.73581519397677, with (alpha, beta) = (10.0, 1)
 Reconstruction Error : 23.544470515337906
 Max Silhoutter score : 0.49843301646182836, with (alpha, beta) = (0.1, 0.1)
 Max Dunn's Index score : 0.03338986126918286, with (alpha, beta) = (0.01, 0.01)
 Min David Bouldin score : 1.3938694355181358, with (alpha, beta) = (0.1, 0.1)
##################################################################################################
##################################################################################################
 k1 = 200 : k2 = 50 
 Max ACC : 19.014084507042252, with (alpha, beta) = (10.0, 0.1)
 Max NMI : 29.748816497917314, with (alpha, beta) = (10.0, 0.1)
 Reconstruction Error : 21.608171600041015
 Max Silhoutter score : 0.3505453092904355, with (alpha, beta) = (0.1, 0.01)
 Max Dunn's Index score : 0.0218869990930366, with (alpha, beta) = (10.0, 0.1)
 Min David Bouldin score : 1.2919313111715696, with (alpha, beta) = (0.1, 0.01)
##################################################################################################
##################################################################################################
 k1 = 200 : k2 = 60 
 Max ACC : 17.23280861640431, with (alpha, beta) = (10.0, 0.01)
 Max NMI : 28.85265181998879, with (alpha, beta) = (10.0, 0.01)
 Reconstruction Error : 21.187813409813568
 Max Silhoutter score : 0.4884250335531187, with (alpha, beta) = (0.01, 0.01)
 Max Dunn's Index score : 0.03006799762122843, with (alpha, beta) = (10.0, 0.01)
 Min David Bouldin score : 0.9026705051995266, with (alpha, beta) = (0.01, 0.01)
##################################################################################################
##################################################################################################
 k1 = 200 : k2 = 70 
 Max ACC : 29.246064623032314, with (alpha, beta) = (0.001, 0.1)
 Max NMI : 42.07341694209827, with (alpha, beta) = (0.001, 0.1)
 Reconstruction Error : 23.19791066260466
 Max Silhoutter score : 0.29717797828050924, with (alpha, beta) = (0.1, 1)
 Max Dunn's Index score : 0.02233530905172729, with (alpha, beta) = (10.0, 0.1)
 Min David Bouldin score : 1.033309080062008, with (alpha, beta) = (0.1, 1)
##################################################################################################
The results of running the Kmeans method 20 times and the average of 20 runs
##################################################################################################
 k1 = 200 : k2 = 10
 Avg ACC : 23.38551432433611, with (alpha, beta) = (0.001, 0.1)
 Avg NMI : 46.1080844231723, with (alpha, beta) = (0.001, 0.1)
 Reconstruction Error : 26.56156304069709
 Avg Silhoutte score : 0.2084395838264758, with (alpha, beta) = (0.001, 0.1)
 Avg Dunn's Index score : 0.02372107772554174, with (alpha, beta) = (0.001, 0.1)
 Avg David Bouldin score : 1.1598528845163256, with (alpha, beta) = (10.0, 0.01)
##################################################################################################
##################################################################################################
 k1 = 200 : k2 = 20
 Avg ACC : 27.48223084637858, with (alpha, beta) = (0.001, 0.01)
 Avg NMI : 47.52505202504652, with (alpha, beta) = (0.001, 0.01)
 Reconstruction Error : 23.84555397697479
 Avg Silhoutte score : 0.17909856935365154, with (alpha, beta) = (10.0, 0.01)
 Avg Dunn's Index score : 0.032851008661596605, with (alpha, beta) = (0.001, 0.01)
 Avg David Bouldin score : 1.1387875047940317, with (alpha, beta) = (0.1, 1)
##################################################################################################
##################################################################################################
 k1 = 200 : k2 = 30
 Avg ACC : 17.860724719836043, with (alpha, beta) = (10.0, 1)
 Avg NMI : 30.65879868533457, with (alpha, beta) = (0.001, 1)
 Reconstruction Error : 23.330839693592154
 Avg Silhoutte score : 0.5207379596069914, with (alpha, beta) = (0.01, 0.01)
 Avg Dunn's Index score : 0.01760350242260454, with (alpha, beta) = (0.01, 1)
 Avg David Bouldin score : 0.49778293059035433, with (alpha, beta) = (0.01, 0.01)
##################################################################################################
##################################################################################################
 k1 = 200 : k2 = 40
 Avg ACC : 16.99515981336938, with (alpha, beta) = (10.0, 1)
 Avg NMI : 32.14688404035886, with (alpha, beta) = (10.0, 1)
 Reconstruction Error : 23.544470515337906
 Avg Silhoutte score : 0.43870295772098156, with (alpha, beta) = (0.1, 0.1)
 Avg Dunn's Index score : 0.03338986126918286, with (alpha, beta) = (0.01, 0.01)
 Avg David Bouldin score : 0.5700758276537158, with (alpha, beta) = (0.1, 0.1)
##################################################################################################
##################################################################################################
 k1 = 200 : k2 = 50
 Avg ACC : 17.84328260585183, with (alpha, beta) = (10.0, 0.1)
 Avg NMI : 29.060039044647898, with (alpha, beta) = (10.0, 0.1)
 Reconstruction Error : 21.608171600041015
 Avg Silhoutte score : 0.32260006193098767, with (alpha, beta) = (0.1, 0.01)
 Avg Dunn's Index score : 0.0218869990930366, with (alpha, beta) = (10.0, 0.1)
 Avg David Bouldin score : 0.8366137203591612, with (alpha, beta) = (0.1, 0.01)
##################################################################################################
##################################################################################################
 k1 = 200 : k2 = 60
 Avg ACC : 15.867963197139494, with (alpha, beta) = (10.0, 0.01)
 Avg NMI : 27.52911083827486, with (alpha, beta) = (10.0, 0.01)
 Reconstruction Error : 21.187813409813568
 Avg Silhoutte score : 0.4791652535527658, with (alpha, beta) = (0.01, 0.01)
 Avg Dunn's Index score : 0.03006799762122843, with (alpha, beta) = (10.0, 0.01)
 Avg David Bouldin score : 0.6148230830177196, with (alpha, beta) = (0.01, 0.01)
##################################################################################################
##################################################################################################
 k1 = 200 : k2 = 70
 Avg ACC : 27.161732001918633, with (alpha, beta) = (0.001, 0.1)
 Avg NMI : 40.94169913081581, with (alpha, beta) = (0.001, 0.1)
 Reconstruction Error : 23.19791066260466
 Avg Silhoutte score : 0.2822324328633217, with (alpha, beta) = (0.1, 1)
 Avg Dunn's Index score : 0.02233530905172729, with (alpha, beta) = (10.0, 0.1)
 Avg David Bouldin score : 0.750103941774547, with (alpha, beta) = (0.1, 1)
##################################################################################################
Average no. of iterations for k2 = 10 : 1
Average no. of iterations for k2 = 20 : 1
Average no. of iterations for k2 = 30 : 1
Average no. of iterations for k2 = 40 : 1
Average no. of iterations for k2 = 50 : 1
Average no. of iterations for k2 = 60 : 1
Average no. of iterations for k2 = 70 : 1
Overall average no. of iterations : 19.479166666666668
#Done!
