Model : GNMF
Dataset : yaleB
max iterations : 100
myeps_1 : 1e-12
myeps_2 : 1e-10
The results of running the Kmeans method 20 times and the report of maximum of 20 runs
##################################################################################################
 k_knn = 3  
 k = 10 :  Max ACC : 14.623032311516157, with theta = 10.0
 k = 10 :  Max NMI : 24.196131967155765, with theta = 10.0
 k = 10 :  Reconstruction Error : 25.091266256802005
 k = 10 :  Max Silhoutter score : 0.2572284774366876, with theta = 10.0
 k = 10 :  Max Dunn's Index score : 0.009464054681028967, with theta = 0.1
 k = 10 :  Min David Bouldin score : 1.2388080293195711, with theta = 10.0
##################################################################################################
##################################################################################################
 k_knn = 3  
 k = 20 :  Max ACC : 20.878210439105217, with theta = 10.0
 k = 20 :  Max NMI : 34.339888182137415, with theta = 10.0
 k = 20 :  Reconstruction Error : 28.51135936429139
 k = 20 :  Max Silhoutter score : 0.2788955732025461, with theta = 10.0
 k = 20 :  Max Dunn's Index score : 0.0364822050353426, with theta = 0.01
 k = 20 :  Min David Bouldin score : 1.5056638200003627, with theta = 10.0
##################################################################################################
##################################################################################################
 k_knn = 3  
 k = 30 :  Max ACC : 23.612261806130903, with theta = 10.0
 k = 30 :  Max NMI : 37.10275848539851, with theta = 10.0
 k = 30 :  Reconstruction Error : 28.97196514356862
 k = 30 :  Max Silhoutter score : 0.27777610630054667, with theta = 10.0
 k = 30 :  Max Dunn's Index score : 0.05595424236062006, with theta = 0.001
 k = 30 :  Min David Bouldin score : 1.6880483261615775, with theta = 10.0
##################################################################################################
##################################################################################################
 k_knn = 3  
 k = 40 :  Max ACC : 30.15741507870754, with theta = 10.0
 k = 40 :  Max NMI : 43.81253163464155, with theta = 10.0
 k = 40 :  Reconstruction Error : 30.546937367416966
 k = 40 :  Max Silhoutter score : 0.3116311880083041, with theta = 10.0
 k = 40 :  Max Dunn's Index score : 0.05067528089819984, with theta = 0.001
 k = 40 :  Min David Bouldin score : 1.863136815537579, with theta = 10.0
##################################################################################################
##################################################################################################
 k_knn = 3  
 k = 50 :  Max ACC : 32.021541010770505, with theta = 10.0
 k = 50 :  Max NMI : 49.608740358390776, with theta = 10.0
 k = 50 :  Reconstruction Error : 30.72072497089684
 k = 50 :  Max Silhoutter score : 0.32724919059832136, with theta = 10.0
 k = 50 :  Max Dunn's Index score : 0.08044944385480961, with theta = 0.001
 k = 50 :  Min David Bouldin score : 1.9013565891863358, with theta = 10.0
##################################################################################################
##################################################################################################
 k_knn = 3  
 k = 60 :  Max ACC : 34.46561723280862, with theta = 10.0
 k = 60 :  Max NMI : 50.35952920348908, with theta = 10.0
 k = 60 :  Reconstruction Error : 31.009810323329663
 k = 60 :  Max Silhoutter score : 0.33515565599712477, with theta = 10.0
 k = 60 :  Max Dunn's Index score : 0.06943726520698783, with theta = 0.01
 k = 60 :  Min David Bouldin score : 1.9068129554944688, with theta = 10.0
##################################################################################################
##################################################################################################
 k_knn = 3  
 k = 70 :  Max ACC : 36.99254349627174, with theta = 10.0
 k = 70 :  Max NMI : 52.622607914439236, with theta = 10.0
 k = 70 :  Reconstruction Error : 31.11644611668513
 k = 70 :  Max Silhoutter score : 0.33700171834736414, with theta = 10.0
 k = 70 :  Max Dunn's Index score : 0.10250296230661271, with theta = 0.001
 k = 70 :  Min David Bouldin score : 2.0122505209283474, with theta = 10.0
##################################################################################################
The results of running the Kmeans method 20 times and the average of 20 runs
##################################################################################################
 k_knn = 3 
 k = 10 :  Avg ACC : 13.857759560458728, with theta = 10.0
 k = 10 :  Avg NMI : 23.259914540933107, with theta = 10.0
 k = 10 :  Reconstruction Error : 25.091266256802005
 k = 10 :  Avg Silhoutte score : 0.24159286504305846, with theta = 10.0
 k = 10 :  Avg Dunn's Index score : 0.009464054681028967, with theta = 0.1
 k = 10 :  Avg David Bouldin score : 1.274391491784399, with theta = 10.0
##################################################################################################
##################################################################################################
 k_knn = 3 
 k = 20 :  Avg ACC : 20.119478480791873, with theta = 10.0
 k = 20 :  Avg NMI : 33.215023065102045, with theta = 10.0
 k = 20 :  Reconstruction Error : 28.51135936429139
 k = 20 :  Avg Silhoutte score : 0.2581083813290713, with theta = 10.0
 k = 20 :  Avg Dunn's Index score : 0.0364822050353426, with theta = 0.01
 k = 20 :  Avg David Bouldin score : 1.5722153070196903, with theta = 10.0
##################################################################################################
##################################################################################################
 k_knn = 3 
 k = 30 :  Avg ACC : 22.742336371168186, with theta = 10.0
 k = 30 :  Avg NMI : 35.98822610685595, with theta = 10.0
 k = 30 :  Reconstruction Error : 28.97196514356862
 k = 30 :  Avg Silhoutte score : 0.26577569242324467, with theta = 10.0
 k = 30 :  Avg Dunn's Index score : 0.05595424236062006, with theta = 0.001
 k = 30 :  Avg David Bouldin score : 1.7292000062588675, with theta = 10.0
##################################################################################################
##################################################################################################
 k_knn = 3 
 k = 40 :  Avg ACC : 27.735141499149698, with theta = 10.0
 k = 40 :  Avg NMI : 42.7451346856908, with theta = 10.0
 k = 40 :  Reconstruction Error : 30.546937367416966
 k = 40 :  Avg Silhoutte score : 0.29346629962693954, with theta = 10.0
 k = 40 :  Avg Dunn's Index score : 0.05067528089819984, with theta = 0.001
 k = 40 :  Avg David Bouldin score : 1.894338729600903, with theta = 10.0
##################################################################################################
##################################################################################################
 k_knn = 3 
 k = 50 :  Avg ACC : 30.66323638424977, with theta = 10.0
 k = 50 :  Avg NMI : 48.112707710165914, with theta = 10.0
 k = 50 :  Reconstruction Error : 30.72072497089684
 k = 50 :  Avg Silhoutte score : 0.304780286268844, with theta = 10.0
 k = 50 :  Avg Dunn's Index score : 0.08044944385480961, with theta = 0.001
 k = 50 :  Avg David Bouldin score : 1.9691011580341193, with theta = 10.0
##################################################################################################
##################################################################################################
 k_knn = 3 
 k = 60 :  Avg ACC : 32.54916495879301, with theta = 10.0
 k = 60 :  Avg NMI : 48.96661155034741, with theta = 10.0
 k = 60 :  Reconstruction Error : 31.009810323329663
 k = 60 :  Avg Silhoutte score : 0.3178286995687422, with theta = 10.0
 k = 60 :  Avg Dunn's Index score : 0.06943726520698783, with theta = 0.01
 k = 60 :  Avg David Bouldin score : 1.9607585842229422, with theta = 10.0
##################################################################################################
##################################################################################################
 k_knn = 3 
 k = 70 :  Avg ACC : 34.59207255919417, with theta = 10.0
 k = 70 :  Avg NMI : 51.20429074183679, with theta = 10.0
 k = 70 :  Reconstruction Error : 31.11644611668513
 k = 70 :  Avg Silhoutte score : 0.32779987947196704, with theta = 10.0
 k = 70 :  Avg Dunn's Index score : 0.10250296230661271, with theta = 0.001
 k = 70 :  Avg David Bouldin score : 2.0552809669449217, with theta = 10.0
##################################################################################################
The results of running the Kmeans method 20 times and the report of maximum of 20 runs
##################################################################################################
 k_knn = 5  
 k = 10 :  Max ACC : 11.516155758077879, with theta = 10.0
 k = 10 :  Max NMI : 19.281216427057842, with theta = 10.0
 k = 10 :  Reconstruction Error : 30.570671161431896
 k = 10 :  Max Silhoutter score : 0.3206749199993981, with theta = 10.0
 k = 10 :  Max Dunn's Index score : 0.011851966973999763, with theta = 0.1
 k = 10 :  Min David Bouldin score : 1.2049692238084828, with theta = 10.0
##################################################################################################
##################################################################################################
 k_knn = 5  
 k = 20 :  Max ACC : 18.30985915492958, with theta = 10.0
 k = 20 :  Max NMI : 27.948311212848903, with theta = 10.0
 k = 20 :  Reconstruction Error : 31.30388628921395
 k = 20 :  Max Silhoutter score : 0.32497076534636055, with theta = 10.0
 k = 20 :  Max Dunn's Index score : 0.028477380518884918, with theta = 0.01
 k = 20 :  Min David Bouldin score : 1.5166344185290035, with theta = 10.0
##################################################################################################
##################################################################################################
 k_knn = 5  
 k = 30 :  Max ACC : 19.42833471416736, with theta = 10.0
 k = 30 :  Max NMI : 29.85805886324469, with theta = 10.0
 k = 30 :  Reconstruction Error : 31.30887708037422
 k = 30 :  Max Silhoutter score : 0.33995940315760276, with theta = 10.0
 k = 30 :  Max Dunn's Index score : 0.04326876749441389, with theta = 0.001
 k = 30 :  Min David Bouldin score : 1.7294139762873841, with theta = 10.0
##################################################################################################
##################################################################################################
 k_knn = 5  
 k = 40 :  Max ACC : 22.908036454018227, with theta = 10.0
 k = 40 :  Max NMI : 33.57943477560522, with theta = 10.0
 k = 40 :  Reconstruction Error : 31.43864728984282
 k = 40 :  Max Silhoutter score : 0.3317597032639915, with theta = 10.0
 k = 40 :  Max Dunn's Index score : 0.07577746323998617, with theta = 0.001
 k = 40 :  Min David Bouldin score : 1.8185685268056495, with theta = 10.0
##################################################################################################
##################################################################################################
 k_knn = 5  
 k = 50 :  Max ACC : 26.47058823529412, with theta = 10.0
 k = 50 :  Max NMI : 37.39212578289568, with theta = 10.0
 k = 50 :  Reconstruction Error : 31.549834949239617
 k = 50 :  Max Silhoutter score : 0.3562102740381689, with theta = 10.0
 k = 50 :  Max Dunn's Index score : 0.07828623784342191, with theta = 0.001
 k = 50 :  Min David Bouldin score : 1.8669232477282065, with theta = 10.0
##################################################################################################
##################################################################################################
 k_knn = 5  
 k = 60 :  Max ACC : 25.1864125932063, with theta = 10.0
 k = 60 :  Max NMI : 37.462532570156526, with theta = 10.0
 k = 60 :  Reconstruction Error : 31.559360440780832
 k = 60 :  Max Silhoutter score : 0.35785142710482487, with theta = 10.0
 k = 60 :  Max Dunn's Index score : 0.0975259907429827, with theta = 0.001
 k = 60 :  Min David Bouldin score : 1.887278466783414, with theta = 10.0
##################################################################################################
##################################################################################################
 k_knn = 5  
 k = 70 :  Max ACC : 25.352112676056336, with theta = 10.0
 k = 70 :  Max NMI : 36.937950663136576, with theta = 10.0
 k = 70 :  Reconstruction Error : 31.517058339465006
 k = 70 :  Max Silhoutter score : 0.355193840737779, with theta = 10.0
 k = 70 :  Max Dunn's Index score : 0.10875091657901406, with theta = 0.001
 k = 70 :  Min David Bouldin score : 1.945155283081844, with theta = 10.0
##################################################################################################
The results of running the Kmeans method 20 times and the average of 20 runs
##################################################################################################
 k_knn = 5 
 k = 10 :  Avg ACC : 10.665852701347402, with theta = 10.0
 k = 10 :  Avg NMI : 17.94939852160999, with theta = 10.0
 k = 10 :  Reconstruction Error : 30.570671161431896
 k = 10 :  Avg Silhoutte score : 0.3122104798885451, with theta = 10.0
 k = 10 :  Avg Dunn's Index score : 0.011851966973999763, with theta = 0.1
 k = 10 :  Avg David Bouldin score : 1.2437696572710657, with theta = 10.0
##################################################################################################
##################################################################################################
 k_knn = 5 
 k = 20 :  Avg ACC : 17.18920333144377, with theta = 10.0
 k = 20 :  Avg NMI : 27.012886893711148, with theta = 10.0
 k = 20 :  Reconstruction Error : 31.30388628921395
 k = 20 :  Avg Silhoutte score : 0.3129417816722141, with theta = 10.0
 k = 20 :  Avg Dunn's Index score : 0.028477380518884918, with theta = 0.01
 k = 20 :  Avg David Bouldin score : 1.5533687404724914, with theta = 10.0
##################################################################################################
##################################################################################################
 k_knn = 5 
 k = 30 :  Avg ACC : 18.643439584877687, with theta = 10.0
 k = 30 :  Avg NMI : 29.215645387149348, with theta = 10.0
 k = 30 :  Reconstruction Error : 31.30887708037422
 k = 30 :  Avg Silhoutte score : 0.3261094862871094, with theta = 10.0
 k = 30 :  Avg Dunn's Index score : 0.04326876749441389, with theta = 0.001
 k = 30 :  Avg David Bouldin score : 1.7696232143192199, with theta = 10.0
##################################################################################################
##################################################################################################
 k_knn = 5 
 k = 40 :  Avg ACC : 21.778659573540313, with theta = 10.0
 k = 40 :  Avg NMI : 32.39433370042546, with theta = 10.0
 k = 40 :  Reconstruction Error : 31.43864728984282
 k = 40 :  Avg Silhoutte score : 0.3212488800323821, with theta = 10.0
 k = 40 :  Avg Dunn's Index score : 0.07577746323998617, with theta = 0.001
 k = 40 :  Avg David Bouldin score : 1.8670764860726994, with theta = 10.0
##################################################################################################
##################################################################################################
 k_knn = 5 
 k = 50 :  Avg ACC : 25.15588889373392, with theta = 10.0
 k = 50 :  Avg NMI : 36.290207397957516, with theta = 10.0
 k = 50 :  Reconstruction Error : 31.549834949239617
 k = 50 :  Avg Silhoutte score : 0.3435140511375023, with theta = 10.0
 k = 50 :  Avg Dunn's Index score : 0.07828623784342191, with theta = 0.001
 k = 50 :  Avg David Bouldin score : 1.9338767107333181, with theta = 10.0
##################################################################################################
##################################################################################################
 k_knn = 5 
 k = 60 :  Avg ACC : 24.44294248462914, with theta = 10.0
 k = 60 :  Avg NMI : 36.531198838968955, with theta = 10.0
 k = 60 :  Reconstruction Error : 31.559360440780832
 k = 60 :  Avg Silhoutte score : 0.34575836040895075, with theta = 10.0
 k = 60 :  Avg Dunn's Index score : 0.0975259907429827, with theta = 0.001
 k = 60 :  Avg David Bouldin score : 1.9321648045724835, with theta = 10.0
##################################################################################################
##################################################################################################
 k_knn = 5 
 k = 70 :  Avg ACC : 24.375354292940305, with theta = 10.0
 k = 70 :  Avg NMI : 35.73003403143889, with theta = 10.0
 k = 70 :  Reconstruction Error : 31.517058339465006
 k = 70 :  Avg Silhoutte score : 0.3296320099978207, with theta = 10.0
 k = 70 :  Avg Dunn's Index score : 0.10875091657901406, with theta = 0.001
 k = 70 :  Avg David Bouldin score : 2.0153900773030586, with theta = 10.0
##################################################################################################
The results of running the Kmeans method 20 times and the report of maximum of 20 runs
##################################################################################################
 k_knn = 6  
 k = 10 :  Max ACC : 9.693454846727423, with theta = 10.0
 k = 10 :  Max NMI : 17.372149228217655, with theta = 10.0
 k = 10 :  Reconstruction Error : 30.573194880928412
 k = 10 :  Max Silhoutter score : 0.3397355185340483, with theta = 10.0
 k = 10 :  Max Dunn's Index score : 0.009725019998557032, with theta = 0.1
 k = 10 :  Min David Bouldin score : 1.222092976617475, with theta = 10.0
##################################################################################################
##################################################################################################
 k_knn = 6  
 k = 20 :  Max ACC : 12.634631317315659, with theta = 10.0
 k = 20 :  Max NMI : 21.927174333033374, with theta = 0.001
 k = 20 :  Reconstruction Error : 31.26473289240128
 k = 20 :  Max Silhoutter score : 0.3341364414637317, with theta = 10.0
 k = 20 :  Max Dunn's Index score : 0.03187243528770325, with theta = 0.01
 k = 20 :  Min David Bouldin score : 1.4963100668481348, with theta = 10.0
##################################################################################################
##################################################################################################
 k_knn = 6  
 k = 30 :  Max ACC : 14.705882352941178, with theta = 10.0
 k = 30 :  Max NMI : 24.13470001715154, with theta = 10.0
 k = 30 :  Reconstruction Error : 31.434745563273722
 k = 30 :  Max Silhoutter score : 0.34573395735900514, with theta = 10.0
 k = 30 :  Max Dunn's Index score : 0.029187410320879584, with theta = 0.001
 k = 30 :  Min David Bouldin score : 1.6982487194008864, with theta = 10.0
##################################################################################################
##################################################################################################
 k_knn = 6  
 k = 40 :  Max ACC : 17.02568351284176, with theta = 10.0
 k = 40 :  Max NMI : 26.69020316795351, with theta = 0.001
 k = 40 :  Reconstruction Error : 31.48777845345819
 k = 40 :  Max Silhoutter score : 0.35396249000918467, with theta = 10.0
 k = 40 :  Max Dunn's Index score : 0.07432093323712206, with theta = 0.001
 k = 40 :  Min David Bouldin score : 1.7885702067394407, with theta = 10.0
##################################################################################################
##################################################################################################
 k_knn = 6  
 k = 50 :  Max ACC : 19.05550952775476, with theta = 10.0
 k = 50 :  Max NMI : 28.559154362027705, with theta = 0.001
 k = 50 :  Reconstruction Error : 31.569407092874016
 k = 50 :  Max Silhoutter score : 0.36042465320836425, with theta = 10.0
 k = 50 :  Max Dunn's Index score : 0.0824850081776167, with theta = 0.001
 k = 50 :  Min David Bouldin score : 1.8283824858973092, with theta = 10.0
##################################################################################################
##################################################################################################
 k_knn = 6  
 k = 60 :  Max ACC : 19.179784589892297, with theta = 10.0
 k = 60 :  Max NMI : 29.189027465946598, with theta = 10.0
 k = 60 :  Reconstruction Error : 31.57269186175087
 k = 60 :  Max Silhoutter score : 0.35953812860507867, with theta = 10.0
 k = 60 :  Max Dunn's Index score : 0.10142531890662734, with theta = 0.001
 k = 60 :  Min David Bouldin score : 1.937585508341064, with theta = 10.0
##################################################################################################
##################################################################################################
 k_knn = 6  
 k = 70 :  Max ACC : 20.91963545981773, with theta = 10.0
 k = 70 :  Max NMI : 30.680832286019367, with theta = 10.0
 k = 70 :  Reconstruction Error : 31.607884030215487
 k = 70 :  Max Silhoutter score : 0.3566941606434151, with theta = 10.0
 k = 70 :  Max Dunn's Index score : 0.0829303868602689, with theta = 0.001
 k = 70 :  Min David Bouldin score : 1.9103834004100777, with theta = 10.0
##################################################################################################
The results of running the Kmeans method 20 times and the average of 20 runs
##################################################################################################
 k_knn = 6 
 k = 10 :  Avg ACC : 8.93908341691013, with theta = 10.0
 k = 10 :  Avg NMI : 16.011514926380936, with theta = 10.0
 k = 10 :  Reconstruction Error : 30.573194880928412
 k = 10 :  Avg Silhoutte score : 0.3304464103015836, with theta = 10.0
 k = 10 :  Avg Dunn's Index score : 0.009725019998557032, with theta = 0.1
 k = 10 :  Avg David Bouldin score : 1.2525373725711746, with theta = 10.0
##################################################################################################
##################################################################################################
 k_knn = 6 
 k = 20 :  Avg ACC : 11.838834866785854, with theta = 10.0
 k = 20 :  Avg NMI : 19.788517687866186, with theta = 0.001
 k = 20 :  Reconstruction Error : 31.26473289240128
 k = 20 :  Avg Silhoutte score : 0.3217454882379359, with theta = 10.0
 k = 20 :  Avg Dunn's Index score : 0.03187243528770325, with theta = 0.01
 k = 20 :  Avg David Bouldin score : 1.5424134903034736, with theta = 10.0
##################################################################################################
##################################################################################################
 k_knn = 6 
 k = 30 :  Avg ACC : 13.988575415340339, with theta = 10.0
 k = 30 :  Avg NMI : 23.03800048692926, with theta = 10.0
 k = 30 :  Reconstruction Error : 31.434745563273722
 k = 30 :  Avg Silhoutte score : 0.3320498519694825, with theta = 10.0
 k = 30 :  Avg Dunn's Index score : 0.029187410320879584, with theta = 0.001
 k = 30 :  Avg David Bouldin score : 1.7377443350685886, with theta = 10.0
##################################################################################################
##################################################################################################
 k_knn = 6 
 k = 40 :  Avg ACC : 15.881044782627654, with theta = 10.0
 k = 40 :  Avg NMI : 25.301440008326896, with theta = 10.0
 k = 40 :  Reconstruction Error : 31.48777845345819
 k = 40 :  Avg Silhoutte score : 0.33989261032558116, with theta = 10.0
 k = 40 :  Avg Dunn's Index score : 0.07432093323712206, with theta = 0.001
 k = 40 :  Avg David Bouldin score : 1.81692233571591, with theta = 10.0
##################################################################################################
##################################################################################################
 k_knn = 6 
 k = 50 :  Avg ACC : 17.777874678411024, with theta = 10.0
 k = 50 :  Avg NMI : 27.40849685077748, with theta = 10.0
 k = 50 :  Reconstruction Error : 31.569407092874016
 k = 50 :  Avg Silhoutte score : 0.33958580598024235, with theta = 10.0
 k = 50 :  Avg Dunn's Index score : 0.0824850081776167, with theta = 0.001
 k = 50 :  Avg David Bouldin score : 1.8863623310436215, with theta = 10.0
##################################################################################################
##################################################################################################
 k_knn = 6 
 k = 60 :  Avg ACC : 18.434134217067108, with theta = 10.0
 k = 60 :  Avg NMI : 28.348395651620645, with theta = 10.0
 k = 60 :  Reconstruction Error : 31.57269186175087
 k = 60 :  Avg Silhoutte score : 0.34127456988725563, with theta = 10.0
 k = 60 :  Avg Dunn's Index score : 0.10142531890662734, with theta = 0.001
 k = 60 :  Avg David Bouldin score : 1.980374409698226, with theta = 10.0
##################################################################################################
##################################################################################################
 k_knn = 6 
 k = 70 :  Avg ACC : 19.615837439497668, with theta = 10.0
 k = 70 :  Avg NMI : 29.873811784361628, with theta = 10.0
 k = 70 :  Reconstruction Error : 31.607884030215487
 k = 70 :  Avg Silhoutte score : 0.33865677667120214, with theta = 10.0
 k = 70 :  Avg Dunn's Index score : 0.0829303868602689, with theta = 0.001
 k = 70 :  Avg David Bouldin score : 1.9902387598733517, with theta = 10.0
##################################################################################################
The results of running the Kmeans method 20 times and the report of maximum of 20 runs
##################################################################################################
 k_knn = 11  
 k = 10 :  Max ACC : 8.740679370339684, with theta = 0.01
 k = 10 :  Max NMI : 11.14430567697809, with theta = 0.01
 k = 10 :  Reconstruction Error : 31.300609317422975
 k = 10 :  Max Silhoutter score : 0.39872812775156635, with theta = 10.0
 k = 10 :  Max Dunn's Index score : 0.010188629977997809, with theta = 0.01
 k = 10 :  Min David Bouldin score : 1.2304809855375733, with theta = 10.0
##################################################################################################
##################################################################################################
 k_knn = 11  
 k = 20 :  Max ACC : 11.143330571665286, with theta = 0.001
 k = 20 :  Max NMI : 18.790910387216282, with theta = 0.001
 k = 20 :  Reconstruction Error : 31.496528196931152
 k = 20 :  Max Silhoutter score : 0.3961802766125595, with theta = 10.0
 k = 20 :  Max Dunn's Index score : 0.029524711203829542, with theta = 0.001
 k = 20 :  Min David Bouldin score : 1.4718818502679123, with theta = 10.0
##################################################################################################
##################################################################################################
 k_knn = 11  
 k = 30 :  Max ACC : 12.551781275890638, with theta = 0.001
 k = 30 :  Max NMI : 21.515237512080162, with theta = 0.001
 k = 30 :  Reconstruction Error : 31.606014839265423
 k = 30 :  Max Silhoutter score : 0.4007256116993361, with theta = 10.0
 k = 30 :  Max Dunn's Index score : 0.04440424276480964, with theta = 0.001
 k = 30 :  Min David Bouldin score : 1.640912501307892, with theta = 10.0
##################################################################################################
##################################################################################################
 k_knn = 11  
 k = 40 :  Max ACC : 13.670256835128416, with theta = 0.001
 k = 40 :  Max NMI : 22.879175396739157, with theta = 0.001
 k = 40 :  Reconstruction Error : 31.60897314256527
 k = 40 :  Max Silhoutter score : 0.39890216543324797, with theta = 10.0
 k = 40 :  Max Dunn's Index score : 0.046795031594931646, with theta = 0.001
 k = 40 :  Min David Bouldin score : 1.684714532692074, with theta = 10.0
##################################################################################################
##################################################################################################
 k_knn = 11  
 k = 50 :  Max ACC : 14.084507042253522, with theta = 0.001
 k = 50 :  Max NMI : 23.16728259413743, with theta = 0.001
 k = 50 :  Reconstruction Error : 31.63919596170239
 k = 50 :  Max Silhoutter score : 0.39731174393727703, with theta = 10.0
 k = 50 :  Max Dunn's Index score : 0.07658817658116908, with theta = 0.001
 k = 50 :  Min David Bouldin score : 1.7659876237638967, with theta = 10.0
##################################################################################################
##################################################################################################
 k_knn = 11  
 k = 60 :  Max ACC : 13.960231980115989, with theta = 0.001
 k = 60 :  Max NMI : 23.19685923218671, with theta = 0.001
 k = 60 :  Reconstruction Error : 31.63383787412813
 k = 60 :  Max Silhoutter score : 0.3980270910546414, with theta = 10.0
 k = 60 :  Max Dunn's Index score : 0.08474854975650063, with theta = 0.001
 k = 60 :  Min David Bouldin score : 1.8193180500974073, with theta = 10.0
##################################################################################################
##################################################################################################
 k_knn = 11  
 k = 70 :  Max ACC : 15.617232808616405, with theta = 0.001
 k = 70 :  Max NMI : 24.75236901305667, with theta = 0.001
 k = 70 :  Reconstruction Error : 31.639832562199235
 k = 70 :  Max Silhoutter score : 0.39499281849932005, with theta = 10.0
 k = 70 :  Max Dunn's Index score : 0.08050279383573299, with theta = 0.001
 k = 70 :  Min David Bouldin score : 1.8212671940222662, with theta = 10.0
##################################################################################################
The results of running the Kmeans method 20 times and the average of 20 runs
##################################################################################################
 k_knn = 11 
 k = 10 :  Avg ACC : 8.101861945667816, with theta = 0.01
 k = 10 :  Avg NMI : 10.272952693179226, with theta = 0.01
 k = 10 :  Reconstruction Error : 31.300609317422975
 k = 10 :  Avg Silhoutte score : 0.38852624525880264, with theta = 10.0
 k = 10 :  Avg Dunn's Index score : 0.010188629977997809, with theta = 0.01
 k = 10 :  Avg David Bouldin score : 1.260916954393304, with theta = 10.0
##################################################################################################
##################################################################################################
 k_knn = 11 
 k = 20 :  Avg ACC : 10.436924955304583, with theta = 0.01
 k = 20 :  Avg NMI : 17.144258603345886, with theta = 0.001
 k = 20 :  Reconstruction Error : 31.496528196931152
 k = 20 :  Avg Silhoutte score : 0.3871672918226472, with theta = 10.0
 k = 20 :  Avg Dunn's Index score : 0.029524711203829542, with theta = 0.001
 k = 20 :  Avg David Bouldin score : 1.507101527264257, with theta = 10.0
##################################################################################################
##################################################################################################
 k_knn = 11 
 k = 30 :  Avg ACC : 11.555400514542363, with theta = 0.001
 k = 30 :  Avg NMI : 20.124572390390295, with theta = 0.001
 k = 30 :  Reconstruction Error : 31.606014839265423
 k = 30 :  Avg Silhoutte score : 0.3868363222518958, with theta = 10.0
 k = 30 :  Avg Dunn's Index score : 0.04440424276480964, with theta = 0.001
 k = 30 :  Avg David Bouldin score : 1.6651520777997084, with theta = 10.0
##################################################################################################
##################################################################################################
 k_knn = 11 
 k = 40 :  Avg ACC : 12.399162778528758, with theta = 0.001
 k = 40 :  Avg NMI : 21.189033191756188, with theta = 0.001
 k = 40 :  Reconstruction Error : 31.60897314256527
 k = 40 :  Avg Silhoutte score : 0.38970196336638635, with theta = 10.0
 k = 40 :  Avg Dunn's Index score : 0.046795031594931646, with theta = 0.001
 k = 40 :  Avg David Bouldin score : 1.740710517187019, with theta = 10.0
##################################################################################################
##################################################################################################
 k_knn = 11 
 k = 50 :  Avg ACC : 13.033619674704575, with theta = 0.001
 k = 50 :  Avg NMI : 22.070055697186614, with theta = 0.001
 k = 50 :  Reconstruction Error : 31.63919596170239
 k = 50 :  Avg Silhoutte score : 0.38437522154274995, with theta = 10.0
 k = 50 :  Avg Dunn's Index score : 0.07658817658116908, with theta = 0.001
 k = 50 :  Avg David Bouldin score : 1.7987321133797254, with theta = 10.0
##################################################################################################
##################################################################################################
 k_knn = 11 
 k = 60 :  Avg ACC : 12.885361705838747, with theta = 0.001
 k = 60 :  Avg NMI : 21.980212111579572, with theta = 0.001
 k = 60 :  Reconstruction Error : 31.63383787412813
 k = 60 :  Avg Silhoutte score : 0.3897680472841745, with theta = 10.0
 k = 60 :  Avg Dunn's Index score : 0.08474854975650063, with theta = 0.001
 k = 60 :  Avg David Bouldin score : 1.888134832612088, with theta = 10.0
##################################################################################################
##################################################################################################
 k_knn = 11 
 k = 70 :  Avg ACC : 14.41808747220163, with theta = 0.001
 k = 70 :  Avg NMI : 23.428201123991443, with theta = 0.001
 k = 70 :  Reconstruction Error : 31.639832562199235
 k = 70 :  Avg Silhoutte score : 0.3862029380343824, with theta = 10.0
 k = 70 :  Avg Dunn's Index score : 0.08050279383573299, with theta = 0.001
 k = 70 :  Avg David Bouldin score : 1.884693246315648, with theta = 10.0
##################################################################################################
The results of running the Kmeans method 20 times and the report of maximum of 20 runs
##################################################################################################
 k_knn = 21  
 k = 10 :  Max ACC : 7.953603976801989, with theta = 0.01
 k = 10 :  Max NMI : 9.950648067594345, with theta = 0.01
 k = 10 :  Reconstruction Error : 31.550939525733725
 k = 10 :  Max Silhoutter score : 0.42719592782582727, with theta = 10.0
 k = 10 :  Max Dunn's Index score : 0.01062021526805044, with theta = 0.001
 k = 10 :  Min David Bouldin score : 1.1504904313333217, with theta = 10.0
##################################################################################################
##################################################################################################
 k_knn = 21  
 k = 20 :  Max ACC : 10.149130074565036, with theta = 0.001
 k = 20 :  Max NMI : 15.709770620760368, with theta = 0.001
 k = 20 :  Reconstruction Error : 31.648707370164008
 k = 20 :  Max Silhoutter score : 0.4229811203912596, with theta = 10.0
 k = 20 :  Max Dunn's Index score : 0.022088180951926713, with theta = 0.001
 k = 20 :  Min David Bouldin score : 1.4433085006635449, with theta = 10.0
##################################################################################################
##################################################################################################
 k_knn = 21  
 k = 30 :  Max ACC : 10.894780447390223, with theta = 0.001
 k = 30 :  Max NMI : 18.014896158309664, with theta = 0.001
 k = 30 :  Reconstruction Error : 31.638676912428664
 k = 30 :  Max Silhoutter score : 0.43906793878934147, with theta = 10.0
 k = 30 :  Max Dunn's Index score : 0.052482875726858204, with theta = 0.001
 k = 30 :  Min David Bouldin score : 1.5876666006346618, with theta = 10.0
##################################################################################################
##################################################################################################
 k_knn = 21  
 k = 40 :  Max ACC : 11.433305716652859, with theta = 0.001
 k = 40 :  Max NMI : 17.412762038514824, with theta = 0.001
 k = 40 :  Reconstruction Error : 31.653782072551707
 k = 40 :  Max Silhoutter score : 0.43955813644862046, with theta = 10.0
 k = 40 :  Max Dunn's Index score : 0.03930577135459464, with theta = 0.001
 k = 40 :  Min David Bouldin score : 1.6351629882963759, with theta = 10.0
##################################################################################################
##################################################################################################
 k_knn = 21  
 k = 50 :  Max ACC : 11.723280861640431, with theta = 0.001
 k = 50 :  Max NMI : 18.678528534289022, with theta = 0.001
 k = 50 :  Reconstruction Error : 31.637289987990282
 k = 50 :  Max Silhoutter score : 0.4438479268531378, with theta = 10.0
 k = 50 :  Max Dunn's Index score : 0.06790578325899199, with theta = 0.001
 k = 50 :  Min David Bouldin score : 1.7133464378013314, with theta = 10.0
##################################################################################################
##################################################################################################
 k_knn = 21  
 k = 60 :  Max ACC : 11.226180613090307, with theta = 0.001
 k = 60 :  Max NMI : 18.452881419205358, with theta = 0.001
 k = 60 :  Reconstruction Error : 31.66047770806063
 k = 60 :  Max Silhoutter score : 0.4461265301953479, with theta = 10.0
 k = 60 :  Max Dunn's Index score : 0.07103534353365852, with theta = 0.001
 k = 60 :  Min David Bouldin score : 1.738689310167725, with theta = 10.0
##################################################################################################
##################################################################################################
 k_knn = 21  
 k = 70 :  Max ACC : 11.184755592377796, with theta = 0.001
 k = 70 :  Max NMI : 17.852832855815763, with theta = 0.001
 k = 70 :  Reconstruction Error : 31.64636332096289
 k = 70 :  Max Silhoutter score : 0.4443494661337611, with theta = 10.0
 k = 70 :  Max Dunn's Index score : 0.07053590346837096, with theta = 0.001
 k = 70 :  Min David Bouldin score : 1.6539229271640916, with theta = 10.0
##################################################################################################
The results of running the Kmeans method 20 times and the average of 20 runs
##################################################################################################
 k_knn = 21 
 k = 10 :  Avg ACC : 7.340949723106441, with theta = 0.01
 k = 10 :  Avg NMI : 8.657854869214638, with theta = 0.01
 k = 10 :  Reconstruction Error : 31.550939525733725
 k = 10 :  Avg Silhoutte score : 0.4175165081640944, with theta = 10.0
 k = 10 :  Avg Dunn's Index score : 0.01062021526805044, with theta = 0.001
 k = 10 :  Avg David Bouldin score : 1.1916114294290034, with theta = 10.0
##################################################################################################
##################################################################################################
 k_knn = 21 
 k = 20 :  Avg ACC : 9.704356167967557, with theta = 0.001
 k = 20 :  Avg NMI : 14.771353567090275, with theta = 0.001
 k = 20 :  Reconstruction Error : 31.648707370164008
 k = 20 :  Avg Silhoutte score : 0.41302234530711973, with theta = 10.0
 k = 20 :  Avg Dunn's Index score : 0.022088180951926713, with theta = 0.001
 k = 20 :  Avg David Bouldin score : 1.496237283203316, with theta = 10.0
##################################################################################################
##################################################################################################
 k_knn = 21 
 k = 30 :  Avg ACC : 10.295207779182837, with theta = 0.001
 k = 30 :  Avg NMI : 16.8348057180502, with theta = 0.001
 k = 30 :  Reconstruction Error : 31.638676912428664
 k = 30 :  Avg Silhoutte score : 0.42999501901481835, with theta = 10.0
 k = 30 :  Avg Dunn's Index score : 0.052482875726858204, with theta = 0.001
 k = 30 :  Avg David Bouldin score : 1.6235406159743544, with theta = 10.0
##################################################################################################
##################################################################################################
 k_knn = 21 
 k = 40 :  Avg ACC : 10.576461867178303, with theta = 0.001
 k = 40 :  Avg NMI : 16.026670757597174, with theta = 0.001
 k = 40 :  Reconstruction Error : 31.653782072551707
 k = 40 :  Avg Silhoutte score : 0.4341103511805348, with theta = 10.0
 k = 40 :  Avg Dunn's Index score : 0.03930577135459464, with theta = 0.001
 k = 40 :  Avg David Bouldin score : 1.6815170633826932, with theta = 10.0
##################################################################################################
##################################################################################################
 k_knn = 21 
 k = 50 :  Avg ACC : 10.96672916757511, with theta = 0.001
 k = 50 :  Avg NMI : 17.518608308350707, with theta = 0.001
 k = 50 :  Reconstruction Error : 31.637289987990282
 k = 50 :  Avg Silhoutte score : 0.43548844191682456, with theta = 10.0
 k = 50 :  Avg Dunn's Index score : 0.06790578325899199, with theta = 0.001
 k = 50 :  Avg David Bouldin score : 1.7432587686781031, with theta = 10.0
##################################################################################################
##################################################################################################
 k_knn = 21 
 k = 60 :  Avg ACC : 10.722539571796101, with theta = 0.001
 k = 60 :  Avg NMI : 17.070767405376223, with theta = 0.001
 k = 60 :  Reconstruction Error : 31.66047770806063
 k = 60 :  Avg Silhoutte score : 0.4355705175390981, with theta = 10.0
 k = 60 :  Avg Dunn's Index score : 0.07103534353365852, with theta = 0.001
 k = 60 :  Avg David Bouldin score : 1.78671402632543, with theta = 10.0
##################################################################################################
##################################################################################################
 k_knn = 21 
 k = 70 :  Avg ACC : 10.639689530371081, with theta = 0.001
 k = 70 :  Avg NMI : 16.67690785779761, with theta = 0.001
 k = 70 :  Reconstruction Error : 31.64636332096289
 k = 70 :  Avg Silhoutte score : 0.4395393306809686, with theta = 10.0
 k = 70 :  Avg Dunn's Index score : 0.07053590346837096, with theta = 0.001
 k = 70 :  Avg David Bouldin score : 1.7242163470498513, with theta = 10.0
##################################################################################################
{10: [100, 100, 100, 100, 100, 100, 100, 100, 100, 100, 100, 100, 100, 100, 100, 100, 100, 100, 100, 100], 20: [100, 100, 100, 100, 100, 100, 100, 100, 100, 100, 100, 100, 100, 100, 100, 100, 100, 100, 100, 100], 30: [100, 100, 100, 100, 100, 100, 100, 100, 100, 100, 100, 100, 100, 100, 100, 100, 100, 100, 100, 100], 40: [100, 100, 100, 100, 100, 100, 100, 100, 100, 100, 100, 100, 100, 100, 100, 100, 100, 100, 100, 100], 50: [100, 100, 100, 100, 100, 100, 100, 100, 100, 100, 100, 100, 100, 100, 100, 100, 100, 100, 100, 62], 60: [100, 100, 100, 100, 100, 100, 100, 100, 100, 100, 100, 100, 100, 100, 100, 100, 100, 100, 100, 66], 70: [100, 100, 100, 100, 100, 100, 100, 100, 100, 100, 100, 100, 100, 100, 100, 100, 100, 100, 100, 58]}
Average no. of iterations for k = 10 : 100
Average no. of iterations for k = 20 : 100
Average no. of iterations for k = 30 : 100
Average no. of iterations for k = 40 : 100
Average no. of iterations for k = 50 : 98.1
Average no. of iterations for k = 60 : 98.3
Average no. of iterations for k = 70 : 97.9
Overall average no. of iterations : 99.18571428571428
done
