Model : NMF
Dataset : yaleB
max iterations : 100
myeps_1 : 1e-12
myeps_2 : 1e-10
##################################################################################################
The results of running the Kmeans method 20 times and the report of maximum of 20 runs
##################################################################################################
 k = 10 : max ACC = 7.166528583264292
 k = 10 : max NMI = 8.324432143892215
 k = 10 : max Silhoutte Score = 0.2193056344985962
 k = 10 : max Dunn's Index Score = 0.010000032022074536
 k = 10 : min Davies bouldin Score = 1.2204072563618633
##################################################################################################
The results of running the Kmeans method 20 times and the average of 20 runs
##################################################################################################
 k = 10 : mean ACC = 6.832948153316182
 k = 10 : mean NMI = 7.6466107878236125
 k = 10 : mean Silhoutte score = 0.21299463510513306
 k = 10 : mean Dunn's Index Score = 0.010000032022074536
 k = 10 : mean Davies bouldin Score = 1.2542521132873798


##################################################################################################
The results of running the Kmeans method 20 times and the report of maximum of 20 runs
##################################################################################################
 k = 20 : max ACC = 9.030654515327258
 k = 20 : max NMI = 15.807784972352836
 k = 20 : max Silhoutte Score = 0.15001577138900757
 k = 20 : max Dunn's Index Score = 0.03430492589650159
 k = 20 : min Davies bouldin Score = 1.5340291761060152
##################################################################################################
The results of running the Kmeans method 20 times and the average of 20 runs
##################################################################################################
 k = 20 : mean ACC = 8.574979287489644
 k = 20 : mean NMI = 14.662488795709425
 k = 20 : mean Silhoutte score = 0.14050261676311493
 k = 20 : mean Dunn's Index Score = 0.03430492589650159
 k = 20 : mean Davies bouldin Score = 1.558484577585519


##################################################################################################
The results of running the Kmeans method 20 times and the report of maximum of 20 runs
##################################################################################################
 k = 30 : max ACC = 13.007456503728251
 k = 30 : max NMI = 25.24830636666147
 k = 30 : max Silhoutte Score = 0.12840987741947174
 k = 30 : max Dunn's Index Score = 0.05209169503944716
 k = 30 : min Davies bouldin Score = 1.6681256161802285
##################################################################################################
The results of running the Kmeans method 20 times and the average of 20 runs
##################################################################################################
 k = 30 : mean ACC = 12.213840317446474
 k = 30 : mean NMI = 24.53037865159019
 k = 30 : mean Silhoutte score = 0.12418312579393387
 k = 30 : mean Dunn's Index Score = 0.05209169503944716
 k = 30 : mean Davies bouldin Score = 1.6945104827570772


##################################################################################################
The results of running the Kmeans method 20 times and the report of maximum of 20 runs
##################################################################################################
 k = 40 : max ACC = 12.883181441590722
 k = 40 : max NMI = 24.80259834372771
 k = 40 : max Silhoutte Score = 0.1125393956899643
 k = 40 : max Dunn's Index Score = 0.056100310269530225
 k = 40 : min Davies bouldin Score = 1.7575992757348193
##################################################################################################
The results of running the Kmeans method 20 times and the average of 20 runs
##################################################################################################
 k = 40 : mean ACC = 12.080844198316836
 k = 40 : mean NMI = 23.51587995063232
 k = 40 : mean Silhoutte score = 0.10243772715330124
 k = 40 : mean Dunn's Index Score = 0.056100310269530225
 k = 40 : mean Davies bouldin Score = 1.804786695519862


##################################################################################################
The results of running the Kmeans method 20 times and the report of maximum of 20 runs
##################################################################################################
 k = 50 : max ACC = 13.173156586578294
 k = 50 : max NMI = 24.868178964590335
 k = 50 : max Silhoutte Score = 0.10371385514736176
 k = 50 : max Dunn's Index Score = 0.035565066731182426
 k = 50 : min Davies bouldin Score = 1.718698619947622
##################################################################################################
The results of running the Kmeans method 20 times and the average of 20 runs
##################################################################################################
 k = 50 : mean ACC = 11.755984825360834
 k = 50 : mean NMI = 23.606931949060584
 k = 50 : mean Silhoutte score = 0.09827058762311935
 k = 50 : mean Dunn's Index Score = 0.035565066731182426
 k = 50 : mean Davies bouldin Score = 1.7643415277387047


##################################################################################################
The results of running the Kmeans method 20 times and the report of maximum of 20 runs
##################################################################################################
 k = 60 : max ACC = 11.64043082021541
 k = 60 : max NMI = 21.570411152699165
 k = 60 : max Silhoutte Score = 0.10874494165182114
 k = 60 : max Dunn's Index Score = 0.04554434881340497
 k = 60 : min Davies bouldin Score = 1.7488029668814529
##################################################################################################
The results of running the Kmeans method 20 times and the average of 20 runs
##################################################################################################
 k = 60 : mean ACC = 10.955827846334977
 k = 60 : mean NMI = 20.159046737479873
 k = 60 : mean Silhoutte score = 0.10263185203075409
 k = 60 : mean Dunn's Index Score = 0.04554434881340497
 k = 60 : mean Davies bouldin Score = 1.7941145621385164


##################################################################################################
The results of running the Kmeans method 20 times and the report of maximum of 20 runs
##################################################################################################
 k = 70 : max ACC = 13.380281690140844
 k = 70 : max NMI = 25.737816942846614
 k = 70 : max Silhoutte Score = 0.09385844320058823
 k = 70 : max Dunn's Index Score = 0.06332362913939292
 k = 70 : min Davies bouldin Score = 1.8581635003047956
##################################################################################################
The results of running the Kmeans method 20 times and the average of 20 runs
##################################################################################################
 k = 70 : mean ACC = 12.488553612697858
 k = 70 : mean NMI = 24.368918701041782
 k = 70 : mean Silhoutte score = 0.0895795151591301
 k = 70 : mean Dunn's Index Score = 0.06332362913939292
 k = 70 : mean Davies bouldin Score = 1.9270187358309263


#Done!
