Model : ERWNMF
Dataset : Yale_32x32.mat
max iterations : 100
myeps_1 : 1e-12
myeps_2 : 1e-10
**********************************************************************************************************
The results of running the Kmeans method 20 times and the report of maximum of 20 runs

k = 10 : best max_acc = 46.666666666666664 , with nu = 4194304
k = 10 : best max_nmi = 51.0584642368142 , with nu = 4194304


The results of running the Kmeans method 20 times and the report of average of 20 runs

k = 10 : best avg_acc = 42.00956937799043 , with nu = 4194304 
k = 10 : best avg_nmi = 46.41726050143734 , with nu = 4194304 
**********************************************************************************************************
**********************************************************************************************************
The results of running the Kmeans method 20 times and the report of maximum of 20 runs

k = 20 : best max_acc = 50.303030303030305 , with nu = 268435456
k = 20 : best max_nmi = 53.759564934523596 , with nu = 268435456


The results of running the Kmeans method 20 times and the report of average of 20 runs

k = 20 : best avg_acc = 43.25358851674641 , with nu = 268435456 
k = 20 : best avg_nmi = 48.482610192143795 , with nu = 268435456 
**********************************************************************************************************
**********************************************************************************************************
The results of running the Kmeans method 20 times and the report of maximum of 20 runs

k = 30 : best max_acc = 48.484848484848484 , with nu = 16777216
k = 30 : best max_nmi = 52.94372231939888 , with nu = 16777216


The results of running the Kmeans method 20 times and the report of average of 20 runs

k = 30 : best avg_acc = 41.97767145135566 , with nu = 4294967296 
k = 30 : best avg_nmi = 47.74449085487373 , with nu = 8388608 
**********************************************************************************************************
**********************************************************************************************************
The results of running the Kmeans method 20 times and the report of maximum of 20 runs

k = 40 : best max_acc = 49.696969696969695 , with nu = 8388608
k = 40 : best max_nmi = 54.28907429639743 , with nu = 8388608


The results of running the Kmeans method 20 times and the report of average of 20 runs

k = 40 : best avg_acc = 42.5518341307815 , with nu = 33554432 
k = 40 : best avg_nmi = 47.6128608630989 , with nu = 33554432 
**********************************************************************************************************
**********************************************************************************************************
The results of running the Kmeans method 20 times and the report of maximum of 20 runs

k = 50 : best max_acc = 45.45454545454545 , with nu = 33554432
k = 50 : best max_nmi = 50.894055959502474 , with nu = 33554432


The results of running the Kmeans method 20 times and the report of average of 20 runs

k = 50 : best avg_acc = 39.26634768740032 , with nu = 268435456 
k = 50 : best avg_nmi = 46.52527155203069 , with nu = 268435456 
**********************************************************************************************************
**********************************************************************************************************
The results of running the Kmeans method 20 times and the report of maximum of 20 runs

k = 60 : best max_acc = 46.666666666666664 , with nu = 8388608
k = 60 : best max_nmi = 52.9915582492807 , with nu = 8388608


The results of running the Kmeans method 20 times and the report of average of 20 runs

k = 60 : best avg_acc = 42.10526315789473 , with nu = 8388608 
k = 60 : best avg_nmi = 48.523946880293956 , with nu = 8388608 
**********************************************************************************************************
**********************************************************************************************************
The results of running the Kmeans method 20 times and the report of maximum of 20 runs

k = 70 : best max_acc = 47.878787878787875 , with nu = 268435456
k = 70 : best max_nmi = 51.329480959485906 , with nu = 268435456


The results of running the Kmeans method 20 times and the report of average of 20 runs

k = 70 : best avg_acc = 39.39393939393939 , with nu = 67108864 
k = 70 : best avg_nmi = 45.72010073366736 , with nu = 67108864 
**********************************************************************************************************

....................................................
 best acc(avg) = 43.25358851674641 for k = 20
 best nmi(avg) = 48.523946880293956 for k = 60
....................................................
done!
