Model : GRSNMF
Dataset : yale
max iterations : 100
myeps_1 : 1e-12
myeps_2 : 1e-10
The results of running the Kmeans method 20 times and the report of maximum of 20 runs
##################################################################################################
 k = 10 :  k_knn = 3  
 Max ACC : 44.24242424242424, with theta = 0.1
 Max NMI : 48.19936273723227, with theta = 0.1
 Reconstruction Error : 3.4903359935465796
 Max Silhoutter score : 0.25295108218341444, with theta = 10.0
 Max Dunn's Index score : 0.10977771637733046, with theta = 0.1
 Min David Bouldin score : 1.188209680234398, with theta = 0.001
##################################################################################################
##################################################################################################
 k = 20 :  k_knn = 3  
 Max ACC : 44.84848484848485, with theta = 0.01
 Max NMI : 49.81943529632605, with theta = 10.0
 Reconstruction Error : 3.0076914172609466
 Max Silhoutter score : 0.18645705074534527, with theta = 10.0
 Max Dunn's Index score : 0.18691221051316048, with theta = 0.01
 Min David Bouldin score : 1.544062215477745, with theta = 0.1
##################################################################################################
##################################################################################################
 k = 30 :  k_knn = 3  
 Max ACC : 48.484848484848484, with theta = 10.0
 Max NMI : 51.35979830323476, with theta = 10.0
 Reconstruction Error : 2.734359291179045
 Max Silhoutter score : 0.1641909365207154, with theta = 10.0
 Max Dunn's Index score : 0.18658657274795243, with theta = 0.001
 Min David Bouldin score : 1.6891168096557507, with theta = 10.0
##################################################################################################
##################################################################################################
 k = 40 :  k_knn = 3  
 Max ACC : 47.878787878787875, with theta = 10.0
 Max NMI : 54.423420117383735, with theta = 10.0
 Reconstruction Error : 2.5689520843213263
 Max Silhoutter score : 0.15214948775455042, with theta = 10.0
 Max Dunn's Index score : 0.2131396277317761, with theta = 0.001
 Min David Bouldin score : 1.7536324347536576, with theta = 10.0
##################################################################################################
##################################################################################################
 k = 50 :  k_knn = 3  
 Max ACC : 45.45454545454545, with theta = 10.0
 Max NMI : 50.3221503903194, with theta = 10.0
 Reconstruction Error : 2.4299638073311645
 Max Silhoutter score : 0.1395254000829522, with theta = 10.0
 Max Dunn's Index score : 0.2379801962330774, with theta = 0.01
 Min David Bouldin score : 1.9006251442608046, with theta = 10.0
##################################################################################################
##################################################################################################
 k = 60 :  k_knn = 3  
 Max ACC : 44.84848484848485, with theta = 10.0
 Max NMI : 50.49349872238683, with theta = 10.0
 Reconstruction Error : 2.3135837534678303
 Max Silhoutter score : 0.13211173874944168, with theta = 10.0
 Max Dunn's Index score : 0.2627435309796173, with theta = 10.0
 Min David Bouldin score : 1.8097142582332468, with theta = 0.001
##################################################################################################
##################################################################################################
 k = 70 :  k_knn = 3  
 Max ACC : 46.666666666666664, with theta = 10.0
 Max NMI : 50.870829478501065, with theta = 10.0
 Reconstruction Error : 2.244562239855618
 Max Silhoutter score : 0.12090975552168742, with theta = 10.0
 Max Dunn's Index score : 0.24835776279723798, with theta = 0.001
 Min David Bouldin score : 2.0584299286039762, with theta = 10.0
##################################################################################################
The results of running the Kmeans method 20 times and the average of 20 runs
##################################################################################################
k = 10 :  k_knn = 3 
 Avg ACC : 40.60606060606061, with theta = 10.0
 Avg NMI : 45.71554694758781, with theta = 10.0
 Reconstruction Error : 3.4903359935465796
 Avg Silhoutte score : 0.2415075063511591, with theta = 10.0
 Avg Dunn's Index score : 0.10977771637733046, with theta = 0.1
 Avg David Bouldin score : 1.3003610675342894, with theta = 0.001
##################################################################################################
##################################################################################################
k = 20 :  k_knn = 3 
 Avg ACC : 40.82934609250399, with theta = 0.01
 Avg NMI : 46.66552748366599, with theta = 10.0
 Reconstruction Error : 3.0076914172609466
 Avg Silhoutte score : 0.17004628080415993, with theta = 10.0
 Avg Dunn's Index score : 0.18691221051316048, with theta = 0.01
 Avg David Bouldin score : 1.565021227081067, with theta = 10.0
##################################################################################################
##################################################################################################
k = 30 :  k_knn = 3 
 Avg ACC : 40.38277511961723, with theta = 10.0
 Avg NMI : 47.32144086765763, with theta = 10.0
 Reconstruction Error : 2.734359291179045
 Avg Silhoutte score : 0.15218501512073976, with theta = 10.0
 Avg Dunn's Index score : 0.18658657274795243, with theta = 0.001
 Avg David Bouldin score : 1.6821094701176629, with theta = 10.0
##################################################################################################
##################################################################################################
k = 40 :  k_knn = 3 
 Avg ACC : 42.77511961722488, with theta = 10.0
 Avg NMI : 49.53733934968189, with theta = 10.0
 Reconstruction Error : 2.5689520843213263
 Avg Silhoutte score : 0.14498982489556553, with theta = 10.0
 Avg Dunn's Index score : 0.2131396277317761, with theta = 0.001
 Avg David Bouldin score : 1.7446165559822888, with theta = 10.0
##################################################################################################
##################################################################################################
k = 50 :  k_knn = 3 
 Avg ACC : 40.47846889952153, with theta = 10.0
 Avg NMI : 46.333297865098324, with theta = 10.0
 Reconstruction Error : 2.4299638073311645
 Avg Silhoutte score : 0.1287174597723466, with theta = 10.0
 Avg Dunn's Index score : 0.2379801962330774, with theta = 0.01
 Avg David Bouldin score : 1.8396298714333141, with theta = 10.0
##################################################################################################
##################################################################################################
k = 60 :  k_knn = 3 
 Avg ACC : 39.13875598086124, with theta = 10.0
 Avg NMI : 46.45071103204542, with theta = 10.0
 Reconstruction Error : 2.3135837534678303
 Avg Silhoutte score : 0.11899837087509085, with theta = 10.0
 Avg Dunn's Index score : 0.2627435309796173, with theta = 10.0
 Avg David Bouldin score : 1.9434609014437363, with theta = 10.0
##################################################################################################
##################################################################################################
k = 70 :  k_knn = 3 
 Avg ACC : 39.26634768740032, with theta = 0.01
 Avg NMI : 45.51662855456679, with theta = 10.0
 Reconstruction Error : 2.244562239855618
 Avg Silhoutte score : 0.10873569579241926, with theta = 10.0
 Avg Dunn's Index score : 0.24835776279723798, with theta = 0.001
 Avg David Bouldin score : 1.9652910512042756, with theta = 10.0
##################################################################################################
The results of running the Kmeans method 20 times and the report of maximum of 20 runs
##################################################################################################
 k = 10 :  k_knn = 5  
 Max ACC : 46.06060606060606, with theta = 0.1
 Max NMI : 51.71281122257718, with theta = 10.0
 Reconstruction Error : 3.477350054779553
 Max Silhoutter score : 0.27442254938692184, with theta = 10.0
 Max Dunn's Index score : 0.10838233868102544, with theta = 0.01
 Min David Bouldin score : 1.247649753933605, with theta = 10.0
##################################################################################################
##################################################################################################
 k = 20 :  k_knn = 5  
 Max ACC : 50.303030303030305, with theta = 0.1
 Max NMI : 52.60241128763493, with theta = 0.1
 Reconstruction Error : 3.0625392952056214
 Max Silhoutter score : 0.21902853910863673, with theta = 10.0
 Max Dunn's Index score : 0.16415450284331676, with theta = 0.1
 Min David Bouldin score : 1.551829871900793, with theta = 10.0
##################################################################################################
##################################################################################################
 k = 30 :  k_knn = 5  
 Max ACC : 46.06060606060606, with theta = 10.0
 Max NMI : 50.80063604251242, with theta = 10.0
 Reconstruction Error : 2.8238305147272826
 Max Silhoutter score : 0.18667752582486002, with theta = 10.0
 Max Dunn's Index score : 0.18037930787524842, with theta = 0.01
 Min David Bouldin score : 1.652934931691271, with theta = 10.0
##################################################################################################
##################################################################################################
 k = 40 :  k_knn = 5  
 Max ACC : 46.666666666666664, with theta = 10.0
 Max NMI : 52.80625347062708, with theta = 10.0
 Reconstruction Error : 2.611716280421952
 Max Silhoutter score : 0.17343246011336091, with theta = 10.0
 Max Dunn's Index score : 0.2567437202372863, with theta = 0.1
 Min David Bouldin score : 1.7621932092279664, with theta = 10.0
##################################################################################################
##################################################################################################
 k = 50 :  k_knn = 5  
 Max ACC : 49.09090909090909, with theta = 10.0
 Max NMI : 53.145823857816346, with theta = 10.0
 Reconstruction Error : 2.514383637061133
 Max Silhoutter score : 0.17283596803861484, with theta = 10.0
 Max Dunn's Index score : 0.25428665443365883, with theta = 0.1
 Min David Bouldin score : 1.8987714850787307, with theta = 10.0
##################################################################################################
##################################################################################################
 k = 60 :  k_knn = 5  
 Max ACC : 49.09090909090909, with theta = 10.0
 Max NMI : 53.47471233861726, with theta = 10.0
 Reconstruction Error : 2.3660537302126725
 Max Silhoutter score : 0.15552421161885052, with theta = 10.0
 Max Dunn's Index score : 0.22256781127600447, with theta = 0.1
 Min David Bouldin score : 1.9007127800394215, with theta = 10.0
##################################################################################################
##################################################################################################
 k = 70 :  k_knn = 5  
 Max ACC : 47.27272727272727, with theta = 10.0
 Max NMI : 51.812873054185275, with theta = 10.0
 Reconstruction Error : 2.3071883850112394
 Max Silhoutter score : 0.1538949580670205, with theta = 10.0
 Max Dunn's Index score : 0.2729076901090039, with theta = 0.01
 Min David Bouldin score : 1.9657599556763021, with theta = 10.0
##################################################################################################
The results of running the Kmeans method 20 times and the average of 20 runs
##################################################################################################
k = 10 :  k_knn = 5 
 Avg ACC : 41.30781499202552, with theta = 0.1
 Avg NMI : 47.93409047438885, with theta = 0.1
 Reconstruction Error : 3.477350054779553
 Avg Silhoutte score : 0.2543694835114632, with theta = 10.0
 Avg Dunn's Index score : 0.10838233868102544, with theta = 0.01
 Avg David Bouldin score : 1.2586869648299934, with theta = 10.0
##################################################################################################
##################################################################################################
k = 20 :  k_knn = 5 
 Avg ACC : 43.95534290271132, with theta = 0.1
 Avg NMI : 49.110640624342146, with theta = 10.0
 Reconstruction Error : 3.0625392952056214
 Avg Silhoutte score : 0.20772699735890934, with theta = 10.0
 Avg Dunn's Index score : 0.16415450284331676, with theta = 0.1
 Avg David Bouldin score : 1.4603477861752425, with theta = 10.0
##################################################################################################
##################################################################################################
k = 30 :  k_knn = 5 
 Avg ACC : 40.92503987240829, with theta = 10.0
 Avg NMI : 46.78625031125775, with theta = 10.0
 Reconstruction Error : 2.8238305147272826
 Avg Silhoutte score : 0.17644253819359518, with theta = 10.0
 Avg Dunn's Index score : 0.18037930787524842, with theta = 0.01
 Avg David Bouldin score : 1.591355224177143, with theta = 10.0
##################################################################################################
##################################################################################################
k = 40 :  k_knn = 5 
 Avg ACC : 42.61562998405104, with theta = 10.0
 Avg NMI : 48.874568675395125, with theta = 10.0
 Reconstruction Error : 2.611716280421952
 Avg Silhoutte score : 0.16032335578841764, with theta = 10.0
 Avg Dunn's Index score : 0.2567437202372863, with theta = 0.1
 Avg David Bouldin score : 1.7251188132653985, with theta = 10.0
##################################################################################################
##################################################################################################
k = 50 :  k_knn = 5 
 Avg ACC : 42.00956937799043, with theta = 10.0
 Avg NMI : 48.372672229529144, with theta = 10.0
 Reconstruction Error : 2.514383637061133
 Avg Silhoutte score : 0.16027691893365645, with theta = 10.0
 Avg Dunn's Index score : 0.25428665443365883, with theta = 0.1
 Avg David Bouldin score : 1.7287516839391344, with theta = 10.0
##################################################################################################
##################################################################################################
k = 60 :  k_knn = 5 
 Avg ACC : 44.625199362041464, with theta = 10.0
 Avg NMI : 50.701949904893986, with theta = 10.0
 Reconstruction Error : 2.3660537302126725
 Avg Silhoutte score : 0.14287689840764964, with theta = 10.0
 Avg Dunn's Index score : 0.22256781127600447, with theta = 0.1
 Avg David Bouldin score : 1.804215789902616, with theta = 10.0
##################################################################################################
##################################################################################################
k = 70 :  k_knn = 5 
 Avg ACC : 42.0414673046252, with theta = 10.0
 Avg NMI : 48.32201816997197, with theta = 10.0
 Reconstruction Error : 2.3071883850112394
 Avg Silhoutte score : 0.13784369222327386, with theta = 10.0
 Avg Dunn's Index score : 0.2729076901090039, with theta = 0.01
 Avg David Bouldin score : 1.8211112382912658, with theta = 10.0
##################################################################################################
The results of running the Kmeans method 20 times and the report of maximum of 20 runs
##################################################################################################
 k = 10 :  k_knn = 6  
 Max ACC : 44.24242424242424, with theta = 0.01
 Max NMI : 50.30051022599187, with theta = 10.0
 Reconstruction Error : 3.533364388749377
 Max Silhoutter score : 0.25932407493185883, with theta = 10.0
 Max Dunn's Index score : 0.12568536953426673, with theta = 0.001
 Min David Bouldin score : 1.2354593590406002, with theta = 10.0
##################################################################################################
##################################################################################################
 k = 20 :  k_knn = 6  
 Max ACC : 48.484848484848484, with theta = 0.001
 Max NMI : 53.675557196571646, with theta = 10.0
 Reconstruction Error : 3.0805594096023796
 Max Silhoutter score : 0.22748385664850662, with theta = 10.0
 Max Dunn's Index score : 0.18627085589847522, with theta = 0.001
 Min David Bouldin score : 1.5653722065692777, with theta = 10.0
##################################################################################################
##################################################################################################
 k = 30 :  k_knn = 6  
 Max ACC : 47.27272727272727, with theta = 0.1
 Max NMI : 52.275371965763384, with theta = 0.01
 Reconstruction Error : 2.8317323350582084
 Max Silhoutter score : 0.1953568898311128, with theta = 10.0
 Max Dunn's Index score : 0.17794511431928015, with theta = 0.001
 Min David Bouldin score : 1.7099211049954945, with theta = 10.0
##################################################################################################
##################################################################################################
 k = 40 :  k_knn = 6  
 Max ACC : 47.878787878787875, with theta = 10.0
 Max NMI : 53.61700602659957, with theta = 10.0
 Reconstruction Error : 2.644420103655285
 Max Silhoutter score : 0.17776007653744375, with theta = 10.0
 Max Dunn's Index score : 0.22828006849528631, with theta = 0.01
 Min David Bouldin score : 1.8294698062363102, with theta = 10.0
##################################################################################################
##################################################################################################
 k = 50 :  k_knn = 6  
 Max ACC : 48.484848484848484, with theta = 10.0
 Max NMI : 56.143994338936444, with theta = 10.0
 Reconstruction Error : 2.513241938329401
 Max Silhoutter score : 0.1723335258526888, with theta = 10.0
 Max Dunn's Index score : 0.21335894955738163, with theta = 0.01
 Min David Bouldin score : 1.9313192779215187, with theta = 10.0
##################################################################################################
##################################################################################################
 k = 60 :  k_knn = 6  
 Max ACC : 48.484848484848484, with theta = 10.0
 Max NMI : 52.90102069543706, with theta = 10.0
 Reconstruction Error : 2.4284511076164166
 Max Silhoutter score : 0.17435400388743996, with theta = 10.0
 Max Dunn's Index score : 0.2525380878138716, with theta = 0.001
 Min David Bouldin score : 1.936658695380363, with theta = 10.0
##################################################################################################
##################################################################################################
 k = 70 :  k_knn = 6  
 Max ACC : 47.27272727272727, with theta = 0.1
 Max NMI : 50.67872500958928, with theta = 0.01
 Reconstruction Error : 2.3332234409793724
 Max Silhoutter score : 0.14666284929417417, with theta = 10.0
 Max Dunn's Index score : 0.25741761799584334, with theta = 0.01
 Min David Bouldin score : 1.9527324712707734, with theta = 10.0
##################################################################################################
The results of running the Kmeans method 20 times and the average of 20 runs
##################################################################################################
k = 10 :  k_knn = 6 
 Avg ACC : 39.87240829346092, with theta = 0.1
 Avg NMI : 45.97150820690305, with theta = 0.1
 Reconstruction Error : 3.533364388749377
 Avg Silhoutte score : 0.2437863600021344, with theta = 10.0
 Avg Dunn's Index score : 0.12568536953426673, with theta = 0.001
 Avg David Bouldin score : 1.271201182365492, with theta = 10.0
##################################################################################################
##################################################################################################
k = 20 :  k_knn = 6 
 Avg ACC : 43.63636363636363, with theta = 10.0
 Avg NMI : 49.08618049671652, with theta = 10.0
 Reconstruction Error : 3.0805594096023796
 Avg Silhoutte score : 0.21901203638507366, with theta = 10.0
 Avg Dunn's Index score : 0.18627085589847522, with theta = 0.001
 Avg David Bouldin score : 1.429152309845514, with theta = 10.0
##################################################################################################
##################################################################################################
k = 30 :  k_knn = 6 
 Avg ACC : 41.72248803827751, with theta = 10.0
 Avg NMI : 47.114642416349746, with theta = 0.01
 Reconstruction Error : 2.8317323350582084
 Avg Silhoutte score : 0.18536722066085015, with theta = 10.0
 Avg Dunn's Index score : 0.17794511431928015, with theta = 0.001
 Avg David Bouldin score : 1.5622679066749035, with theta = 10.0
##################################################################################################
##################################################################################################
k = 40 :  k_knn = 6 
 Avg ACC : 42.36044657097288, with theta = 10.0
 Avg NMI : 48.667906395562255, with theta = 10.0
 Reconstruction Error : 2.644420103655285
 Avg Silhoutte score : 0.16225070944719258, with theta = 10.0
 Avg Dunn's Index score : 0.22828006849528631, with theta = 0.01
 Avg David Bouldin score : 1.6792650714542323, with theta = 10.0
##################################################################################################
##################################################################################################
k = 50 :  k_knn = 6 
 Avg ACC : 43.76395534290271, with theta = 10.0
 Avg NMI : 49.73342798774426, with theta = 10.0
 Reconstruction Error : 2.513241938329401
 Avg Silhoutte score : 0.1586293929454379, with theta = 10.0
 Avg Dunn's Index score : 0.21335894955738163, with theta = 0.01
 Avg David Bouldin score : 1.708980872972816, with theta = 10.0
##################################################################################################
##################################################################################################
k = 60 :  k_knn = 6 
 Avg ACC : 44.78468899521531, with theta = 10.0
 Avg NMI : 49.7072572271086, with theta = 10.0
 Reconstruction Error : 2.4284511076164166
 Avg Silhoutte score : 0.15748144503429923, with theta = 10.0
 Avg Dunn's Index score : 0.2525380878138716, with theta = 0.001
 Avg David Bouldin score : 1.7950823257602344, with theta = 10.0
##################################################################################################
##################################################################################################
k = 70 :  k_knn = 6 
 Avg ACC : 40.19138755980861, with theta = 10.0
 Avg NMI : 46.619084292604185, with theta = 10.0
 Reconstruction Error : 2.3332234409793724
 Avg Silhoutte score : 0.134037289358555, with theta = 10.0
 Avg Dunn's Index score : 0.25741761799584334, with theta = 0.01
 Avg David Bouldin score : 1.8421969351113312, with theta = 10.0
##################################################################################################
The results of running the Kmeans method 20 times and the report of maximum of 20 runs
##################################################################################################
 k = 10 :  k_knn = 11  
 Max ACC : 44.84848484848485, with theta = 0.001
 Max NMI : 49.79997105510404, with theta = 0.001
 Reconstruction Error : 3.961887555495536
 Max Silhoutter score : 0.31176064477182386, with theta = 10.0
 Max Dunn's Index score : 0.1262273472868584, with theta = 0.001
 Min David Bouldin score : 1.2711330767109812, with theta = 10.0
##################################################################################################
##################################################################################################
 k = 20 :  k_knn = 11  
 Max ACC : 46.666666666666664, with theta = 0.001
 Max NMI : 50.221662052411396, with theta = 0.001
 Reconstruction Error : 3.442264647549174
 Max Silhoutter score : 0.24321196525558075, with theta = 10.0
 Max Dunn's Index score : 0.1714233660363517, with theta = 0.1
 Min David Bouldin score : 1.5358254240455385, with theta = 10.0
##################################################################################################
##################################################################################################
 k = 30 :  k_knn = 11  
 Max ACC : 47.27272727272727, with theta = 0.1
 Max NMI : 53.46113526687291, with theta = 0.1
 Reconstruction Error : 3.1563811262146433
 Max Silhoutter score : 0.20963857431073388, with theta = 10.0
 Max Dunn's Index score : 0.21532970880068866, with theta = 0.1
 Min David Bouldin score : 1.7453994910535406, with theta = 10.0
##################################################################################################
##################################################################################################
 k = 40 :  k_knn = 11  
 Max ACC : 47.27272727272727, with theta = 0.01
 Max NMI : 49.73553756016887, with theta = 10.0
 Reconstruction Error : 2.9407751032801923
 Max Silhoutter score : 0.18766518655289052, with theta = 10.0
 Max Dunn's Index score : 0.20969170200900963, with theta = 0.001
 Min David Bouldin score : 1.8560238352779408, with theta = 10.0
##################################################################################################
##################################################################################################
 k = 50 :  k_knn = 11  
 Max ACC : 46.06060606060606, with theta = 0.001
 Max NMI : 54.16180376439359, with theta = 0.1
 Reconstruction Error : 2.7828224800357457
 Max Silhoutter score : 0.1765885564573451, with theta = 10.0
 Max Dunn's Index score : 0.2476604884976003, with theta = 0.1
 Min David Bouldin score : 1.7568994450498367, with theta = 10.0
##################################################################################################
##################################################################################################
 k = 60 :  k_knn = 11  
 Max ACC : 46.666666666666664, with theta = 0.001
 Max NMI : 51.7984211710185, with theta = 0.1
 Reconstruction Error : 2.6887812825632964
 Max Silhoutter score : 0.1620732624015557, with theta = 10.0
 Max Dunn's Index score : 0.23995349301894345, with theta = 0.001
 Min David Bouldin score : 1.987092627446219, with theta = 10.0
##################################################################################################
##################################################################################################
 k = 70 :  k_knn = 11  
 Max ACC : 47.878787878787875, with theta = 10.0
 Max NMI : 51.794441159675074, with theta = 10.0
 Reconstruction Error : 2.5437580050752553
 Max Silhoutter score : 0.1548024977970513, with theta = 10.0
 Max Dunn's Index score : 0.24097661608331455, with theta = 0.001
 Min David Bouldin score : 1.986532466472596, with theta = 10.0
##################################################################################################
The results of running the Kmeans method 20 times and the average of 20 runs
##################################################################################################
k = 10 :  k_knn = 11 
 Avg ACC : 41.30781499202552, with theta = 0.001
 Avg NMI : 46.36109711289889, with theta = 0.001
 Reconstruction Error : 3.961887555495536
 Avg Silhoutte score : 0.2921339043404868, with theta = 10.0
 Avg Dunn's Index score : 0.1262273472868584, with theta = 0.001
 Avg David Bouldin score : 1.0848562990083415, with theta = 10.0
##################################################################################################
##################################################################################################
k = 20 :  k_knn = 11 
 Avg ACC : 41.97767145135566, with theta = 0.001
 Avg NMI : 46.94028544404255, with theta = 0.001
 Reconstruction Error : 3.442264647549174
 Avg Silhoutte score : 0.22932959459258306, with theta = 10.0
 Avg Dunn's Index score : 0.1714233660363517, with theta = 0.1
 Avg David Bouldin score : 1.3299362067486513, with theta = 10.0
##################################################################################################
##################################################################################################
k = 30 :  k_knn = 11 
 Avg ACC : 42.6475279106858, with theta = 0.1
 Avg NMI : 47.242413635139464, with theta = 0.1
 Reconstruction Error : 3.1563811262146433
 Avg Silhoutte score : 0.1973079606363262, with theta = 10.0
 Avg Dunn's Index score : 0.21532970880068866, with theta = 0.1
 Avg David Bouldin score : 1.4589345732269698, with theta = 10.0
##################################################################################################
##################################################################################################
k = 40 :  k_knn = 11 
 Avg ACC : 40.66985645933014, with theta = 0.01
 Avg NMI : 46.12068227475228, with theta = 0.01
 Reconstruction Error : 2.9407751032801923
 Avg Silhoutte score : 0.17904557598993098, with theta = 10.0
 Avg Dunn's Index score : 0.20969170200900963, with theta = 0.001
 Avg David Bouldin score : 1.5409050448703723, with theta = 10.0
##################################################################################################
##################################################################################################
k = 50 :  k_knn = 11 
 Avg ACC : 40.03189792663477, with theta = 0.1
 Avg NMI : 46.28328522673244, with theta = 0.1
 Reconstruction Error : 2.7828224800357457
 Avg Silhoutte score : 0.1570549472867312, with theta = 10.0
 Avg Dunn's Index score : 0.2476604884976003, with theta = 0.1
 Avg David Bouldin score : 1.666038906454422, with theta = 10.0
##################################################################################################
##################################################################################################
k = 60 :  k_knn = 11 
 Avg ACC : 39.58532695374801, with theta = 10.0
 Avg NMI : 45.65106237982359, with theta = 10.0
 Reconstruction Error : 2.6887812825632964
 Avg Silhoutte score : 0.1519527982719432, with theta = 10.0
 Avg Dunn's Index score : 0.23995349301894345, with theta = 0.001
 Avg David Bouldin score : 1.6806858546827192, with theta = 10.0
##################################################################################################
##################################################################################################
k = 70 :  k_knn = 11 
 Avg ACC : 41.21212121212121, with theta = 10.0
 Avg NMI : 46.531328473340984, with theta = 10.0
 Reconstruction Error : 2.5437580050752553
 Avg Silhoutte score : 0.13707484210427331, with theta = 10.0
 Avg Dunn's Index score : 0.24097661608331455, with theta = 0.001
 Avg David Bouldin score : 1.7932694650918792, with theta = 10.0
##################################################################################################
The results of running the Kmeans method 20 times and the report of maximum of 20 runs
##################################################################################################
 k = 10 :  k_knn = 21  
 Max ACC : 48.484848484848484, with theta = 0.001
 Max NMI : 50.93008024027542, with theta = 0.01
 Reconstruction Error : 5.339934061681756
 Max Silhoutter score : 0.2980921775232252, with theta = 10.0
 Max Dunn's Index score : 0.10944445847233573, with theta = 0.1
 Min David Bouldin score : 1.223483935065712, with theta = 10.0
##################################################################################################
##################################################################################################
 k = 20 :  k_knn = 21  
 Max ACC : 47.27272727272727, with theta = 0.1
 Max NMI : 52.898519045556334, with theta = 0.1
 Reconstruction Error : 5.326805822555596
 Max Silhoutter score : 0.24914541129726184, with theta = 10.0
 Max Dunn's Index score : 0.17488013412483225, with theta = 0.001
 Min David Bouldin score : 1.5120375418027072, with theta = 10.0
##################################################################################################
##################################################################################################
 k = 30 :  k_knn = 21  
 Max ACC : 47.878787878787875, with theta = 0.001
 Max NMI : 50.60745280885575, with theta = 0.001
 Reconstruction Error : 5.3212241218799115
 Max Silhoutter score : 0.27136724282693453, with theta = 10.0
 Max Dunn's Index score : 0.19171684576379266, with theta = 0.1
 Min David Bouldin score : 1.7230286123056848, with theta = 10.0
##################################################################################################
##################################################################################################
 k = 40 :  k_knn = 21  
 Max ACC : 49.09090909090909, with theta = 0.1
 Max NMI : 54.179658205393, with theta = 0.1
 Reconstruction Error : 5.310220260838854
 Max Silhoutter score : 0.2766218253803452, with theta = 10.0
 Max Dunn's Index score : 0.23825447561007282, with theta = 0.001
 Min David Bouldin score : 1.7748172496336936, with theta = 10.0
##################################################################################################
##################################################################################################
 k = 50 :  k_knn = 21  
 Max ACC : 46.666666666666664, with theta = 0.001
 Max NMI : 50.007903835817835, with theta = 0.01
 Reconstruction Error : 3.9120191574896865
 Max Silhoutter score : 0.2583656205514494, with theta = 10.0
 Max Dunn's Index score : 0.2130393624930617, with theta = 0.001
 Min David Bouldin score : 1.81787466673568, with theta = 10.0
##################################################################################################
##################################################################################################
 k = 60 :  k_knn = 21  
 Max ACC : 44.24242424242424, with theta = 10.0
 Max NMI : 50.19158637425838, with theta = 10.0
 Reconstruction Error : 3.7171338841488337
 Max Silhoutter score : 0.22803179514994915, with theta = 10.0
 Max Dunn's Index score : 0.24730391524000292, with theta = 0.01
 Min David Bouldin score : 1.9429829021703076, with theta = 10.0
##################################################################################################
##################################################################################################
 k = 70 :  k_knn = 21  
 Max ACC : 44.84848484848485, with theta = 0.1
 Max NMI : 52.71385260397344, with theta = 0.01
 Reconstruction Error : 3.564496476353759
 Max Silhoutter score : 0.22139845149516105, with theta = 10.0
 Max Dunn's Index score : 0.25216538281051953, with theta = 0.01
 Min David Bouldin score : 1.984853677216236, with theta = 10.0
##################################################################################################
The results of running the Kmeans method 20 times and the average of 20 runs
##################################################################################################
k = 10 :  k_knn = 21 
 Avg ACC : 44.78468899521531, with theta = 0.1
 Avg NMI : 47.91799484275586, with theta = 0.1
 Reconstruction Error : 5.339934061681756
 Avg Silhoutte score : 0.28132136235863875, with theta = 10.0
 Avg Dunn's Index score : 0.10944445847233573, with theta = 0.1
 Avg David Bouldin score : 1.0036882157482911, with theta = 10.0
##################################################################################################
##################################################################################################
k = 20 :  k_knn = 21 
 Avg ACC : 42.10526315789473, with theta = 0.1
 Avg NMI : 47.09643272264486, with theta = 0.1
 Reconstruction Error : 5.326805822555596
 Avg Silhoutte score : 0.23905625756717538, with theta = 10.0
 Avg Dunn's Index score : 0.17488013412483225, with theta = 0.001
 Avg David Bouldin score : 0.9877180384971007, with theta = 10.0
##################################################################################################
##################################################################################################
k = 30 :  k_knn = 21 
 Avg ACC : 43.60446570972887, with theta = 0.001
 Avg NMI : 47.3874416766138, with theta = 0.001
 Reconstruction Error : 5.3212241218799115
 Avg Silhoutte score : 0.25867034749952567, with theta = 10.0
 Avg Dunn's Index score : 0.19171684576379266, with theta = 0.1
 Avg David Bouldin score : 1.095107134483107, with theta = 10.0
##################################################################################################
##################################################################################################
k = 40 :  k_knn = 21 
 Avg ACC : 42.48803827751196, with theta = 0.1
 Avg NMI : 48.05082194210219, with theta = 0.1
 Reconstruction Error : 5.310220260838854
 Avg Silhoutte score : 0.2426724655747489, with theta = 10.0
 Avg Dunn's Index score : 0.23825447561007282, with theta = 0.001
 Avg David Bouldin score : 1.0745557304079225, with theta = 10.0
##################################################################################################
##################################################################################################
k = 50 :  k_knn = 21 
 Avg ACC : 40.12759170653907, with theta = 0.001
 Avg NMI : 45.540743565319325, with theta = 0.001
 Reconstruction Error : 3.9120191574896865
 Avg Silhoutte score : 0.2373064118112303, with theta = 10.0
 Avg Dunn's Index score : 0.2130393624930617, with theta = 0.001
 Avg David Bouldin score : 1.19402302781196, with theta = 10.0
##################################################################################################
##################################################################################################
k = 60 :  k_knn = 21 
 Avg ACC : 40.66985645933014, with theta = 10.0
 Avg NMI : 47.06274628615873, with theta = 10.0
 Reconstruction Error : 3.7171338841488337
 Avg Silhoutte score : 0.2149703762861975, with theta = 10.0
 Avg Dunn's Index score : 0.24730391524000292, with theta = 0.01
 Avg David Bouldin score : 1.3149862545295614, with theta = 10.0
##################################################################################################
##################################################################################################
k = 70 :  k_knn = 21 
 Avg ACC : 40.19138755980861, with theta = 10.0
 Avg NMI : 47.92316141316989, with theta = 10.0
 Reconstruction Error : 3.564496476353759
 Avg Silhoutte score : 0.20777596804138448, with theta = 10.0
 Avg Dunn's Index score : 0.25216538281051953, with theta = 0.01
 Avg David Bouldin score : 1.3670624689412239, with theta = 10.0
##################################################################################################
{10: [100, 100, 100, 100, 4], 20: [100, 100, 100, 100, 4], 30: [100, 100, 100, 100, 5], 40: [100, 100, 100, 100, 6], 50: [100, 100, 100, 100, 100], 60: [100, 100, 100, 100, 100], 70: [100, 100, 100, 100, 100]}
Average no. of iterations for k = 10 : 80.8
Average no. of iterations for k = 20 : 80.8
Average no. of iterations for k = 30 : 81
Average no. of iterations for k = 40 : 81.2
Average no. of iterations for k = 50 : 100
Average no. of iterations for k = 60 : 100
Average no. of iterations for k = 70 : 100
Overall average no. of iterations : 97.27857142857142
done
