Model : GNMF
Dataset : yale
max iterations : 100
myeps_1 : 1e-12
myeps_2 : 1e-10
The results of running the Kmeans method 20 times and the report of maximum of 20 runs
##################################################################################################
 k_knn = 3  
 k = 10 :  Max ACC : 47.27272727272727, with theta = 0.1
 k = 10 :  Max NMI : 51.86035386877553, with theta = 0.1
 k = 10 :  Reconstruction Error : 5.093041269583813
 k = 10 :  Max Silhoutter score : 0.487745662206192, with theta = 10.0
 k = 10 :  Max Dunn's Index score : 0.08362521835663438, with theta = 0.01
 k = 10 :  Min David Bouldin score : 1.2209083541535288, with theta = 10.0
##################################################################################################
##################################################################################################
 k_knn = 3  
 k = 20 :  Max ACC : 49.696969696969695, with theta = 0.001
 k = 20 :  Max NMI : 53.887360711733265, with theta = 0.001
 k = 20 :  Reconstruction Error : 5.136658012951436
 k = 20 :  Max Silhoutter score : 0.47851596914130917, with theta = 10.0
 k = 20 :  Max Dunn's Index score : 0.12239855897594397, with theta = 0.001
 k = 20 :  Min David Bouldin score : 1.4638436382365925, with theta = 10.0
##################################################################################################
##################################################################################################
 k_knn = 3  
 k = 30 :  Max ACC : 52.121212121212125, with theta = 0.01
 k = 30 :  Max NMI : 56.613962265052685, with theta = 0.01
 k = 30 :  Reconstruction Error : 5.1439790999372805
 k = 30 :  Max Silhoutter score : 0.5067842933927057, with theta = 10.0
 k = 30 :  Max Dunn's Index score : 0.15840625063683308, with theta = 0.001
 k = 30 :  Min David Bouldin score : 1.481228441858149, with theta = 10.0
##################################################################################################
##################################################################################################
 k_knn = 3  
 k = 40 :  Max ACC : 50.90909090909091, with theta = 0.001
 k = 40 :  Max NMI : 54.6745921847795, with theta = 0.001
 k = 40 :  Reconstruction Error : 5.1690139581468495
 k = 40 :  Max Silhoutter score : 0.490846418694039, with theta = 10.0
 k = 40 :  Max Dunn's Index score : 0.1815027859916788, with theta = 0.001
 k = 40 :  Min David Bouldin score : 1.5548917396478374, with theta = 10.0
##################################################################################################
##################################################################################################
 k_knn = 3  
 k = 50 :  Max ACC : 50.90909090909091, with theta = 0.01
 k = 50 :  Max NMI : 55.050242299504504, with theta = 0.01
 k = 50 :  Reconstruction Error : 5.156910899538107
 k = 50 :  Max Silhoutter score : 0.5106197687856655, with theta = 10.0
 k = 50 :  Max Dunn's Index score : 0.204906269420487, with theta = 0.001
 k = 50 :  Min David Bouldin score : 1.6136873681069384, with theta = 10.0
##################################################################################################
##################################################################################################
 k_knn = 3  
 k = 60 :  Max ACC : 52.72727272727272, with theta = 0.01
 k = 60 :  Max NMI : 56.91040929266469, with theta = 0.01
 k = 60 :  Reconstruction Error : 5.179899757911642
 k = 60 :  Max Silhoutter score : 0.535098200389932, with theta = 10.0
 k = 60 :  Max Dunn's Index score : 0.17601619239869054, with theta = 0.001
 k = 60 :  Min David Bouldin score : 1.6760779659114822, with theta = 10.0
##################################################################################################
##################################################################################################
 k_knn = 3  
 k = 70 :  Max ACC : 51.515151515151516, with theta = 0.01
 k = 70 :  Max NMI : 53.703633426418016, with theta = 0.01
 k = 70 :  Reconstruction Error : 5.213653743411925
 k = 70 :  Max Silhoutter score : 0.5266994718781558, with theta = 10.0
 k = 70 :  Max Dunn's Index score : 0.17655042457712244, with theta = 0.001
 k = 70 :  Min David Bouldin score : 1.6388694765879463, with theta = 10.0
##################################################################################################
The results of running the Kmeans method 20 times and the average of 20 runs
##################################################################################################
 k_knn = 3 
 k = 10 :  Avg ACC : 43.89154704944178, with theta = 0.1
 k = 10 :  Avg NMI : 49.5183753626885, with theta = 0.1
 k = 10 :  Reconstruction Error : 5.093041269583813
 k = 10 :  Avg Silhoutte score : 0.4764693334892202, with theta = 10.0
 k = 10 :  Avg Dunn's Index score : 0.08362521835663438, with theta = 0.01
 k = 10 :  Avg David Bouldin score : 1.322134906704645, with theta = 10.0
##################################################################################################
##################################################################################################
 k_knn = 3 
 k = 20 :  Avg ACC : 45.00797448165869, with theta = 0.1
 k = 20 :  Avg NMI : 50.542728888412846, with theta = 0.1
 k = 20 :  Reconstruction Error : 5.136658012951436
 k = 20 :  Avg Silhoutte score : 0.4706074652254112, with theta = 10.0
 k = 20 :  Avg Dunn's Index score : 0.12239855897594397, with theta = 0.001
 k = 20 :  Avg David Bouldin score : 1.5547412494430481, with theta = 10.0
##################################################################################################
##################################################################################################
 k_knn = 3 
 k = 30 :  Avg ACC : 44.40191387559808, with theta = 0.01
 k = 30 :  Avg NMI : 50.301905400391384, with theta = 0.01
 k = 30 :  Reconstruction Error : 5.1439790999372805
 k = 30 :  Avg Silhoutte score : 0.48178105876674243, with theta = 10.0
 k = 30 :  Avg Dunn's Index score : 0.15840625063683308, with theta = 0.001
 k = 30 :  Avg David Bouldin score : 1.6140988938229992, with theta = 10.0
##################################################################################################
##################################################################################################
 k_knn = 3 
 k = 40 :  Avg ACC : 41.97767145135566, with theta = 0.01
 k = 40 :  Avg NMI : 49.126080870119324, with theta = 0.01
 k = 40 :  Reconstruction Error : 5.1690139581468495
 k = 40 :  Avg Silhoutte score : 0.4791301859383177, with theta = 10.0
 k = 40 :  Avg Dunn's Index score : 0.1815027859916788, with theta = 0.001
 k = 40 :  Avg David Bouldin score : 1.6550542771054269, with theta = 10.0
##################################################################################################
##################################################################################################
 k_knn = 3 
 k = 50 :  Avg ACC : 42.99840510366826, with theta = 0.01
 k = 50 :  Avg NMI : 49.68535099885177, with theta = 0.01
 k = 50 :  Reconstruction Error : 5.156910899538107
 k = 50 :  Avg Silhoutte score : 0.49804737040089164, with theta = 10.0
 k = 50 :  Avg Dunn's Index score : 0.204906269420487, with theta = 0.001
 k = 50 :  Avg David Bouldin score : 1.7149301470887461, with theta = 10.0
##################################################################################################
##################################################################################################
 k_knn = 3 
 k = 60 :  Avg ACC : 45.16746411483253, with theta = 0.01
 k = 60 :  Avg NMI : 50.99136257695094, with theta = 0.01
 k = 60 :  Reconstruction Error : 5.179899757911642
 k = 60 :  Avg Silhoutte score : 0.5058162999588172, with theta = 10.0
 k = 60 :  Avg Dunn's Index score : 0.17601619239869054, with theta = 0.001
 k = 60 :  Avg David Bouldin score : 1.7325700515727729, with theta = 10.0
##################################################################################################
##################################################################################################
 k_knn = 3 
 k = 70 :  Avg ACC : 43.34928229665071, with theta = 0.01
 k = 70 :  Avg NMI : 49.64613421406172, with theta = 0.1
 k = 70 :  Reconstruction Error : 5.213653743411925
 k = 70 :  Avg Silhoutte score : 0.4995349383585815, with theta = 10.0
 k = 70 :  Avg Dunn's Index score : 0.17655042457712244, with theta = 0.001
 k = 70 :  Avg David Bouldin score : 1.7222730184631247, with theta = 10.0
##################################################################################################
The results of running the Kmeans method 20 times and the report of maximum of 20 runs
##################################################################################################
 k_knn = 5  
 k = 10 :  Max ACC : 48.484848484848484, with theta = 0.01
 k = 10 :  Max NMI : 52.98562085003354, with theta = 0.01
 k = 10 :  Reconstruction Error : 5.30333544060903
 k = 10 :  Max Silhoutter score : 0.4378196525011088, with theta = 10.0
 k = 10 :  Max Dunn's Index score : 0.08613373381184593, with theta = 0.001
 k = 10 :  Min David Bouldin score : 1.215890961673231, with theta = 10.0
##################################################################################################
##################################################################################################
 k_knn = 5  
 k = 20 :  Max ACC : 48.484848484848484, with theta = 0.001
 k = 20 :  Max NMI : 53.49836509096183, with theta = 0.01
 k = 20 :  Reconstruction Error : 5.34558802223323
 k = 20 :  Max Silhoutter score : 0.5772610941849292, with theta = 10.0
 k = 20 :  Max Dunn's Index score : 0.1453962290784704, with theta = 0.001
 k = 20 :  Min David Bouldin score : 1.4334482513885025, with theta = 10.0
##################################################################################################
##################################################################################################
 k_knn = 5  
 k = 30 :  Max ACC : 49.09090909090909, with theta = 0.001
 k = 30 :  Max NMI : 55.50274655595947, with theta = 0.01
 k = 30 :  Reconstruction Error : 5.335474292099712
 k = 30 :  Max Silhoutter score : 0.49936545886954786, with theta = 10.0
 k = 30 :  Max Dunn's Index score : 0.15890009990051815, with theta = 0.001
 k = 30 :  Min David Bouldin score : 1.5171989019626269, with theta = 10.0
##################################################################################################
##################################################################################################
 k_knn = 5  
 k = 40 :  Max ACC : 49.09090909090909, with theta = 0.001
 k = 40 :  Max NMI : 52.84065130179412, with theta = 0.001
 k = 40 :  Reconstruction Error : 5.3380471584226425
 k = 40 :  Max Silhoutter score : 0.4997050469293275, with theta = 10.0
 k = 40 :  Max Dunn's Index score : 0.1744231226358192, with theta = 0.001
 k = 40 :  Min David Bouldin score : 1.6140363020089175, with theta = 10.0
##################################################################################################
##################################################################################################
 k_knn = 5  
 k = 50 :  Max ACC : 50.303030303030305, with theta = 0.001
 k = 50 :  Max NMI : 54.990675860393914, with theta = 0.01
 k = 50 :  Reconstruction Error : 5.337148274078975
 k = 50 :  Max Silhoutter score : 0.5250211967290637, with theta = 10.0
 k = 50 :  Max Dunn's Index score : 0.17767882688800357, with theta = 0.001
 k = 50 :  Min David Bouldin score : 1.572814002101046, with theta = 10.0
##################################################################################################
##################################################################################################
 k_knn = 5  
 k = 60 :  Max ACC : 47.27272727272727, with theta = 0.001
 k = 60 :  Max NMI : 52.33998872711025, with theta = 0.01
 k = 60 :  Reconstruction Error : 5.334762783704839
 k = 60 :  Max Silhoutter score : 0.4824370581466033, with theta = 10.0
 k = 60 :  Max Dunn's Index score : 0.18706195903231004, with theta = 0.001
 k = 60 :  Min David Bouldin score : 1.6343848312100249, with theta = 10.0
##################################################################################################
##################################################################################################
 k_knn = 5  
 k = 70 :  Max ACC : 52.121212121212125, with theta = 0.001
 k = 70 :  Max NMI : 56.0055578173694, with theta = 0.001
 k = 70 :  Reconstruction Error : 5.328684520196891
 k = 70 :  Max Silhoutter score : 0.4779866591160562, with theta = 10.0
 k = 70 :  Max Dunn's Index score : 0.18940765159115577, with theta = 0.001
 k = 70 :  Min David Bouldin score : 1.633972883558523, with theta = 10.0
##################################################################################################
The results of running the Kmeans method 20 times and the average of 20 runs
##################################################################################################
 k_knn = 5 
 k = 10 :  Avg ACC : 44.24242424242424, with theta = 0.01
 k = 10 :  Avg NMI : 50.03868652562706, with theta = 0.01
 k = 10 :  Reconstruction Error : 5.30333544060903
 k = 10 :  Avg Silhoutte score : 0.425243212463843, with theta = 10.0
 k = 10 :  Avg Dunn's Index score : 0.08613373381184593, with theta = 0.001
 k = 10 :  Avg David Bouldin score : 1.3087526195700199, with theta = 10.0
##################################################################################################
##################################################################################################
 k_knn = 5 
 k = 20 :  Avg ACC : 43.63636363636363, with theta = 0.001
 k = 20 :  Avg NMI : 50.922212732075884, with theta = 0.01
 k = 20 :  Reconstruction Error : 5.34558802223323
 k = 20 :  Avg Silhoutte score : 0.4620296540615741, with theta = 10.0
 k = 20 :  Avg Dunn's Index score : 0.1453962290784704, with theta = 0.001
 k = 20 :  Avg David Bouldin score : 1.5235195836633812, with theta = 10.0
##################################################################################################
##################################################################################################
 k_knn = 5 
 k = 30 :  Avg ACC : 44.338118022328544, with theta = 0.01
 k = 30 :  Avg NMI : 50.974659253374114, with theta = 0.01
 k = 30 :  Reconstruction Error : 5.335474292099712
 k = 30 :  Avg Silhoutte score : 0.4660488655565878, with theta = 10.0
 k = 30 :  Avg Dunn's Index score : 0.15890009990051815, with theta = 0.001
 k = 30 :  Avg David Bouldin score : 1.6225503927410527, with theta = 10.0
##################################################################################################
##################################################################################################
 k_knn = 5 
 k = 40 :  Avg ACC : 42.93460925039872, with theta = 0.01
 k = 40 :  Avg NMI : 49.047872241596735, with theta = 0.01
 k = 40 :  Reconstruction Error : 5.3380471584226425
 k = 40 :  Avg Silhoutte score : 0.4539456731730021, with theta = 10.0
 k = 40 :  Avg Dunn's Index score : 0.1744231226358192, with theta = 0.001
 k = 40 :  Avg David Bouldin score : 1.6893371016274676, with theta = 10.0
##################################################################################################
##################################################################################################
 k_knn = 5 
 k = 50 :  Avg ACC : 44.65709728867623, with theta = 0.01
 k = 50 :  Avg NMI : 51.22278245422272, with theta = 0.01
 k = 50 :  Reconstruction Error : 5.337148274078975
 k = 50 :  Avg Silhoutte score : 0.4794483484527907, with theta = 10.0
 k = 50 :  Avg Dunn's Index score : 0.17767882688800357, with theta = 0.001
 k = 50 :  Avg David Bouldin score : 1.6978011744692905, with theta = 10.0
##################################################################################################
##################################################################################################
 k_knn = 5 
 k = 60 :  Avg ACC : 42.42424242424242, with theta = 0.01
 k = 60 :  Avg NMI : 50.0330855505459, with theta = 0.01
 k = 60 :  Reconstruction Error : 5.334762783704839
 k = 60 :  Avg Silhoutte score : 0.4569149931718193, with theta = 10.0
 k = 60 :  Avg Dunn's Index score : 0.18706195903231004, with theta = 0.001
 k = 60 :  Avg David Bouldin score : 1.7260787848446428, with theta = 10.0
##################################################################################################
##################################################################################################
 k_knn = 5 
 k = 70 :  Avg ACC : 43.5725677830941, with theta = 0.01
 k = 70 :  Avg NMI : 50.09130654444024, with theta = 0.01
 k = 70 :  Reconstruction Error : 5.328684520196891
 k = 70 :  Avg Silhoutte score : 0.45519292916550214, with theta = 10.0
 k = 70 :  Avg Dunn's Index score : 0.18940765159115577, with theta = 0.001
 k = 70 :  Avg David Bouldin score : 1.7448783435325854, with theta = 10.0
##################################################################################################
The results of running the Kmeans method 20 times and the report of maximum of 20 runs
##################################################################################################
 k_knn = 6  
 k = 10 :  Max ACC : 45.45454545454545, with theta = 0.001
 k = 10 :  Max NMI : 49.74239871851452, with theta = 0.01
 k = 10 :  Reconstruction Error : 5.3483543903650625
 k = 10 :  Max Silhoutter score : 0.471363519154851, with theta = 10.0
 k = 10 :  Max Dunn's Index score : 0.0993330948180061, with theta = 0.001
 k = 10 :  Min David Bouldin score : 1.164638142222793, with theta = 10.0
##################################################################################################
##################################################################################################
 k_knn = 6  
 k = 20 :  Max ACC : 49.09090909090909, with theta = 0.001
 k = 20 :  Max NMI : 52.52134962575952, with theta = 0.001
 k = 20 :  Reconstruction Error : 5.333375682756198
 k = 20 :  Max Silhoutter score : 0.4741991732695849, with theta = 10.0
 k = 20 :  Max Dunn's Index score : 0.14234673724726396, with theta = 0.001
 k = 20 :  Min David Bouldin score : 1.4151631515732501, with theta = 10.0
##################################################################################################
##################################################################################################
 k_knn = 6  
 k = 30 :  Max ACC : 48.484848484848484, with theta = 0.001
 k = 30 :  Max NMI : 52.00741867736603, with theta = 0.001
 k = 30 :  Reconstruction Error : 5.345363027404488
 k = 30 :  Max Silhoutter score : 0.5165281344127063, with theta = 10.0
 k = 30 :  Max Dunn's Index score : 0.1558790038603405, with theta = 0.001
 k = 30 :  Min David Bouldin score : 1.5261265310442507, with theta = 10.0
##################################################################################################
##################################################################################################
 k_knn = 6  
 k = 40 :  Max ACC : 49.696969696969695, with theta = 0.001
 k = 40 :  Max NMI : 53.96824850569468, with theta = 0.001
 k = 40 :  Reconstruction Error : 5.339619152254002
 k = 40 :  Max Silhoutter score : 0.49736403972401, with theta = 10.0
 k = 40 :  Max Dunn's Index score : 0.15237929991140595, with theta = 0.001
 k = 40 :  Min David Bouldin score : 1.5039652564905437, with theta = 10.0
##################################################################################################
##################################################################################################
 k_knn = 6  
 k = 50 :  Max ACC : 46.666666666666664, with theta = 0.001
 k = 50 :  Max NMI : 53.73708236455297, with theta = 0.01
 k = 50 :  Reconstruction Error : 5.345675276619318
 k = 50 :  Max Silhoutter score : 0.49116707499825907, with theta = 10.0
 k = 50 :  Max Dunn's Index score : 0.17786804567230247, with theta = 0.001
 k = 50 :  Min David Bouldin score : 1.627492448410144, with theta = 10.0
##################################################################################################
##################################################################################################
 k_knn = 6  
 k = 60 :  Max ACC : 47.878787878787875, with theta = 0.01
 k = 60 :  Max NMI : 54.017824462445866, with theta = 0.01
 k = 60 :  Reconstruction Error : 5.354019155936522
 k = 60 :  Max Silhoutter score : 0.5174605368927536, with theta = 10.0
 k = 60 :  Max Dunn's Index score : 0.16800206343339966, with theta = 0.001
 k = 60 :  Min David Bouldin score : 1.5875205125786245, with theta = 10.0
##################################################################################################
##################################################################################################
 k_knn = 6  
 k = 70 :  Max ACC : 49.696969696969695, with theta = 0.001
 k = 70 :  Max NMI : 53.087178113460965, with theta = 0.001
 k = 70 :  Reconstruction Error : 5.338067055235048
 k = 70 :  Max Silhoutter score : 0.4894506989534338, with theta = 10.0
 k = 70 :  Max Dunn's Index score : 0.17385587343152073, with theta = 0.001
 k = 70 :  Min David Bouldin score : 1.623629659594564, with theta = 10.0
##################################################################################################
The results of running the Kmeans method 20 times and the average of 20 runs
##################################################################################################
 k_knn = 6 
 k = 10 :  Avg ACC : 41.1164274322169, with theta = 0.001
 k = 10 :  Avg NMI : 46.21207115321018, with theta = 0.01
 k = 10 :  Reconstruction Error : 5.3483543903650625
 k = 10 :  Avg Silhoutte score : 0.4394986714309475, with theta = 10.0
 k = 10 :  Avg Dunn's Index score : 0.0993330948180061, with theta = 0.001
 k = 10 :  Avg David Bouldin score : 1.30724617937265, with theta = 10.0
##################################################################################################
##################################################################################################
 k_knn = 6 
 k = 20 :  Avg ACC : 43.0622009569378, with theta = 0.001
 k = 20 :  Avg NMI : 48.44611936346524, with theta = 0.001
 k = 20 :  Reconstruction Error : 5.333375682756198
 k = 20 :  Avg Silhoutte score : 0.4593143494749295, with theta = 10.0
 k = 20 :  Avg Dunn's Index score : 0.14234673724726396, with theta = 0.001
 k = 20 :  Avg David Bouldin score : 1.4973355307093887, with theta = 10.0
##################################################################################################
##################################################################################################
 k_knn = 6 
 k = 30 :  Avg ACC : 43.70015948963317, with theta = 0.001
 k = 30 :  Avg NMI : 48.80473575453033, with theta = 0.001
 k = 30 :  Reconstruction Error : 5.345363027404488
 k = 30 :  Avg Silhoutte score : 0.47275072337644136, with theta = 10.0
 k = 30 :  Avg Dunn's Index score : 0.1558790038603405, with theta = 0.001
 k = 30 :  Avg David Bouldin score : 1.6290417530909544, with theta = 10.0
##################################################################################################
##################################################################################################
 k_knn = 6 
 k = 40 :  Avg ACC : 45.23125996810207, with theta = 0.001
 k = 40 :  Avg NMI : 50.103092501188286, with theta = 0.01
 k = 40 :  Reconstruction Error : 5.339619152254002
 k = 40 :  Avg Silhoutte score : 0.4691143581350322, with theta = 10.0
 k = 40 :  Avg Dunn's Index score : 0.15237929991140595, with theta = 0.001
 k = 40 :  Avg David Bouldin score : 1.6826595408913456, with theta = 10.0
##################################################################################################
##################################################################################################
 k_knn = 6 
 k = 50 :  Avg ACC : 43.0622009569378, with theta = 0.01
 k = 50 :  Avg NMI : 49.835870414431604, with theta = 0.01
 k = 50 :  Reconstruction Error : 5.345675276619318
 k = 50 :  Avg Silhoutte score : 0.4607249032200682, with theta = 10.0
 k = 50 :  Avg Dunn's Index score : 0.17786804567230247, with theta = 0.001
 k = 50 :  Avg David Bouldin score : 1.710208369641436, with theta = 10.0
##################################################################################################
##################################################################################################
 k_knn = 6 
 k = 60 :  Avg ACC : 44.05103668261563, with theta = 0.001
 k = 60 :  Avg NMI : 50.208878460550956, with theta = 0.01
 k = 60 :  Reconstruction Error : 5.354019155936522
 k = 60 :  Avg Silhoutte score : 0.48915129301279603, with theta = 10.0
 k = 60 :  Avg Dunn's Index score : 0.16800206343339966, with theta = 0.001
 k = 60 :  Avg David Bouldin score : 1.7111804901608867, with theta = 10.0
##################################################################################################
##################################################################################################
 k_knn = 6 
 k = 70 :  Avg ACC : 44.05103668261563, with theta = 0.001
 k = 70 :  Avg NMI : 49.61895484544443, with theta = 0.001
 k = 70 :  Reconstruction Error : 5.338067055235048
 k = 70 :  Avg Silhoutte score : 0.458305888382905, with theta = 10.0
 k = 70 :  Avg Dunn's Index score : 0.17385587343152073, with theta = 0.001
 k = 70 :  Avg David Bouldin score : 1.7652224444884577, with theta = 10.0
##################################################################################################
The results of running the Kmeans method 20 times and the report of maximum of 20 runs
##################################################################################################
 k_knn = 11  
 k = 10 :  Max ACC : 44.84848484848485, with theta = 0.001
 k = 10 :  Max NMI : 50.62425701526478, with theta = 0.001
 k = 10 :  Reconstruction Error : 5.360773760440859
 k = 10 :  Max Silhoutter score : 0.4482489569182956, with theta = 10.0
 k = 10 :  Max Dunn's Index score : 0.0956662847692851, with theta = 0.001
 k = 10 :  Min David Bouldin score : 1.2562233966220817, with theta = 10.0
##################################################################################################
##################################################################################################
 k_knn = 11  
 k = 20 :  Max ACC : 47.27272727272727, with theta = 0.001
 k = 20 :  Max NMI : 49.035268918814026, with theta = 0.001
 k = 20 :  Reconstruction Error : 5.353840707652483
 k = 20 :  Max Silhoutter score : 0.41611040555430356, with theta = 10.0
 k = 20 :  Max Dunn's Index score : 0.13116730416772007, with theta = 0.001
 k = 20 :  Min David Bouldin score : 1.4467622955348207, with theta = 0.1
##################################################################################################
##################################################################################################
 k_knn = 11  
 k = 30 :  Max ACC : 47.27272727272727, with theta = 0.001
 k = 30 :  Max NMI : 52.35299693795401, with theta = 0.001
 k = 30 :  Reconstruction Error : 5.352193300313397
 k = 30 :  Max Silhoutter score : 0.41539457432433413, with theta = 10.0
 k = 30 :  Max Dunn's Index score : 0.18041047441305072, with theta = 0.001
 k = 30 :  Min David Bouldin score : 1.5534867192055475, with theta = 0.1
##################################################################################################
##################################################################################################
 k_knn = 11  
 k = 40 :  Max ACC : 45.45454545454545, with theta = 0.001
 k = 40 :  Max NMI : 53.949036060391585, with theta = 0.001
 k = 40 :  Reconstruction Error : 5.363534491039285
 k = 40 :  Max Silhoutter score : 0.43981463851814107, with theta = 10.0
 k = 40 :  Max Dunn's Index score : 0.15876325185283705, with theta = 0.001
 k = 40 :  Min David Bouldin score : 1.5171744898320256, with theta = 0.1
##################################################################################################
##################################################################################################
 k_knn = 11  
 k = 50 :  Max ACC : 46.666666666666664, with theta = 0.001
 k = 50 :  Max NMI : 49.4566799244286, with theta = 0.001
 k = 50 :  Reconstruction Error : 5.362689161844268
 k = 50 :  Max Silhoutter score : 0.4443300474568756, with theta = 0.1
 k = 50 :  Max Dunn's Index score : 0.2006060085651471, with theta = 0.001
 k = 50 :  Min David Bouldin score : 1.5940040030397382, with theta = 0.1
##################################################################################################
##################################################################################################
 k_knn = 11  
 k = 60 :  Max ACC : 44.24242424242424, with theta = 0.001
 k = 60 :  Max NMI : 49.127497664786844, with theta = 0.01
 k = 60 :  Reconstruction Error : 5.36389694468855
 k = 60 :  Max Silhoutter score : 0.4342406056286343, with theta = 10.0
 k = 60 :  Max Dunn's Index score : 0.19998751817118016, with theta = 0.001
 k = 60 :  Min David Bouldin score : 1.5985821483255571, with theta = 0.1
##################################################################################################
##################################################################################################
 k_knn = 11  
 k = 70 :  Max ACC : 46.666666666666664, with theta = 0.001
 k = 70 :  Max NMI : 50.253635522821085, with theta = 0.001
 k = 70 :  Reconstruction Error : 5.360609056040142
 k = 70 :  Max Silhoutter score : 0.41377747251213937, with theta = 10.0
 k = 70 :  Max Dunn's Index score : 0.1856243358333266, with theta = 0.001
 k = 70 :  Min David Bouldin score : 1.6451138867534894, with theta = 10.0
##################################################################################################
The results of running the Kmeans method 20 times and the average of 20 runs
##################################################################################################
 k_knn = 11 
 k = 10 :  Avg ACC : 42.87081339712918, with theta = 0.001
 k = 10 :  Avg NMI : 47.651613369589995, with theta = 0.001
 k = 10 :  Reconstruction Error : 5.360773760440859
 k = 10 :  Avg Silhoutte score : 0.43959469193977807, with theta = 10.0
 k = 10 :  Avg Dunn's Index score : 0.0956662847692851, with theta = 0.001
 k = 10 :  Avg David Bouldin score : 1.304213265026816, with theta = 10.0
##################################################################################################
##################################################################################################
 k_knn = 11 
 k = 20 :  Avg ACC : 41.21212121212121, with theta = 0.001
 k = 20 :  Avg NMI : 46.43217550790295, with theta = 0.001
 k = 20 :  Reconstruction Error : 5.353840707652483
 k = 20 :  Avg Silhoutte score : 0.39563405710409605, with theta = 10.0
 k = 20 :  Avg Dunn's Index score : 0.13116730416772007, with theta = 0.001
 k = 20 :  Avg David Bouldin score : 1.5671326446011757, with theta = 10.0
##################################################################################################
##################################################################################################
 k_knn = 11 
 k = 30 :  Avg ACC : 42.0414673046252, with theta = 0.001
 k = 30 :  Avg NMI : 47.332386604817515, with theta = 0.001
 k = 30 :  Reconstruction Error : 5.352193300313397
 k = 30 :  Avg Silhoutte score : 0.4017185601174426, with theta = 10.0
 k = 30 :  Avg Dunn's Index score : 0.18041047441305072, with theta = 0.001
 k = 30 :  Avg David Bouldin score : 1.6372915598096538, with theta = 0.1
##################################################################################################
##################################################################################################
 k_knn = 11 
 k = 40 :  Avg ACC : 41.78628389154705, with theta = 0.001
 k = 40 :  Avg NMI : 47.59785100956827, with theta = 0.001
 k = 40 :  Reconstruction Error : 5.363534491039285
 k = 40 :  Avg Silhoutte score : 0.4229096938142134, with theta = 10.0
 k = 40 :  Avg Dunn's Index score : 0.15876325185283705, with theta = 0.001
 k = 40 :  Avg David Bouldin score : 1.6773464435397865, with theta = 0.1
##################################################################################################
##################################################################################################
 k_knn = 11 
 k = 50 :  Avg ACC : 41.6267942583732, with theta = 0.001
 k = 50 :  Avg NMI : 46.358854076943906, with theta = 0.001
 k = 50 :  Reconstruction Error : 5.362689161844268
 k = 50 :  Avg Silhoutte score : 0.42165091398734633, with theta = 0.1
 k = 50 :  Avg Dunn's Index score : 0.2006060085651471, with theta = 0.001
 k = 50 :  Avg David Bouldin score : 1.6956703883773159, with theta = 0.1
##################################################################################################
##################################################################################################
 k_knn = 11 
 k = 60 :  Avg ACC : 39.96810207336523, with theta = 0.001
 k = 60 :  Avg NMI : 46.012846028850205, with theta = 0.01
 k = 60 :  Reconstruction Error : 5.36389694468855
 k = 60 :  Avg Silhoutte score : 0.4142928170096229, with theta = 10.0
 k = 60 :  Avg Dunn's Index score : 0.19998751817118016, with theta = 0.001
 k = 60 :  Avg David Bouldin score : 1.7003274391254706, with theta = 10.0
##################################################################################################
##################################################################################################
 k_knn = 11 
 k = 70 :  Avg ACC : 41.21212121212121, with theta = 0.001
 k = 70 :  Avg NMI : 46.824445829473156, with theta = 0.001
 k = 70 :  Reconstruction Error : 5.360609056040142
 k = 70 :  Avg Silhoutte score : 0.3974305940060694, with theta = 10.0
 k = 70 :  Avg Dunn's Index score : 0.1856243358333266, with theta = 0.001
 k = 70 :  Avg David Bouldin score : 1.7491230190922054, with theta = 0.1
##################################################################################################
The results of running the Kmeans method 20 times and the report of maximum of 20 runs
##################################################################################################
 k_knn = 21  
 k = 10 :  Max ACC : 43.03030303030303, with theta = 0.001
 k = 10 :  Max NMI : 49.366344618875054, with theta = 0.01
 k = 10 :  Reconstruction Error : 5.368947540939785
 k = 10 :  Max Silhoutter score : 0.4245121285423741, with theta = 10.0
 k = 10 :  Max Dunn's Index score : 0.08977049422618605, with theta = 0.001
 k = 10 :  Min David Bouldin score : 1.2467038982302645, with theta = 10.0
##################################################################################################
##################################################################################################
 k_knn = 21  
 k = 20 :  Max ACC : 43.03030303030303, with theta = 0.001
 k = 20 :  Max NMI : 50.6187105197752, with theta = 0.001
 k = 20 :  Reconstruction Error : 5.3588245710467
 k = 20 :  Max Silhoutter score : 0.3656755023599796, with theta = 0.1
 k = 20 :  Max Dunn's Index score : 0.13310925471619522, with theta = 0.001
 k = 20 :  Min David Bouldin score : 1.4997781057529538, with theta = 0.1
##################################################################################################
##################################################################################################
 k_knn = 21  
 k = 30 :  Max ACC : 42.42424242424242, with theta = 0.001
 k = 30 :  Max NMI : 48.198119523937976, with theta = 0.01
 k = 30 :  Reconstruction Error : 5.367761575197105
 k = 30 :  Max Silhoutter score : 0.414066579382828, with theta = 10.0
 k = 30 :  Max Dunn's Index score : 0.18369472700201958, with theta = 0.001
 k = 30 :  Min David Bouldin score : 1.6050335835706455, with theta = 0.1
##################################################################################################
##################################################################################################
 k_knn = 21  
 k = 40 :  Max ACC : 46.06060606060606, with theta = 0.001
 k = 40 :  Max NMI : 51.107042231570034, with theta = 0.001
 k = 40 :  Reconstruction Error : 5.367053499889768
 k = 40 :  Max Silhoutter score : 0.41145424277436876, with theta = 10.0
 k = 40 :  Max Dunn's Index score : 0.19058132077642423, with theta = 0.001
 k = 40 :  Min David Bouldin score : 1.6120640860097384, with theta = 10.0
##################################################################################################
##################################################################################################
 k_knn = 21  
 k = 50 :  Max ACC : 44.84848484848485, with theta = 0.001
 k = 50 :  Max NMI : 50.20047567370438, with theta = 0.001
 k = 50 :  Reconstruction Error : 5.366297379156846
 k = 50 :  Max Silhoutter score : 0.4032365773873771, with theta = 0.1
 k = 50 :  Max Dunn's Index score : 0.18961608137768268, with theta = 0.001
 k = 50 :  Min David Bouldin score : 1.5933915943949981, with theta = 0.1
##################################################################################################
##################################################################################################
 k_knn = 21  
 k = 60 :  Max ACC : 45.45454545454545, with theta = 0.001
 k = 60 :  Max NMI : 49.8432879092478, with theta = 0.001
 k = 60 :  Reconstruction Error : 5.366482812850754
 k = 60 :  Max Silhoutter score : 0.38714120221504483, with theta = 10.0
 k = 60 :  Max Dunn's Index score : 0.20618172461098905, with theta = 0.001
 k = 60 :  Min David Bouldin score : 1.630266805629515, with theta = 10.0
##################################################################################################
##################################################################################################
 k_knn = 21  
 k = 70 :  Max ACC : 47.27272727272727, with theta = 0.001
 k = 70 :  Max NMI : 52.061918620674284, with theta = 0.001
 k = 70 :  Reconstruction Error : 5.366776117497197
 k = 70 :  Max Silhoutter score : 0.4056189360062683, with theta = 10.0
 k = 70 :  Max Dunn's Index score : 0.1851588777944762, with theta = 0.001
 k = 70 :  Min David Bouldin score : 1.6229529856015996, with theta = 10.0
##################################################################################################
The results of running the Kmeans method 20 times and the average of 20 runs
##################################################################################################
 k_knn = 21 
 k = 10 :  Avg ACC : 38.88357256778309, with theta = 0.001
 k = 10 :  Avg NMI : 45.71826544693361, with theta = 0.001
 k = 10 :  Reconstruction Error : 5.368947540939785
 k = 10 :  Avg Silhoutte score : 0.40800319059531176, with theta = 10.0
 k = 10 :  Avg Dunn's Index score : 0.08977049422618605, with theta = 0.001
 k = 10 :  Avg David Bouldin score : 1.347327155178648, with theta = 10.0
##################################################################################################
##################################################################################################
 k_knn = 21 
 k = 20 :  Avg ACC : 39.10685805422647, with theta = 0.001
 k = 20 :  Avg NMI : 46.268797529988426, with theta = 0.001
 k = 20 :  Reconstruction Error : 5.3588245710467
 k = 20 :  Avg Silhoutte score : 0.3479849044099017, with theta = 0.1
 k = 20 :  Avg Dunn's Index score : 0.13310925471619522, with theta = 0.001
 k = 20 :  Avg David Bouldin score : 1.604106322234404, with theta = 0.1
##################################################################################################
##################################################################################################
 k_knn = 21 
 k = 30 :  Avg ACC : 39.04306220095694, with theta = 0.001
 k = 30 :  Avg NMI : 44.86759274259589, with theta = 0.01
 k = 30 :  Reconstruction Error : 5.367761575197105
 k = 30 :  Avg Silhoutte score : 0.40208037767536564, with theta = 10.0
 k = 30 :  Avg Dunn's Index score : 0.18369472700201958, with theta = 0.001
 k = 30 :  Avg David Bouldin score : 1.7142453139765603, with theta = 10.0
##################################################################################################
##################################################################################################
 k_knn = 21 
 k = 40 :  Avg ACC : 37.9585326953748, with theta = 0.001
 k = 40 :  Avg NMI : 43.969345446962926, with theta = 0.001
 k = 40 :  Reconstruction Error : 5.367053499889768
 k = 40 :  Avg Silhoutte score : 0.4012744432021418, with theta = 10.0
 k = 40 :  Avg Dunn's Index score : 0.19058132077642423, with theta = 0.001
 k = 40 :  Avg David Bouldin score : 1.7493504349728957, with theta = 10.0
##################################################################################################
##################################################################################################
 k_knn = 21 
 k = 50 :  Avg ACC : 40.22328548644338, with theta = 0.001
 k = 50 :  Avg NMI : 45.05180027730952, with theta = 0.001
 k = 50 :  Reconstruction Error : 5.366297379156846
 k = 50 :  Avg Silhoutte score : 0.3877752291995339, with theta = 0.1
 k = 50 :  Avg Dunn's Index score : 0.18961608137768268, with theta = 0.001
 k = 50 :  Avg David Bouldin score : 1.736592126608191, with theta = 0.1
##################################################################################################
##################################################################################################
 k_knn = 21 
 k = 60 :  Avg ACC : 41.0207336523126, with theta = 0.001
 k = 60 :  Avg NMI : 46.26418031431244, with theta = 0.001
 k = 60 :  Reconstruction Error : 5.366482812850754
 k = 60 :  Avg Silhoutte score : 0.3755174997625294, with theta = 10.0
 k = 60 :  Avg Dunn's Index score : 0.20618172461098905, with theta = 0.001
 k = 60 :  Avg David Bouldin score : 1.7938505325731398, with theta = 10.0
##################################################################################################
##################################################################################################
 k_knn = 21 
 k = 70 :  Avg ACC : 40.12759170653907, with theta = 0.001
 k = 70 :  Avg NMI : 45.207180687090926, with theta = 0.001
 k = 70 :  Reconstruction Error : 5.366776117497197
 k = 70 :  Avg Silhoutte score : 0.3903547313784236, with theta = 10.0
 k = 70 :  Avg Dunn's Index score : 0.1851588777944762, with theta = 0.001
 k = 70 :  Avg David Bouldin score : 1.7565634985591425, with theta = 10.0
##################################################################################################
{10: [100, 100, 100, 100, 100, 100, 100, 100, 100, 100, 100, 36, 100, 100, 100, 5, 100, 100, 5, 22], 20: [100, 100, 100, 100, 100, 100, 100, 57, 100, 100, 100, 27, 100, 100, 100, 6, 100, 100, 4, 3], 30: [100, 100, 100, 100, 100, 100, 100, 28, 100, 100, 100, 26, 100, 100, 100, 6, 100, 100, 6, 6], 40: [100, 100, 100, 100, 100, 100, 100, 22, 100, 100, 100, 23, 100, 100, 100, 10, 100, 100, 4, 5], 50: [100, 100, 100, 100, 100, 100, 100, 30, 100, 100, 100, 26, 100, 100, 100, 9, 100, 5, 5, 4], 60: [100, 100, 100, 100, 100, 100, 100, 18, 100, 100, 100, 33, 100, 100, 13, 10, 100, 4, 3, 4], 70: [100, 100, 100, 100, 100, 100, 100, 25, 100, 100, 100, 19, 100, 100, 17, 8, 100, 4, 5, 4]}
Average no. of iterations for k = 10 : 83.4
Average no. of iterations for k = 20 : 79.85
Average no. of iterations for k = 30 : 78.6
Average no. of iterations for k = 40 : 78.2
Average no. of iterations for k = 50 : 73.95
Average no. of iterations for k = 60 : 69.25
Average no. of iterations for k = 70 : 69.1
Overall average no. of iterations : 76.05
done
