Model : DGONMF
Dataset : yale
max iterations : 100
myeps_1 : 1e-12
myeps_2 : 1e-10
The results of running the Kmeans method 20 times and the report of maximum of 20 runs
##################################################################################################
 k1 = 80 : k2 = 10 
 Max ACC : 98.18181818181819, with (alpha, beta) = (10.0, 0.01)
 Max NMI : 97.7188869656624, with (alpha, beta) = (10.0, 0.01)
 Reconstruction Error : 5.3274074243259975
 Max Silhoutter score : 0.7438727653029567, with (alpha, beta) = (10.0, 0.01)
 Max Dunn's Index score : 0.24340856680544354, with (alpha, beta) = (10.0, 0.1)
 Min David Bouldin score : 1.0744488714070153, with (alpha, beta) = (10.0, 0.01)
##################################################################################################
##################################################################################################
 k1 = 80 : k2 = 20 
 Max ACC : 84.24242424242424, with (alpha, beta) = (0.1, 0.01)
 Max NMI : 85.59817533988122, with (alpha, beta) = (0.1, 0.01)
 Reconstruction Error : 5.271607395094648
 Max Silhoutter score : 0.3117183226763357, with (alpha, beta) = (10.0, 1)
 Max Dunn's Index score : 0.23591894517610076, with (alpha, beta) = (0.1, 0.01)
 Min David Bouldin score : 1.4186026907116733, with (alpha, beta) = (10.0, 1)
##################################################################################################
##################################################################################################
 k1 = 80 : k2 = 30 
 Max ACC : 93.33333333333333, with (alpha, beta) = (0.1, 0.1)
 Max NMI : 92.2104559710181, with (alpha, beta) = (0.1, 0.1)
 Reconstruction Error : 5.122388621810669
 Max Silhoutter score : 0.33856751357314646, with (alpha, beta) = (0.1, 1)
 Max Dunn's Index score : 0.30285664527088635, with (alpha, beta) = (0.1, 1)
 Min David Bouldin score : 1.6924410040805369, with (alpha, beta) = (10.0, 1)
##################################################################################################
##################################################################################################
 k1 = 80 : k2 = 40 
 Max ACC : 74.54545454545455, with (alpha, beta) = (0.01, 1)
 Max NMI : 75.99951743358943, with (alpha, beta) = (0.01, 1)
 Reconstruction Error : 4.059356335759661
 Max Silhoutter score : 0.24631875772461603, with (alpha, beta) = (0.1, 0.1)
 Max Dunn's Index score : 0.30222359650158215, with (alpha, beta) = (0.01, 0.1)
 Min David Bouldin score : 1.7513478475854047, with (alpha, beta) = (0.1, 0.1)
##################################################################################################
##################################################################################################
 k1 = 80 : k2 = 50 
 Max ACC : 77.57575757575758, with (alpha, beta) = (0.01, 1)
 Max NMI : 77.77840543823628, with (alpha, beta) = (0.01, 1)
 Reconstruction Error : 3.7184434529350763
 Max Silhoutter score : 0.6312320158453733, with (alpha, beta) = (0.1, 1)
 Max Dunn's Index score : 0.29960293412969347, with (alpha, beta) = (0.01, 0.1)
 Min David Bouldin score : 1.8816837664006902, with (alpha, beta) = (0.1, 1)
##################################################################################################
##################################################################################################
 k1 = 80 : k2 = 60 
 Max ACC : 69.6969696969697, with (alpha, beta) = (0.001, 0.01)
 Max NMI : 69.63327058293034, with (alpha, beta) = (0.001, 0.01)
 Reconstruction Error : 3.5183933137375933
 Max Silhoutter score : 0.4590302654364519, with (alpha, beta) = (0.1, 1)
 Max Dunn's Index score : 0.24429315671242852, with (alpha, beta) = (0.001, 0.01)
 Min David Bouldin score : 1.9371070975150166, with (alpha, beta) = (0.1, 1)
##################################################################################################
##################################################################################################
 k1 = 80 : k2 = 70 
 Max ACC : 63.63636363636363, with (alpha, beta) = (0.001, 0.01)
 Max NMI : 68.09995083467159, with (alpha, beta) = (0.001, 0.01)
 Reconstruction Error : 3.4146191660628578
 Max Silhoutter score : 0.4082995532863339, with (alpha, beta) = (0.01, 1)
 Max Dunn's Index score : 0.3018942496682798, with (alpha, beta) = (0.001, 0.01)
 Min David Bouldin score : 1.7916856840297726, with (alpha, beta) = (0.01, 1)
##################################################################################################
The results of running the Kmeans method 20 times and the average of 20 runs
##################################################################################################
 k1 = 80 : k2 = 10
 Avg ACC : 95.78947368421053, with (alpha, beta) = (10.0, 0.01)
 Avg NMI : 97.1286123838832, with (alpha, beta) = (10.0, 0.01)
 Reconstruction Error : 5.3274074243259975
 Avg Silhoutte score : 0.7400599970035996, with (alpha, beta) = (10.0, 0.1)
 Avg Dunn's Index score : 0.24340856680544354, with (alpha, beta) = (10.0, 0.1)
 Avg David Bouldin score : 0.44788434450538933, with (alpha, beta) = (10.0, 0.01)
##################################################################################################
##################################################################################################
 k1 = 80 : k2 = 20
 Avg ACC : 78.08612440191388, with (alpha, beta) = (0.1, 0.01)
 Avg NMI : 80.8619972631856, with (alpha, beta) = (0.1, 0.01)
 Reconstruction Error : 5.271607395094648
 Avg Silhoutte score : 0.2862436909609792, with (alpha, beta) = (10.0, 1)
 Avg Dunn's Index score : 0.23591894517610076, with (alpha, beta) = (0.1, 0.01)
 Avg David Bouldin score : 0.9412277509814844, with (alpha, beta) = (10.0, 1)
##################################################################################################
##################################################################################################
 k1 = 80 : k2 = 30
 Avg ACC : 85.8054226475279, with (alpha, beta) = (0.1, 0.1)
 Avg NMI : 87.93711951900676, with (alpha, beta) = (0.1, 1)
 Reconstruction Error : 5.122388621810669
 Avg Silhoutte score : 0.32273502602747206, with (alpha, beta) = (0.1, 1)
 Avg Dunn's Index score : 0.30285664527088635, with (alpha, beta) = (0.1, 1)
 Avg David Bouldin score : 1.3096323392546363, with (alpha, beta) = (10.0, 1)
##################################################################################################
##################################################################################################
 k1 = 80 : k2 = 40
 Avg ACC : 68.89952153110048, with (alpha, beta) = (0.01, 1)
 Avg NMI : 73.11419563373421, with (alpha, beta) = (0.01, 1)
 Reconstruction Error : 4.059356335759661
 Avg Silhoutte score : 0.1904030872690577, with (alpha, beta) = (0.1, 0.1)
 Avg Dunn's Index score : 0.30222359650158215, with (alpha, beta) = (0.01, 0.1)
 Avg David Bouldin score : 1.1678595412253172, with (alpha, beta) = (0.1, 0.1)
##################################################################################################
##################################################################################################
 k1 = 80 : k2 = 50
 Avg ACC : 68.00637958532695, with (alpha, beta) = (0.01, 1)
 Avg NMI : 72.35943169614531, with (alpha, beta) = (0.01, 1)
 Reconstruction Error : 3.7184434529350763
 Avg Silhoutte score : 0.6118536751647601, with (alpha, beta) = (0.1, 1)
 Avg Dunn's Index score : 0.29960293412969347, with (alpha, beta) = (0.01, 0.1)
 Avg David Bouldin score : 0.4007774606829811, with (alpha, beta) = (0.1, 1)
##################################################################################################
##################################################################################################
 k1 = 80 : k2 = 60
 Avg ACC : 58.75598086124402, with (alpha, beta) = (0.001, 0.01)
 Avg NMI : 64.27025553387782, with (alpha, beta) = (0.001, 0.01)
 Reconstruction Error : 3.5183933137375933
 Avg Silhoutte score : 0.3474113544700064, with (alpha, beta) = (0.1, 1)
 Avg Dunn's Index score : 0.24429315671242852, with (alpha, beta) = (0.001, 0.01)
 Avg David Bouldin score : 0.7587654932920954, with (alpha, beta) = (0.1, 1)
##################################################################################################
##################################################################################################
 k1 = 80 : k2 = 70
 Avg ACC : 58.34130781499203, with (alpha, beta) = (0.001, 0.01)
 Avg NMI : 64.30111912702172, with (alpha, beta) = (0.001, 0.01)
 Reconstruction Error : 3.4146191660628578
 Avg Silhoutte score : 0.3620212995778032, with (alpha, beta) = (0.01, 1)
 Avg Dunn's Index score : 0.3018942496682798, with (alpha, beta) = (0.001, 0.01)
 Avg David Bouldin score : 0.6802551340692905, with (alpha, beta) = (0.01, 1)
##################################################################################################
The results of running the Kmeans method 20 times and the report of maximum of 20 runs
##################################################################################################
 k1 = 100 : k2 = 10 
 Max ACC : 96.96969696969697, with (alpha, beta) = (10.0, 0.1)
 Max NMI : 96.51250261775124, with (alpha, beta) = (10.0, 0.1)
 Reconstruction Error : 5.338562763283434
 Max Silhoutter score : 0.7787191501899584, with (alpha, beta) = (10.0, 1)
 Max Dunn's Index score : 0.23169047809728677, with (alpha, beta) = (10.0, 1)
 Min David Bouldin score : 0.9417048320067116, with (alpha, beta) = (10.0, 1)
##################################################################################################
##################################################################################################
 k1 = 100 : k2 = 20 
 Max ACC : 90.9090909090909, with (alpha, beta) = (0.1, 0.01)
 Max NMI : 89.65917559213823, with (alpha, beta) = (0.1, 0.01)
 Reconstruction Error : 5.66485740479341
 Max Silhoutter score : 0.45360968087659365, with (alpha, beta) = (0.1, 0.01)
 Max Dunn's Index score : 0.23728722728654555, with (alpha, beta) = (0.1, 0.1)
 Min David Bouldin score : 1.3836145182604747, with (alpha, beta) = (0.001, 1)
##################################################################################################
##################################################################################################
 k1 = 100 : k2 = 30 
 Max ACC : 95.15151515151516, with (alpha, beta) = (0.1, 0.1)
 Max NMI : 94.22286306850873, with (alpha, beta) = (0.1, 0.1)
 Reconstruction Error : 4.9001889836338535
 Max Silhoutter score : 0.5906810737005361, with (alpha, beta) = (10.0, 0.01)
 Max Dunn's Index score : 0.22214622189698477, with (alpha, beta) = (0.01, 0.1)
 Min David Bouldin score : 1.6888809005251466, with (alpha, beta) = (10.0, 0.01)
##################################################################################################
##################################################################################################
 k1 = 100 : k2 = 40 
 Max ACC : 95.75757575757575, with (alpha, beta) = (0.1, 1)
 Max NMI : 94.68872410292025, with (alpha, beta) = (0.1, 1)
 Reconstruction Error : 4.580841523131616
 Max Silhoutter score : 0.4112888117473355, with (alpha, beta) = (0.1, 1)
 Max Dunn's Index score : 0.24532141192316992, with (alpha, beta) = (0.01, 0.1)
 Min David Bouldin score : 1.96893055558166, with (alpha, beta) = (0.1, 0.1)
##################################################################################################
##################################################################################################
 k1 = 100 : k2 = 50 
 Max ACC : 76.36363636363637, with (alpha, beta) = (0.01, 0.01)
 Max NMI : 82.3996430884216, with (alpha, beta) = (0.01, 0.1)
 Reconstruction Error : 4.266974833312404
 Max Silhoutter score : 0.7329946685216443, with (alpha, beta) = (0.1, 0.01)
 Max Dunn's Index score : 0.2955734543202607, with (alpha, beta) = (0.01, 0.01)
 Min David Bouldin score : 1.8770655900779862, with (alpha, beta) = (0.1, 0.01)
##################################################################################################
##################################################################################################
 k1 = 100 : k2 = 60 
 Max ACC : 74.54545454545455, with (alpha, beta) = (0.001, 0.01)
 Max NMI : 76.71752705032821, with (alpha, beta) = (0.001, 0.01)
 Reconstruction Error : 3.961649517005622
 Max Silhoutter score : 0.8097410403034373, with (alpha, beta) = (0.1, 1)
 Max Dunn's Index score : 0.2139591465249172, with (alpha, beta) = (0.001, 0.01)
 Min David Bouldin score : 1.5438783321229967, with (alpha, beta) = (0.1, 1)
##################################################################################################
##################################################################################################
 k1 = 100 : k2 = 70 
 Max ACC : 66.06060606060606, with (alpha, beta) = (0.001, 0.01)
 Max NMI : 70.4097724198518, with (alpha, beta) = (0.001, 0.01)
 Reconstruction Error : 3.815137090042837
 Max Silhoutter score : 0.7447864813527286, with (alpha, beta) = (0.1, 1)
 Max Dunn's Index score : 0.1670092762168968, with (alpha, beta) = (0.001, 0.01)
 Min David Bouldin score : 1.8462306413317304, with (alpha, beta) = (0.1, 1)
##################################################################################################
The results of running the Kmeans method 20 times and the average of 20 runs
##################################################################################################
 k1 = 100 : k2 = 10
 Avg ACC : 96.68261562998404, with (alpha, beta) = (10.0, 1)
 Avg NMI : 96.06325082602653, with (alpha, beta) = (10.0, 0.1)
 Reconstruction Error : 5.338562763283434
 Avg Silhoutte score : 0.7775450728861459, with (alpha, beta) = (10.0, 1)
 Avg Dunn's Index score : 0.23169047809728677, with (alpha, beta) = (10.0, 1)
 Avg David Bouldin score : 0.40259844961477215, with (alpha, beta) = (10.0, 1)
##################################################################################################
##################################################################################################
 k1 = 100 : k2 = 20
 Avg ACC : 87.59170653907496, with (alpha, beta) = (0.1, 0.01)
 Avg NMI : 87.96573616196241, with (alpha, beta) = (0.1, 0.01)
 Reconstruction Error : 5.66485740479341
 Avg Silhoutte score : 0.4488818415042308, with (alpha, beta) = (0.1, 0.01)
 Avg Dunn's Index score : 0.23728722728654555, with (alpha, beta) = (0.1, 0.1)
 Avg David Bouldin score : 0.9109584910941841, with (alpha, beta) = (0.001, 1)
##################################################################################################
##################################################################################################
 k1 = 100 : k2 = 30
 Avg ACC : 90.01594896331738, with (alpha, beta) = (0.1, 0.01)
 Avg NMI : 90.12595740621651, with (alpha, beta) = (0.1, 0.01)
 Reconstruction Error : 4.9001889836338535
 Avg Silhoutte score : 0.5047902710908878, with (alpha, beta) = (10.0, 0.01)
 Avg Dunn's Index score : 0.22214622189698477, with (alpha, beta) = (0.01, 0.1)
 Avg David Bouldin score : 0.40118581237851275, with (alpha, beta) = (10.0, 0.01)
##################################################################################################
##################################################################################################
 k1 = 100 : k2 = 40
 Avg ACC : 89.25039872408293, with (alpha, beta) = (0.1, 1)
 Avg NMI : 91.01689240723665, with (alpha, beta) = (0.1, 1)
 Reconstruction Error : 4.580841523131616
 Avg Silhoutte score : 0.3939206925439269, with (alpha, beta) = (0.1, 1)
 Avg Dunn's Index score : 0.24532141192316992, with (alpha, beta) = (0.01, 0.1)
 Avg David Bouldin score : 1.0460274368703724, with (alpha, beta) = (0.1, 0.1)
##################################################################################################
##################################################################################################
 k1 = 100 : k2 = 50
 Avg ACC : 71.19617224880383, with (alpha, beta) = (0.01, 0.1)
 Avg NMI : 76.66789473845425, with (alpha, beta) = (0.01, 0.1)
 Reconstruction Error : 4.266974833312404
 Avg Silhoutte score : 0.7226159247837329, with (alpha, beta) = (0.1, 0.01)
 Avg Dunn's Index score : 0.2955734543202607, with (alpha, beta) = (0.01, 0.01)
 Avg David Bouldin score : 0.4237530241025688, with (alpha, beta) = (0.1, 0.01)
##################################################################################################
##################################################################################################
 k1 = 100 : k2 = 60
 Avg ACC : 67.78309409888357, with (alpha, beta) = (0.001, 0.01)
 Avg NMI : 73.09644738342968, with (alpha, beta) = (0.001, 0.01)
 Reconstruction Error : 3.961649517005622
 Avg Silhoutte score : 0.8094999537896729, with (alpha, beta) = (0.1, 1)
 Avg Dunn's Index score : 0.2139591465249172, with (alpha, beta) = (0.001, 0.01)
 Avg David Bouldin score : 0.2405185131332473, with (alpha, beta) = (0.1, 1)
##################################################################################################
##################################################################################################
 k1 = 100 : k2 = 70
 Avg ACC : 58.94736842105263, with (alpha, beta) = (0.001, 0.01)
 Avg NMI : 66.9450107807845, with (alpha, beta) = (0.001, 0.01)
 Reconstruction Error : 3.815137090042837
 Avg Silhoutte score : 0.7341482415863607, with (alpha, beta) = (0.1, 1)
 Avg Dunn's Index score : 0.1670092762168968, with (alpha, beta) = (0.001, 0.01)
 Avg David Bouldin score : 0.3905552542199536, with (alpha, beta) = (0.1, 1)
##################################################################################################
The results of running the Kmeans method 20 times and the report of maximum of 20 runs
##################################################################################################
 k1 = 120 : k2 = 10 
 Max ACC : 89.6969696969697, with (alpha, beta) = (10.0, 0.01)
 Max NMI : 92.31240234983007, with (alpha, beta) = (10.0, 0.01)
 Reconstruction Error : 5.583285217338744
 Max Silhoutter score : 0.676649240305399, with (alpha, beta) = (10.0, 0.01)
 Max Dunn's Index score : 0.14050805708713254, with (alpha, beta) = (10.0, 0.1)
 Min David Bouldin score : 1.0412270474912273, with (alpha, beta) = (10.0, 0.01)
##################################################################################################
##################################################################################################
 k1 = 120 : k2 = 20 
 Max ACC : 95.15151515151516, with (alpha, beta) = (10.0, 0.1)
 Max NMI : 94.17667180956161, with (alpha, beta) = (10.0, 0.1)
 Reconstruction Error : 5.318992490171959
 Max Silhoutter score : 0.6993939945524101, with (alpha, beta) = (10.0, 0.1)
 Max Dunn's Index score : 0.25623375256349507, with (alpha, beta) = (0.1, 0.01)
 Min David Bouldin score : 1.226033692683496, with (alpha, beta) = (10.0, 0.1)
##################################################################################################
##################################################################################################
 k1 = 120 : k2 = 30 
 Max ACC : 87.87878787878788, with (alpha, beta) = (0.1, 0.1)
 Max NMI : 87.40395121568993, with (alpha, beta) = (0.1, 0.1)
 Reconstruction Error : 6.480635328405341
 Max Silhoutter score : 0.4036148911606557, with (alpha, beta) = (0.01, 1)
 Max Dunn's Index score : 0.2726608268694747, with (alpha, beta) = (0.1, 0.1)
 Min David Bouldin score : 1.713105281005379, with (alpha, beta) = (0.01, 1)
##################################################################################################
##################################################################################################
 k1 = 120 : k2 = 40 
 Max ACC : 83.63636363636363, with (alpha, beta) = (0.1, 0.1)
 Max NMI : 88.84098898811892, with (alpha, beta) = (0.1, 1)
 Reconstruction Error : 5.290380924048799
 Max Silhoutter score : 0.3852410171604366, with (alpha, beta) = (0.1, 1)
 Max Dunn's Index score : 0.3438785844741727, with (alpha, beta) = (0.1, 0.1)
 Min David Bouldin score : 1.8829590852497116, with (alpha, beta) = (10.0, 0.1)
##################################################################################################
##################################################################################################
 k1 = 120 : k2 = 50 
 Max ACC : 86.06060606060606, with (alpha, beta) = (0.01, 0.1)
 Max NMI : 86.01357101050802, with (alpha, beta) = (0.01, 0.1)
 Reconstruction Error : 4.810972290659837
 Max Silhoutter score : 0.4029804128926748, with (alpha, beta) = (10.0, 1)
 Max Dunn's Index score : 0.3078560518662112, with (alpha, beta) = (0.01, 0.01)
 Min David Bouldin score : 2.053097861195132, with (alpha, beta) = (10.0, 1)
##################################################################################################
##################################################################################################
 k1 = 120 : k2 = 60 
 Max ACC : 79.39393939393939, with (alpha, beta) = (0.01, 0.1)
 Max NMI : 79.67280801077774, with (alpha, beta) = (0.01, 0.1)
 Reconstruction Error : 4.489298992389772
 Max Silhoutter score : 0.7581669283149474, with (alpha, beta) = (0.1, 0.1)
 Max Dunn's Index score : 0.14940973207118793, with (alpha, beta) = (0.01, 1)
 Min David Bouldin score : 1.8306188306252698, with (alpha, beta) = (10.0, 0.1)
##################################################################################################
##################################################################################################
 k1 = 120 : k2 = 70 
 Max ACC : 80.0, with (alpha, beta) = (0.01, 0.1)
 Max NMI : 81.73746873824525, with (alpha, beta) = (0.01, 0.1)
 Reconstruction Error : 4.191739977972625
 Max Silhoutter score : 0.43640006897244193, with (alpha, beta) = (0.01, 0.01)
 Max Dunn's Index score : 0.2755943414737709, with (alpha, beta) = (0.001, 0.01)
 Min David Bouldin score : 2.094433903517579, with (alpha, beta) = (0.01, 0.01)
##################################################################################################
The results of running the Kmeans method 20 times and the average of 20 runs
##################################################################################################
 k1 = 120 : k2 = 10
 Avg ACC : 86.15629984051036, with (alpha, beta) = (10.0, 0.01)
 Avg NMI : 89.95738343398642, with (alpha, beta) = (10.0, 0.01)
 Reconstruction Error : 5.583285217338744
 Avg Silhoutte score : 0.6652187408346347, with (alpha, beta) = (10.0, 0.01)
 Avg Dunn's Index score : 0.14050805708713254, with (alpha, beta) = (10.0, 0.1)
 Avg David Bouldin score : 0.6465358677595704, with (alpha, beta) = (10.0, 0.01)
##################################################################################################
##################################################################################################
 k1 = 120 : k2 = 20
 Avg ACC : 94.60925039872409, with (alpha, beta) = (10.0, 0.1)
 Avg NMI : 93.22834375911766, with (alpha, beta) = (10.0, 0.1)
 Reconstruction Error : 5.318992490171959
 Avg Silhoutte score : 0.6990836256260844, with (alpha, beta) = (10.0, 0.1)
 Avg Dunn's Index score : 0.25623375256349507, with (alpha, beta) = (0.1, 0.01)
 Avg David Bouldin score : 0.5213798337834061, with (alpha, beta) = (10.0, 0.1)
##################################################################################################
##################################################################################################
 k1 = 120 : k2 = 30
 Avg ACC : 82.16905901116428, with (alpha, beta) = (0.1, 0.01)
 Avg NMI : 84.20496959207962, with (alpha, beta) = (10.0, 0.1)
 Reconstruction Error : 6.480635328405341
 Avg Silhoutte score : 0.3896194073594775, with (alpha, beta) = (0.01, 1)
 Avg Dunn's Index score : 0.2726608268694747, with (alpha, beta) = (0.1, 0.1)
 Avg David Bouldin score : 0.9733257713136543, with (alpha, beta) = (0.01, 1)
##################################################################################################
##################################################################################################
 k1 = 120 : k2 = 40
 Avg ACC : 78.2775119617225, with (alpha, beta) = (0.1, 0.1)
 Avg NMI : 87.22243572783526, with (alpha, beta) = (0.1, 1)
 Reconstruction Error : 5.290380924048799
 Avg Silhoutte score : 0.37966949504327546, with (alpha, beta) = (0.1, 1)
 Avg Dunn's Index score : 0.3438785844741727, with (alpha, beta) = (0.1, 0.1)
 Avg David Bouldin score : 0.8779987697383993, with (alpha, beta) = (10.0, 0.1)
##################################################################################################
##################################################################################################
 k1 = 120 : k2 = 50
 Avg ACC : 78.62838915470495, with (alpha, beta) = (0.01, 0.1)
 Avg NMI : 82.81342639958048, with (alpha, beta) = (0.01, 0.1)
 Reconstruction Error : 4.810972290659837
 Avg Silhoutte score : 0.37568386612123433, with (alpha, beta) = (0.01, 0.1)
 Avg Dunn's Index score : 0.3078560518662112, with (alpha, beta) = (0.01, 0.01)
 Avg David Bouldin score : 0.7611992904554215, with (alpha, beta) = (10.0, 1)
##################################################################################################
##################################################################################################
 k1 = 120 : k2 = 60
 Avg ACC : 74.00318979266348, with (alpha, beta) = (0.01, 0.1)
 Avg NMI : 77.2925101306532, with (alpha, beta) = (0.01, 0.1)
 Reconstruction Error : 4.489298992389772
 Avg Silhoutte score : 0.7458612274443246, with (alpha, beta) = (0.1, 0.1)
 Avg Dunn's Index score : 0.14940973207118793, with (alpha, beta) = (0.01, 1)
 Avg David Bouldin score : 0.37284149510253606, with (alpha, beta) = (10.0, 0.1)
##################################################################################################
##################################################################################################
 k1 = 120 : k2 = 70
 Avg ACC : 69.8883572567783, with (alpha, beta) = (0.01, 0.1)
 Avg NMI : 75.220127505523, with (alpha, beta) = (0.01, 0.1)
 Reconstruction Error : 4.191739977972625
 Avg Silhoutte score : 0.3993276286065852, with (alpha, beta) = (0.01, 0.01)
 Avg Dunn's Index score : 0.2755943414737709, with (alpha, beta) = (0.001, 0.01)
 Avg David Bouldin score : 0.7059334686457057, with (alpha, beta) = (0.01, 0.01)
##################################################################################################
The results of running the Kmeans method 20 times and the report of maximum of 20 runs
##################################################################################################
 k1 = 200 : k2 = 10 
 Max ACC : 89.6969696969697, with (alpha, beta) = (10.0, 0.01)
 Max NMI : 91.16919981880534, with (alpha, beta) = (10.0, 0.01)
 Reconstruction Error : 4.595556025843391
 Max Silhoutter score : 0.5763761892552678, with (alpha, beta) = (10.0, 0.01)
 Max Dunn's Index score : 0.1712204798993055, with (alpha, beta) = (10.0, 0.01)
 Min David Bouldin score : 0.9441947101208922, with (alpha, beta) = (10.0, 0.01)
##################################################################################################
##################################################################################################
 k1 = 200 : k2 = 20 
 Max ACC : 83.03030303030303, with (alpha, beta) = (10.0, 1)
 Max NMI : 84.75459100011697, with (alpha, beta) = (10.0, 1)
 Reconstruction Error : 5.188171326633219
 Max Silhoutter score : 0.43712228945851184, with (alpha, beta) = (10.0, 1)
 Max Dunn's Index score : 0.1924240497393623, with (alpha, beta) = (10.0, 1)
 Min David Bouldin score : 1.169899927284384, with (alpha, beta) = (10.0, 1)
##################################################################################################
##################################################################################################
 k1 = 200 : k2 = 30 
 Max ACC : 63.030303030303024, with (alpha, beta) = (0.1, 1)
 Max NMI : 66.31621533466662, with (alpha, beta) = (0.1, 1)
 Reconstruction Error : 5.5827462610409455
 Max Silhoutter score : 0.2128129100743224, with (alpha, beta) = (10.0, 0.1)
 Max Dunn's Index score : 0.21783115457900862, with (alpha, beta) = (0.1, 1)
 Min David Bouldin score : 1.4320324003596747, with (alpha, beta) = (10.0, 0.1)
##################################################################################################
##################################################################################################
 k1 = 200 : k2 = 40 
 Max ACC : 66.06060606060606, with (alpha, beta) = (0.1, 0.1)
 Max NMI : 70.8142245479047, with (alpha, beta) = (0.1, 0.1)
 Reconstruction Error : 5.597366759143947
 Max Silhoutter score : 0.2274608048153794, with (alpha, beta) = (0.1, 1)
 Max Dunn's Index score : 0.22918893909369503, with (alpha, beta) = (0.1, 0.1)
 Min David Bouldin score : 1.2671891823107495, with (alpha, beta) = (10.0, 0.1)
##################################################################################################
##################################################################################################
 k1 = 200 : k2 = 50 
 Max ACC : 74.54545454545455, with (alpha, beta) = (0.1, 0.1)
 Max NMI : 76.34546318933808, with (alpha, beta) = (0.1, 0.1)
 Reconstruction Error : 5.387565024857283
 Max Silhoutter score : 0.2632353925712349, with (alpha, beta) = (0.1, 0.01)
 Max Dunn's Index score : 0.353752263655002, with (alpha, beta) = (0.1, 0.1)
 Min David Bouldin score : 1.5802068418087913, with (alpha, beta) = (0.1, 0.01)
##################################################################################################
##################################################################################################
 k1 = 200 : k2 = 60 
 Max ACC : 74.54545454545455, with (alpha, beta) = (0.1, 1)
 Max NMI : 76.17086522911576, with (alpha, beta) = (0.1, 1)
 Reconstruction Error : 5.3204157690184175
 Max Silhoutter score : 0.3661000967048632, with (alpha, beta) = (0.1, 0.1)
 Max Dunn's Index score : 0.31396509162614694, with (alpha, beta) = (0.1, 1)
 Min David Bouldin score : 1.7094041213300406, with (alpha, beta) = (0.1, 0.1)
##################################################################################################
##################################################################################################
 k1 = 200 : k2 = 70 
 Max ACC : 55.15151515151515, with (alpha, beta) = (0.01, 0.01)
 Max NMI : 55.96829451413048, with (alpha, beta) = (0.01, 0.01)
 Reconstruction Error : 5.433707535116265
 Max Silhoutter score : 0.6218373600257466, with (alpha, beta) = (0.001, 1)
 Max Dunn's Index score : 0.23095614183989138, with (alpha, beta) = (0.01, 0.1)
 Min David Bouldin score : 1.665919323076075, with (alpha, beta) = (0.001, 1)
##################################################################################################
The results of running the Kmeans method 20 times and the average of 20 runs
##################################################################################################
 k1 = 200 : k2 = 10
 Avg ACC : 87.46411483253588, with (alpha, beta) = (10.0, 1)
 Avg NMI : 89.89634975736209, with (alpha, beta) = (10.0, 0.01)
 Reconstruction Error : 4.595556025843391
 Avg Silhoutte score : 0.5706427637117742, with (alpha, beta) = (10.0, 0.01)
 Avg Dunn's Index score : 0.1712204798993055, with (alpha, beta) = (10.0, 0.01)
 Avg David Bouldin score : 0.6721672859841464, with (alpha, beta) = (10.0, 0.01)
##################################################################################################
##################################################################################################
 k1 = 200 : k2 = 20
 Avg ACC : 80.89314194577352, with (alpha, beta) = (10.0, 1)
 Avg NMI : 81.7523299408225, with (alpha, beta) = (10.0, 1)
 Reconstruction Error : 5.188171326633219
 Avg Silhoutte score : 0.43216716131769645, with (alpha, beta) = (10.0, 1)
 Avg Dunn's Index score : 0.1924240497393623, with (alpha, beta) = (10.0, 1)
 Avg David Bouldin score : 1.041094280696198, with (alpha, beta) = (10.0, 1)
##################################################################################################
##################################################################################################
 k1 = 200 : k2 = 30
 Avg ACC : 57.54385964912281, with (alpha, beta) = (0.1, 1)
 Avg NMI : 62.638582408540074, with (alpha, beta) = (0.1, 1)
 Reconstruction Error : 5.5827462610409455
 Avg Silhoutte score : 0.1839957822774355, with (alpha, beta) = (0.1, 0.01)
 Avg Dunn's Index score : 0.21783115457900862, with (alpha, beta) = (0.1, 1)
 Avg David Bouldin score : 1.1983413679652393, with (alpha, beta) = (10.0, 0.1)
##################################################################################################
##################################################################################################
 k1 = 200 : k2 = 40
 Avg ACC : 60.03189792663477, with (alpha, beta) = (0.1, 0.01)
 Avg NMI : 64.14289687648298, with (alpha, beta) = (0.1, 0.1)
 Reconstruction Error : 5.597366759143947
 Avg Silhoutte score : 0.2096403632869738, with (alpha, beta) = (0.1, 1)
 Avg Dunn's Index score : 0.22918893909369503, with (alpha, beta) = (0.1, 0.1)
 Avg David Bouldin score : 1.2419079113283977, with (alpha, beta) = (10.0, 0.01)
##################################################################################################
##################################################################################################
 k1 = 200 : k2 = 50
 Avg ACC : 69.85645933014354, with (alpha, beta) = (0.1, 0.1)
 Avg NMI : 73.777686917087, with (alpha, beta) = (0.1, 0.1)
 Reconstruction Error : 5.387565024857283
 Avg Silhoutte score : 0.2099662666700446, with (alpha, beta) = (0.1, 0.1)
 Avg Dunn's Index score : 0.353752263655002, with (alpha, beta) = (0.1, 0.1)
 Avg David Bouldin score : 0.5850602282058885, with (alpha, beta) = (0.1, 0.01)
##################################################################################################
##################################################################################################
 k1 = 200 : k2 = 60
 Avg ACC : 66.6347687400319, with (alpha, beta) = (0.1, 1)
 Avg NMI : 72.59291497169423, with (alpha, beta) = (0.1, 1)
 Reconstruction Error : 5.3204157690184175
 Avg Silhoutte score : 0.3220034270575703, with (alpha, beta) = (0.1, 0.1)
 Avg Dunn's Index score : 0.31396509162614694, with (alpha, beta) = (0.1, 1)
 Avg David Bouldin score : 0.5985102384088283, with (alpha, beta) = (0.1, 0.1)
##################################################################################################
##################################################################################################
 k1 = 200 : k2 = 70
 Avg ACC : 45.03987240829346, with (alpha, beta) = (0.01, 0.01)
 Avg NMI : 50.308256469907604, with (alpha, beta) = (0.01, 0.01)
 Reconstruction Error : 5.433707535116265
 Avg Silhoutte score : 0.3611948051840615, with (alpha, beta) = (0.001, 1)
 Avg Dunn's Index score : 0.23095614183989138, with (alpha, beta) = (0.01, 0.1)
 Avg David Bouldin score : 0.35896473482400043, with (alpha, beta) = (0.001, 1)
##################################################################################################
Average no. of iterations for k2 = 10 : 55
Average no. of iterations for k2 = 20 : 27.75
Average no. of iterations for k2 = 30 : 1.5
Average no. of iterations for k2 = 40 : 1.5
Average no. of iterations for k2 = 50 : 1.25
Average no. of iterations for k2 = 60 : 1.25
Average no. of iterations for k2 = 70 : 1.25
Overall average no. of iterations : 63.154761904761905
#Done!
