Model : dnsNMF
Dataset : yale
max iterations : 100
myeps_1 : 1e-12
myeps_2 : 1e-10
The results of running the Kmeans method 20 times and the report of maximum of 20 runs
##################################################################################################
 k1 = 80 : k2 = 10 
 Max ACC : 23.636363636363637, with theta = 0.1
 Max NMI : 29.019652140894316, with theta = 0.1
 Reconstruction Error : 76.49751075100394
 Max Silhoutter score : 0.5756616909358662, with theta = 10.0
 Max Dunn's Index score : 0.04288617307020977, with theta = 0.001
 Min David Bouldin score : 1.0385965942523046, with theta = 10.0
##################################################################################################
##################################################################################################
 k1 = 80 : k2 = 20 
 Max ACC : 24.848484848484848, with theta = 0.001
 Max NMI : 28.72427158918906, with theta = 0.001
 Reconstruction Error : 170.62535088351274
 Max Silhoutter score : 0.5946999389764237, with theta = 10.0
 Max Dunn's Index score : 0.19477745358397403, with theta = 0.01
 Min David Bouldin score : 1.7209621804128936, with theta = 10.0
##################################################################################################
##################################################################################################
 k1 = 80 : k2 = 30 
 Max ACC : 25.454545454545453, with theta = 0.1
 Max NMI : 29.998521864227616, with theta = 0.1
 Reconstruction Error : 144.4220090167473
 Max Silhoutter score : 0.5386054910427912, with theta = 10.0
 Max Dunn's Index score : 0.2486289228276493, with theta = 0.001
 Min David Bouldin score : 1.9281776295997697, with theta = 10.0
##################################################################################################
##################################################################################################
 k1 = 80 : k2 = 40 
 Max ACC : 24.242424242424242, with theta = 10.0
 Max NMI : 30.073631702799535, with theta = 10.0
 Reconstruction Error : 8756.627168852863
 Max Silhoutter score : 0.1402273800512033, with theta = 0.001
 Max Dunn's Index score : 0.19372411655679148, with theta = 0.1
 Min David Bouldin score : 1.461568019666907, with theta = 0.001
##################################################################################################
##################################################################################################
 k1 = 80 : k2 = 50 
 Max ACC : 24.242424242424242, with theta = 0.1
 Max NMI : 29.580730193168094, with theta = 0.1
 Reconstruction Error : 3234.5408794798354
 Max Silhoutter score : 0.11457328371535505, with theta = 0.01
 Max Dunn's Index score : 0.29250533586041055, with theta = 0.001
 Min David Bouldin score : 2.0128866528734197, with theta = 0.01
##################################################################################################
##################################################################################################
 k1 = 80 : k2 = 60 
 Max ACC : 23.03030303030303, with theta = 0.1
 Max NMI : 27.51419958646808, with theta = 0.01
 Reconstruction Error : 17122.55532835632
 Max Silhoutter score : 0.07495448189759499, with theta = 0.001
 Max Dunn's Index score : 0.444535264354036, with theta = 10.0
 Min David Bouldin score : 2.057652126780613, with theta = 0.01
##################################################################################################
##################################################################################################
 k1 = 80 : k2 = 70 
 Max ACC : 23.636363636363637, with theta = 0.01
 Max NMI : 29.007759950661256, with theta = 0.1
 Reconstruction Error : 8784.630934855433
 Max Silhoutter score : 0.08383286431505567, with theta = 10.0
 Max Dunn's Index score : 0.36043352041876736, with theta = 0.01
 Min David Bouldin score : 2.275148251803892, with theta = 10.0
##################################################################################################
The results of running the Kmeans method 20 times and the average of 20 runs
##################################################################################################
 k1 = 80 : k2 = 10
 Avg ACC : 22.20095693779904, with theta = 0.1
 Avg NMI : 27.411594546393715, with theta = 0.1
 Reconstruction Error : 76.49751075100394
 Avg Silhoutte score : 0.5653157209566653, with theta = 10.0
 Avg Dunn's Index score : 0.04288617307020977, with theta = 0.001
 Avg David Bouldin score : 1.0869035251171792, with theta = 10.0
##################################################################################################
##################################################################################################
 k1 = 80 : k2 = 20
 Avg ACC : 21.850079744816586, with theta = 0.001
 Avg NMI : 26.355411774322953, with theta = 0.001
 Reconstruction Error : 170.62535088351274
 Avg Silhoutte score : 0.5896575369884647, with theta = 10.0
 Avg Dunn's Index score : 0.19477745358397403, with theta = 0.01
 Avg David Bouldin score : 1.9279211842482291, with theta = 10.0
##################################################################################################
##################################################################################################
 k1 = 80 : k2 = 30
 Avg ACC : 23.125996810207337, with theta = 0.1
 Avg NMI : 28.18887064122144, with theta = 0.1
 Reconstruction Error : 144.4220090167473
 Avg Silhoutte score : 0.5223268982487259, with theta = 10.0
 Avg Dunn's Index score : 0.2486289228276493, with theta = 0.001
 Avg David Bouldin score : 1.9840790668574402, with theta = 10.0
##################################################################################################
##################################################################################################
 k1 = 80 : k2 = 40
 Avg ACC : 22.137161084529506, with theta = 10.0
 Avg NMI : 26.74762845803678, with theta = 10.0
 Reconstruction Error : 8756.627168852863
 Avg Silhoutte score : 0.13356807883000718, with theta = 0.001
 Avg Dunn's Index score : 0.19372411655679148, with theta = 0.1
 Avg David Bouldin score : 1.9605198941313013, with theta = 0.001
##################################################################################################
##################################################################################################
 k1 = 80 : k2 = 50
 Avg ACC : 21.43540669856459, with theta = 0.1
 Avg NMI : 25.5431374488015, with theta = 0.1
 Reconstruction Error : 3234.5408794798354
 Avg Silhoutte score : 0.10696067230857562, with theta = 0.01
 Avg Dunn's Index score : 0.29250533586041055, with theta = 0.001
 Avg David Bouldin score : 2.086541943810878, with theta = 0.01
##################################################################################################
##################################################################################################
 k1 = 80 : k2 = 60
 Avg ACC : 20.606060606060606, with theta = 10.0
 Avg NMI : 25.11003888943377, with theta = 10.0
 Reconstruction Error : 17122.55532835632
 Avg Silhoutte score : 0.06567934071599577, with theta = 0.001
 Avg Dunn's Index score : 0.444535264354036, with theta = 10.0
 Avg David Bouldin score : 2.8323506112497485, with theta = 0.1
##################################################################################################
##################################################################################################
 k1 = 80 : k2 = 70
 Avg ACC : 21.850079744816586, with theta = 0.1
 Avg NMI : 26.780545935767833, with theta = 0.1
 Reconstruction Error : 8784.630934855433
 Avg Silhoutte score : 0.07488279661550813, with theta = 10.0
 Avg Dunn's Index score : 0.36043352041876736, with theta = 0.01
 Avg David Bouldin score : 2.345180555839159, with theta = 10.0
##################################################################################################
The results of running the Kmeans method 20 times and the report of maximum of 20 runs
##################################################################################################
 k1 = 100 : k2 = 10 
 Max ACC : 23.636363636363637, with theta = 0.1
 Max NMI : 27.028893174711744, with theta = 0.1
 Reconstruction Error : 109.04665811776593
 Max Silhoutter score : 0.5824859856249281, with theta = 10.0
 Max Dunn's Index score : 0.08691148435517233, with theta = 0.01
 Min David Bouldin score : 1.2700011814883678, with theta = 10.0
##################################################################################################
##################################################################################################
 k1 = 100 : k2 = 20 
 Max ACC : 23.636363636363637, with theta = 0.1
 Max NMI : 28.05953283410474, with theta = 0.1
 Reconstruction Error : 180.9053951604106
 Max Silhoutter score : 0.6125955335010754, with theta = 10.0
 Max Dunn's Index score : 0.23441004462947584, with theta = 0.01
 Min David Bouldin score : 1.5109587770610124, with theta = 10.0
##################################################################################################
##################################################################################################
 k1 = 100 : k2 = 30 
 Max ACC : 23.636363636363637, with theta = 0.001
 Max NMI : 27.645209912984882, with theta = 0.001
 Reconstruction Error : 227.84864078657267
 Max Silhoutter score : 0.5614486719382316, with theta = 10.0
 Max Dunn's Index score : 0.2999867998882333, with theta = 0.01
 Min David Bouldin score : 1.4769772717430045, with theta = 10.0
##################################################################################################
##################################################################################################
 k1 = 100 : k2 = 40 
 Max ACC : 24.242424242424242, with theta = 0.01
 Max NMI : 28.234526041692032, with theta = 0.001
 Reconstruction Error : 1125.1064876106184
 Max Silhoutter score : 0.23495570011036246, with theta = 10.0
 Max Dunn's Index score : 0.21984855387880414, with theta = 0.1
 Min David Bouldin score : 1.6798776549221803, with theta = 10.0
##################################################################################################
##################################################################################################
 k1 = 100 : k2 = 50 
 Max ACC : 24.848484848484848, with theta = 10.0
 Max NMI : 28.908114143323626, with theta = 0.001
 Reconstruction Error : 17561.30590514345
 Max Silhoutter score : 0.11601927228614434, with theta = 0.01
 Max Dunn's Index score : 0.43179543820908295, with theta = 10.0
 Min David Bouldin score : 1.9258934372031122, with theta = 0.1
##################################################################################################
##################################################################################################
 k1 = 100 : k2 = 60 
 Max ACC : 24.242424242424242, with theta = 0.01
 Max NMI : 29.024019642835913, with theta = 0.01
 Reconstruction Error : 21003.731170482508
 Max Silhoutter score : 0.1203476959918495, with theta = 0.1
 Max Dunn's Index score : 0.4922865041324119, with theta = 10.0
 Min David Bouldin score : 2.027648085357394, with theta = 0.01
##################################################################################################
##################################################################################################
 k1 = 100 : k2 = 70 
 Max ACC : 24.848484848484848, with theta = 0.01
 Max NMI : 28.675937008687114, with theta = 0.1
 Reconstruction Error : 23870.411260710553
 Max Silhoutter score : 0.15120033649090592, with theta = 0.01
 Max Dunn's Index score : 0.5326490824450983, with theta = 10.0
 Min David Bouldin score : 1.673201981855587, with theta = 0.01
##################################################################################################
The results of running the Kmeans method 20 times and the average of 20 runs
##################################################################################################
 k1 = 100 : k2 = 10
 Avg ACC : 21.5311004784689, with theta = 0.1
 Avg NMI : 24.807433904687127, with theta = 0.1
 Reconstruction Error : 109.04665811776593
 Avg Silhoutte score : 0.5782457089113988, with theta = 10.0
 Avg Dunn's Index score : 0.08691148435517233, with theta = 0.01
 Avg David Bouldin score : 1.4333547725472287, with theta = 10.0
##################################################################################################
##################################################################################################
 k1 = 100 : k2 = 20
 Avg ACC : 21.5311004784689, with theta = 0.1
 Avg NMI : 26.379826233764174, with theta = 0.1
 Reconstruction Error : 180.9053951604106
 Avg Silhoutte score : 0.580942243042412, with theta = 10.0
 Avg Dunn's Index score : 0.23441004462947584, with theta = 0.01
 Avg David Bouldin score : 1.9169817678402774, with theta = 10.0
##################################################################################################
##################################################################################################
 k1 = 100 : k2 = 30
 Avg ACC : 21.116427432216906, with theta = 0.001
 Avg NMI : 25.979894120969522, with theta = 10.0
 Reconstruction Error : 227.84864078657267
 Avg Silhoutte score : 0.5538915134034608, with theta = 10.0
 Avg Dunn's Index score : 0.2999867998882333, with theta = 0.01
 Avg David Bouldin score : 2.049653722551087, with theta = 10.0
##################################################################################################
##################################################################################################
 k1 = 100 : k2 = 40
 Avg ACC : 21.148325358851675, with theta = 0.01
 Avg NMI : 26.063675904184347, with theta = 0.001
 Reconstruction Error : 1125.1064876106184
 Avg Silhoutte score : 0.21907033826859487, with theta = 10.0
 Avg Dunn's Index score : 0.21984855387880414, with theta = 0.1
 Avg David Bouldin score : 1.7922006709176488, with theta = 10.0
##################################################################################################
##################################################################################################
 k1 = 100 : k2 = 50
 Avg ACC : 21.626794258373206, with theta = 0.1
 Avg NMI : 26.61931208801516, with theta = 0.001
 Reconstruction Error : 17561.30590514345
 Avg Silhoutte score : 0.10536186026152244, with theta = 0.1
 Avg Dunn's Index score : 0.43179543820908295, with theta = 10.0
 Avg David Bouldin score : 2.7391211407107674, with theta = 0.1
##################################################################################################
##################################################################################################
 k1 = 100 : k2 = 60
 Avg ACC : 21.116427432216906, with theta = 0.1
 Avg NMI : 25.5256990985157, with theta = 0.001
 Reconstruction Error : 21003.731170482508
 Avg Silhoutte score : 0.10778108252225911, with theta = 0.01
 Avg Dunn's Index score : 0.4922865041324119, with theta = 10.0
 Avg David Bouldin score : 2.8669433930114443, with theta = 0.01
##################################################################################################
##################################################################################################
 k1 = 100 : k2 = 70
 Avg ACC : 22.26475279106858, with theta = 0.01
 Avg NMI : 26.630471565968882, with theta = 0.1
 Reconstruction Error : 23870.411260710553
 Avg Silhoutte score : 0.13924807692985106, with theta = 0.01
 Avg Dunn's Index score : 0.5326490824450983, with theta = 10.0
 Avg David Bouldin score : 3.021995182781737, with theta = 0.01
##################################################################################################
The results of running the Kmeans method 20 times and the report of maximum of 20 runs
##################################################################################################
 k1 = 120 : k2 = 10 
 Max ACC : 24.848484848484848, with theta = 0.1
 Max NMI : 29.80489734256764, with theta = 0.01
 Reconstruction Error : 139.0023345230612
 Max Silhoutter score : 0.5976145030938717, with theta = 10.0
 Max Dunn's Index score : 0.12422978326575379, with theta = 0.01
 Min David Bouldin score : 0.9264833049190593, with theta = 10.0
##################################################################################################
##################################################################################################
 k1 = 120 : k2 = 20 
 Max ACC : 24.242424242424242, with theta = 0.01
 Max NMI : 29.037105794125083, with theta = 0.01
 Reconstruction Error : 186.42763303273856
 Max Silhoutter score : 0.5775175548504147, with theta = 10.0
 Max Dunn's Index score : 0.23049943180345675, with theta = 0.01
 Min David Bouldin score : 1.6773640966505063, with theta = 10.0
##################################################################################################
##################################################################################################
 k1 = 120 : k2 = 30 
 Max ACC : 23.636363636363637, with theta = 0.01
 Max NMI : 29.49843093278926, with theta = 0.1
 Reconstruction Error : 248.88923568194411
 Max Silhoutter score : 0.5697692055804315, with theta = 10.0
 Max Dunn's Index score : 0.21288710703293148, with theta = 0.01
 Min David Bouldin score : 1.4052695210525796, with theta = 10.0
##################################################################################################
##################################################################################################
 k1 = 120 : k2 = 40 
 Max ACC : 24.242424242424242, with theta = 0.01
 Max NMI : 29.055331229927294, with theta = 0.001
 Reconstruction Error : 13802.047982592403
 Max Silhoutter score : 0.14008753159078693, with theta = 0.01
 Max Dunn's Index score : 0.3319840889001856, with theta = 10.0
 Min David Bouldin score : 1.750444383339561, with theta = 0.01
##################################################################################################
##################################################################################################
 k1 = 120 : k2 = 50 
 Max ACC : 24.242424242424242, with theta = 10.0
 Max NMI : 28.3124452316631, with theta = 0.001
 Reconstruction Error : 13354.676678799178
 Max Silhoutter score : 0.11803178593745657, with theta = 0.001
 Max Dunn's Index score : 0.51396903721624, with theta = 10.0
 Min David Bouldin score : 1.620245548323876, with theta = 0.001
##################################################################################################
##################################################################################################
 k1 = 120 : k2 = 60 
 Max ACC : 24.242424242424242, with theta = 0.01
 Max NMI : 29.43053167769384, with theta = 0.1
 Reconstruction Error : 16272.226935661158
 Max Silhoutter score : 0.1184097992330948, with theta = 0.01
 Max Dunn's Index score : 0.5546092392074411, with theta = 10.0
 Min David Bouldin score : 1.9536051247530215, with theta = 0.01
##################################################################################################
##################################################################################################
 k1 = 120 : k2 = 70 
 Max ACC : 24.242424242424242, with theta = 0.01
 Max NMI : 28.004152539769606, with theta = 0.001
 Reconstruction Error : 17766.346751388064
 Max Silhoutter score : 0.08317182497012808, with theta = 0.01
 Max Dunn's Index score : 0.5724097585495894, with theta = 10.0
 Min David Bouldin score : 2.0030159044292457, with theta = 0.01
##################################################################################################
The results of running the Kmeans method 20 times and the average of 20 runs
##################################################################################################
 k1 = 120 : k2 = 10
 Avg ACC : 23.03030303030303, with theta = 0.1
 Avg NMI : 26.889798073473163, with theta = 0.01
 Reconstruction Error : 139.0023345230612
 Avg Silhoutte score : 0.5945269674854319, with theta = 10.0
 Avg Dunn's Index score : 0.12422978326575379, with theta = 0.01
 Avg David Bouldin score : 1.5477654389966018, with theta = 10.0
##################################################################################################
##################################################################################################
 k1 = 120 : k2 = 20
 Avg ACC : 21.27591706539075, with theta = 0.001
 Avg NMI : 26.234266781522372, with theta = 0.01
 Reconstruction Error : 186.42763303273856
 Avg Silhoutte score : 0.5650974126347124, with theta = 10.0
 Avg Dunn's Index score : 0.23049943180345675, with theta = 0.01
 Avg David Bouldin score : 1.8394437083653958, with theta = 10.0
##################################################################################################
##################################################################################################
 k1 = 120 : k2 = 30
 Avg ACC : 21.881977671451356, with theta = 0.1
 Avg NMI : 27.31927875763553, with theta = 0.1
 Reconstruction Error : 248.88923568194411
 Avg Silhoutte score : 0.5657684337376329, with theta = 10.0
 Avg Dunn's Index score : 0.21288710703293148, with theta = 0.01
 Avg David Bouldin score : 1.8233652004505108, with theta = 10.0
##################################################################################################
##################################################################################################
 k1 = 120 : k2 = 40
 Avg ACC : 22.20095693779904, with theta = 0.001
 Avg NMI : 27.0432064341644, with theta = 0.001
 Reconstruction Error : 13802.047982592403
 Avg Silhoutte score : 0.12912346755668783, with theta = 0.01
 Avg Dunn's Index score : 0.3319840889001856, with theta = 10.0
 Avg David Bouldin score : 2.227953199183987, with theta = 0.01
##################################################################################################
##################################################################################################
 k1 = 120 : k2 = 50
 Avg ACC : 21.371610845295056, with theta = 0.001
 Avg NMI : 25.710775575795033, with theta = 0.01
 Reconstruction Error : 13354.676678799178
 Avg Silhoutte score : 0.10836762399376974, with theta = 0.001
 Avg Dunn's Index score : 0.51396903721624, with theta = 10.0
 Avg David Bouldin score : 3.049062342431499, with theta = 0.001
##################################################################################################
##################################################################################################
 k1 = 120 : k2 = 60
 Avg ACC : 22.00956937799043, with theta = 0.01
 Avg NMI : 26.129062925454825, with theta = 0.01
 Reconstruction Error : 16272.226935661158
 Avg Silhoutte score : 0.10649029192170018, with theta = 0.01
 Avg Dunn's Index score : 0.5546092392074411, with theta = 10.0
 Avg David Bouldin score : 3.14931803131692, with theta = 0.01
##################################################################################################
##################################################################################################
 k1 = 120 : k2 = 70
 Avg ACC : 21.562998405103666, with theta = 0.01
 Avg NMI : 25.82747133256763, with theta = 0.01
 Reconstruction Error : 17766.346751388064
 Avg Silhoutte score : 0.07451713667011578, with theta = 0.01
 Avg Dunn's Index score : 0.5724097585495894, with theta = 10.0
 Avg David Bouldin score : 3.243726125915602, with theta = 0.01
##################################################################################################
done
