Model : NMF
Dataset : jaffe.mat
max iterations : 100
myeps_1 : 1e-12
myeps_2 : 1e-10
##################################################################################################
The results of running the Kmeans method 20 times and the report of maximum of 20 runs
##################################################################################################
 k = 10 : maxACC = 81.69014084507043
 k = 10 : maxNMI = 79.64360760609968
##################################################################################################
The results of running the Kmeans method 20 times and the average of 20 runs
##################################################################################################
 k = 10 : meanACC = 76.20459599703484
 k = 10 : meanNMI = 76.00466881466217


##################################################################################################
The results of running the Kmeans method 20 times and the report of maximum of 20 runs
##################################################################################################
 k = 20 : maxACC = 93.89671361502347
 k = 20 : maxNMI = 93.5520734240966
##################################################################################################
The results of running the Kmeans method 20 times and the average of 20 runs
##################################################################################################
 k = 20 : meanACC = 86.53323449468742
 k = 20 : meanNMI = 89.18390953067194


##################################################################################################
The results of running the Kmeans method 20 times and the report of maximum of 20 runs
##################################################################################################
 k = 30 : maxACC = 89.2018779342723
 k = 30 : maxNMI = 95.5095251380397
##################################################################################################
The results of running the Kmeans method 20 times and the average of 20 runs
##################################################################################################
 k = 30 : meanACC = 85.54484803558191
 k = 30 : meanNMI = 91.97417246065505


##################################################################################################
The results of running the Kmeans method 20 times and the report of maximum of 20 runs
##################################################################################################
 k = 40 : maxACC = 91.07981220657277
 k = 40 : maxNMI = 89.97486768418565
##################################################################################################
The results of running the Kmeans method 20 times and the average of 20 runs
##################################################################################################
 k = 40 : meanACC = 81.36891524586113
 k = 40 : meanNMI = 85.85953462508552


##################################################################################################
The results of running the Kmeans method 20 times and the report of maximum of 20 runs
##################################################################################################
 k = 50 : maxACC = 92.01877934272301
 k = 50 : maxNMI = 90.65715071197499
##################################################################################################
The results of running the Kmeans method 20 times and the average of 20 runs
##################################################################################################
 k = 50 : meanACC = 84.43291326908822
 k = 50 : meanNMI = 86.77700975083093


##################################################################################################
The results of running the Kmeans method 20 times and the report of maximum of 20 runs
##################################################################################################
 k = 60 : maxACC = 84.50704225352112
 k = 60 : maxNMI = 86.42567450218785
##################################################################################################
The results of running the Kmeans method 20 times and the average of 20 runs
##################################################################################################
 k = 60 : meanACC = 78.2060785767235
 k = 60 : meanNMI = 82.28798652296919


##################################################################################################
The results of running the Kmeans method 20 times and the report of maximum of 20 runs
##################################################################################################
 k = 70 : maxACC = 80.75117370892019
 k = 70 : maxNMI = 88.34254440941103
##################################################################################################
The results of running the Kmeans method 20 times and the average of 20 runs
##################################################################################################
 k = 70 : meanACC = 72.67111440573264
 k = 70 : meanNMI = 80.46504539415288


#Done!
