Dataset : jaffe.mat
max iterations : 100
myeps_1 : 1e-12
myeps_2 : 1e-10
The results of running the Kmeans method 20 times and the report of maximum of 20 runs
##################################################################################################
 k = 10 : alpha,beta = (1000.0, 10) : k_knn = 5
 ACC : 98.12206572769952, with lambda = 1
 NMI : 97.364566906026, with lambda = 1
##################################################################################################
##################################################################################################
 k = 10 : alpha,beta = (1000.0, 100) : k_knn = 5
 ACC : 92.01877934272301, with lambda = 1
 NMI : 93.84070479891841, with lambda = 1
##################################################################################################
##################################################################################################
 k = 10 : alpha,beta = (1000.0, 1000) : k_knn = 5
 ACC : 88.26291079812206, with lambda = 10
 NMI : 92.96155891677793, with lambda = 100
##################################################################################################
##################################################################################################
 k = 10 : alpha,beta = (10000.0, 10) : k_knn = 5
 ACC : 98.12206572769952, with lambda = 1
 NMI : 97.364566906026, with lambda = 1
##################################################################################################
##################################################################################################
 k = 10 : alpha,beta = (10000.0, 100) : k_knn = 5
 ACC : 98.12206572769952, with lambda = 1
 NMI : 97.364566906026, with lambda = 1
##################################################################################################
##################################################################################################
 k = 10 : alpha,beta = (10000.0, 1000) : k_knn = 5
 ACC : 98.12206572769952, with lambda = 1
 NMI : 97.364566906026, with lambda = 1
##################################################################################################
##################################################################################################
 k = 10 : alpha,beta = (100000.0, 10) : k_knn = 5
 ACC : 98.12206572769952, with lambda = 1
 NMI : 97.364566906026, with lambda = 1
##################################################################################################
##################################################################################################
 k = 10 : alpha,beta = (100000.0, 100) : k_knn = 5
 ACC : 98.12206572769952, with lambda = 1
 NMI : 97.364566906026, with lambda = 1
##################################################################################################
##################################################################################################
 k = 10 : alpha,beta = (100000.0, 1000) : k_knn = 5
 ACC : 98.12206572769952, with lambda = 1
 NMI : 97.364566906026, with lambda = 1
##################################################################################################
##################################################################################################
 k = 10 : alpha,beta = (1000000.0, 10) : k_knn = 5
 ACC : 98.12206572769952, with lambda = 1
 NMI : 97.364566906026, with lambda = 1
##################################################################################################
##################################################################################################
 k = 10 : alpha,beta = (1000000.0, 100) : k_knn = 5
 ACC : 98.12206572769952, with lambda = 1
 NMI : 97.364566906026, with lambda = 1
##################################################################################################
##################################################################################################
 k = 10 : alpha,beta = (1000000.0, 1000) : k_knn = 5
 ACC : 98.12206572769952, with lambda = 1
 NMI : 97.364566906026, with lambda = 1
##################################################################################################
The results of running the Kmeans method 20 times and the average of 20 runs
##################################################################################################
 k1 = 10 : alpha, beta = (1000.0, 10) : k_knn = 5
 ACC : 98.12206572769952, with lambda = 1
 NMI : 97.36456690602598, with lambda = 1
##################################################################################################
##################################################################################################
 k1 = 10 : alpha, beta = (1000.0, 100) : k_knn = 5
 ACC : 84.5564615764764, with lambda = 1
 NMI : 92.08206844976604, with lambda = 1
##################################################################################################
##################################################################################################
 k1 = 10 : alpha, beta = (1000.0, 1000) : k_knn = 5
 ACC : 88.26291079812206, with lambda = 10
 NMI : 92.96155891677792, with lambda = 100
##################################################################################################
##################################################################################################
 k1 = 10 : alpha, beta = (10000.0, 10) : k_knn = 5
 ACC : 98.12206572769952, with lambda = 1
 NMI : 97.36456690602598, with lambda = 10
##################################################################################################
##################################################################################################
 k1 = 10 : alpha, beta = (10000.0, 100) : k_knn = 5
 ACC : 98.12206572769952, with lambda = 1
 NMI : 97.36456690602598, with lambda = 1
##################################################################################################
##################################################################################################
 k1 = 10 : alpha, beta = (10000.0, 1000) : k_knn = 5
 ACC : 98.12206572769952, with lambda = 1
 NMI : 97.36456690602598, with lambda = 1
##################################################################################################
##################################################################################################
 k1 = 10 : alpha, beta = (100000.0, 10) : k_knn = 5
 ACC : 98.12206572769952, with lambda = 1
 NMI : 97.36456690602598, with lambda = 1
##################################################################################################
##################################################################################################
 k1 = 10 : alpha, beta = (100000.0, 100) : k_knn = 5
 ACC : 98.12206572769952, with lambda = 1
 NMI : 97.36456690602598, with lambda = 1
##################################################################################################
##################################################################################################
 k1 = 10 : alpha, beta = (100000.0, 1000) : k_knn = 5
 ACC : 98.12206572769952, with lambda = 1
 NMI : 97.36456690602598, with lambda = 1
##################################################################################################
##################################################################################################
 k1 = 10 : alpha, beta = (1000000.0, 10) : k_knn = 5
 ACC : 98.12206572769952, with lambda = 1
 NMI : 97.36456690602598, with lambda = 1
##################################################################################################
##################################################################################################
 k1 = 10 : alpha, beta = (1000000.0, 100) : k_knn = 5
 ACC : 98.12206572769952, with lambda = 1
 NMI : 97.36456690602598, with lambda = 100
##################################################################################################
##################################################################################################
 k1 = 10 : alpha, beta = (1000000.0, 1000) : k_knn = 5
 ACC : 98.12206572769952, with lambda = 1
 NMI : 97.36456690602598, with lambda = 10
##################################################################################################
Done
