Model : DGONMF
Dataset : jaffe.mat
max iterations : 100
myeps_1 : 1e-12
myeps_2 : 1e-10
The results of running the Kmeans method 20 times and the report of maximum of 20 runs
##################################################################################################
 k1 = 80 : k2 = 10 
 Max ACC : 100.0, with (alpha, beta) = (10.0, 0.1)
 Max NMI : 99.99999999999997, with (alpha, beta) = (10.0, 0.1)
 Reconstruction Error : 3.5839173448972623
##################################################################################################
##################################################################################################
 k1 = 80 : k2 = 20 
 Max ACC : 98.12206572769952, with (alpha, beta) = (0.01, 0.01)
 Max NMI : 97.29650564404105, with (alpha, beta) = (0.01, 0.01)
 Reconstruction Error : 3.811494128568188
##################################################################################################
##################################################################################################
 k1 = 80 : k2 = 30 
 Max ACC : 90.61032863849765, with (alpha, beta) = (10.0, 0.01)
 Max NMI : 88.87762861965322, with (alpha, beta) = (10.0, 0.01)
 Reconstruction Error : 5.157168915756807
##################################################################################################
##################################################################################################
 k1 = 80 : k2 = 40 
 Max ACC : 77.93427230046949, with (alpha, beta) = (10.0, 0.01)
 Max NMI : 75.6175749296778, with (alpha, beta) = (10.0, 0.01)
 Reconstruction Error : 7.30545101870352
##################################################################################################
##################################################################################################
 k1 = 80 : k2 = 50 
 Max ACC : 74.64788732394366, with (alpha, beta) = (0.1, 0.01)
 Max NMI : 75.68208464358533, with (alpha, beta) = (0.1, 0.01)
 Reconstruction Error : 9.039834184429768
##################################################################################################
##################################################################################################
 k1 = 80 : k2 = 60 
 Max ACC : 72.30046948356808, with (alpha, beta) = (0.1, 0.01)
 Max NMI : 79.48621205844708, with (alpha, beta) = (0.1, 0.01)
 Reconstruction Error : 8.939503241994073
##################################################################################################
##################################################################################################
 k1 = 80 : k2 = 70 
 Max ACC : 84.50704225352112, with (alpha, beta) = (10.0, 0.1)
 Max NMI : 82.51359132039707, with (alpha, beta) = (10.0, 0.1)
 Reconstruction Error : 10.219864258260658
##################################################################################################
The results of running the Kmeans method 20 times and the average of 20 runs
##################################################################################################
 k1 = 80 : k2 = 10
 Avg ACC : 99.53051643192488, with (alpha, beta) = (0.1, 0.01)
 Avg NMI : 99.17506355312467, with (alpha, beta) = (0.1, 0.01)
 Reconstruction Error : 3.5839173448972623
##################################################################################################
##################################################################################################
 k1 = 80 : k2 = 20
 Avg ACC : 97.1830985915493, with (alpha, beta) = (10.0, 0.1)
 Avg NMI : 95.92401873713976, with (alpha, beta) = (10.0, 0.1)
 Reconstruction Error : 3.811494128568188
##################################################################################################
##################################################################################################
 k1 = 80 : k2 = 30
 Avg ACC : 77.71188534717075, with (alpha, beta) = (10.0, 0.01)
 Avg NMI : 82.25183433686153, with (alpha, beta) = (10.0, 0.01)
 Reconstruction Error : 5.157168915756807
##################################################################################################
##################################################################################################
 k1 = 80 : k2 = 40
 Avg ACC : 71.21324437855202, with (alpha, beta) = (10.0, 0.01)
 Avg NMI : 69.52826766040455, with (alpha, beta) = (10.0, 0.01)
 Reconstruction Error : 7.30545101870352
##################################################################################################
##################################################################################################
 k1 = 80 : k2 = 50
 Avg ACC : 70.12601927353595, with (alpha, beta) = (0.1, 0.01)
 Avg NMI : 71.51027706527482, with (alpha, beta) = (0.1, 0.01)
 Reconstruction Error : 9.039834184429768
##################################################################################################
##################################################################################################
 k1 = 80 : k2 = 60
 Avg ACC : 66.32073140597974, with (alpha, beta) = (0.1, 0.01)
 Avg NMI : 75.4059777504344, with (alpha, beta) = (0.1, 0.01)
 Reconstruction Error : 8.939503241994073
##################################################################################################
##################################################################################################
 k1 = 80 : k2 = 70
 Avg ACC : 79.36743266617248, with (alpha, beta) = (10.0, 0.1)
 Avg NMI : 78.21946655374558, with (alpha, beta) = (10.0, 0.1)
 Reconstruction Error : 10.219864258260658
##################################################################################################
The results of running the Kmeans method 20 times and the report of maximum of 20 runs
##################################################################################################
 k1 = 100 : k2 = 10 
 Max ACC : 97.65258215962442, with (alpha, beta) = (10.0, 0.1)
 Max NMI : 96.8911780787519, with (alpha, beta) = (10.0, 0.1)
 Reconstruction Error : 3.725806049036855
##################################################################################################
##################################################################################################
 k1 = 100 : k2 = 20 
 Max ACC : 97.1830985915493, with (alpha, beta) = (0.01, 0.01)
 Max NMI : 95.9094929382237, with (alpha, beta) = (0.01, 0.01)
 Reconstruction Error : 4.343558893910168
##################################################################################################
##################################################################################################
 k1 = 100 : k2 = 30 
 Max ACC : 90.61032863849765, with (alpha, beta) = (0.01, 0.01)
 Max NMI : 87.29850832674688, with (alpha, beta) = (0.01, 0.01)
 Reconstruction Error : 5.159481626976075
##################################################################################################
##################################################################################################
 k1 = 100 : k2 = 40 
 Max ACC : 82.62910798122066, with (alpha, beta) = (10.0, 0.1)
 Max NMI : 90.32706543033474, with (alpha, beta) = (10.0, 0.1)
 Reconstruction Error : 6.0776876649429905
##################################################################################################
##################################################################################################
 k1 = 100 : k2 = 50 
 Max ACC : 66.19718309859155, with (alpha, beta) = (10.0, 0.1)
 Max NMI : 68.58221764475313, with (alpha, beta) = (0.01, 0.01)
 Reconstruction Error : 7.722446229613149
##################################################################################################
##################################################################################################
 k1 = 100 : k2 = 60 
 Max ACC : 69.48356807511738, with (alpha, beta) = (10.0, 0.1)
 Max NMI : 73.6103405702062, with (alpha, beta) = (10.0, 0.01)
 Reconstruction Error : 10.340671516513895
##################################################################################################
##################################################################################################
 k1 = 100 : k2 = 70 
 Max ACC : 82.15962441314554, with (alpha, beta) = (10.0, 0.1)
 Max NMI : 78.04453100245176, with (alpha, beta) = (10.0, 0.1)
 Reconstruction Error : 11.340771454279722
##################################################################################################
The results of running the Kmeans method 20 times and the average of 20 runs
##################################################################################################
 k1 = 100 : k2 = 10
 Avg ACC : 97.65258215962442, with (alpha, beta) = (10.0, 0.1)
 Avg NMI : 96.89117807875189, with (alpha, beta) = (10.0, 0.1)
 Reconstruction Error : 3.725806049036855
##################################################################################################
##################################################################################################
 k1 = 100 : k2 = 20
 Avg ACC : 92.19174697306647, with (alpha, beta) = (0.01, 0.1)
 Avg NMI : 92.81369703399933, with (alpha, beta) = (0.01, 0.1)
 Reconstruction Error : 4.343558893910168
##################################################################################################
##################################################################################################
 k1 = 100 : k2 = 30
 Avg ACC : 76.97059550284162, with (alpha, beta) = (0.01, 0.01)
 Avg NMI : 82.03767135593634, with (alpha, beta) = (0.01, 0.01)
 Reconstruction Error : 5.159481626976075
##################################################################################################
##################################################################################################
 k1 = 100 : k2 = 40
 Avg ACC : 68.7175685693106, with (alpha, beta) = (10.0, 0.1)
 Avg NMI : 81.06241245862644, with (alpha, beta) = (10.0, 0.1)
 Reconstruction Error : 6.0776876649429905
##################################################################################################
##################################################################################################
 k1 = 100 : k2 = 50
 Avg ACC : 61.428218433407466, with (alpha, beta) = (10.0, 0.1)
 Avg NMI : 62.600153512672115, with (alpha, beta) = (10.0, 0.1)
 Reconstruction Error : 7.722446229613149
##################################################################################################
##################################################################################################
 k1 = 100 : k2 = 60
 Avg ACC : 65.85124783790462, with (alpha, beta) = (10.0, 0.01)
 Avg NMI : 72.11721255155317, with (alpha, beta) = (10.0, 0.01)
 Reconstruction Error : 10.340671516513895
##################################################################################################
##################################################################################################
 k1 = 100 : k2 = 70
 Avg ACC : 75.73511242895972, with (alpha, beta) = (10.0, 0.1)
 Avg NMI : 74.10137176413213, with (alpha, beta) = (10.0, 0.1)
 Reconstruction Error : 11.340771454279722
##################################################################################################
The results of running the Kmeans method 20 times and the report of maximum of 20 runs
##################################################################################################
 k1 = 120 : k2 = 10 
 Max ACC : 99.06103286384976, with (alpha, beta) = (10.0, 0.01)
 Max NMI : 98.37012684371751, with (alpha, beta) = (10.0, 0.01)
 Reconstruction Error : 4.798899461313888
##################################################################################################
##################################################################################################
 k1 = 120 : k2 = 20 
 Max ACC : 99.06103286384976, with (alpha, beta) = (0.1, 0.1)
 Max NMI : 98.61516346384902, with (alpha, beta) = (0.1, 0.1)
 Reconstruction Error : 4.8700928898296185
##################################################################################################
##################################################################################################
 k1 = 120 : k2 = 30 
 Max ACC : 94.83568075117371, with (alpha, beta) = (0.01, 0.01)
 Max NMI : 94.21062356126488, with (alpha, beta) = (0.01, 0.01)
 Reconstruction Error : 5.9791781780020745
##################################################################################################
##################################################################################################
 k1 = 120 : k2 = 40 
 Max ACC : 75.5868544600939, with (alpha, beta) = (10.0, 1)
 Max NMI : 79.6884398908334, with (alpha, beta) = (10.0, 1)
 Reconstruction Error : 7.026626152759457
##################################################################################################
##################################################################################################
 k1 = 120 : k2 = 50 
 Max ACC : 72.30046948356808, with (alpha, beta) = (10.0, 0.01)
 Max NMI : 72.18968819064767, with (alpha, beta) = (10.0, 0.01)
 Reconstruction Error : 8.989465845781544
##################################################################################################
##################################################################################################
 k1 = 120 : k2 = 60 
 Max ACC : 76.52582159624414, with (alpha, beta) = (0.1, 0.1)
 Max NMI : 74.84454116687904, with (alpha, beta) = (0.1, 0.1)
 Reconstruction Error : 9.017162476375258
##################################################################################################
##################################################################################################
 k1 = 120 : k2 = 70 
 Max ACC : 60.56338028169014, with (alpha, beta) = (0.01, 0.01)
 Max NMI : 66.91397127046507, with (alpha, beta) = (0.01, 0.01)
 Reconstruction Error : 10.833939333032959
##################################################################################################
The results of running the Kmeans method 20 times and the average of 20 runs
##################################################################################################
 k1 = 120 : k2 = 10
 Avg ACC : 99.06103286384976, with (alpha, beta) = (10.0, 0.01)
 Avg NMI : 98.3701268437175, with (alpha, beta) = (10.0, 0.01)
 Reconstruction Error : 4.798899461313888
##################################################################################################
##################################################################################################
 k1 = 120 : k2 = 20
 Avg ACC : 99.06103286384976, with (alpha, beta) = (0.1, 0.1)
 Avg NMI : 98.61516346384902, with (alpha, beta) = (0.1, 0.1)
 Reconstruction Error : 4.8700928898296185
##################################################################################################
##################################################################################################
 k1 = 120 : k2 = 30
 Avg ACC : 93.89671361502347, with (alpha, beta) = (0.01, 0.01)
 Avg NMI : 92.60974755392637, with (alpha, beta) = (0.01, 0.01)
 Reconstruction Error : 5.9791781780020745
##################################################################################################
##################################################################################################
 k1 = 120 : k2 = 40
 Avg ACC : 74.4749196936002, with (alpha, beta) = (10.0, 1)
 Avg NMI : 77.53583598935896, with (alpha, beta) = (10.0, 1)
 Reconstruction Error : 7.026626152759457
##################################################################################################
##################################################################################################
 k1 = 120 : k2 = 50
 Avg ACC : 68.5198912774895, with (alpha, beta) = (10.0, 0.01)
 Avg NMI : 69.10432849196411, with (alpha, beta) = (10.0, 0.01)
 Reconstruction Error : 8.989465845781544
##################################################################################################
##################################################################################################
 k1 = 120 : k2 = 60
 Avg ACC : 68.47047195453422, with (alpha, beta) = (0.1, 0.1)
 Avg NMI : 70.42669091061596, with (alpha, beta) = (0.1, 0.1)
 Reconstruction Error : 9.017162476375258
##################################################################################################
##################################################################################################
 k1 = 120 : k2 = 70
 Avg ACC : 55.44848035581912, with (alpha, beta) = (0.01, 0.01)
 Avg NMI : 62.190424831700234, with (alpha, beta) = (0.01, 0.01)
 Reconstruction Error : 10.833939333032959
##################################################################################################
The results of running the Kmeans method 20 times and the report of maximum of 20 runs
##################################################################################################
 k1 = 200 : k2 = 10 
 Max ACC : 92.48826291079813, with (alpha, beta) = (10.0, 0.1)
 Max NMI : 90.05981541784604, with (alpha, beta) = (10.0, 0.1)
 Reconstruction Error : 8.205724570060768
##################################################################################################
##################################################################################################
 k1 = 200 : k2 = 20 
 Max ACC : 93.42723004694837, with (alpha, beta) = (0.01, 0.01)
 Max NMI : 89.28968993589616, with (alpha, beta) = (0.01, 0.01)
 Reconstruction Error : 9.111343687265322
##################################################################################################
##################################################################################################
 k1 = 200 : k2 = 30 
 Max ACC : 56.33802816901409, with (alpha, beta) = (0.1, 0.01)
 Max NMI : 57.782779357657134, with (alpha, beta) = (0.1, 0.01)
 Reconstruction Error : 10.067170843039506
##################################################################################################
##################################################################################################
 k1 = 200 : k2 = 40 
 Max ACC : 49.76525821596244, with (alpha, beta) = (0.1, 0.1)
 Max NMI : 52.03425077429261, with (alpha, beta) = (10.0, 0.01)
 Reconstruction Error : 10.359114171821883
##################################################################################################
##################################################################################################
 k1 = 200 : k2 = 50 
 Max ACC : 53.051643192488264, with (alpha, beta) = (0.1, 0.1)
 Max NMI : 52.14175678518858, with (alpha, beta) = (0.1, 0.1)
 Reconstruction Error : 11.223582890763932
##################################################################################################
##################################################################################################
 k1 = 200 : k2 = 60 
 Max ACC : 60.56338028169014, with (alpha, beta) = (10.0, 1)
 Max NMI : 59.738129871753465, with (alpha, beta) = (10.0, 0.1)
 Reconstruction Error : 10.900434651969412
##################################################################################################
##################################################################################################
 k1 = 200 : k2 = 70 
 Max ACC : 48.82629107981221, with (alpha, beta) = (10.0, 1)
 Max NMI : 43.712816492818895, with (alpha, beta) = (0.01, 0.01)
 Reconstruction Error : 11.470506439404012
##################################################################################################
The results of running the Kmeans method 20 times and the average of 20 runs
##################################################################################################
 k1 = 200 : k2 = 10
 Avg ACC : 91.37632814430442, with (alpha, beta) = (10.0, 0.1)
 Avg NMI : 88.86864370570113, with (alpha, beta) = (10.0, 0.1)
 Reconstruction Error : 8.205724570060768
##################################################################################################
##################################################################################################
 k1 = 200 : k2 = 20
 Avg ACC : 83.34568816407216, with (alpha, beta) = (0.01, 0.01)
 Avg NMI : 86.67597523970664, with (alpha, beta) = (0.01, 0.01)
 Reconstruction Error : 9.111343687265322
##################################################################################################
##################################################################################################
 k1 = 200 : k2 = 30
 Avg ACC : 50.531257721769215, with (alpha, beta) = (0.1, 0.01)
 Avg NMI : 51.11006721785831, with (alpha, beta) = (0.1, 0.01)
 Reconstruction Error : 10.067170843039506
##################################################################################################
##################################################################################################
 k1 = 200 : k2 = 40
 Avg ACC : 46.10822831727205, with (alpha, beta) = (0.1, 0.1)
 Avg NMI : 47.63879379397038, with (alpha, beta) = (0.1, 0.1)
 Reconstruction Error : 10.359114171821883
##################################################################################################
##################################################################################################
 k1 = 200 : k2 = 50
 Avg ACC : 48.35680751173709, with (alpha, beta) = (0.1, 0.1)
 Avg NMI : 48.09354059672536, with (alpha, beta) = (0.1, 0.1)
 Reconstruction Error : 11.223582890763932
##################################################################################################
##################################################################################################
 k1 = 200 : k2 = 60
 Avg ACC : 56.73338275265629, with (alpha, beta) = (10.0, 1)
 Avg NMI : 54.88542885039166, with (alpha, beta) = (10.0, 0.1)
 Reconstruction Error : 10.900434651969412
##################################################################################################
##################################################################################################
 k1 = 200 : k2 = 70
 Avg ACC : 44.3044230294045, with (alpha, beta) = (10.0, 1)
 Avg NMI : 40.49676094749178, with (alpha, beta) = (0.01, 0.01)
 Reconstruction Error : 11.470506439404012
##################################################################################################
#Done!
