Model : GNMF
Dataset : umist
max iterations : 100
myeps_1 : 1e-12
myeps_2 : 1e-10
The results of running the Kmeans method 20 times and the report of maximum of 20 runs
##################################################################################################
 k_knn = 3  
 k = 10 :  Max ACC : 51.65217391304348, with theta = 10.0
 k = 10 :  Max NMI : 68.93655733957819, with theta = 10.0
 k = 10 :  Reconstruction Error : 8.35628368956061
 k = 10 :  Max Silhoutter score : 0.4042736667135261, with theta = 10.0
 k = 10 :  Max Dunn's Index score : 0.09202596469685606, with theta = 0.001
 k = 10 :  Min David Bouldin score : 1.2029219718424284, with theta = 10.0
##################################################################################################
##################################################################################################
 k_knn = 3  
 k = 20 :  Max ACC : 57.391304347826086, with theta = 10.0
 k = 20 :  Max NMI : 71.63798610711905, with theta = 10.0
 k = 20 :  Reconstruction Error : 8.518143551943554
 k = 20 :  Max Silhoutter score : 0.3963808980173811, with theta = 10.0
 k = 20 :  Max Dunn's Index score : 0.16974474686074875, with theta = 0.001
 k = 20 :  Min David Bouldin score : 1.3057126605550302, with theta = 10.0
##################################################################################################
##################################################################################################
 k_knn = 3  
 k = 30 :  Max ACC : 58.26086956521739, with theta = 10.0
 k = 30 :  Max NMI : 71.1236734485544, with theta = 10.0
 k = 30 :  Reconstruction Error : 8.514764031333984
 k = 30 :  Max Silhoutter score : 0.3988097132348994, with theta = 10.0
 k = 30 :  Max Dunn's Index score : 0.17887092210228558, with theta = 0.001
 k = 30 :  Min David Bouldin score : 1.4034441122354573, with theta = 10.0
##################################################################################################
##################################################################################################
 k_knn = 3  
 k = 40 :  Max ACC : 56.52173913043478, with theta = 10.0
 k = 40 :  Max NMI : 72.4702901975514, with theta = 10.0
 k = 40 :  Reconstruction Error : 8.605975943551735
 k = 40 :  Max Silhoutter score : 0.37552576433062856, with theta = 10.0
 k = 40 :  Max Dunn's Index score : 0.16838997694469934, with theta = 0.001
 k = 40 :  Min David Bouldin score : 1.4635584508398058, with theta = 10.0
##################################################################################################
##################################################################################################
 k_knn = 3  
 k = 50 :  Max ACC : 61.91304347826087, with theta = 10.0
 k = 50 :  Max NMI : 72.76337051795355, with theta = 0.1
 k = 50 :  Reconstruction Error : 8.55649223702499
 k = 50 :  Max Silhoutter score : 0.3785994306782923, with theta = 10.0
 k = 50 :  Max Dunn's Index score : 0.16723235703488995, with theta = 0.001
 k = 50 :  Min David Bouldin score : 1.5310803723800723, with theta = 0.1
##################################################################################################
##################################################################################################
 k_knn = 3  
 k = 60 :  Max ACC : 58.95652173913043, with theta = 10.0
 k = 60 :  Max NMI : 72.39316366376326, with theta = 10.0
 k = 60 :  Reconstruction Error : 8.532047613195667
 k = 60 :  Max Silhoutter score : 0.3831587629127078, with theta = 10.0
 k = 60 :  Max Dunn's Index score : 0.161743540082476, with theta = 0.001
 k = 60 :  Min David Bouldin score : 1.524342526645181, with theta = 10.0
##################################################################################################
##################################################################################################
 k_knn = 3  
 k = 70 :  Max ACC : 63.47826086956522, with theta = 10.0
 k = 70 :  Max NMI : 75.27961362296027, with theta = 10.0
 k = 70 :  Reconstruction Error : 8.531314688334707
 k = 70 :  Max Silhoutter score : 0.3821361043320215, with theta = 10.0
 k = 70 :  Max Dunn's Index score : 0.1402910278406798, with theta = 0.001
 k = 70 :  Min David Bouldin score : 1.5570917756343623, with theta = 0.1
##################################################################################################
The results of running the Kmeans method 20 times and the average of 20 runs
##################################################################################################
 k_knn = 3 
 k = 10 :  Avg ACC : 46.983981693363845, with theta = 10.0
 k = 10 :  Avg NMI : 66.74876919350835, with theta = 10.0
 k = 10 :  Reconstruction Error : 8.35628368956061
 k = 10 :  Avg Silhoutte score : 0.38360907154607915, with theta = 10.0
 k = 10 :  Avg Dunn's Index score : 0.09202596469685606, with theta = 0.001
 k = 10 :  Avg David Bouldin score : 1.2519262653796388, with theta = 10.0
##################################################################################################
##################################################################################################
 k_knn = 3 
 k = 20 :  Avg ACC : 52.53089244851259, with theta = 10.0
 k = 20 :  Avg NMI : 69.76066813202296, with theta = 10.0
 k = 20 :  Reconstruction Error : 8.518143551943554
 k = 20 :  Avg Silhoutte score : 0.37202949505323524, with theta = 10.0
 k = 20 :  Avg Dunn's Index score : 0.16974474686074875, with theta = 0.001
 k = 20 :  Avg David Bouldin score : 1.3666098175818897, with theta = 10.0
##################################################################################################
##################################################################################################
 k_knn = 3 
 k = 30 :  Avg ACC : 53.098398169336384, with theta = 10.0
 k = 30 :  Avg NMI : 69.5037021736762, with theta = 10.0
 k = 30 :  Reconstruction Error : 8.514764031333984
 k = 30 :  Avg Silhoutte score : 0.3818601259583105, with theta = 10.0
 k = 30 :  Avg Dunn's Index score : 0.17887092210228558, with theta = 0.001
 k = 30 :  Avg David Bouldin score : 1.4424101551299964, with theta = 10.0
##################################################################################################
##################################################################################################
 k_knn = 3 
 k = 40 :  Avg ACC : 51.16704805491991, with theta = 10.0
 k = 40 :  Avg NMI : 69.59411333661666, with theta = 0.1
 k = 40 :  Reconstruction Error : 8.605975943551735
 k = 40 :  Avg Silhoutte score : 0.3551812709788017, with theta = 10.0
 k = 40 :  Avg Dunn's Index score : 0.16838997694469934, with theta = 0.001
 k = 40 :  Avg David Bouldin score : 1.4997725871944962, with theta = 10.0
##################################################################################################
##################################################################################################
 k_knn = 3 
 k = 50 :  Avg ACC : 54.672768878718536, with theta = 10.0
 k = 50 :  Avg NMI : 69.90222414948238, with theta = 10.0
 k = 50 :  Reconstruction Error : 8.55649223702499
 k = 50 :  Avg Silhoutte score : 0.3539317885942448, with theta = 10.0
 k = 50 :  Avg Dunn's Index score : 0.16723235703488995, with theta = 0.001
 k = 50 :  Avg David Bouldin score : 1.5708998150168665, with theta = 0.1
##################################################################################################
##################################################################################################
 k_knn = 3 
 k = 60 :  Avg ACC : 53.73913043478261, with theta = 10.0
 k = 60 :  Avg NMI : 69.71285208231566, with theta = 10.0
 k = 60 :  Reconstruction Error : 8.532047613195667
 k = 60 :  Avg Silhoutte score : 0.35611223136872816, with theta = 10.0
 k = 60 :  Avg Dunn's Index score : 0.161743540082476, with theta = 0.001
 k = 60 :  Avg David Bouldin score : 1.5831255627419687, with theta = 0.1
##################################################################################################
##################################################################################################
 k_knn = 3 
 k = 70 :  Avg ACC : 54.828375286041194, with theta = 10.0
 k = 70 :  Avg NMI : 71.29920919856386, with theta = 10.0
 k = 70 :  Reconstruction Error : 8.531314688334707
 k = 70 :  Avg Silhoutte score : 0.3642335232462183, with theta = 10.0
 k = 70 :  Avg Dunn's Index score : 0.1402910278406798, with theta = 0.001
 k = 70 :  Avg David Bouldin score : 1.6000796032333864, with theta = 0.1
##################################################################################################
The results of running the Kmeans method 20 times and the report of maximum of 20 runs
##################################################################################################
 k_knn = 5  
 k = 10 :  Max ACC : 52.8695652173913, with theta = 10.0
 k = 10 :  Max NMI : 74.87015766654054, with theta = 10.0
 k = 10 :  Reconstruction Error : 8.686024811800833
 k = 10 :  Max Silhoutter score : 0.5600137738503036, with theta = 10.0
 k = 10 :  Max Dunn's Index score : 0.10819774577576205, with theta = 0.001
 k = 10 :  Min David Bouldin score : 1.1764745258506355, with theta = 10.0
##################################################################################################
##################################################################################################
 k_knn = 5  
 k = 20 :  Max ACC : 57.391304347826086, with theta = 10.0
 k = 20 :  Max NMI : 81.58110332674671, with theta = 10.0
 k = 20 :  Reconstruction Error : 8.6634288406183
 k = 20 :  Max Silhoutter score : 0.5731893363966589, with theta = 10.0
 k = 20 :  Max Dunn's Index score : 0.12352933462089066, with theta = 0.001
 k = 20 :  Min David Bouldin score : 1.2948722775859458, with theta = 10.0
##################################################################################################
##################################################################################################
 k_knn = 5  
 k = 30 :  Max ACC : 59.82608695652174, with theta = 10.0
 k = 30 :  Max NMI : 81.0804746251423, with theta = 10.0
 k = 30 :  Reconstruction Error : 8.714778942229243
 k = 30 :  Max Silhoutter score : 0.5659599246612148, with theta = 10.0
 k = 30 :  Max Dunn's Index score : 0.1431856562465415, with theta = 0.001
 k = 30 :  Min David Bouldin score : 1.3354094785226458, with theta = 10.0
##################################################################################################
##################################################################################################
 k_knn = 5  
 k = 40 :  Max ACC : 55.826086956521735, with theta = 10.0
 k = 40 :  Max NMI : 79.28408779122333, with theta = 10.0
 k = 40 :  Reconstruction Error : 8.723328837593092
 k = 40 :  Max Silhoutter score : 0.5440508059853101, with theta = 10.0
 k = 40 :  Max Dunn's Index score : 0.15690583150608894, with theta = 0.001
 k = 40 :  Min David Bouldin score : 1.3857211090178954, with theta = 10.0
##################################################################################################
##################################################################################################
 k_knn = 5  
 k = 50 :  Max ACC : 57.7391304347826, with theta = 10.0
 k = 50 :  Max NMI : 79.34717551399555, with theta = 10.0
 k = 50 :  Reconstruction Error : 8.749554818908296
 k = 50 :  Max Silhoutter score : 0.5541773104343178, with theta = 10.0
 k = 50 :  Max Dunn's Index score : 0.1364837172629968, with theta = 0.001
 k = 50 :  Min David Bouldin score : 1.3404882680255201, with theta = 10.0
##################################################################################################
##################################################################################################
 k_knn = 5  
 k = 60 :  Max ACC : 58.608695652173914, with theta = 10.0
 k = 60 :  Max NMI : 79.98335562072418, with theta = 10.0
 k = 60 :  Reconstruction Error : 8.751707855786007
 k = 60 :  Max Silhoutter score : 0.5765956290262404, with theta = 10.0
 k = 60 :  Max Dunn's Index score : 0.14753608217895012, with theta = 0.001
 k = 60 :  Min David Bouldin score : 1.4108235338657784, with theta = 10.0
##################################################################################################
##################################################################################################
 k_knn = 5  
 k = 70 :  Max ACC : 55.47826086956522, with theta = 10.0
 k = 70 :  Max NMI : 77.69595126754531, with theta = 10.0
 k = 70 :  Reconstruction Error : 8.7243191118283
 k = 70 :  Max Silhoutter score : 0.5519145933040112, with theta = 10.0
 k = 70 :  Max Dunn's Index score : 0.14962332929072483, with theta = 0.001
 k = 70 :  Min David Bouldin score : 1.4024606996843008, with theta = 10.0
##################################################################################################
The results of running the Kmeans method 20 times and the average of 20 runs
##################################################################################################
 k_knn = 5 
 k = 10 :  Avg ACC : 51.496567505720826, with theta = 10.0
 k = 10 :  Avg NMI : 74.25510661043714, with theta = 10.0
 k = 10 :  Reconstruction Error : 8.686024811800833
 k = 10 :  Avg Silhoutte score : 0.5550490373506438, with theta = 10.0
 k = 10 :  Avg Dunn's Index score : 0.10819774577576205, with theta = 0.001
 k = 10 :  Avg David Bouldin score : 1.2057208267090183, with theta = 10.0
##################################################################################################
##################################################################################################
 k_knn = 5 
 k = 20 :  Avg ACC : 56.036613272311214, with theta = 10.0
 k = 20 :  Avg NMI : 80.7816562131265, with theta = 10.0
 k = 20 :  Reconstruction Error : 8.6634288406183
 k = 20 :  Avg Silhoutte score : 0.5666793843604695, with theta = 10.0
 k = 20 :  Avg Dunn's Index score : 0.12352933462089066, with theta = 0.001
 k = 20 :  Avg David Bouldin score : 1.3470692783014175, with theta = 10.0
##################################################################################################
##################################################################################################
 k_knn = 5 
 k = 30 :  Avg ACC : 52.88787185354691, with theta = 10.0
 k = 30 :  Avg NMI : 78.43435727925949, with theta = 10.0
 k = 30 :  Reconstruction Error : 8.714778942229243
 k = 30 :  Avg Silhoutte score : 0.5372090513135462, with theta = 10.0
 k = 30 :  Avg Dunn's Index score : 0.1431856562465415, with theta = 0.001
 k = 30 :  Avg David Bouldin score : 1.3885568669070116, with theta = 10.0
##################################################################################################
##################################################################################################
 k_knn = 5 
 k = 40 :  Avg ACC : 52.12814645308924, with theta = 10.0
 k = 40 :  Avg NMI : 77.46778468714776, with theta = 10.0
 k = 40 :  Reconstruction Error : 8.723328837593092
 k = 40 :  Avg Silhoutte score : 0.5346531552945772, with theta = 10.0
 k = 40 :  Avg Dunn's Index score : 0.15690583150608894, with theta = 0.001
 k = 40 :  Avg David Bouldin score : 1.4294171555017203, with theta = 10.0
##################################################################################################
##################################################################################################
 k_knn = 5 
 k = 50 :  Avg ACC : 54.36155606407323, with theta = 10.0
 k = 50 :  Avg NMI : 77.83807463620195, with theta = 10.0
 k = 50 :  Reconstruction Error : 8.749554818908296
 k = 50 :  Avg Silhoutte score : 0.5415301696122786, with theta = 10.0
 k = 50 :  Avg Dunn's Index score : 0.1364837172629968, with theta = 0.001
 k = 50 :  Avg David Bouldin score : 1.3963949300457095, with theta = 10.0
##################################################################################################
##################################################################################################
 k_knn = 5 
 k = 60 :  Avg ACC : 53.006864988558355, with theta = 10.0
 k = 60 :  Avg NMI : 78.01442401847356, with theta = 10.0
 k = 60 :  Reconstruction Error : 8.751707855786007
 k = 60 :  Avg Silhoutte score : 0.5306495916255388, with theta = 10.0
 k = 60 :  Avg Dunn's Index score : 0.14753608217895012, with theta = 0.001
 k = 60 :  Avg David Bouldin score : 1.4602134641656188, with theta = 10.0
##################################################################################################
##################################################################################################
 k_knn = 5 
 k = 70 :  Avg ACC : 51.37757437070938, with theta = 0.1
 k = 70 :  Avg NMI : 75.59589880512767, with theta = 10.0
 k = 70 :  Reconstruction Error : 8.7243191118283
 k = 70 :  Avg Silhoutte score : 0.5422972077106246, with theta = 10.0
 k = 70 :  Avg Dunn's Index score : 0.14962332929072483, with theta = 0.001
 k = 70 :  Avg David Bouldin score : 1.4397734658899897, with theta = 10.0
##################################################################################################
The results of running the Kmeans method 20 times and the report of maximum of 20 runs
##################################################################################################
 k_knn = 6  
 k = 10 :  Max ACC : 57.913043478260875, with theta = 10.0
 k = 10 :  Max NMI : 76.80492206203459, with theta = 10.0
 k = 10 :  Reconstruction Error : 8.731182273980732
 k = 10 :  Max Silhoutter score : 0.5561966701967863, with theta = 10.0
 k = 10 :  Max Dunn's Index score : 0.09309718634298388, with theta = 0.001
 k = 10 :  Min David Bouldin score : 1.148172718299439, with theta = 10.0
##################################################################################################
##################################################################################################
 k_knn = 6  
 k = 20 :  Max ACC : 56.69565217391305, with theta = 10.0
 k = 20 :  Max NMI : 75.25921101299438, with theta = 10.0
 k = 20 :  Reconstruction Error : 8.786563117742682
 k = 20 :  Max Silhoutter score : 0.5562482548050298, with theta = 10.0
 k = 20 :  Max Dunn's Index score : 0.16481525962399252, with theta = 0.001
 k = 20 :  Min David Bouldin score : 1.2818464120531357, with theta = 10.0
##################################################################################################
##################################################################################################
 k_knn = 6  
 k = 30 :  Max ACC : 64.34782608695652, with theta = 10.0
 k = 30 :  Max NMI : 79.38896211465682, with theta = 10.0
 k = 30 :  Reconstruction Error : 8.747661312665386
 k = 30 :  Max Silhoutter score : 0.5838587758115686, with theta = 10.0
 k = 30 :  Max Dunn's Index score : 0.1496957325202793, with theta = 0.001
 k = 30 :  Min David Bouldin score : 1.289158748459755, with theta = 10.0
##################################################################################################
##################################################################################################
 k_knn = 6  
 k = 40 :  Max ACC : 64.17391304347827, with theta = 10.0
 k = 40 :  Max NMI : 79.74380740917628, with theta = 10.0
 k = 40 :  Reconstruction Error : 8.779854511407155
 k = 40 :  Max Silhoutter score : 0.5692818066961891, with theta = 10.0
 k = 40 :  Max Dunn's Index score : 0.1597515716421323, with theta = 0.001
 k = 40 :  Min David Bouldin score : 1.3446750362567714, with theta = 10.0
##################################################################################################
##################################################################################################
 k_knn = 6  
 k = 50 :  Max ACC : 58.95652173913043, with theta = 10.0
 k = 50 :  Max NMI : 78.18043996562093, with theta = 10.0
 k = 50 :  Reconstruction Error : 8.779964282365238
 k = 50 :  Max Silhoutter score : 0.5478828878939841, with theta = 10.0
 k = 50 :  Max Dunn's Index score : 0.15206299320164274, with theta = 0.001
 k = 50 :  Min David Bouldin score : 1.3581331348162093, with theta = 10.0
##################################################################################################
##################################################################################################
 k_knn = 6  
 k = 60 :  Max ACC : 64.52173913043478, with theta = 10.0
 k = 60 :  Max NMI : 81.24941046759334, with theta = 10.0
 k = 60 :  Reconstruction Error : 8.792651194845245
 k = 60 :  Max Silhoutter score : 0.5767001291966223, with theta = 10.0
 k = 60 :  Max Dunn's Index score : 0.156482303487202, with theta = 0.001
 k = 60 :  Min David Bouldin score : 1.343810918455279, with theta = 10.0
##################################################################################################
##################################################################################################
 k_knn = 6  
 k = 70 :  Max ACC : 64.34782608695652, with theta = 10.0
 k = 70 :  Max NMI : 80.44132725106763, with theta = 10.0
 k = 70 :  Reconstruction Error : 8.788924887079538
 k = 70 :  Max Silhoutter score : 0.5616327344353487, with theta = 10.0
 k = 70 :  Max Dunn's Index score : 0.15767946187027657, with theta = 0.001
 k = 70 :  Min David Bouldin score : 1.4042790807801748, with theta = 10.0
##################################################################################################
The results of running the Kmeans method 20 times and the average of 20 runs
##################################################################################################
 k_knn = 6 
 k = 10 :  Avg ACC : 54.92906178489702, with theta = 10.0
 k = 10 :  Avg NMI : 74.8370519072913, with theta = 10.0
 k = 10 :  Reconstruction Error : 8.731182273980732
 k = 10 :  Avg Silhoutte score : 0.5488420879651362, with theta = 10.0
 k = 10 :  Avg Dunn's Index score : 0.09309718634298388, with theta = 0.001
 k = 10 :  Avg David Bouldin score : 1.1958644401886835, with theta = 10.0
##################################################################################################
##################################################################################################
 k_knn = 6 
 k = 20 :  Avg ACC : 52.723112128146454, with theta = 10.0
 k = 20 :  Avg NMI : 73.64666638917525, with theta = 10.0
 k = 20 :  Reconstruction Error : 8.786563117742682
 k = 20 :  Avg Silhoutte score : 0.5451406454428986, with theta = 10.0
 k = 20 :  Avg Dunn's Index score : 0.16481525962399252, with theta = 0.001
 k = 20 :  Avg David Bouldin score : 1.3210324068214696, with theta = 10.0
##################################################################################################
##################################################################################################
 k_knn = 6 
 k = 30 :  Avg ACC : 58.72768878718536, with theta = 10.0
 k = 30 :  Avg NMI : 77.8423160080137, with theta = 10.0
 k = 30 :  Reconstruction Error : 8.747661312665386
 k = 30 :  Avg Silhoutte score : 0.5367139476870759, with theta = 10.0
 k = 30 :  Avg Dunn's Index score : 0.1496957325202793, with theta = 0.001
 k = 30 :  Avg David Bouldin score : 1.3574840600184133, with theta = 10.0
##################################################################################################
##################################################################################################
 k_knn = 6 
 k = 40 :  Avg ACC : 60.2929061784897, with theta = 10.0
 k = 40 :  Avg NMI : 78.43762913604571, with theta = 10.0
 k = 40 :  Reconstruction Error : 8.779854511407155
 k = 40 :  Avg Silhoutte score : 0.5415024441223394, with theta = 10.0
 k = 40 :  Avg Dunn's Index score : 0.1597515716421323, with theta = 0.001
 k = 40 :  Avg David Bouldin score : 1.3767870469221586, with theta = 10.0
##################################################################################################
##################################################################################################
 k_knn = 6 
 k = 50 :  Avg ACC : 54.8558352402746, with theta = 10.0
 k = 50 :  Avg NMI : 75.55979325571525, with theta = 10.0
 k = 50 :  Reconstruction Error : 8.779964282365238
 k = 50 :  Avg Silhoutte score : 0.5363284108226022, with theta = 10.0
 k = 50 :  Avg Dunn's Index score : 0.15206299320164274, with theta = 0.001
 k = 50 :  Avg David Bouldin score : 1.4031543880512938, with theta = 10.0
##################################################################################################
##################################################################################################
 k_knn = 6 
 k = 60 :  Avg ACC : 59.505720823798626, with theta = 10.0
 k = 60 :  Avg NMI : 78.42340015116274, with theta = 10.0
 k = 60 :  Reconstruction Error : 8.792651194845245
 k = 60 :  Avg Silhoutte score : 0.5428284203897019, with theta = 10.0
 k = 60 :  Avg Dunn's Index score : 0.156482303487202, with theta = 0.001
 k = 60 :  Avg David Bouldin score : 1.41313956948144, with theta = 10.0
##################################################################################################
##################################################################################################
 k_knn = 6 
 k = 70 :  Avg ACC : 58.169336384439355, with theta = 10.0
 k = 70 :  Avg NMI : 77.06226717379162, with theta = 10.0
 k = 70 :  Reconstruction Error : 8.788924887079538
 k = 70 :  Avg Silhoutte score : 0.5426864869849221, with theta = 10.0
 k = 70 :  Avg Dunn's Index score : 0.15767946187027657, with theta = 0.001
 k = 70 :  Avg David Bouldin score : 1.436323764792589, with theta = 10.0
##################################################################################################
The results of running the Kmeans method 20 times and the report of maximum of 20 runs
##################################################################################################
 k_knn = 11  
 k = 10 :  Max ACC : 43.130434782608695, with theta = 10.0
 k = 10 :  Max NMI : 62.55190066201214, with theta = 10.0
 k = 10 :  Reconstruction Error : 8.885245303903277
 k = 10 :  Max Silhoutter score : 0.5480373098348345, with theta = 10.0
 k = 10 :  Max Dunn's Index score : 0.07456119722947524, with theta = 0.001
 k = 10 :  Min David Bouldin score : 1.1385203595768536, with theta = 10.0
##################################################################################################
##################################################################################################
 k_knn = 11  
 k = 20 :  Max ACC : 47.47826086956522, with theta = 0.01
 k = 20 :  Max NMI : 65.17172299608643, with theta = 0.01
 k = 20 :  Reconstruction Error : 8.880635204266383
 k = 20 :  Max Silhoutter score : 0.539716937470242, with theta = 10.0
 k = 20 :  Max Dunn's Index score : 0.12128310160849895, with theta = 0.001
 k = 20 :  Min David Bouldin score : 1.1968037236854472, with theta = 10.0
##################################################################################################
##################################################################################################
 k_knn = 11  
 k = 30 :  Max ACC : 46.43478260869565, with theta = 0.01
 k = 30 :  Max NMI : 65.46622262998125, with theta = 0.01
 k = 30 :  Reconstruction Error : 8.879629503578109
 k = 30 :  Max Silhoutter score : 0.5507894297686465, with theta = 10.0
 k = 30 :  Max Dunn's Index score : 0.12669303068378235, with theta = 0.001
 k = 30 :  Min David Bouldin score : 1.180531743076516, with theta = 10.0
##################################################################################################
##################################################################################################
 k_knn = 11  
 k = 40 :  Max ACC : 46.43478260869565, with theta = 0.001
 k = 40 :  Max NMI : 64.83579375981986, with theta = 10.0
 k = 40 :  Reconstruction Error : 8.880548577468582
 k = 40 :  Max Silhoutter score : 0.5364338419108821, with theta = 10.0
 k = 40 :  Max Dunn's Index score : 0.12586227453513943, with theta = 0.001
 k = 40 :  Min David Bouldin score : 1.2647465747429767, with theta = 10.0
##################################################################################################
##################################################################################################
 k_knn = 11  
 k = 50 :  Max ACC : 48.69565217391305, with theta = 0.01
 k = 50 :  Max NMI : 66.3065392461888, with theta = 0.001
 k = 50 :  Reconstruction Error : 8.88054237201362
 k = 50 :  Max Silhoutter score : 0.5525741442094818, with theta = 10.0
 k = 50 :  Max Dunn's Index score : 0.1304438525971781, with theta = 0.001
 k = 50 :  Min David Bouldin score : 1.219771889043901, with theta = 10.0
##################################################################################################
##################################################################################################
 k_knn = 11  
 k = 60 :  Max ACC : 46.95652173913044, with theta = 0.01
 k = 60 :  Max NMI : 65.44883935108827, with theta = 0.01
 k = 60 :  Reconstruction Error : 8.87960685803283
 k = 60 :  Max Silhoutter score : 0.55017453114096, with theta = 10.0
 k = 60 :  Max Dunn's Index score : 0.12710165469944726, with theta = 0.001
 k = 60 :  Min David Bouldin score : 1.2226905804858723, with theta = 10.0
##################################################################################################
##################################################################################################
 k_knn = 11  
 k = 70 :  Max ACC : 46.78260869565217, with theta = 0.001
 k = 70 :  Max NMI : 65.76695779364664, with theta = 0.001
 k = 70 :  Reconstruction Error : 8.87796051104143
 k = 70 :  Max Silhoutter score : 0.54368594166782, with theta = 10.0
 k = 70 :  Max Dunn's Index score : 0.1303178721264418, with theta = 0.001
 k = 70 :  Min David Bouldin score : 1.2116785501631577, with theta = 10.0
##################################################################################################
The results of running the Kmeans method 20 times and the average of 20 runs
##################################################################################################
 k_knn = 11 
 k = 10 :  Avg ACC : 41.60183066361556, with theta = 10.0
 k = 10 :  Avg NMI : 61.26921676979444, with theta = 10.0
 k = 10 :  Reconstruction Error : 8.885245303903277
 k = 10 :  Avg Silhoutte score : 0.5272171007098597, with theta = 10.0
 k = 10 :  Avg Dunn's Index score : 0.07456119722947524, with theta = 0.001
 k = 10 :  Avg David Bouldin score : 1.1882363306124306, with theta = 10.0
##################################################################################################
##################################################################################################
 k_knn = 11 
 k = 20 :  Avg ACC : 44.183066361556065, with theta = 0.01
 k = 20 :  Avg NMI : 63.64810436507974, with theta = 0.01
 k = 20 :  Reconstruction Error : 8.880635204266383
 k = 20 :  Avg Silhoutte score : 0.5201756761117843, with theta = 10.0
 k = 20 :  Avg Dunn's Index score : 0.12128310160849895, with theta = 0.001
 k = 20 :  Avg David Bouldin score : 1.2266654744809498, with theta = 10.0
##################################################################################################
##################################################################################################
 k_knn = 11 
 k = 30 :  Avg ACC : 43.890160183066364, with theta = 0.01
 k = 30 :  Avg NMI : 63.32490527924928, with theta = 0.01
 k = 30 :  Reconstruction Error : 8.879629503578109
 k = 30 :  Avg Silhoutte score : 0.532550715251666, with theta = 10.0
 k = 30 :  Avg Dunn's Index score : 0.12669303068378235, with theta = 0.001
 k = 30 :  Avg David Bouldin score : 1.2269882025247119, with theta = 10.0
##################################################################################################
##################################################################################################
 k_knn = 11 
 k = 40 :  Avg ACC : 43.075514874141874, with theta = 10.0
 k = 40 :  Avg NMI : 63.447160718936935, with theta = 10.0
 k = 40 :  Reconstruction Error : 8.880548577468582
 k = 40 :  Avg Silhoutte score : 0.5238472765133274, with theta = 10.0
 k = 40 :  Avg Dunn's Index score : 0.12586227453513943, with theta = 0.001
 k = 40 :  Avg David Bouldin score : 1.296094654825022, with theta = 10.0
##################################################################################################
##################################################################################################
 k_knn = 11 
 k = 50 :  Avg ACC : 44.08237986270023, with theta = 0.01
 k = 50 :  Avg NMI : 63.27659889954987, with theta = 0.01
 k = 50 :  Reconstruction Error : 8.88054237201362
 k = 50 :  Avg Silhoutte score : 0.5409588619780785, with theta = 10.0
 k = 50 :  Avg Dunn's Index score : 0.1304438525971781, with theta = 0.001
 k = 50 :  Avg David Bouldin score : 1.2741613559678688, with theta = 10.0
##################################################################################################
##################################################################################################
 k_knn = 11 
 k = 60 :  Avg ACC : 44.5858123569794, with theta = 0.01
 k = 60 :  Avg NMI : 64.17756982774692, with theta = 0.01
 k = 60 :  Reconstruction Error : 8.87960685803283
 k = 60 :  Avg Silhoutte score : 0.5382581831674219, with theta = 10.0
 k = 60 :  Avg Dunn's Index score : 0.12710165469944726, with theta = 0.001
 k = 60 :  Avg David Bouldin score : 1.2779302377777517, with theta = 10.0
##################################################################################################
##################################################################################################
 k_knn = 11 
 k = 70 :  Avg ACC : 44.11899313501144, with theta = 0.001
 k = 70 :  Avg NMI : 63.65244939618014, with theta = 0.001
 k = 70 :  Reconstruction Error : 8.87796051104143
 k = 70 :  Avg Silhoutte score : 0.5297738140444559, with theta = 10.0
 k = 70 :  Avg Dunn's Index score : 0.1303178721264418, with theta = 0.001
 k = 70 :  Avg David Bouldin score : 1.2494916116288413, with theta = 10.0
##################################################################################################
The results of running the Kmeans method 20 times and the report of maximum of 20 runs
##################################################################################################
 k_knn = 21  
 k = 10 :  Max ACC : 38.78260869565218, with theta = 0.001
 k = 10 :  Max NMI : 59.24054903452247, with theta = 0.001
 k = 10 :  Reconstruction Error : 8.892869372421144
 k = 10 :  Max Silhoutter score : 0.4438381404310486, with theta = 10.0
 k = 10 :  Max Dunn's Index score : 0.07207876327544817, with theta = 0.001
 k = 10 :  Min David Bouldin score : 1.1064977271997598, with theta = 10.0
##################################################################################################
##################################################################################################
 k_knn = 21  
 k = 20 :  Max ACC : 43.130434782608695, with theta = 0.001
 k = 20 :  Max NMI : 60.629294046856664, with theta = 0.001
 k = 20 :  Reconstruction Error : 8.895830105976911
 k = 20 :  Max Silhoutter score : 0.43988344114203537, with theta = 10.0
 k = 20 :  Max Dunn's Index score : 0.11002599189180755, with theta = 0.001
 k = 20 :  Min David Bouldin score : 1.204069596837314, with theta = 10.0
##################################################################################################
##################################################################################################
 k_knn = 21  
 k = 30 :  Max ACC : 41.56521739130435, with theta = 0.001
 k = 30 :  Max NMI : 59.1077920593902, with theta = 0.01
 k = 30 :  Reconstruction Error : 8.895689907963998
 k = 30 :  Max Silhoutter score : 0.4319034054410087, with theta = 10.0
 k = 30 :  Max Dunn's Index score : 0.11652759638318767, with theta = 0.001
 k = 30 :  Min David Bouldin score : 1.2284621029764928, with theta = 10.0
##################################################################################################
##################################################################################################
 k_knn = 21  
 k = 40 :  Max ACC : 41.391304347826086, with theta = 0.001
 k = 40 :  Max NMI : 60.00745058418578, with theta = 0.001
 k = 40 :  Reconstruction Error : 8.890791468126766
 k = 40 :  Max Silhoutter score : 0.43241996245990155, with theta = 10.0
 k = 40 :  Max Dunn's Index score : 0.12162389480361022, with theta = 0.001
 k = 40 :  Min David Bouldin score : 1.2202233220613485, with theta = 10.0
##################################################################################################
##################################################################################################
 k_knn = 21  
 k = 50 :  Max ACC : 42.78260869565217, with theta = 0.001
 k = 50 :  Max NMI : 61.38623087109013, with theta = 0.001
 k = 50 :  Reconstruction Error : 8.89415164708141
 k = 50 :  Max Silhoutter score : 0.447524280490145, with theta = 10.0
 k = 50 :  Max Dunn's Index score : 0.11507508157360277, with theta = 0.001
 k = 50 :  Min David Bouldin score : 1.2396659223197557, with theta = 10.0
##################################################################################################
##################################################################################################
 k_knn = 21  
 k = 60 :  Max ACC : 39.47826086956522, with theta = 0.001
 k = 60 :  Max NMI : 59.03035633616091, with theta = 0.001
 k = 60 :  Reconstruction Error : 8.893217789568068
 k = 60 :  Max Silhoutter score : 0.4216518252129509, with theta = 0.1
 k = 60 :  Max Dunn's Index score : 0.11811428978041676, with theta = 0.001
 k = 60 :  Min David Bouldin score : 1.246128502539285, with theta = 0.1
##################################################################################################
##################################################################################################
 k_knn = 21  
 k = 70 :  Max ACC : 41.391304347826086, with theta = 0.001
 k = 70 :  Max NMI : 60.56883641976128, with theta = 0.001
 k = 70 :  Reconstruction Error : 8.89313893258146
 k = 70 :  Max Silhoutter score : 0.4351605611280354, with theta = 10.0
 k = 70 :  Max Dunn's Index score : 0.114727670472486, with theta = 0.001
 k = 70 :  Min David Bouldin score : 1.2377314593719795, with theta = 10.0
##################################################################################################
The results of running the Kmeans method 20 times and the average of 20 runs
##################################################################################################
 k_knn = 21 
 k = 10 :  Avg ACC : 37.04347826086956, with theta = 0.001
 k = 10 :  Avg NMI : 57.323864432217, with theta = 0.001
 k = 10 :  Reconstruction Error : 8.892869372421144
 k = 10 :  Avg Silhoutte score : 0.43085884676194774, with theta = 10.0
 k = 10 :  Avg Dunn's Index score : 0.07207876327544817, with theta = 0.001
 k = 10 :  Avg David Bouldin score : 1.1443206277649765, with theta = 10.0
##################################################################################################
##################################################################################################
 k_knn = 21 
 k = 20 :  Avg ACC : 39.276887871853546, with theta = 0.001
 k = 20 :  Avg NMI : 58.609601370259654, with theta = 0.001
 k = 20 :  Reconstruction Error : 8.895830105976911
 k = 20 :  Avg Silhoutte score : 0.42955974652135076, with theta = 10.0
 k = 20 :  Avg Dunn's Index score : 0.11002599189180755, with theta = 0.001
 k = 20 :  Avg David Bouldin score : 1.2489398385458799, with theta = 10.0
##################################################################################################
##################################################################################################
 k_knn = 21 
 k = 30 :  Avg ACC : 39.24027459954233, with theta = 0.001
 k = 30 :  Avg NMI : 57.581674457628225, with theta = 0.001
 k = 30 :  Reconstruction Error : 8.895689907963998
 k = 30 :  Avg Silhoutte score : 0.41822303235635677, with theta = 10.0
 k = 30 :  Avg Dunn's Index score : 0.11652759638318767, with theta = 0.001
 k = 30 :  Avg David Bouldin score : 1.26418959713405, with theta = 10.0
##################################################################################################
##################################################################################################
 k_knn = 21 
 k = 40 :  Avg ACC : 39.24942791762014, with theta = 0.001
 k = 40 :  Avg NMI : 57.92764439432543, with theta = 0.001
 k = 40 :  Reconstruction Error : 8.890791468126766
 k = 40 :  Avg Silhoutte score : 0.42036289972774693, with theta = 10.0
 k = 40 :  Avg Dunn's Index score : 0.12162389480361022, with theta = 0.001
 k = 40 :  Avg David Bouldin score : 1.2761251854537197, with theta = 10.0
##################################################################################################
##################################################################################################
 k_knn = 21 
 k = 50 :  Avg ACC : 40.036613272311214, with theta = 0.001
 k = 50 :  Avg NMI : 58.91091804219384, with theta = 0.001
 k = 50 :  Reconstruction Error : 8.89415164708141
 k = 50 :  Avg Silhoutte score : 0.4242410940555796, with theta = 10.0
 k = 50 :  Avg Dunn's Index score : 0.11507508157360277, with theta = 0.001
 k = 50 :  Avg David Bouldin score : 1.2722070246599138, with theta = 10.0
##################################################################################################
##################################################################################################
 k_knn = 21 
 k = 60 :  Avg ACC : 37.76659038901602, with theta = 0.001
 k = 60 :  Avg NMI : 57.304473886564324, with theta = 0.001
 k = 60 :  Reconstruction Error : 8.893217789568068
 k = 60 :  Avg Silhoutte score : 0.4081078192864326, with theta = 10.0
 k = 60 :  Avg Dunn's Index score : 0.11811428978041676, with theta = 0.001
 k = 60 :  Avg David Bouldin score : 1.2922994188602341, with theta = 0.1
##################################################################################################
##################################################################################################
 k_knn = 21 
 k = 70 :  Avg ACC : 39.368421052631575, with theta = 0.001
 k = 70 :  Avg NMI : 57.82965557434752, with theta = 0.001
 k = 70 :  Reconstruction Error : 8.89313893258146
 k = 70 :  Avg Silhoutte score : 0.4229429103614, with theta = 10.0
 k = 70 :  Avg Dunn's Index score : 0.114727670472486, with theta = 0.001
 k = 70 :  Avg David Bouldin score : 1.2871338145768438, with theta = 10.0
##################################################################################################
{10: [100, 100, 100, 100, 100, 100, 100, 100, 100, 100, 100, 100, 100, 100, 100, 39, 100, 100, 100, 12], 20: [100, 100, 100, 100, 100, 100, 100, 100, 100, 100, 100, 100, 100, 100, 100, 28, 100, 100, 100, 20], 30: [100, 100, 100, 100, 100, 100, 100, 100, 100, 100, 100, 100, 100, 100, 100, 28, 100, 100, 100, 17], 40: [100, 100, 100, 100, 100, 100, 100, 100, 100, 100, 100, 100, 100, 100, 100, 31, 100, 100, 100, 10], 50: [100, 100, 100, 100, 100, 100, 100, 100, 100, 100, 100, 100, 100, 100, 100, 25, 100, 100, 100, 13], 60: [100, 100, 100, 100, 100, 100, 100, 100, 100, 100, 100, 100, 100, 100, 100, 24, 100, 100, 15, 12], 70: [100, 100, 100, 100, 100, 100, 100, 100, 100, 100, 100, 100, 100, 100, 100, 23, 100, 100, 17, 14]}
Average no. of iterations for k = 10 : 92.55
Average no. of iterations for k = 20 : 92.4
Average no. of iterations for k = 30 : 92.25
Average no. of iterations for k = 40 : 92.05
Average no. of iterations for k = 50 : 91.9
Average no. of iterations for k = 60 : 87.55
Average no. of iterations for k = 70 : 87.7
Overall average no. of iterations : 90.91428571428571
done
