Model : NMF
Dataset : Umist.mat
max iterations : 100
myeps_1 : 1e-12
myeps_2 : 1e-10
##################################################################################################
The results of running the Kmeans method 20 times and the report of maximum of 20 runs
##################################################################################################
 k = 10 : maxACC = 43.826086956521735
 k = 10 : maxNMI = 60.86466782910222
##################################################################################################
The results of running the Kmeans method 20 times and the average of 20 runs
##################################################################################################
 k = 10 : meanACC = 39.87185354691076
 k = 10 : meanNMI = 58.76286416542229


##################################################################################################
The results of running the Kmeans method 20 times and the report of maximum of 20 runs
##################################################################################################
 k = 20 : maxACC = 37.73913043478261
 k = 20 : maxNMI = 55.444630830368254
##################################################################################################
The results of running the Kmeans method 20 times and the average of 20 runs
##################################################################################################
 k = 20 : meanACC = 35.734553775743706
 k = 20 : meanNMI = 53.369865047388984


##################################################################################################
The results of running the Kmeans method 20 times and the report of maximum of 20 runs
##################################################################################################
 k = 30 : maxACC = 45.391304347826086
 k = 30 : maxNMI = 61.19856226634995
##################################################################################################
The results of running the Kmeans method 20 times and the average of 20 runs
##################################################################################################
 k = 30 : meanACC = 41.464530892448515
 k = 30 : meanNMI = 58.51729919863697


##################################################################################################
The results of running the Kmeans method 20 times and the report of maximum of 20 runs
##################################################################################################
 k = 40 : maxACC = 38.43478260869565
 k = 40 : maxNMI = 54.76231423561253
##################################################################################################
The results of running the Kmeans method 20 times and the average of 20 runs
##################################################################################################
 k = 40 : meanACC = 35.359267734553775
 k = 40 : meanNMI = 52.240050771213376


##################################################################################################
The results of running the Kmeans method 20 times and the report of maximum of 20 runs
##################################################################################################
 k = 50 : maxACC = 44.173913043478265
 k = 50 : maxNMI = 62.582830994614916
##################################################################################################
The results of running the Kmeans method 20 times and the average of 20 runs
##################################################################################################
 k = 50 : meanACC = 42.306636155606405
 k = 50 : meanNMI = 59.90345356165135


##################################################################################################
The results of running the Kmeans method 20 times and the report of maximum of 20 runs
##################################################################################################
 k = 60 : maxACC = 41.21739130434783
 k = 60 : maxNMI = 61.42061064544201
##################################################################################################
The results of running the Kmeans method 20 times and the average of 20 runs
##################################################################################################
 k = 60 : meanACC = 38.681922196796336
 k = 60 : meanNMI = 58.95029235198731


##################################################################################################
The results of running the Kmeans method 20 times and the report of maximum of 20 runs
##################################################################################################
 k = 70 : maxACC = 42.95652173913043
 k = 70 : maxNMI = 61.5278996229645
##################################################################################################
The results of running the Kmeans method 20 times and the average of 20 runs
##################################################################################################
 k = 70 : meanACC = 39.75286041189931
 k = 70 : meanNMI = 57.50197967389568


#Done!
