Model : DGONMF
Dataset : umist
max iterations : 100
myeps_1 : 1e-12
myeps_2 : 1e-10
The results of running the Kmeans method 20 times and the report of maximum of 20 runs
##################################################################################################
 k1 = 80 : k2 = 10 
 Max ACC : 96.69565217391303, with (alpha, beta) = (0.1, 0.01)
 Max NMI : 95.99993685724047, with (alpha, beta) = (0.1, 0.01)
 Reconstruction Error : 8.628078546378916
 Max Silhoutter score : 0.5641021170483624, with (alpha, beta) = (10.0, 0.1)
 Max Dunn's Index score : 0.14191332149528274, with (alpha, beta) = (10.0, 1)
 Min David Bouldin score : 1.2155131010580347, with (alpha, beta) = (10.0, 0.1)
##################################################################################################
##################################################################################################
 k1 = 80 : k2 = 20 
 Max ACC : 98.43478260869564, with (alpha, beta) = (0.1, 1)
 Max NMI : 98.00931095778832, with (alpha, beta) = (0.1, 1)
 Reconstruction Error : 7.481973428545505
 Max Silhoutter score : 0.561987193181531, with (alpha, beta) = (0.1, 0.1)
 Max Dunn's Index score : 0.2513810670238924, with (alpha, beta) = (0.1, 0.01)
 Min David Bouldin score : 1.4424750209376502, with (alpha, beta) = (0.1, 0.1)
##################################################################################################
##################################################################################################
 k1 = 80 : k2 = 30 
 Max ACC : 86.08695652173914, with (alpha, beta) = (0.001, 0.1)
 Max NMI : 89.618560226243, with (alpha, beta) = (0.01, 0.01)
 Reconstruction Error : 6.5887089293938095
 Max Silhoutter score : 0.5416783589709316, with (alpha, beta) = (0.1, 0.1)
 Max Dunn's Index score : 0.29112089969318045, with (alpha, beta) = (0.01, 1)
 Min David Bouldin score : 1.4746986054917648, with (alpha, beta) = (0.1, 0.1)
##################################################################################################
##################################################################################################
 k1 = 80 : k2 = 40 
 Max ACC : 96.0, with (alpha, beta) = (0.01, 0.01)
 Max NMI : 96.22113729992378, with (alpha, beta) = (0.01, 0.01)
 Reconstruction Error : 5.819891762523133
 Max Silhoutter score : 0.3706625174581518, with (alpha, beta) = (0.01, 0.01)
 Max Dunn's Index score : 0.37208879954513197, with (alpha, beta) = (0.01, 0.01)
 Min David Bouldin score : 1.6809287200752987, with (alpha, beta) = (0.1, 0.01)
##################################################################################################
##################################################################################################
 k1 = 80 : k2 = 50 
 Max ACC : 72.0, with (alpha, beta) = (0.001, 0.1)
 Max NMI : 82.31455801907546, with (alpha, beta) = (0.001, 0.1)
 Reconstruction Error : 5.563730090498269
 Max Silhoutter score : 0.27375665111858244, with (alpha, beta) = (0.001, 0.1)
 Max Dunn's Index score : 0.2836159013710609, with (alpha, beta) = (0.001, 0.01)
 Min David Bouldin score : 1.539092391159182, with (alpha, beta) = (0.001, 0.1)
##################################################################################################
##################################################################################################
 k1 = 80 : k2 = 60 
 Max ACC : 92.34782608695652, with (alpha, beta) = (0.001, 0.1)
 Max NMI : 92.00506316876232, with (alpha, beta) = (0.001, 0.1)
 Reconstruction Error : 4.980834695267623
 Max Silhoutter score : 0.5203118546941398, with (alpha, beta) = (10.0, 1)
 Max Dunn's Index score : 0.35537658558696344, with (alpha, beta) = (0.001, 0.01)
 Min David Bouldin score : 1.6470813389406875, with (alpha, beta) = (10.0, 1)
##################################################################################################
##################################################################################################
 k1 = 80 : k2 = 70 
 Max ACC : 44.69565217391304, with (alpha, beta) = (10.0, 0.1)
 Max NMI : 57.49323778447444, with (alpha, beta) = (0.01, 0.01)
 Reconstruction Error : 4.5437015952507
 Max Silhoutter score : 0.5622981568327695, with (alpha, beta) = (0.1, 0.1)
 Max Dunn's Index score : 0.1947936189731197, with (alpha, beta) = (0.01, 0.01)
 Min David Bouldin score : 1.6282846894987728, with (alpha, beta) = (0.1, 0.1)
##################################################################################################
The results of running the Kmeans method 20 times and the average of 20 runs
##################################################################################################
 k1 = 80 : k2 = 10
 Avg ACC : 91.51487414187643, with (alpha, beta) = (0.1, 0.01)
 Avg NMI : 94.70900897448634, with (alpha, beta) = (0.1, 0.01)
 Reconstruction Error : 8.628078546378916
 Avg Silhoutte score : 0.5602124727146222, with (alpha, beta) = (10.0, 0.1)
 Avg Dunn's Index score : 0.14191332149528274, with (alpha, beta) = (10.0, 1)
 Avg David Bouldin score : 0.7229100885395584, with (alpha, beta) = (10.0, 0.1)
##################################################################################################
##################################################################################################
 k1 = 80 : k2 = 20
 Avg ACC : 93.75743707093821, with (alpha, beta) = (0.1, 1)
 Avg NMI : 96.05664693336642, with (alpha, beta) = (0.1, 1)
 Reconstruction Error : 7.481973428545505
 Avg Silhoutte score : 0.5543563663889292, with (alpha, beta) = (0.1, 0.1)
 Avg Dunn's Index score : 0.2513810670238924, with (alpha, beta) = (0.1, 0.01)
 Avg David Bouldin score : 0.7777687830824824, with (alpha, beta) = (0.1, 0.1)
##################################################################################################
##################################################################################################
 k1 = 80 : k2 = 30
 Avg ACC : 82.38901601830663, with (alpha, beta) = (0.001, 0.1)
 Avg NMI : 88.10065667785317, with (alpha, beta) = (0.001, 0.1)
 Reconstruction Error : 6.5887089293938095
 Avg Silhoutte score : 0.5255859641323966, with (alpha, beta) = (0.1, 0.1)
 Avg Dunn's Index score : 0.29112089969318045, with (alpha, beta) = (0.01, 1)
 Avg David Bouldin score : 0.5463740184577086, with (alpha, beta) = (0.1, 0.1)
##################################################################################################
##################################################################################################
 k1 = 80 : k2 = 40
 Avg ACC : 92.23798627002289, with (alpha, beta) = (0.01, 0.01)
 Avg NMI : 94.904860722635, with (alpha, beta) = (0.01, 0.01)
 Reconstruction Error : 5.819891762523133
 Avg Silhoutte score : 0.3612724781718207, with (alpha, beta) = (0.01, 0.01)
 Avg Dunn's Index score : 0.37208879954513197, with (alpha, beta) = (0.01, 0.01)
 Avg David Bouldin score : 1.2072001823259473, with (alpha, beta) = (0.1, 0.01)
##################################################################################################
##################################################################################################
 k1 = 80 : k2 = 50
 Avg ACC : 67.67048054919908, with (alpha, beta) = (0.001, 0.1)
 Avg NMI : 79.70404006490304, with (alpha, beta) = (0.001, 0.1)
 Reconstruction Error : 5.563730090498269
 Avg Silhoutte score : 0.26677735439843303, with (alpha, beta) = (0.001, 0.1)
 Avg Dunn's Index score : 0.2836159013710609, with (alpha, beta) = (0.001, 0.01)
 Avg David Bouldin score : 1.4758485836917563, with (alpha, beta) = (0.001, 0.1)
##################################################################################################
##################################################################################################
 k1 = 80 : k2 = 60
 Avg ACC : 84.14645308924486, with (alpha, beta) = (0.001, 0.1)
 Avg NMI : 88.88494608042791, with (alpha, beta) = (0.001, 0.1)
 Reconstruction Error : 4.980834695267623
 Avg Silhoutte score : 0.49595269446093787, with (alpha, beta) = (10.0, 1)
 Avg Dunn's Index score : 0.35537658558696344, with (alpha, beta) = (0.001, 0.01)
 Avg David Bouldin score : 0.6233553045695446, with (alpha, beta) = (10.0, 1)
##################################################################################################
##################################################################################################
 k1 = 80 : k2 = 70
 Avg ACC : 41.7299771167048, with (alpha, beta) = (10.0, 0.1)
 Avg NMI : 55.952688629307794, with (alpha, beta) = (0.01, 0.01)
 Reconstruction Error : 4.5437015952507
 Avg Silhoutte score : 0.5466256121496966, with (alpha, beta) = (0.1, 0.1)
 Avg Dunn's Index score : 0.1947936189731197, with (alpha, beta) = (0.01, 0.01)
 Avg David Bouldin score : 0.593250918341626, with (alpha, beta) = (0.1, 0.1)
##################################################################################################
The results of running the Kmeans method 20 times and the report of maximum of 20 runs
##################################################################################################
 k1 = 100 : k2 = 10 
 Max ACC : 96.0, with (alpha, beta) = (0.1, 0.1)
 Max NMI : 96.33802937846173, with (alpha, beta) = (0.1, 0.1)
 Reconstruction Error : 9.383452887512359
 Max Silhoutter score : 0.5443471154424581, with (alpha, beta) = (10.0, 1)
 Max Dunn's Index score : 0.20152417307854803, with (alpha, beta) = (10.0, 0.01)
 Min David Bouldin score : 1.2322967109041412, with (alpha, beta) = (10.0, 1)
##################################################################################################
##################################################################################################
 k1 = 100 : k2 = 20 
 Max ACC : 98.60869565217392, with (alpha, beta) = (0.1, 0.01)
 Max NMI : 98.05468962754024, with (alpha, beta) = (0.1, 0.01)
 Reconstruction Error : 7.975467739638179
 Max Silhoutter score : 0.5707881538201672, with (alpha, beta) = (0.1, 0.1)
 Max Dunn's Index score : 0.33588247301413526, with (alpha, beta) = (0.1, 0.1)
 Min David Bouldin score : 1.4089152008236114, with (alpha, beta) = (0.1, 0.1)
##################################################################################################
##################################################################################################
 k1 = 100 : k2 = 30 
 Max ACC : 98.78260869565217, with (alpha, beta) = (0.1, 1)
 Max NMI : 98.43020183134324, with (alpha, beta) = (0.1, 1)
 Reconstruction Error : 7.265698988628434
 Max Silhoutter score : 0.5473815425825437, with (alpha, beta) = (0.1, 1)
 Max Dunn's Index score : 0.36399328105523693, with (alpha, beta) = (0.01, 0.1)
 Min David Bouldin score : 1.5723301304119517, with (alpha, beta) = (0.1, 1)
##################################################################################################
##################################################################################################
 k1 = 100 : k2 = 40 
 Max ACC : 97.56521739130434, with (alpha, beta) = (0.01, 0.1)
 Max NMI : 96.89086386240632, with (alpha, beta) = (0.01, 0.1)
 Reconstruction Error : 6.281678857866221
 Max Silhoutter score : 0.44497160439453565, with (alpha, beta) = (0.001, 0.01)
 Max Dunn's Index score : 0.35764390126909273, with (alpha, beta) = (0.01, 0.01)
 Min David Bouldin score : 1.0526903549326092, with (alpha, beta) = (0.001, 0.01)
##################################################################################################
##################################################################################################
 k1 = 100 : k2 = 50 
 Max ACC : 98.08695652173913, with (alpha, beta) = (0.01, 1)
 Max NMI : 97.79175977526904, with (alpha, beta) = (0.01, 1)
 Reconstruction Error : 5.713707942774964
 Max Silhoutter score : 0.49723116870021383, with (alpha, beta) = (0.001, 0.01)
 Max Dunn's Index score : 0.314700555062109, with (alpha, beta) = (0.01, 1)
 Min David Bouldin score : 0.8291016515647994, with (alpha, beta) = (0.001, 0.01)
##################################################################################################
##################################################################################################
 k1 = 100 : k2 = 60 
 Max ACC : 97.21739130434783, with (alpha, beta) = (0.001, 0.01)
 Max NMI : 96.64510844461303, with (alpha, beta) = (0.001, 0.01)
 Reconstruction Error : 5.476756535596498
 Max Silhoutter score : 0.439646316210898, with (alpha, beta) = (10.0, 0.01)
 Max Dunn's Index score : 0.3529889306641859, with (alpha, beta) = (0.001, 0.1)
 Min David Bouldin score : 1.0683301708133155, with (alpha, beta) = (10.0, 0.01)
##################################################################################################
##################################################################################################
 k1 = 100 : k2 = 70 
 Max ACC : 91.47826086956522, with (alpha, beta) = (0.001, 0.1)
 Max NMI : 92.52670314303293, with (alpha, beta) = (0.001, 0.1)
 Reconstruction Error : 5.143743205093849
 Max Silhoutter score : 0.3913633008748953, with (alpha, beta) = (0.01, 0.01)
 Max Dunn's Index score : 0.35171545678839217, with (alpha, beta) = (0.001, 0.01)
 Min David Bouldin score : 1.5398702682251801, with (alpha, beta) = (0.001, 1)
##################################################################################################
The results of running the Kmeans method 20 times and the average of 20 runs
##################################################################################################
 k1 = 100 : k2 = 10
 Avg ACC : 92.31121281464532, with (alpha, beta) = (0.1, 0.1)
 Avg NMI : 94.57148762897566, with (alpha, beta) = (0.1, 0.1)
 Reconstruction Error : 9.383452887512359
 Avg Silhoutte score : 0.5391785965539434, with (alpha, beta) = (10.0, 1)
 Avg Dunn's Index score : 0.20152417307854803, with (alpha, beta) = (10.0, 0.01)
 Avg David Bouldin score : 0.732565037906297, with (alpha, beta) = (10.0, 1)
##################################################################################################
##################################################################################################
 k1 = 100 : k2 = 20
 Avg ACC : 97.21739130434783, with (alpha, beta) = (0.1, 0.1)
 Avg NMI : 97.64723448802579, with (alpha, beta) = (0.1, 0.1)
 Reconstruction Error : 7.975467739638179
 Avg Silhoutte score : 0.5691038089299391, with (alpha, beta) = (0.1, 0.1)
 Avg Dunn's Index score : 0.33588247301413526, with (alpha, beta) = (0.1, 0.1)
 Avg David Bouldin score : 0.7665054265336023, with (alpha, beta) = (0.1, 0.1)
##################################################################################################
##################################################################################################
 k1 = 100 : k2 = 30
 Avg ACC : 97.7482837528604, with (alpha, beta) = (0.1, 1)
 Avg NMI : 97.9876579855512, with (alpha, beta) = (0.1, 1)
 Reconstruction Error : 7.265698988628434
 Avg Silhoutte score : 0.5444359360495408, with (alpha, beta) = (0.1, 1)
 Avg Dunn's Index score : 0.36399328105523693, with (alpha, beta) = (0.01, 0.1)
 Avg David Bouldin score : 0.7679733771617778, with (alpha, beta) = (0.1, 1)
##################################################################################################
##################################################################################################
 k1 = 100 : k2 = 40
 Avg ACC : 92.40274599542334, with (alpha, beta) = (0.01, 1)
 Avg NMI : 94.63798176514341, with (alpha, beta) = (0.01, 1)
 Reconstruction Error : 6.281678857866221
 Avg Silhoutte score : 0.42473209623556746, with (alpha, beta) = (0.001, 0.01)
 Avg Dunn's Index score : 0.35764390126909273, with (alpha, beta) = (0.01, 0.01)
 Avg David Bouldin score : 1.1235664937349075, with (alpha, beta) = (0.001, 0.01)
##################################################################################################
##################################################################################################
 k1 = 100 : k2 = 50
 Avg ACC : 94.8283752860412, with (alpha, beta) = (0.01, 1)
 Avg NMI : 96.53897401004309, with (alpha, beta) = (0.01, 1)
 Reconstruction Error : 5.713707942774964
 Avg Silhoutte score : 0.4892997985655841, with (alpha, beta) = (0.001, 0.01)
 Avg Dunn's Index score : 0.314700555062109, with (alpha, beta) = (0.01, 1)
 Avg David Bouldin score : 0.8789211537870076, with (alpha, beta) = (0.001, 0.01)
##################################################################################################
##################################################################################################
 k1 = 100 : k2 = 60
 Avg ACC : 90.12356979405034, with (alpha, beta) = (0.001, 0.01)
 Avg NMI : 93.59626507503737, with (alpha, beta) = (0.001, 0.01)
 Reconstruction Error : 5.476756535596498
 Avg Silhoutte score : 0.4187566780611023, with (alpha, beta) = (0.001, 0.01)
 Avg Dunn's Index score : 0.3529889306641859, with (alpha, beta) = (0.001, 0.1)
 Avg David Bouldin score : 0.682049808753349, with (alpha, beta) = (10.0, 0.01)
##################################################################################################
##################################################################################################
 k1 = 100 : k2 = 70
 Avg ACC : 85.86727688787185, with (alpha, beta) = (0.001, 0.1)
 Avg NMI : 90.41379167611386, with (alpha, beta) = (0.001, 0.1)
 Reconstruction Error : 5.143743205093849
 Avg Silhoutte score : 0.3681740938564521, with (alpha, beta) = (0.001, 1)
 Avg Dunn's Index score : 0.35171545678839217, with (alpha, beta) = (0.001, 0.01)
 Avg David Bouldin score : 0.745246411098433, with (alpha, beta) = (0.001, 1)
##################################################################################################
The results of running the Kmeans method 20 times and the report of maximum of 20 runs
##################################################################################################
 k1 = 120 : k2 = 10 
 Max ACC : 97.91304347826087, with (alpha, beta) = (0.1, 0.1)
 Max NMI : 97.27679419811093, with (alpha, beta) = (0.1, 0.1)
 Reconstruction Error : 9.608498369350123
 Max Silhoutter score : 0.7477445871817248, with (alpha, beta) = (10.0, 0.01)
 Max Dunn's Index score : 0.2969634577033492, with (alpha, beta) = (10.0, 0.01)
 Min David Bouldin score : 1.3086801621964104, with (alpha, beta) = (10.0, 0.01)
##################################################################################################
##################################################################################################
 k1 = 120 : k2 = 20 
 Max ACC : 99.30434782608695, with (alpha, beta) = (0.1, 0.01)
 Max NMI : 99.00947800997585, with (alpha, beta) = (0.1, 0.01)
 Reconstruction Error : 8.505615751462694
 Max Silhoutter score : 0.7460691266495848, with (alpha, beta) = (0.1, 1)
 Max Dunn's Index score : 0.29702681927124597, with (alpha, beta) = (0.1, 0.01)
 Min David Bouldin score : 1.4832243071004734, with (alpha, beta) = (0.1, 1)
##################################################################################################
##################################################################################################
 k1 = 120 : k2 = 30 
 Max ACC : 99.47826086956522, with (alpha, beta) = (0.1, 0.01)
 Max NMI : 99.21964796230519, with (alpha, beta) = (0.1, 0.01)
 Reconstruction Error : 8.137474177420271
 Max Silhoutter score : 0.7571307559977428, with (alpha, beta) = (0.1, 0.01)
 Max Dunn's Index score : 0.4493875421318012, with (alpha, beta) = (0.1, 0.01)
 Min David Bouldin score : 1.5200299471588408, with (alpha, beta) = (0.1, 0.01)
##################################################################################################
##################################################################################################
 k1 = 120 : k2 = 40 
 Max ACC : 95.30434782608695, with (alpha, beta) = (0.01, 0.01)
 Max NMI : 96.99876131545699, with (alpha, beta) = (0.01, 0.01)
 Reconstruction Error : 8.298168001451618
 Max Silhoutter score : 0.6587950701268455, with (alpha, beta) = (0.01, 0.01)
 Max Dunn's Index score : 0.27212186874104216, with (alpha, beta) = (0.001, 0.01)
 Min David Bouldin score : 1.405685158349113, with (alpha, beta) = (0.01, 0.01)
##################################################################################################
##################################################################################################
 k1 = 120 : k2 = 50 
 Max ACC : 93.04347826086956, with (alpha, beta) = (0.001, 0.01)
 Max NMI : 93.58892042168902, with (alpha, beta) = (0.001, 0.01)
 Reconstruction Error : 6.578343361957642
 Max Silhoutter score : 0.653928511107252, with (alpha, beta) = (10.0, 1)
 Max Dunn's Index score : 0.22134410055431739, with (alpha, beta) = (0.001, 0.01)
 Min David Bouldin score : 1.0797433061393518, with (alpha, beta) = (10.0, 1)
##################################################################################################
##################################################################################################
 k1 = 120 : k2 = 60 
 Max ACC : 97.21739130434783, with (alpha, beta) = (0.01, 1)
 Max NMI : 96.69173183323332, with (alpha, beta) = (0.01, 1)
 Reconstruction Error : 9.416310494745243
 Max Silhoutter score : 0.4828657969083501, with (alpha, beta) = (0.001, 0.1)
 Max Dunn's Index score : 0.3488555097737794, with (alpha, beta) = (0.001, 0.01)
 Min David Bouldin score : 1.5247862968695771, with (alpha, beta) = (0.001, 0.1)
##################################################################################################
##################################################################################################
 k1 = 120 : k2 = 70 
 Max ACC : 90.95652173913044, with (alpha, beta) = (0.001, 0.1)
 Max NMI : 91.6961229772843, with (alpha, beta) = (0.001, 0.1)
 Reconstruction Error : 6.9522529016405255
 Max Silhoutter score : 0.6606769817780603, with (alpha, beta) = (0.01, 1)
 Max Dunn's Index score : 0.3163013688275913, with (alpha, beta) = (0.001, 0.1)
 Min David Bouldin score : 1.6954462724767558, with (alpha, beta) = (0.01, 1)
##################################################################################################
The results of running the Kmeans method 20 times and the average of 20 runs
##################################################################################################
 k1 = 120 : k2 = 10
 Avg ACC : 97.39130434782608, with (alpha, beta) = (10.0, 0.01)
 Avg NMI : 96.74117509027997, with (alpha, beta) = (10.0, 0.01)
 Reconstruction Error : 9.608498369350123
 Avg Silhoutte score : 0.7465041433981587, with (alpha, beta) = (10.0, 0.01)
 Avg Dunn's Index score : 0.2969634577033492, with (alpha, beta) = (10.0, 0.01)
 Avg David Bouldin score : 0.4033291170844617, with (alpha, beta) = (10.0, 0.01)
##################################################################################################
##################################################################################################
 k1 = 120 : k2 = 20
 Avg ACC : 99.23112128146454, with (alpha, beta) = (0.1, 0.01)
 Avg NMI : 98.89649428957453, with (alpha, beta) = (0.1, 0.01)
 Reconstruction Error : 8.505615751462694
 Avg Silhoutte score : 0.7375221046262542, with (alpha, beta) = (0.1, 1)
 Avg Dunn's Index score : 0.29702681927124597, with (alpha, beta) = (0.1, 0.01)
 Avg David Bouldin score : 0.5152875445950277, with (alpha, beta) = (0.1, 1)
##################################################################################################
##################################################################################################
 k1 = 120 : k2 = 30
 Avg ACC : 99.47826086956522, with (alpha, beta) = (0.1, 0.01)
 Avg NMI : 99.21940875085203, with (alpha, beta) = (0.1, 0.01)
 Reconstruction Error : 8.137474177420271
 Avg Silhoutte score : 0.75704840460019, with (alpha, beta) = (0.1, 0.01)
 Avg Dunn's Index score : 0.4493875421318012, with (alpha, beta) = (0.1, 0.01)
 Avg David Bouldin score : 0.4176105710536445, with (alpha, beta) = (0.1, 0.01)
##################################################################################################
##################################################################################################
 k1 = 120 : k2 = 40
 Avg ACC : 92.04576659038902, with (alpha, beta) = (0.01, 0.01)
 Avg NMI : 95.78179090225656, with (alpha, beta) = (0.01, 0.01)
 Reconstruction Error : 8.298168001451618
 Avg Silhoutte score : 0.6529645328377554, with (alpha, beta) = (0.01, 0.01)
 Avg Dunn's Index score : 0.27212186874104216, with (alpha, beta) = (0.001, 0.01)
 Avg David Bouldin score : 0.5767801256258819, with (alpha, beta) = (0.01, 0.01)
##################################################################################################
##################################################################################################
 k1 = 120 : k2 = 50
 Avg ACC : 91.1487414187643, with (alpha, beta) = (0.001, 0.1)
 Avg NMI : 92.83098778056885, with (alpha, beta) = (0.01, 0.1)
 Reconstruction Error : 6.578343361957642
 Avg Silhoutte score : 0.6471683548832813, with (alpha, beta) = (10.0, 1)
 Avg Dunn's Index score : 0.22134410055431739, with (alpha, beta) = (0.001, 0.01)
 Avg David Bouldin score : 0.4659569557569966, with (alpha, beta) = (10.0, 1)
##################################################################################################
##################################################################################################
 k1 = 120 : k2 = 60
 Avg ACC : 95.84439359267735, with (alpha, beta) = (0.01, 1)
 Avg NMI : 96.17887523571798, with (alpha, beta) = (0.01, 1)
 Reconstruction Error : 9.416310494745243
 Avg Silhoutte score : 0.4774553427211736, with (alpha, beta) = (0.001, 0.1)
 Avg Dunn's Index score : 0.3488555097737794, with (alpha, beta) = (0.001, 0.01)
 Avg David Bouldin score : 0.8516720495139442, with (alpha, beta) = (0.001, 0.1)
##################################################################################################
##################################################################################################
 k1 = 120 : k2 = 70
 Avg ACC : 83.32265446224257, with (alpha, beta) = (0.001, 0.1)
 Avg NMI : 89.7654558853145, with (alpha, beta) = (0.001, 0.1)
 Reconstruction Error : 6.9522529016405255
 Avg Silhoutte score : 0.6536988185676559, with (alpha, beta) = (0.01, 1)
 Avg Dunn's Index score : 0.3163013688275913, with (alpha, beta) = (0.001, 0.1)
 Avg David Bouldin score : 0.4597003945346765, with (alpha, beta) = (0.01, 1)
##################################################################################################
The results of running the Kmeans method 20 times and the report of maximum of 20 runs
##################################################################################################
 k1 = 200 : k2 = 10 
 Max ACC : 97.56521739130434, with (alpha, beta) = (0.01, 0.1)
 Max NMI : 96.90947763744397, with (alpha, beta) = (0.01, 0.1)
 Reconstruction Error : 11.44975942409185
 Max Silhoutter score : 0.7900141901847798, with (alpha, beta) = (0.01, 0.1)
 Max Dunn's Index score : 0.17200502020454886, with (alpha, beta) = (0.1, 0.1)
 Min David Bouldin score : 0.9301570110610371, with (alpha, beta) = (0.01, 0.1)
##################################################################################################
##################################################################################################
 k1 = 200 : k2 = 20 
 Max ACC : 94.43478260869566, with (alpha, beta) = (0.001, 0.01)
 Max NMI : 94.323688357613, with (alpha, beta) = (0.1, 0.01)
 Reconstruction Error : 10.232588060148796
 Max Silhoutter score : 0.7992553487657377, with (alpha, beta) = (0.1, 0.01)
 Max Dunn's Index score : 0.18826995115017384, with (alpha, beta) = (10.0, 0.1)
 Min David Bouldin score : 0.7702455424441659, with (alpha, beta) = (0.1, 0.01)
##################################################################################################
##################################################################################################
 k1 = 200 : k2 = 30 
 Max ACC : 96.17391304347827, with (alpha, beta) = (0.01, 0.01)
 Max NMI : 95.2747703982928, with (alpha, beta) = (0.01, 0.01)
 Reconstruction Error : 10.198579133449092
 Max Silhoutter score : 0.6734773427946803, with (alpha, beta) = (0.01, 0.01)
 Max Dunn's Index score : 0.2650796275015758, with (alpha, beta) = (0.001, 0.01)
 Min David Bouldin score : 0.9529328186858568, with (alpha, beta) = (0.01, 0.01)
##################################################################################################
##################################################################################################
 k1 = 200 : k2 = 40 
 Max ACC : 91.82608695652173, with (alpha, beta) = (0.001, 0.01)
 Max NMI : 93.683501284159, with (alpha, beta) = (0.001, 0.01)
 Reconstruction Error : 9.717835888351694
 Max Silhoutter score : 0.6024053904995991, with (alpha, beta) = (0.01, 1)
 Max Dunn's Index score : 0.1794899306436276, with (alpha, beta) = (0.001, 0.01)
 Min David Bouldin score : 0.82827785490642, with (alpha, beta) = (0.01, 1)
##################################################################################################
##################################################################################################
 k1 = 200 : k2 = 50 
 Max ACC : 91.65217391304348, with (alpha, beta) = (0.001, 0.1)
 Max NMI : 90.11305717798979, with (alpha, beta) = (0.001, 0.1)
 Reconstruction Error : 9.51858334718995
 Max Silhoutter score : 0.5355705280233999, with (alpha, beta) = (0.001, 0.1)
 Max Dunn's Index score : 0.12613420392759758, with (alpha, beta) = (0.001, 0.1)
 Min David Bouldin score : 1.315902818563189, with (alpha, beta) = (0.001, 0.1)
##################################################################################################
##################################################################################################
 k1 = 200 : k2 = 60 
 Max ACC : 96.69565217391303, with (alpha, beta) = (0.001, 0.1)
 Max NMI : 95.87007454750054, with (alpha, beta) = (0.001, 0.1)
 Reconstruction Error : 8.860185544239604
 Max Silhoutter score : 0.6720790842313642, with (alpha, beta) = (0.1, 0.1)
 Max Dunn's Index score : 0.21452203121173033, with (alpha, beta) = (0.001, 0.1)
 Min David Bouldin score : 1.4185417627048424, with (alpha, beta) = (0.1, 0.1)
##################################################################################################
##################################################################################################
 k1 = 200 : k2 = 70 
 Max ACC : 40.34782608695652, with (alpha, beta) = (0.1, 0.01)
 Max NMI : 47.97701821002811, with (alpha, beta) = (0.1, 1)
 Reconstruction Error : 9.18871215475992
 Max Silhoutter score : 0.3115327397880022, with (alpha, beta) = (0.01, 0.1)
 Max Dunn's Index score : 0.10872251447181715, with (alpha, beta) = (0.1, 1)
 Min David Bouldin score : 1.541909289638661, with (alpha, beta) = (0.01, 0.1)
##################################################################################################
The results of running the Kmeans method 20 times and the average of 20 runs
##################################################################################################
 k1 = 200 : k2 = 10
 Avg ACC : 97.52860411899313, with (alpha, beta) = (0.01, 0.1)
 Avg NMI : 96.87706853031546, with (alpha, beta) = (0.01, 0.1)
 Reconstruction Error : 11.44975942409185
 Avg Silhoutte score : 0.789938587233191, with (alpha, beta) = (0.01, 0.1)
 Avg Dunn's Index score : 0.17200502020454886, with (alpha, beta) = (0.1, 0.1)
 Avg David Bouldin score : 0.3194864168845664, with (alpha, beta) = (0.01, 0.1)
##################################################################################################
##################################################################################################
 k1 = 200 : k2 = 20
 Avg ACC : 91.68878718535468, with (alpha, beta) = (0.1, 0.01)
 Avg NMI : 93.86279771179612, with (alpha, beta) = (0.1, 0.01)
 Reconstruction Error : 10.232588060148796
 Avg Silhoutte score : 0.7929436740564514, with (alpha, beta) = (0.1, 0.01)
 Avg Dunn's Index score : 0.18826995115017384, with (alpha, beta) = (10.0, 0.1)
 Avg David Bouldin score : 0.34747969067050677, with (alpha, beta) = (0.1, 0.01)
##################################################################################################
##################################################################################################
 k1 = 200 : k2 = 30
 Avg ACC : 93.56521739130434, with (alpha, beta) = (0.01, 0.01)
 Avg NMI : 94.25220748768781, with (alpha, beta) = (0.01, 0.01)
 Reconstruction Error : 10.198579133449092
 Avg Silhoutte score : 0.6709989596330859, with (alpha, beta) = (0.01, 0.01)
 Avg Dunn's Index score : 0.2650796275015758, with (alpha, beta) = (0.001, 0.01)
 Avg David Bouldin score : 0.484743430895032, with (alpha, beta) = (0.01, 0.01)
##################################################################################################
##################################################################################################
 k1 = 200 : k2 = 40
 Avg ACC : 88.68649885583524, with (alpha, beta) = (0.001, 0.01)
 Avg NMI : 91.8198042482317, with (alpha, beta) = (0.001, 0.01)
 Reconstruction Error : 9.717835888351694
 Avg Silhoutte score : 0.599774216718707, with (alpha, beta) = (0.01, 1)
 Avg Dunn's Index score : 0.1794899306436276, with (alpha, beta) = (0.001, 0.01)
 Avg David Bouldin score : 0.5925303877253933, with (alpha, beta) = (0.01, 1)
##################################################################################################
##################################################################################################
 k1 = 200 : k2 = 50
 Avg ACC : 89.57437070938215, with (alpha, beta) = (0.001, 0.1)
 Avg NMI : 89.18377776689698, with (alpha, beta) = (0.001, 0.1)
 Reconstruction Error : 9.51858334718995
 Avg Silhoutte score : 0.5326956726047163, with (alpha, beta) = (0.001, 0.1)
 Avg Dunn's Index score : 0.12613420392759758, with (alpha, beta) = (0.001, 0.1)
 Avg David Bouldin score : 0.7444722244757216, with (alpha, beta) = (0.001, 0.1)
##################################################################################################
##################################################################################################
 k1 = 200 : k2 = 60
 Avg ACC : 92.43935926773455, with (alpha, beta) = (0.001, 0.1)
 Avg NMI : 93.91264898887016, with (alpha, beta) = (0.001, 0.1)
 Reconstruction Error : 8.860185544239604
 Avg Silhoutte score : 0.6470371489267939, with (alpha, beta) = (0.1, 0.1)
 Avg Dunn's Index score : 0.21452203121173033, with (alpha, beta) = (0.001, 0.1)
 Avg David Bouldin score : 0.5205675194562049, with (alpha, beta) = (0.1, 0.1)
##################################################################################################
##################################################################################################
 k1 = 200 : k2 = 70
 Avg ACC : 36.01830663615561, with (alpha, beta) = (0.001, 0.1)
 Avg NMI : 45.872190844087655, with (alpha, beta) = (0.1, 1)
 Reconstruction Error : 9.18871215475992
 Avg Silhoutte score : 0.29590884790395877, with (alpha, beta) = (0.01, 0.1)
 Avg Dunn's Index score : 0.10872251447181715, with (alpha, beta) = (0.1, 1)
 Avg David Bouldin score : 0.9261514384867437, with (alpha, beta) = (0.01, 0.1)
##################################################################################################
Average no. of iterations for k2 = 10 : 7.25
Average no. of iterations for k2 = 20 : 3.75
Average no. of iterations for k2 = 30 : 1.25
Average no. of iterations for k2 = 40 : 1.5
Average no. of iterations for k2 = 50 : 1
Average no. of iterations for k2 = 60 : 1.25
Average no. of iterations for k2 = 70 : 1
Overall average no. of iterations : 44.517857142857146
#Done!
