Model : GRSNMF
Dataset : Umist.mat
max iterations : 100
myeps_1 : 1e-12
myeps_2 : 1e-10
The results of running the Kmeans method 20 times and the report of maximum of 20 runs
##################################################################################################
 k = 10 :  k_knn = 3  
 Max ACC : 15.130434782608695, with theta = 10.0
 Max NMI : 16.328569275590628, with theta = 10.0
 Reconstruction Error : 7.2621658912051035e+25
##################################################################################################
##################################################################################################
 k = 20 :  k_knn = 3  
 Max ACC : 15.65217391304348, with theta = 10.0
 Max NMI : 16.844467394787607, with theta = 10.0
 Reconstruction Error : 3.248782610931847e+27
##################################################################################################
##################################################################################################
 k = 30 :  k_knn = 3  
 Max ACC : 16.17391304347826, with theta = 10.0
 Max NMI : 18.087861925348566, with theta = 10.0
 Reconstruction Error : 3.9433517635363416e+28
##################################################################################################
##################################################################################################
 k = 40 :  k_knn = 3  
 Max ACC : 16.34782608695652, with theta = 10.0
 Max NMI : 16.785305161767248, with theta = 10.0
 Reconstruction Error : 2.090846373421379e+29
##################################################################################################
##################################################################################################
 k = 50 :  k_knn = 3  
 Max ACC : 16.695652173913047, with theta = 10.0
 Max NMI : 16.801787227773136, with theta = 10.0
 Reconstruction Error : 8.59445482253963e+29
##################################################################################################
##################################################################################################
 k = 60 :  k_knn = 3  
 Max ACC : 16.52173913043478, with theta = 10.0
 Max NMI : 18.16883003446814, with theta = 10.0
 Reconstruction Error : 2.2921958870903475e+30
##################################################################################################
##################################################################################################
 k = 70 :  k_knn = 3  
 Max ACC : 16.52173913043478, with theta = 10.0
 Max NMI : 18.173902109813955, with theta = 10.0
 Reconstruction Error : 6.389001368519569e+30
##################################################################################################
The results of running the Kmeans method 20 times and the average of 20 runs
##################################################################################################
k = 10 :  k_knn = 3 
 Avg ACC : 14.324942791762012, with lambda = 0.1
 Avg NMI : 14.664023105395676, with lambda = 10.0
 Reconstruction Error : 7.2621658912051035e+25
##################################################################################################
##################################################################################################
k = 20 :  k_knn = 3 
 Avg ACC : 14.453089244851258, with lambda = 10.0
 Avg NMI : 15.31141264993113, with lambda = 10.0
 Reconstruction Error : 3.248782610931847e+27
##################################################################################################
##################################################################################################
k = 30 :  k_knn = 3 
 Avg ACC : 14.965675057208239, with lambda = 10.0
 Avg NMI : 15.746785497301474, with lambda = 10.0
 Reconstruction Error : 3.9433517635363416e+28
##################################################################################################
##################################################################################################
k = 40 :  k_knn = 3 
 Avg ACC : 14.846681922196796, with lambda = 10.0
 Avg NMI : 15.091095225503862, with lambda = 10.0
 Reconstruction Error : 2.090846373421379e+29
##################################################################################################
##################################################################################################
k = 50 :  k_knn = 3 
 Avg ACC : 15.48741418764302, with lambda = 10.0
 Avg NMI : 15.685146280147368, with lambda = 10.0
 Reconstruction Error : 8.59445482253963e+29
##################################################################################################
##################################################################################################
k = 60 :  k_knn = 3 
 Avg ACC : 15.130434782608695, with lambda = 10.0
 Avg NMI : 16.08579314067114, with lambda = 10.0
 Reconstruction Error : 2.2921958870903475e+30
##################################################################################################
##################################################################################################
k = 70 :  k_knn = 3 
 Avg ACC : 14.91075514874142, with lambda = 10.0
 Avg NMI : 16.029311855307114, with lambda = 10.0
 Reconstruction Error : 6.389001368519569e+30
##################################################################################################
The results of running the Kmeans method 20 times and the report of maximum of 20 runs
##################################################################################################
 k = 10 :  k_knn = 5  
 Max ACC : 18.434782608695652, with theta = 10.0
 Max NMI : 21.556533304737226, with theta = 10.0
 Reconstruction Error : 4.198573394221046e+26
##################################################################################################
##################################################################################################
 k = 20 :  k_knn = 5  
 Max ACC : 19.82608695652174, with theta = 10.0
 Max NMI : 23.41115257222092, with theta = 10.0
 Reconstruction Error : 2.046670084765433e+28
##################################################################################################
##################################################################################################
 k = 30 :  k_knn = 5  
 Max ACC : 21.217391304347828, with theta = 10.0
 Max NMI : 24.20183119181013, with theta = 10.0
 Reconstruction Error : 2.1140985335623797e+29
##################################################################################################
##################################################################################################
 k = 40 :  k_knn = 5  
 Max ACC : 18.956521739130437, with theta = 10.0
 Max NMI : 22.468009794833403, with theta = 10.0
 Reconstruction Error : 1.1013955123305814e+30
##################################################################################################
##################################################################################################
 k = 50 :  k_knn = 5  
 Max ACC : 21.565217391304348, with theta = 10.0
 Max NMI : 22.524854030458563, with theta = 10.0
 Reconstruction Error : 4.027394788208176e+30
##################################################################################################
##################################################################################################
 k = 60 :  k_knn = 5  
 Max ACC : 21.043478260869566, with theta = 10.0
 Max NMI : 24.628291241826474, with theta = 10.0
 Reconstruction Error : 1.3129244155127562e+31
##################################################################################################
##################################################################################################
 k = 70 :  k_knn = 5  
 Max ACC : 20.347826086956523, with theta = 10.0
 Max NMI : 24.050627591944718, with theta = 10.0
 Reconstruction Error : 3.0491709515221897e+31
##################################################################################################
The results of running the Kmeans method 20 times and the average of 20 runs
##################################################################################################
k = 10 :  k_knn = 5 
 Avg ACC : 17.1441647597254, with lambda = 10.0
 Avg NMI : 19.71055534972609, with lambda = 10.0
 Reconstruction Error : 4.198573394221046e+26
##################################################################################################
##################################################################################################
k = 20 :  k_knn = 5 
 Avg ACC : 17.48283752860412, with lambda = 10.0
 Avg NMI : 19.508036656360545, with lambda = 10.0
 Reconstruction Error : 2.046670084765433e+28
##################################################################################################
##################################################################################################
k = 30 :  k_knn = 5 
 Avg ACC : 18.91075514874142, with lambda = 10.0
 Avg NMI : 21.87892728435909, with lambda = 10.0
 Reconstruction Error : 2.1140985335623797e+29
##################################################################################################
##################################################################################################
k = 40 :  k_knn = 5 
 Avg ACC : 17.54691075514874, with lambda = 10.0
 Avg NMI : 19.740288969180394, with lambda = 10.0
 Reconstruction Error : 1.1013955123305814e+30
##################################################################################################
##################################################################################################
k = 50 :  k_knn = 5 
 Avg ACC : 18.74599542334096, with lambda = 10.0
 Avg NMI : 21.039275286244205, with lambda = 10.0
 Reconstruction Error : 4.027394788208176e+30
##################################################################################################
##################################################################################################
k = 60 :  k_knn = 5 
 Avg ACC : 18.700228832951947, with lambda = 10.0
 Avg NMI : 21.58378203407768, with lambda = 10.0
 Reconstruction Error : 1.3129244155127562e+31
##################################################################################################
##################################################################################################
k = 70 :  k_knn = 5 
 Avg ACC : 18.919908466819223, with lambda = 10.0
 Avg NMI : 22.1835870088512, with lambda = 10.0
 Reconstruction Error : 3.0491709515221897e+31
##################################################################################################
The results of running the Kmeans method 20 times and the report of maximum of 20 runs
##################################################################################################
 k = 10 :  k_knn = 6  
 Max ACC : 20.869565217391305, with theta = 10.0
 Max NMI : 22.388178814606164, with theta = 10.0
 Reconstruction Error : 6.572671145413531e+26
##################################################################################################
##################################################################################################
 k = 20 :  k_knn = 6  
 Max ACC : 20.347826086956523, with theta = 10.0
 Max NMI : 23.610916900572605, with theta = 10.0
 Reconstruction Error : 3.596595590408208e+28
##################################################################################################
##################################################################################################
 k = 30 :  k_knn = 6  
 Max ACC : 21.043478260869566, with theta = 10.0
 Max NMI : 24.515271515118762, with theta = 10.0
 Reconstruction Error : 3.9481913844587835e+29
##################################################################################################
##################################################################################################
 k = 40 :  k_knn = 6  
 Max ACC : 23.82608695652174, with theta = 10.0
 Max NMI : 27.365691922779607, with theta = 10.0
 Reconstruction Error : 2.1949656921764527e+30
##################################################################################################
##################################################################################################
 k = 50 :  k_knn = 6  
 Max ACC : 24.52173913043478, with theta = 10.0
 Max NMI : 27.41665788392618, with theta = 10.0
 Reconstruction Error : 7.723517511979305e+30
##################################################################################################
##################################################################################################
 k = 60 :  k_knn = 6  
 Max ACC : 21.565217391304348, with theta = 10.0
 Max NMI : 24.812623009386733, with theta = 10.0
 Reconstruction Error : 2.2967540535042337e+31
##################################################################################################
##################################################################################################
 k = 70 :  k_knn = 6  
 Max ACC : 22.086956521739133, with theta = 10.0
 Max NMI : 24.993505503165874, with theta = 10.0
 Reconstruction Error : 5.858807145117794e+31
##################################################################################################
The results of running the Kmeans method 20 times and the average of 20 runs
##################################################################################################
k = 10 :  k_knn = 6 
 Avg ACC : 18.352402745995423, with lambda = 10.0
 Avg NMI : 20.613904163007582, with lambda = 10.0
 Reconstruction Error : 6.572671145413531e+26
##################################################################################################
##################################################################################################
k = 20 :  k_knn = 6 
 Avg ACC : 18.947368421052634, with lambda = 10.0
 Avg NMI : 21.765408549156604, with lambda = 10.0
 Reconstruction Error : 3.596595590408208e+28
##################################################################################################
##################################################################################################
k = 30 :  k_knn = 6 
 Avg ACC : 19.51487414187643, with lambda = 10.0
 Avg NMI : 22.896682622620244, with lambda = 10.0
 Reconstruction Error : 3.9481913844587835e+29
##################################################################################################
##################################################################################################
k = 40 :  k_knn = 6 
 Avg ACC : 20.787185354691076, with lambda = 10.0
 Avg NMI : 24.400957511768922, with lambda = 10.0
 Reconstruction Error : 2.1949656921764527e+30
##################################################################################################
##################################################################################################
k = 50 :  k_knn = 6 
 Avg ACC : 21.85812356979405, with lambda = 10.0
 Avg NMI : 24.918240903212162, with lambda = 10.0
 Reconstruction Error : 7.723517511979305e+30
##################################################################################################
##################################################################################################
k = 60 :  k_knn = 6 
 Avg ACC : 19.66132723112128, with lambda = 10.0
 Avg NMI : 22.503280677149075, with lambda = 10.0
 Reconstruction Error : 2.2967540535042337e+31
##################################################################################################
##################################################################################################
k = 70 :  k_knn = 6 
 Avg ACC : 19.807780320366135, with lambda = 10.0
 Avg NMI : 22.987847352523723, with lambda = 10.0
 Reconstruction Error : 5.858807145117794e+31
##################################################################################################
The results of running the Kmeans method 20 times and the report of maximum of 20 runs
##################################################################################################
 k = 10 :  k_knn = 11  
 Max ACC : 19.82608695652174, with theta = 10.0
 Max NMI : 24.000593646476407, with theta = 10.0
 Reconstruction Error : 7.515261834269577e+27
##################################################################################################
##################################################################################################
 k = 20 :  k_knn = 11  
 Max ACC : 24.695652173913043, with theta = 10.0
 Max NMI : 28.68438754195385, with theta = 10.0
 Reconstruction Error : 3.545456884813397e+29
##################################################################################################
##################################################################################################
 k = 30 :  k_knn = 11  
 Max ACC : 23.82608695652174, with theta = 10.0
 Max NMI : 29.898111352606517, with theta = 10.0
 Reconstruction Error : 3.7829164025763986e+30
##################################################################################################
##################################################################################################
 k = 40 :  k_knn = 11  
 Max ACC : 26.260869565217394, with theta = 10.0
 Max NMI : 32.22624927471377, with theta = 10.0
 Reconstruction Error : 2.061357711331283e+31
##################################################################################################
##################################################################################################
 k = 50 :  k_knn = 11  
 Max ACC : 26.782608695652172, with theta = 10.0
 Max NMI : 30.922316310256807, with theta = 10.0
 Reconstruction Error : 7.508460953973523e+31
##################################################################################################
##################################################################################################
 k = 60 :  k_knn = 11  
 Max ACC : 25.39130434782609, with theta = 10.0
 Max NMI : 31.12823728092482, with theta = 10.0
 Reconstruction Error : 2.2750722417410177e+32
##################################################################################################
##################################################################################################
 k = 70 :  k_knn = 11  
 Max ACC : 28.17391304347826, with theta = 10.0
 Max NMI : 32.48011051842568, with theta = 10.0
 Reconstruction Error : 5.5108262805116624e+32
##################################################################################################
The results of running the Kmeans method 20 times and the average of 20 runs
##################################################################################################
k = 10 :  k_knn = 11 
 Avg ACC : 18.718535469107554, with lambda = 10.0
 Avg NMI : 21.942920091449352, with lambda = 10.0
 Reconstruction Error : 7.515261834269577e+27
##################################################################################################
##################################################################################################
k = 20 :  k_knn = 11 
 Avg ACC : 22.34324942791762, with lambda = 10.0
 Avg NMI : 26.63927755087672, with lambda = 10.0
 Reconstruction Error : 3.545456884813397e+29
##################################################################################################
##################################################################################################
k = 30 :  k_knn = 11 
 Avg ACC : 22.17848970251716, with lambda = 10.0
 Avg NMI : 27.029355172864665, with lambda = 10.0
 Reconstruction Error : 3.7829164025763986e+30
##################################################################################################
##################################################################################################
k = 40 :  k_knn = 11 
 Avg ACC : 23.80778032036613, with lambda = 10.0
 Avg NMI : 29.30716864018359, with lambda = 10.0
 Reconstruction Error : 2.061357711331283e+31
##################################################################################################
##################################################################################################
k = 50 :  k_knn = 11 
 Avg ACC : 23.77116704805492, with lambda = 10.0
 Avg NMI : 27.755723902907295, with lambda = 10.0
 Reconstruction Error : 7.508460953973523e+31
##################################################################################################
##################################################################################################
k = 60 :  k_knn = 11 
 Avg ACC : 23.496567505720822, with lambda = 10.0
 Avg NMI : 29.237483047506093, with lambda = 10.0
 Reconstruction Error : 2.2750722417410177e+32
##################################################################################################
##################################################################################################
k = 70 :  k_knn = 11 
 Avg ACC : 25.40045766590389, with lambda = 10.0
 Avg NMI : 30.366496564813403, with lambda = 10.0
 Reconstruction Error : 5.5108262805116624e+32
##################################################################################################
The results of running the Kmeans method 20 times and the report of maximum of 20 runs
##################################################################################################
 k = 10 :  k_knn = 21  
 Max ACC : 20.17391304347826, with theta = 10.0
 Max NMI : 24.147822659896985, with theta = 10.0
 Reconstruction Error : 1.4723364464267217e+29
##################################################################################################
##################################################################################################
 k = 20 :  k_knn = 21  
 Max ACC : 21.913043478260867, with theta = 10.0
 Max NMI : 25.47207391712643, with theta = 10.0
 Reconstruction Error : 5.772943483254534e+30
##################################################################################################
##################################################################################################
 k = 30 :  k_knn = 21  
 Max ACC : 25.217391304347824, with theta = 10.0
 Max NMI : 31.61365798211353, with theta = 10.0
 Reconstruction Error : 6.130380830246584e+31
##################################################################################################
##################################################################################################
 k = 40 :  k_knn = 21  
 Max ACC : 21.913043478260867, with theta = 10.0
 Max NMI : 28.85546774803264, with theta = 10.0
 Reconstruction Error : 3.448175846281935e+32
##################################################################################################
##################################################################################################
 k = 50 :  k_knn = 21  
 Max ACC : 25.217391304347824, with theta = 10.0
 Max NMI : 30.142030686282396, with theta = 10.0
 Reconstruction Error : 1.1964764208538142e+33
##################################################################################################
##################################################################################################
 k = 60 :  k_knn = 21  
 Max ACC : 25.39130434782609, with theta = 10.0
 Max NMI : 31.395089399018953, with theta = 10.0
 Reconstruction Error : 3.270337757199677e+33
##################################################################################################
##################################################################################################
 k = 70 :  k_knn = 21  
 Max ACC : 28.52173913043478, with theta = 10.0
 Max NMI : 35.07814906285374, with theta = 10.0
 Reconstruction Error : 7.717254468187197e+33
##################################################################################################
The results of running the Kmeans method 20 times and the average of 20 runs
##################################################################################################
k = 10 :  k_knn = 21 
 Avg ACC : 18.82837528604119, with lambda = 10.0
 Avg NMI : 22.04393963049049, with lambda = 10.0
 Reconstruction Error : 1.4723364464267217e+29
##################################################################################################
##################################################################################################
k = 20 :  k_knn = 21 
 Avg ACC : 20.164759725400458, with lambda = 10.0
 Avg NMI : 24.025490012594535, with lambda = 10.0
 Reconstruction Error : 5.772943483254534e+30
##################################################################################################
##################################################################################################
k = 30 :  k_knn = 21 
 Avg ACC : 22.82837528604119, with lambda = 10.0
 Avg NMI : 28.92694483552962, with lambda = 10.0
 Reconstruction Error : 6.130380830246584e+31
##################################################################################################
##################################################################################################
k = 40 :  k_knn = 21 
 Avg ACC : 20.475972540045767, with lambda = 10.0
 Avg NMI : 26.928002753130755, with lambda = 10.0
 Reconstruction Error : 3.448175846281935e+32
##################################################################################################
##################################################################################################
k = 50 :  k_knn = 21 
 Avg ACC : 22.700228832951947, with lambda = 10.0
 Avg NMI : 27.95559290438339, with lambda = 10.0
 Reconstruction Error : 1.1964764208538142e+33
##################################################################################################
##################################################################################################
k = 60 :  k_knn = 21 
 Avg ACC : 23.002288329519452, with lambda = 10.0
 Avg NMI : 29.61632377887195, with lambda = 10.0
 Reconstruction Error : 3.270337757199677e+33
##################################################################################################
##################################################################################################
k = 70 :  k_knn = 21 
 Avg ACC : 26.279176201372998, with lambda = 10.0
 Avg NMI : 32.664985784230325, with lambda = 10.0
 Reconstruction Error : 7.717254468187197e+33
##################################################################################################
done
