Model : dnsNMF
Dataset : umist
max iterations : 100
myeps_1 : 1e-12
myeps_2 : 1e-10
The results of running the Kmeans method 20 times and the report of maximum of 20 runs
##################################################################################################
 k1 = 80 : k2 = 10 
 Max ACC : 14.43478260869565, with theta = 0.01
 Max NMI : 13.658625401109198, with theta = 0.001
 Reconstruction Error : 133.3893749667609
 Max Silhoutter score : 0.5561469444306616, with theta = 10.0
 Max Dunn's Index score : 0.03863944853079449, with theta = 0.001
 Min David Bouldin score : 1.2018851246217344, with theta = 10.0
##################################################################################################
##################################################################################################
 k1 = 80 : k2 = 20 
 Max ACC : 14.08695652173913, with theta = 0.01
 Max NMI : 14.142223595200656, with theta = 0.1
 Reconstruction Error : 215.4250553869002
 Max Silhoutter score : 0.5570234592617229, with theta = 10.0
 Max Dunn's Index score : 0.12188094831589731, with theta = 0.01
 Min David Bouldin score : 1.8721802945928299, with theta = 10.0
##################################################################################################
##################################################################################################
 k1 = 80 : k2 = 30 
 Max ACC : 14.26086956521739, with theta = 0.1
 Max NMI : 13.748440233550705, with theta = 0.1
 Reconstruction Error : 9324.583467514447
 Max Silhoutter score : 0.16173775422687955, with theta = 0.1
 Max Dunn's Index score : 0.1635493705530744, with theta = 0.01
 Min David Bouldin score : 1.8539026055989314, with theta = 0.1
##################################################################################################
##################################################################################################
 k1 = 80 : k2 = 40 
 Max ACC : 14.08695652173913, with theta = 0.001
 Max NMI : 13.819376086167834, with theta = 10.0
 Reconstruction Error : 16860.40377778853
 Max Silhoutter score : 0.10553888054078335, with theta = 0.1
 Max Dunn's Index score : 0.30263528006274915, with theta = 10.0
 Min David Bouldin score : 2.1913775995340137, with theta = 0.1
##################################################################################################
##################################################################################################
 k1 = 80 : k2 = 50 
 Max ACC : 13.91304347826087, with theta = 0.01
 Max NMI : 13.844668641508628, with theta = 0.01
 Reconstruction Error : 3556.0544298271016
 Max Silhoutter score : 0.10287147884947902, with theta = 10.0
 Max Dunn's Index score : 0.22291129695926962, with theta = 0.01
 Min David Bouldin score : 1.9534685875581748, with theta = 10.0
##################################################################################################
##################################################################################################
 k1 = 80 : k2 = 60 
 Max ACC : 14.956521739130435, with theta = 0.01
 Max NMI : 13.841538095974668, with theta = 0.01
 Reconstruction Error : 22925.4611636067
 Max Silhoutter score : 0.11171707535001499, with theta = 0.001
 Max Dunn's Index score : 0.37341066384638066, with theta = 10.0
 Min David Bouldin score : 1.7360042924843597, with theta = 0.001
##################################################################################################
##################################################################################################
 k1 = 80 : k2 = 70 
 Max ACC : 14.08695652173913, with theta = 0.001
 Max NMI : 14.013471138850722, with theta = 0.01
 Reconstruction Error : 26842.968321942404
 Max Silhoutter score : 0.04724768869624641, with theta = 0.1
 Max Dunn's Index score : 0.4352772970523947, with theta = 10.0
 Min David Bouldin score : 2.707163755311817, with theta = 0.1
##################################################################################################
The results of running the Kmeans method 20 times and the average of 20 runs
##################################################################################################
 k1 = 80 : k2 = 10
 Avg ACC : 13.510297482837528, with theta = 0.01
 Avg NMI : 12.835139438689685, with theta = 0.001
 Reconstruction Error : 133.3893749667609
 Avg Silhoutte score : 0.548186174997147, with theta = 10.0
 Avg Dunn's Index score : 0.03863944853079449, with theta = 0.001
 Avg David Bouldin score : 1.26393907952609, with theta = 10.0
##################################################################################################
##################################################################################################
 k1 = 80 : k2 = 20
 Avg ACC : 13.22654462242563, with theta = 0.1
 Avg NMI : 13.009389415669625, with theta = 0.1
 Reconstruction Error : 215.4250553869002
 Avg Silhoutte score : 0.554043365102144, with theta = 10.0
 Avg Dunn's Index score : 0.12188094831589731, with theta = 0.01
 Avg David Bouldin score : 1.909192538776018, with theta = 10.0
##################################################################################################
##################################################################################################
 k1 = 80 : k2 = 30
 Avg ACC : 13.665903890160184, with theta = 0.1
 Avg NMI : 12.91743382272201, with theta = 0.1
 Reconstruction Error : 9324.583467514447
 Avg Silhoutte score : 0.15320219075027916, with theta = 0.1
 Avg Dunn's Index score : 0.1635493705530744, with theta = 0.01
 Avg David Bouldin score : 2.003124692671019, with theta = 0.1
##################################################################################################
##################################################################################################
 k1 = 80 : k2 = 40
 Avg ACC : 12.961098398169337, with theta = 10.0
 Avg NMI : 12.530852467210778, with theta = 10.0
 Reconstruction Error : 16860.40377778853
 Avg Silhoutte score : 0.10194347578745196, with theta = 0.1
 Avg Dunn's Index score : 0.30263528006274915, with theta = 10.0
 Avg David Bouldin score : 2.6385637917238456, with theta = 0.1
##################################################################################################
##################################################################################################
 k1 = 80 : k2 = 50
 Avg ACC : 13.135011441647597, with theta = 0.01
 Avg NMI : 12.73235275174337, with theta = 0.01
 Reconstruction Error : 3556.0544298271016
 Avg Silhoutte score : 0.09695756178220517, with theta = 10.0
 Avg Dunn's Index score : 0.22291129695926962, with theta = 0.01
 Avg David Bouldin score : 2.2260278230057637, with theta = 10.0
##################################################################################################
##################################################################################################
 k1 = 80 : k2 = 60
 Avg ACC : 13.473684210526315, with theta = 0.01
 Avg NMI : 12.57662024065493, with theta = 0.01
 Reconstruction Error : 22925.4611636067
 Avg Silhoutte score : 0.10725471991207558, with theta = 0.001
 Avg Dunn's Index score : 0.37341066384638066, with theta = 10.0
 Avg David Bouldin score : 3.2318704078167344, with theta = 0.001
##################################################################################################
##################################################################################################
 k1 = 80 : k2 = 70
 Avg ACC : 13.098398169336384, with theta = 0.001
 Avg NMI : 12.655262469082382, with theta = 0.01
 Reconstruction Error : 26842.968321942404
 Avg Silhoutte score : 0.04461200654775615, with theta = 0.1
 Avg Dunn's Index score : 0.4352772970523947, with theta = 10.0
 Avg David Bouldin score : 3.50259496624922, with theta = 0.1
##################################################################################################
The results of running the Kmeans method 20 times and the report of maximum of 20 runs
##################################################################################################
 k1 = 100 : k2 = 10 
 Max ACC : 13.56521739130435, with theta = 0.001
 Max NMI : 13.37499155420263, with theta = 0.001
 Reconstruction Error : 127.98063960698458
 Max Silhoutter score : 0.5554497928632008, with theta = 10.0
 Max Dunn's Index score : 0.06030875074323715, with theta = 0.001
 Min David Bouldin score : 1.3662326586622104, with theta = 10.0
##################################################################################################
##################################################################################################
 k1 = 100 : k2 = 20 
 Max ACC : 14.08695652173913, with theta = 0.001
 Max NMI : 14.112099636388217, with theta = 0.001
 Reconstruction Error : 260.20079365439256
 Max Silhoutter score : 0.557434378797757, with theta = 10.0
 Max Dunn's Index score : 0.1256369885959007, with theta = 0.001
 Min David Bouldin score : 1.725658862022728, with theta = 10.0
##################################################################################################
##################################################################################################
 k1 = 100 : k2 = 30 
 Max ACC : 14.43478260869565, with theta = 0.01
 Max NMI : 13.852652536932734, with theta = 0.01
 Reconstruction Error : 12728.352203975346
 Max Silhoutter score : 0.13989484790990195, with theta = 0.01
 Max Dunn's Index score : 0.14489173114796802, with theta = 0.001
 Min David Bouldin score : 1.9453488026721648, with theta = 0.01
##################################################################################################
##################################################################################################
 k1 = 100 : k2 = 40 
 Max ACC : 14.08695652173913, with theta = 0.1
 Max NMI : 13.972058139764062, with theta = 0.1
 Reconstruction Error : 19937.268790543472
 Max Silhoutter score : 0.10237126286878849, with theta = 0.1
 Max Dunn's Index score : 0.28100528803804, with theta = 10.0
 Min David Bouldin score : 1.9271764100287903, with theta = 0.1
##################################################################################################
##################################################################################################
 k1 = 100 : k2 = 50 
 Max ACC : 14.43478260869565, with theta = 0.001
 Max NMI : 14.401365021032984, with theta = 0.001
 Reconstruction Error : 23913.87485144589
 Max Silhoutter score : 0.09646523442018298, with theta = 0.001
 Max Dunn's Index score : 0.3473642579235509, with theta = 10.0
 Min David Bouldin score : 1.8181778527653332, with theta = 0.001
##################################################################################################
##################################################################################################
 k1 = 100 : k2 = 60 
 Max ACC : 14.608695652173914, with theta = 0.001
 Max NMI : 14.272475229691253, with theta = 0.01
 Reconstruction Error : 27997.74122203898
 Max Silhoutter score : 0.07279357710951591, with theta = 0.01
 Max Dunn's Index score : 0.4096499406713365, with theta = 10.0
 Min David Bouldin score : 2.2128991418879838, with theta = 0.01
##################################################################################################
##################################################################################################
 k1 = 100 : k2 = 70 
 Max ACC : 14.08695652173913, with theta = 0.1
 Max NMI : 13.63062282228108, with theta = 0.1
 Reconstruction Error : 29993.187976393325
 Max Silhoutter score : 0.07486033035402034, with theta = 0.01
 Max Dunn's Index score : 0.42234788798469547, with theta = 10.0
 Min David Bouldin score : 2.1115985242350988, with theta = 0.01
##################################################################################################
The results of running the Kmeans method 20 times and the average of 20 runs
##################################################################################################
 k1 = 100 : k2 = 10
 Avg ACC : 12.915331807780321, with theta = 0.001
 Avg NMI : 12.472535232101608, with theta = 0.001
 Reconstruction Error : 127.98063960698458
 Avg Silhoutte score : 0.5503079104209534, with theta = 10.0
 Avg Dunn's Index score : 0.06030875074323715, with theta = 0.001
 Avg David Bouldin score : 1.4089658171178019, with theta = 10.0
##################################################################################################
##################################################################################################
 k1 = 100 : k2 = 20
 Avg ACC : 13.189931350114415, with theta = 0.1
 Avg NMI : 12.631821075514583, with theta = 0.001
 Reconstruction Error : 260.20079365439256
 Avg Silhoutte score : 0.5470957654466853, with theta = 10.0
 Avg Dunn's Index score : 0.1256369885959007, with theta = 0.001
 Avg David Bouldin score : 1.809957882457761, with theta = 10.0
##################################################################################################
##################################################################################################
 k1 = 100 : k2 = 30
 Avg ACC : 13.391304347826088, with theta = 0.01
 Avg NMI : 12.860851979454647, with theta = 0.01
 Reconstruction Error : 12728.352203975346
 Avg Silhoutte score : 0.1349463290892396, with theta = 0.01
 Avg Dunn's Index score : 0.14489173114796802, with theta = 0.001
 Avg David Bouldin score : 2.0410472367895607, with theta = 0.01
##################################################################################################
##################################################################################################
 k1 = 100 : k2 = 40
 Avg ACC : 13.208237986270023, with theta = 0.1
 Avg NMI : 12.653061508049817, with theta = 0.1
 Reconstruction Error : 19937.268790543472
 Avg Silhoutte score : 0.0996331223292238, with theta = 0.1
 Avg Dunn's Index score : 0.28100528803804, with theta = 10.0
 Avg David Bouldin score : 2.692292535143837, with theta = 0.1
##################################################################################################
##################################################################################################
 k1 = 100 : k2 = 50
 Avg ACC : 13.290617848970252, with theta = 0.001
 Avg NMI : 12.872768599678343, with theta = 0.1
 Reconstruction Error : 23913.87485144589
 Avg Silhoutte score : 0.09331078734126189, with theta = 0.001
 Avg Dunn's Index score : 0.3473642579235509, with theta = 10.0
 Avg David Bouldin score : 2.9939574147309496, with theta = 0.001
##################################################################################################
##################################################################################################
 k1 = 100 : k2 = 60
 Avg ACC : 13.244851258581235, with theta = 0.01
 Avg NMI : 12.826912593514129, with theta = 0.01
 Reconstruction Error : 27997.74122203898
 Avg Silhoutte score : 0.06952652610159621, with theta = 0.01
 Avg Dunn's Index score : 0.4096499406713365, with theta = 10.0
 Avg David Bouldin score : 3.2437350806448686, with theta = 0.01
##################################################################################################
##################################################################################################
 k1 = 100 : k2 = 70
 Avg ACC : 12.924485125858125, with theta = 0.1
 Avg NMI : 12.34417984600071, with theta = 0.1
 Reconstruction Error : 29993.187976393325
 Avg Silhoutte score : 0.06981099858462388, with theta = 0.01
 Avg Dunn's Index score : 0.42234788798469547, with theta = 10.0
 Avg David Bouldin score : 3.445837355832967, with theta = 0.001
##################################################################################################
The results of running the Kmeans method 20 times and the report of maximum of 20 runs
##################################################################################################
 k1 = 120 : k2 = 10 
 Max ACC : 13.91304347826087, with theta = 0.01
 Max NMI : 13.323555939008347, with theta = 0.01
 Reconstruction Error : 166.66813083675947
 Max Silhoutter score : 0.5490154741794909, with theta = 10.0
 Max Dunn's Index score : 0.029377934926801706, with theta = 0.001
 Min David Bouldin score : 1.2142006952344642, with theta = 10.0
##################################################################################################
##################################################################################################
 k1 = 120 : k2 = 20 
 Max ACC : 13.73913043478261, with theta = 0.01
 Max NMI : 14.537884149696016, with theta = 0.1
 Reconstruction Error : 390.06299385728914
 Max Silhoutter score : 0.5514960613634401, with theta = 10.0
 Max Dunn's Index score : 0.15552609317109423, with theta = 0.01
 Min David Bouldin score : 1.962328814746071, with theta = 10.0
##################################################################################################
##################################################################################################
 k1 = 120 : k2 = 30 
 Max ACC : 14.956521739130435, with theta = 0.01
 Max NMI : 13.84854105644862, with theta = 0.001
 Reconstruction Error : 268.1559311144149
 Max Silhoutter score : 0.5359067583490037, with theta = 10.0
 Max Dunn's Index score : 0.14343057372510423, with theta = 0.001
 Min David Bouldin score : 1.740590732858966, with theta = 10.0
##################################################################################################
##################################################################################################
 k1 = 120 : k2 = 40 
 Max ACC : 14.956521739130435, with theta = 0.1
 Max NMI : 14.30866819460429, with theta = 0.01
 Reconstruction Error : 23130.885462929906
 Max Silhoutter score : 0.1209357259756163, with theta = 0.001
 Max Dunn's Index score : 0.3001222411345005, with theta = 10.0
 Min David Bouldin score : 1.6299671454878972, with theta = 0.001
##################################################################################################
##################################################################################################
 k1 = 120 : k2 = 50 
 Max ACC : 14.43478260869565, with theta = 0.01
 Max NMI : 15.005091475038219, with theta = 0.01
 Reconstruction Error : 28226.165839495377
 Max Silhoutter score : 0.10701535232219005, with theta = 0.01
 Max Dunn's Index score : 0.3629604272387422, with theta = 10.0
 Min David Bouldin score : 1.832506711388041, with theta = 0.01
##################################################################################################
##################################################################################################
 k1 = 120 : k2 = 60 
 Max ACC : 14.782608695652174, with theta = 0.01
 Max NMI : 13.788278847878473, with theta = 10.0
 Reconstruction Error : 34674.67153250386
 Max Silhoutter score : 0.19350534101829375, with theta = 0.001
 Max Dunn's Index score : 0.3979776437077978, with theta = 10.0
 Min David Bouldin score : 1.2353612419865965, with theta = 0.001
##################################################################################################
##################################################################################################
 k1 = 120 : k2 = 70 
 Max ACC : 14.08695652173913, with theta = 10.0
 Max NMI : 13.620917549351402, with theta = 0.01
 Reconstruction Error : 35663.19277780355
 Max Silhoutter score : 0.0737721634475095, with theta = 0.1
 Max Dunn's Index score : 0.45015427878900366, with theta = 10.0
 Min David Bouldin score : 2.1819092243427862, with theta = 0.1
##################################################################################################
The results of running the Kmeans method 20 times and the average of 20 runs
##################################################################################################
 k1 = 120 : k2 = 10
 Avg ACC : 13.162471395881006, with theta = 0.01
 Avg NMI : 12.541726034992855, with theta = 0.01
 Reconstruction Error : 166.66813083675947
 Avg Silhoutte score : 0.5413231977133872, with theta = 10.0
 Avg Dunn's Index score : 0.029377934926801706, with theta = 0.001
 Avg David Bouldin score : 1.265813205969774, with theta = 10.0
##################################################################################################
##################################################################################################
 k1 = 120 : k2 = 20
 Avg ACC : 13.235697940503432, with theta = 0.1
 Avg NMI : 13.769989610092505, with theta = 0.1
 Reconstruction Error : 390.06299385728914
 Avg Silhoutte score : 0.5431930929344688, with theta = 10.0
 Avg Dunn's Index score : 0.15552609317109423, with theta = 0.01
 Avg David Bouldin score : 2.165702917049439, with theta = 10.0
##################################################################################################
##################################################################################################
 k1 = 120 : k2 = 30
 Avg ACC : 13.446224256292906, with theta = 0.01
 Avg NMI : 12.690457896673388, with theta = 0.01
 Reconstruction Error : 268.1559311144149
 Avg Silhoutte score : 0.5277022696291386, with theta = 10.0
 Avg Dunn's Index score : 0.14343057372510423, with theta = 0.001
 Avg David Bouldin score : 1.792003323631637, with theta = 10.0
##################################################################################################
##################################################################################################
 k1 = 120 : k2 = 40
 Avg ACC : 13.510297482837528, with theta = 0.01
 Avg NMI : 12.859336091739188, with theta = 0.1
 Reconstruction Error : 23130.885462929906
 Avg Silhoutte score : 0.11705421185808022, with theta = 0.001
 Avg Dunn's Index score : 0.3001222411345005, with theta = 10.0
 Avg David Bouldin score : 2.7676297820028632, with theta = 0.001
##################################################################################################
##################################################################################################
 k1 = 120 : k2 = 50
 Avg ACC : 13.60183066361556, with theta = 0.01
 Avg NMI : 13.08393260939736, with theta = 0.01
 Reconstruction Error : 28226.165839495377
 Avg Silhoutte score : 0.10365402655196672, with theta = 0.01
 Avg Dunn's Index score : 0.3629604272387422, with theta = 10.0
 Avg David Bouldin score : 3.0204942716574306, with theta = 0.01
##################################################################################################
##################################################################################################
 k1 = 120 : k2 = 60
 Avg ACC : 13.519450800915331, with theta = 0.01
 Avg NMI : 12.82918882894794, with theta = 10.0
 Reconstruction Error : 34674.67153250386
 Avg Silhoutte score : 0.18659218968757532, with theta = 0.001
 Avg Dunn's Index score : 0.3979776437077978, with theta = 10.0
 Avg David Bouldin score : 3.2749758481024402, with theta = 0.001
##################################################################################################
##################################################################################################
 k1 = 120 : k2 = 70
 Avg ACC : 12.961098398169336, with theta = 10.0
 Avg NMI : 12.386139708618995, with theta = 0.01
 Reconstruction Error : 35663.19277780355
 Avg Silhoutte score : 0.06842099814995341, with theta = 0.1
 Avg Dunn's Index score : 0.45015427878900366, with theta = 10.0
 Avg David Bouldin score : 3.4844905920325333, with theta = 0.1
##################################################################################################
The results of running the Kmeans method 20 times and the report of maximum of 20 runs
##################################################################################################
 k1 = 200 : k2 = 10 
 Max ACC : 13.56521739130435, with theta = 0.001
 Max NMI : 14.548680415985082, with theta = 0.001
 Reconstruction Error : 342.5357475431926
 Max Silhoutter score : 0.5710868504269839, with theta = 10.0
 Max Dunn's Index score : 0.07921294933179836, with theta = 0.001
 Min David Bouldin score : 1.3648391494224967, with theta = 10.0
##################################################################################################
##################################################################################################
 k1 = 200 : k2 = 20 
 Max ACC : 14.08695652173913, with theta = 0.001
 Max NMI : 13.611345319299717, with theta = 0.01
 Reconstruction Error : 473.16092525186326
 Max Silhoutter score : 0.5571413299767023, with theta = 10.0
 Max Dunn's Index score : 0.14389258428700646, with theta = 0.001
 Min David Bouldin score : 1.82961137127493, with theta = 10.0
##################################################################################################
##################################################################################################
 k1 = 200 : k2 = 30 
 Max ACC : 13.73913043478261, with theta = 0.001
 Max NMI : 13.676742413450654, with theta = 0.01
 Reconstruction Error : 12772.807152764963
 Max Silhoutter score : 0.1716406316795895, with theta = 0.1
 Max Dunn's Index score : 0.2941312986746464, with theta = 10.0
 Min David Bouldin score : 1.635456005957727, with theta = 0.1
##################################################################################################
##################################################################################################
 k1 = 200 : k2 = 40 
 Max ACC : 14.43478260869565, with theta = 10.0
 Max NMI : 13.843116992427937, with theta = 0.01
 Reconstruction Error : 48283.74605851605
 Max Silhoutter score : 0.1428304107239333, with theta = 0.1
 Max Dunn's Index score : 0.3839773356825963, with theta = 10.0
 Min David Bouldin score : 1.6101912183814258, with theta = 0.1
##################################################################################################
##################################################################################################
 k1 = 200 : k2 = 50 
 Max ACC : 14.26086956521739, with theta = 0.1
 Max NMI : 14.015047477614667, with theta = 10.0
 Reconstruction Error : 36278.22364890831
 Max Silhoutter score : 0.15536747311957572, with theta = 0.001
 Max Dunn's Index score : 0.3479508618183693, with theta = 10.0
 Min David Bouldin score : 1.392850127825636, with theta = 0.001
##################################################################################################
##################################################################################################
 k1 = 200 : k2 = 60 
 Max ACC : 14.26086956521739, with theta = 0.1
 Max NMI : 13.430307085608748, with theta = 0.01
 Reconstruction Error : 52985.10615245517
 Max Silhoutter score : 0.1403641369566103, with theta = 0.1
 Max Dunn's Index score : 0.4166009581570974, with theta = 10.0
 Min David Bouldin score : 1.7220928852450637, with theta = 0.1
##################################################################################################
##################################################################################################
 k1 = 200 : k2 = 70 
 Max ACC : 14.43478260869565, with theta = 0.1
 Max NMI : 13.51788633617193, with theta = 0.01
 Reconstruction Error : 58260.68890179643
 Max Silhoutter score : 0.071134540342918, with theta = 0.1
 Max Dunn's Index score : 0.47609111301866397, with theta = 10.0
 Min David Bouldin score : 2.320167050923664, with theta = 0.01
##################################################################################################
The results of running the Kmeans method 20 times and the average of 20 runs
##################################################################################################
 k1 = 200 : k2 = 10
 Avg ACC : 12.979405034324943, with theta = 0.1
 Avg NMI : 12.912125770915958, with theta = 0.001
 Reconstruction Error : 342.5357475431926
 Avg Silhoutte score : 0.5578911319073976, with theta = 10.0
 Avg Dunn's Index score : 0.07921294933179836, with theta = 0.001
 Avg David Bouldin score : 1.40472618269653, with theta = 10.0
##################################################################################################
##################################################################################################
 k1 = 200 : k2 = 20
 Avg ACC : 13.135011441647597, with theta = 0.01
 Avg NMI : 12.734033196582361, with theta = 0.01
 Reconstruction Error : 473.16092525186326
 Avg Silhoutte score : 0.5507764737845896, with theta = 10.0
 Avg Dunn's Index score : 0.14389258428700646, with theta = 0.001
 Avg David Bouldin score : 1.8871371722142543, with theta = 10.0
##################################################################################################
##################################################################################################
 k1 = 200 : k2 = 30
 Avg ACC : 13.061784897025172, with theta = 0.01
 Avg NMI : 12.151836474158978, with theta = 0.01
 Reconstruction Error : 12772.807152764963
 Avg Silhoutte score : 0.16780467802907043, with theta = 0.1
 Avg Dunn's Index score : 0.2941312986746464, with theta = 10.0
 Avg David Bouldin score : 2.7921267258965607, with theta = 0.1
##################################################################################################
##################################################################################################
 k1 = 200 : k2 = 40
 Avg ACC : 13.354691075514873, with theta = 0.01
 Avg NMI : 12.679135319131728, with theta = 10.0
 Reconstruction Error : 48283.74605851605
 Avg Silhoutte score : 0.13752002526911888, with theta = 0.1
 Avg Dunn's Index score : 0.3839773356825963, with theta = 10.0
 Avg David Bouldin score : 3.1765890369212415, with theta = 0.1
##################################################################################################
##################################################################################################
 k1 = 200 : k2 = 50
 Avg ACC : 13.40045766590389, with theta = 0.1
 Avg NMI : 12.670371214372832, with theta = 10.0
 Reconstruction Error : 36278.22364890831
 Avg Silhoutte score : 0.1508596802344902, with theta = 0.001
 Avg Dunn's Index score : 0.3479508618183693, with theta = 10.0
 Avg David Bouldin score : 2.996121700470207, with theta = 0.001
##################################################################################################
##################################################################################################
 k1 = 200 : k2 = 60
 Avg ACC : 13.281464530892448, with theta = 0.1
 Avg NMI : 12.490048244609802, with theta = 0.001
 Reconstruction Error : 52985.10615245517
 Avg Silhoutte score : 0.13346619913634925, with theta = 0.1
 Avg Dunn's Index score : 0.4166009581570974, with theta = 10.0
 Avg David Bouldin score : 3.472665632766498, with theta = 0.1
##################################################################################################
##################################################################################################
 k1 = 200 : k2 = 70
 Avg ACC : 13.22654462242563, with theta = 0.01
 Avg NMI : 12.615994162907487, with theta = 0.01
 Reconstruction Error : 58260.68890179643
 Avg Silhoutte score : 0.06839543305464567, with theta = 0.1
 Avg Dunn's Index score : 0.47609111301866397, with theta = 10.0
 Avg David Bouldin score : 3.679105216774961, with theta = 0.1
##################################################################################################
done
