Model : dsnmf
Dataset : Umist.mat
max iterations : 100
myeps_1 : 1e-12
myeps_2 : 1e-10
**********************************************************************************************************
The results of running the Kmeans method 20 times and the report of maximum of 20 runs

k1 = 80 : k2 = 10 : best max_acc = 42.434782608695656 
k1 = 80 : k2 = 10 : best max_nmi = 56.80264350868116 


The results of running the Kmeans method 20 times and the report of average of 20 runs

k1 = 80 :  k2 = 10 : avg_acc = 39.31350114416476 
k1 = 80 :  k2 = 10 : avg_nmi = 54.42911338899151  
**********************************************************************************************************
**********************************************************************************************************
The results of running the Kmeans method 20 times and the report of maximum of 20 runs

k1 = 80 : k2 = 20 : best max_acc = 44.869565217391305 
k1 = 80 : k2 = 20 : best max_nmi = 63.66472200137713 


The results of running the Kmeans method 20 times and the report of average of 20 runs

k1 = 80 :  k2 = 20 : avg_acc = 41.702517162471395 
k1 = 80 :  k2 = 20 : avg_nmi = 60.5547138195083  
**********************************************************************************************************
**********************************************************************************************************
The results of running the Kmeans method 20 times and the report of maximum of 20 runs

k1 = 80 : k2 = 30 : best max_acc = 52.0 
k1 = 80 : k2 = 30 : best max_nmi = 67.43456060512096 


The results of running the Kmeans method 20 times and the report of average of 20 runs

k1 = 80 :  k2 = 30 : avg_acc = 43.38672768878718 
k1 = 80 :  k2 = 30 : avg_nmi = 59.864720306057  
**********************************************************************************************************
**********************************************************************************************************
The results of running the Kmeans method 20 times and the report of maximum of 20 runs

k1 = 80 : k2 = 40 : best max_acc = 45.21739130434783 
k1 = 80 : k2 = 40 : best max_nmi = 60.39715085071795 


The results of running the Kmeans method 20 times and the report of average of 20 runs

k1 = 80 :  k2 = 40 : avg_acc = 39.505720823798626 
k1 = 80 :  k2 = 40 : avg_nmi = 56.21018280120748  
**********************************************************************************************************
**********************************************************************************************************
The results of running the Kmeans method 20 times and the report of maximum of 20 runs

k1 = 80 : k2 = 50 : best max_acc = 47.82608695652174 
k1 = 80 : k2 = 50 : best max_nmi = 58.54684548133737 


The results of running the Kmeans method 20 times and the report of average of 20 runs

k1 = 80 :  k2 = 50 : avg_acc = 40.37528604118993 
k1 = 80 :  k2 = 50 : avg_nmi = 55.03701005018684  
**********************************************************************************************************
**********************************************************************************************************
The results of running the Kmeans method 20 times and the report of maximum of 20 runs

k1 = 80 : k2 = 60 : best max_acc = 41.04347826086956 
k1 = 80 : k2 = 60 : best max_nmi = 52.70945123139816 


The results of running the Kmeans method 20 times and the report of average of 20 runs

k1 = 80 :  k2 = 60 : avg_acc = 36.44851258581235 
k1 = 80 :  k2 = 60 : avg_nmi = 49.43941984951899  
**********************************************************************************************************
**********************************************************************************************************
The results of running the Kmeans method 20 times and the report of maximum of 20 runs

k1 = 80 : k2 = 70 : best max_acc = 37.73913043478261 
k1 = 80 : k2 = 70 : best max_nmi = 48.48662417128564 


The results of running the Kmeans method 20 times and the report of average of 20 runs

k1 = 80 :  k2 = 70 : avg_acc = 33.66590389016018 
k1 = 80 :  k2 = 70 : avg_nmi = 43.268345507717264  
**********************************************************************************************************
**********************************************************************************************************
The results of running the Kmeans method 20 times and the report of maximum of 20 runs

k1 = 100 : k2 = 10 : best max_acc = 41.21739130434783 
k1 = 100 : k2 = 10 : best max_nmi = 57.75502477180605 


The results of running the Kmeans method 20 times and the report of average of 20 runs

k1 = 100 :  k2 = 10 : avg_acc = 38.79176201372998 
k1 = 100 :  k2 = 10 : avg_nmi = 55.813736690043946  
**********************************************************************************************************
**********************************************************************************************************
The results of running the Kmeans method 20 times and the report of maximum of 20 runs

k1 = 100 : k2 = 20 : best max_acc = 45.73913043478261 
k1 = 100 : k2 = 20 : best max_nmi = 62.97650549295177 


The results of running the Kmeans method 20 times and the report of average of 20 runs

k1 = 100 :  k2 = 20 : avg_acc = 42.51716247139588 
k1 = 100 :  k2 = 20 : avg_nmi = 59.13833918939159  
**********************************************************************************************************
**********************************************************************************************************
The results of running the Kmeans method 20 times and the report of maximum of 20 runs

k1 = 100 : k2 = 30 : best max_acc = 45.565217391304344 
k1 = 100 : k2 = 30 : best max_nmi = 61.52203208280339 


The results of running the Kmeans method 20 times and the report of average of 20 runs

k1 = 100 :  k2 = 30 : avg_acc = 40.98855835240275 
k1 = 100 :  k2 = 30 : avg_nmi = 58.2183116610384  
**********************************************************************************************************
**********************************************************************************************************
The results of running the Kmeans method 20 times and the report of maximum of 20 runs

k1 = 100 : k2 = 40 : best max_acc = 44.0 
k1 = 100 : k2 = 40 : best max_nmi = 60.661341246608835 


The results of running the Kmeans method 20 times and the report of average of 20 runs

k1 = 100 :  k2 = 40 : avg_acc = 38.81006864988559 
k1 = 100 :  k2 = 40 : avg_nmi = 54.482032768901014  
**********************************************************************************************************
**********************************************************************************************************
The results of running the Kmeans method 20 times and the report of maximum of 20 runs

k1 = 100 : k2 = 50 : best max_acc = 41.21739130434783 
k1 = 100 : k2 = 50 : best max_nmi = 54.05393064397364 


The results of running the Kmeans method 20 times and the report of average of 20 runs

k1 = 100 :  k2 = 50 : avg_acc = 37.17162471395881 
k1 = 100 :  k2 = 50 : avg_nmi = 51.174093336054305  
**********************************************************************************************************
**********************************************************************************************************
The results of running the Kmeans method 20 times and the report of maximum of 20 runs

k1 = 100 : k2 = 60 : best max_acc = 41.391304347826086 
k1 = 100 : k2 = 60 : best max_nmi = 56.106599999584375 


The results of running the Kmeans method 20 times and the report of average of 20 runs

k1 = 100 :  k2 = 60 : avg_acc = 37.995423340961096 
k1 = 100 :  k2 = 60 : avg_nmi = 51.99899883786514  
**********************************************************************************************************
**********************************************************************************************************
The results of running the Kmeans method 20 times and the report of maximum of 20 runs

k1 = 100 : k2 = 70 : best max_acc = 39.65217391304348 
k1 = 100 : k2 = 70 : best max_nmi = 50.98782515414775 


The results of running the Kmeans method 20 times and the report of average of 20 runs

k1 = 100 :  k2 = 70 : avg_acc = 35.38672768878718 
k1 = 100 :  k2 = 70 : avg_nmi = 47.13209070915265  
**********************************************************************************************************
**********************************************************************************************************
The results of running the Kmeans method 20 times and the report of maximum of 20 runs

k1 = 120 : k2 = 10 : best max_acc = 41.21739130434783 
k1 = 120 : k2 = 10 : best max_nmi = 58.56181690381492 


The results of running the Kmeans method 20 times and the report of average of 20 runs

k1 = 120 :  k2 = 10 : avg_acc = 38.10526315789474 
k1 = 120 :  k2 = 10 : avg_nmi = 56.97057648901804  
**********************************************************************************************************
**********************************************************************************************************
The results of running the Kmeans method 20 times and the report of maximum of 20 runs

k1 = 120 : k2 = 20 : best max_acc = 44.0 
k1 = 120 : k2 = 20 : best max_nmi = 60.66449700740395 


The results of running the Kmeans method 20 times and the report of average of 20 runs

k1 = 120 :  k2 = 20 : avg_acc = 39.79862700228833 
k1 = 120 :  k2 = 20 : avg_nmi = 58.15656295121538  
**********************************************************************************************************
**********************************************************************************************************
The results of running the Kmeans method 20 times and the report of maximum of 20 runs

k1 = 120 : k2 = 30 : best max_acc = 44.0 
k1 = 120 : k2 = 30 : best max_nmi = 58.79109817406834 


The results of running the Kmeans method 20 times and the report of average of 20 runs

k1 = 120 :  k2 = 30 : avg_acc = 40.421052631578945 
k1 = 120 :  k2 = 30 : avg_nmi = 56.72595981727073  
**********************************************************************************************************
**********************************************************************************************************
The results of running the Kmeans method 20 times and the report of maximum of 20 runs

k1 = 120 : k2 = 40 : best max_acc = 43.826086956521735 
k1 = 120 : k2 = 40 : best max_nmi = 58.46470429522154 


The results of running the Kmeans method 20 times and the report of average of 20 runs

k1 = 120 :  k2 = 40 : avg_acc = 40.20137299771167 
k1 = 120 :  k2 = 40 : avg_nmi = 54.18676951087776  
**********************************************************************************************************
**********************************************************************************************************
The results of running the Kmeans method 20 times and the report of maximum of 20 runs

k1 = 120 : k2 = 50 : best max_acc = 42.26086956521739 
k1 = 120 : k2 = 50 : best max_nmi = 56.220662919613204 


The results of running the Kmeans method 20 times and the report of average of 20 runs

k1 = 120 :  k2 = 50 : avg_acc = 37.089244851258584 
k1 = 120 :  k2 = 50 : avg_nmi = 50.64510678414799  
**********************************************************************************************************
**********************************************************************************************************
The results of running the Kmeans method 20 times and the report of maximum of 20 runs

k1 = 120 : k2 = 60 : best max_acc = 41.04347826086956 
k1 = 120 : k2 = 60 : best max_nmi = 53.4778057702592 


The results of running the Kmeans method 20 times and the report of average of 20 runs

k1 = 120 :  k2 = 60 : avg_acc = 37.57437070938215 
k1 = 120 :  k2 = 60 : avg_nmi = 49.9208283906072  
**********************************************************************************************************
**********************************************************************************************************
The results of running the Kmeans method 20 times and the report of maximum of 20 runs

k1 = 120 : k2 = 70 : best max_acc = 36.173913043478265 
k1 = 120 : k2 = 70 : best max_nmi = 47.071913730066036 


The results of running the Kmeans method 20 times and the report of average of 20 runs

k1 = 120 :  k2 = 70 : avg_acc = 33.18993135011441 
k1 = 120 :  k2 = 70 : avg_nmi = 44.47980716368767  
**********************************************************************************************************
**********************************************************************************************************
The results of running the Kmeans method 20 times and the report of maximum of 20 runs

k1 = 200 : k2 = 10 : best max_acc = 42.78260869565217 
k1 = 200 : k2 = 10 : best max_nmi = 58.33250865153947 


The results of running the Kmeans method 20 times and the report of average of 20 runs

k1 = 200 :  k2 = 10 : avg_acc = 40.51258581235698 
k1 = 200 :  k2 = 10 : avg_nmi = 56.66921738007045  
**********************************************************************************************************
**********************************************************************************************************
The results of running the Kmeans method 20 times and the report of maximum of 20 runs

k1 = 200 : k2 = 20 : best max_acc = 46.43478260869565 
k1 = 200 : k2 = 20 : best max_nmi = 66.0810156396116 


The results of running the Kmeans method 20 times and the report of average of 20 runs

k1 = 200 :  k2 = 20 : avg_acc = 43.78947368421053 
k1 = 200 :  k2 = 20 : avg_nmi = 63.06905185591272  
**********************************************************************************************************
**********************************************************************************************************
The results of running the Kmeans method 20 times and the report of maximum of 20 runs

k1 = 200 : k2 = 30 : best max_acc = 50.08695652173913 
k1 = 200 : k2 = 30 : best max_nmi = 63.72946817548778 


The results of running the Kmeans method 20 times and the report of average of 20 runs

k1 = 200 :  k2 = 30 : avg_acc = 44.69565217391305 
k1 = 200 :  k2 = 30 : avg_nmi = 60.18659089450341  
**********************************************************************************************************
**********************************************************************************************************
The results of running the Kmeans method 20 times and the report of maximum of 20 runs

k1 = 200 : k2 = 40 : best max_acc = 44.34782608695652 
k1 = 200 : k2 = 40 : best max_nmi = 57.50044594188234 


The results of running the Kmeans method 20 times and the report of average of 20 runs

k1 = 200 :  k2 = 40 : avg_acc = 39.1487414187643 
k1 = 200 :  k2 = 40 : avg_nmi = 54.47505226266518  
**********************************************************************************************************
**********************************************************************************************************
The results of running the Kmeans method 20 times and the report of maximum of 20 runs

k1 = 200 : k2 = 50 : best max_acc = 41.73913043478261 
k1 = 200 : k2 = 50 : best max_nmi = 53.108884215348006 


The results of running the Kmeans method 20 times and the report of average of 20 runs

k1 = 200 :  k2 = 50 : avg_acc = 37.977116704805496 
k1 = 200 :  k2 = 50 : avg_nmi = 50.61591875827028  
**********************************************************************************************************
**********************************************************************************************************
The results of running the Kmeans method 20 times and the report of maximum of 20 runs

k1 = 200 : k2 = 60 : best max_acc = 40.0 
k1 = 200 : k2 = 60 : best max_nmi = 53.46119268709513 


The results of running the Kmeans method 20 times and the report of average of 20 runs

k1 = 200 :  k2 = 60 : avg_acc = 36.06407322654462 
k1 = 200 :  k2 = 60 : avg_nmi = 48.542042371586355  
**********************************************************************************************************
**********************************************************************************************************
The results of running the Kmeans method 20 times and the report of maximum of 20 runs

k1 = 200 : k2 = 70 : best max_acc = 38.43478260869565 
k1 = 200 : k2 = 70 : best max_nmi = 47.113674603027675 


The results of running the Kmeans method 20 times and the report of average of 20 runs

k1 = 200 :  k2 = 70 : avg_acc = 33.97711670480549 
k1 = 200 :  k2 = 70 : avg_nmi = 44.49390317993687  
**********************************************************************************************************
done!
