Model : DGONMF
Dataset : umist
max iterations : 100
myeps_1 : 1e-12
myeps_2 : 1e-10
The results of running the Kmeans method 20 times and the report of maximum of 20 runs
##################################################################################################
 k1 = 80 : k2 = 10 
 Max ACC : 80.8695652173913, with (alpha, beta) = (0.1, 0.01)
 Max NMI : 87.60303950652862, with (alpha, beta) = (0.1, 0.01)
 Reconstruction Error : 9.623408652162928
 Max Silhoutter score : 0.405414193051436, with (alpha, beta) = (0.1, 0.01)
 Max Dunn's Index score : 0.10461358109517598, with (alpha, beta) = (10.0, 1)
 Min David Bouldin score : 1.1256906035147425, with (alpha, beta) = (0.1, 0.01)
##################################################################################################
##################################################################################################
 k1 = 80 : k2 = 20 
 Max ACC : 91.82608695652173, with (alpha, beta) = (0.1, 0.01)
 Max NMI : 96.23994298657226, with (alpha, beta) = (0.1, 0.01)
 Reconstruction Error : 11.72555510773131
 Max Silhoutter score : 0.4208427607421653, with (alpha, beta) = (0.1, 0.01)
 Max Dunn's Index score : 0.22902262302616344, with (alpha, beta) = (0.1, 0.01)
 Min David Bouldin score : 1.320658782147113, with (alpha, beta) = (0.1, 0.01)
##################################################################################################
##################################################################################################
 k1 = 80 : k2 = 30 
 Max ACC : 68.52173913043478, with (alpha, beta) = (10.0, 0.01)
 Max NMI : 78.84641760685487, with (alpha, beta) = (10.0, 0.01)
 Reconstruction Error : 13.115726032692095
 Max Silhoutter score : 0.27037252856362237, with (alpha, beta) = (10.0, 0.01)
 Max Dunn's Index score : 0.23518136474821025, with (alpha, beta) = (0.01, 0.01)
 Min David Bouldin score : 1.4264895649099882, with (alpha, beta) = (0.01, 1)
##################################################################################################
##################################################################################################
 k1 = 80 : k2 = 40 
 Max ACC : 66.95652173913044, with (alpha, beta) = (10.0, 0.1)
 Max NMI : 79.95873440200803, with (alpha, beta) = (10.0, 0.1)
 Reconstruction Error : 15.400945935426895
 Max Silhoutter score : 0.28017995463568834, with (alpha, beta) = (0.001, 0.1)
 Max Dunn's Index score : 0.2377637690541008, with (alpha, beta) = (10.0, 0.1)
 Min David Bouldin score : 1.4196933924741773, with (alpha, beta) = (0.001, 0.1)
##################################################################################################
##################################################################################################
 k1 = 80 : k2 = 50 
 Max ACC : 65.91304347826087, with (alpha, beta) = (10.0, 1)
 Max NMI : 78.67075733553582, with (alpha, beta) = (10.0, 1)
 Reconstruction Error : 16.168064585266173
 Max Silhoutter score : 0.41362752596970037, with (alpha, beta) = (10.0, 0.1)
 Max Dunn's Index score : 0.19140309547057335, with (alpha, beta) = (10.0, 1)
 Min David Bouldin score : 1.496856416346334, with (alpha, beta) = (10.0, 0.1)
##################################################################################################
##################################################################################################
 k1 = 80 : k2 = 60 
 Max ACC : 53.04347826086957, with (alpha, beta) = (10.0, 0.1)
 Max NMI : 62.79525028876763, with (alpha, beta) = (0.1, 0.1)
 Reconstruction Error : 17.964298148794374
 Max Silhoutter score : 0.5372475852713585, with (alpha, beta) = (0.01, 1)
 Max Dunn's Index score : 0.13684007691473044, with (alpha, beta) = (0.01, 0.01)
 Min David Bouldin score : 1.5054786470123727, with (alpha, beta) = (0.01, 1)
##################################################################################################
##################################################################################################
 k1 = 80 : k2 = 70 
 Max ACC : 52.69565217391305, with (alpha, beta) = (10.0, 1)
 Max NMI : 63.672254544708174, with (alpha, beta) = (10.0, 1)
 Reconstruction Error : 18.227203049350607
 Max Silhoutter score : 0.3402782866392893, with (alpha, beta) = (0.001, 0.1)
 Max Dunn's Index score : 0.10541082024858428, with (alpha, beta) = (0.01, 0.01)
 Min David Bouldin score : 1.5535694513602025, with (alpha, beta) = (0.001, 0.1)
##################################################################################################
The results of running the Kmeans method 20 times and the average of 20 runs
##################################################################################################
 k1 = 80 : k2 = 10
 Avg ACC : 75.24942791762014, with (alpha, beta) = (0.1, 0.01)
 Avg NMI : 85.78214216813676, with (alpha, beta) = (0.1, 0.01)
 Reconstruction Error : 9.623408652162928
 Avg Silhoutte score : 0.39613722392393297, with (alpha, beta) = (0.1, 0.01)
 Avg Dunn's Index score : 0.10461358109517598, with (alpha, beta) = (10.0, 1)
 Avg David Bouldin score : 1.0260494485619467, with (alpha, beta) = (0.1, 0.01)
##################################################################################################
##################################################################################################
 k1 = 80 : k2 = 20
 Avg ACC : 87.90846681922197, with (alpha, beta) = (0.1, 0.01)
 Avg NMI : 93.80479896661764, with (alpha, beta) = (0.1, 0.01)
 Reconstruction Error : 11.72555510773131
 Avg Silhoutte score : 0.41047312665019575, with (alpha, beta) = (0.1, 0.01)
 Avg Dunn's Index score : 0.22902262302616344, with (alpha, beta) = (0.1, 0.01)
 Avg David Bouldin score : 1.1410035561554954, with (alpha, beta) = (0.1, 0.01)
##################################################################################################
##################################################################################################
 k1 = 80 : k2 = 30
 Avg ACC : 60.74141876430206, with (alpha, beta) = (10.0, 0.01)
 Avg NMI : 76.38997183712183, with (alpha, beta) = (10.0, 0.01)
 Reconstruction Error : 13.115726032692095
 Avg Silhoutte score : 0.25689522510711443, with (alpha, beta) = (10.0, 0.01)
 Avg Dunn's Index score : 0.23518136474821025, with (alpha, beta) = (0.01, 0.01)
 Avg David Bouldin score : 1.4078004283418624, with (alpha, beta) = (0.01, 1)
##################################################################################################
##################################################################################################
 k1 = 80 : k2 = 40
 Avg ACC : 60.67734553775744, with (alpha, beta) = (10.0, 0.1)
 Avg NMI : 75.23793248252525, with (alpha, beta) = (10.0, 0.1)
 Reconstruction Error : 15.400945935426895
 Avg Silhoutte score : 0.2658881193211392, with (alpha, beta) = (0.001, 0.1)
 Avg Dunn's Index score : 0.2377637690541008, with (alpha, beta) = (10.0, 0.1)
 Avg David Bouldin score : 1.0368744970450985, with (alpha, beta) = (0.001, 0.1)
##################################################################################################
##################################################################################################
 k1 = 80 : k2 = 50
 Avg ACC : 61.20823798627002, with (alpha, beta) = (10.0, 1)
 Avg NMI : 75.13351998341915, with (alpha, beta) = (10.0, 1)
 Reconstruction Error : 16.168064585266173
 Avg Silhoutte score : 0.4031922502897761, with (alpha, beta) = (10.0, 0.1)
 Avg Dunn's Index score : 0.19140309547057335, with (alpha, beta) = (10.0, 1)
 Avg David Bouldin score : 0.8032796063354298, with (alpha, beta) = (10.0, 0.1)
##################################################################################################
##################################################################################################
 k1 = 80 : k2 = 60
 Avg ACC : 49.59267734553776, with (alpha, beta) = (10.0, 0.1)
 Avg NMI : 59.48993285998885, with (alpha, beta) = (10.0, 0.1)
 Reconstruction Error : 17.964298148794374
 Avg Silhoutte score : 0.5190060105103946, with (alpha, beta) = (0.01, 1)
 Avg Dunn's Index score : 0.13684007691473044, with (alpha, beta) = (0.01, 0.01)
 Avg David Bouldin score : 0.5051594144056465, with (alpha, beta) = (0.01, 1)
##################################################################################################
##################################################################################################
 k1 = 80 : k2 = 70
 Avg ACC : 46.453089244851256, with (alpha, beta) = (10.0, 1)
 Avg NMI : 61.25341186374685, with (alpha, beta) = (10.0, 1)
 Reconstruction Error : 18.227203049350607
 Avg Silhoutte score : 0.29133107737106884, with (alpha, beta) = (0.001, 0.1)
 Avg Dunn's Index score : 0.10541082024858428, with (alpha, beta) = (0.01, 0.01)
 Avg David Bouldin score : 0.8514539009596842, with (alpha, beta) = (0.001, 0.1)
##################################################################################################
The results of running the Kmeans method 20 times and the report of maximum of 20 runs
##################################################################################################
 k1 = 100 : k2 = 10 
 Max ACC : 96.0, with (alpha, beta) = (10.0, 0.1)
 Max NMI : 95.14698337647667, with (alpha, beta) = (10.0, 0.1)
 Reconstruction Error : 10.675581599833047
 Max Silhoutter score : 0.619810654683765, with (alpha, beta) = (10.0, 0.1)
 Max Dunn's Index score : 0.21470540079437425, with (alpha, beta) = (10.0, 0.1)
 Min David Bouldin score : 1.1646348729059341, with (alpha, beta) = (10.0, 0.1)
##################################################################################################
##################################################################################################
 k1 = 100 : k2 = 20 
 Max ACC : 98.43478260869564, with (alpha, beta) = (0.1, 0.01)
 Max NMI : 97.92580903961066, with (alpha, beta) = (0.1, 0.01)
 Reconstruction Error : 12.142786615955394
 Max Silhoutter score : 0.5359641661885018, with (alpha, beta) = (0.1, 0.01)
 Max Dunn's Index score : 0.1640261936334014, with (alpha, beta) = (0.01, 0.01)
 Min David Bouldin score : 1.3234841336444885, with (alpha, beta) = (0.1, 0.01)
##################################################################################################
##################################################################################################
 k1 = 100 : k2 = 30 
 Max ACC : 69.21739130434783, with (alpha, beta) = (10.0, 0.01)
 Max NMI : 80.51045714621053, with (alpha, beta) = (10.0, 0.01)
 Reconstruction Error : 13.90928211432644
 Max Silhoutter score : 0.25547013803015833, with (alpha, beta) = (10.0, 1)
 Max Dunn's Index score : 0.24930746031082154, with (alpha, beta) = (10.0, 0.01)
 Min David Bouldin score : 1.4158534202057969, with (alpha, beta) = (10.0, 0.1)
##################################################################################################
##################################################################################################
 k1 = 100 : k2 = 40 
 Max ACC : 63.65217391304348, with (alpha, beta) = (10.0, 0.01)
 Max NMI : 78.86221347545407, with (alpha, beta) = (10.0, 0.01)
 Reconstruction Error : 15.281478828565865
 Max Silhoutter score : 0.24419827296988056, with (alpha, beta) = (0.1, 1)
 Max Dunn's Index score : 0.18953077054600212, with (alpha, beta) = (0.01, 0.01)
 Min David Bouldin score : 1.5142102369700114, with (alpha, beta) = (0.001, 0.1)
##################################################################################################
##################################################################################################
 k1 = 100 : k2 = 50 
 Max ACC : 62.95652173913043, with (alpha, beta) = (0.1, 0.01)
 Max NMI : 73.9223803405144, with (alpha, beta) = (0.1, 0.01)
 Reconstruction Error : 18.272435897902778
 Max Silhoutter score : 0.37041472527192587, with (alpha, beta) = (0.1, 0.1)
 Max Dunn's Index score : 0.24301623734272962, with (alpha, beta) = (0.1, 0.01)
 Min David Bouldin score : 1.5676820270751024, with (alpha, beta) = (0.001, 0.1)
##################################################################################################
##################################################################################################
 k1 = 100 : k2 = 60 
 Max ACC : 62.60869565217392, with (alpha, beta) = (10.0, 1)
 Max NMI : 70.39188218380585, with (alpha, beta) = (10.0, 0.01)
 Reconstruction Error : 17.37210180602592
 Max Silhoutter score : 0.3152217391242599, with (alpha, beta) = (0.001, 0.1)
 Max Dunn's Index score : 0.2162241254190955, with (alpha, beta) = (10.0, 0.01)
 Min David Bouldin score : 0.964750243069884, with (alpha, beta) = (0.001, 0.1)
##################################################################################################
##################################################################################################
 k1 = 100 : k2 = 70 
 Max ACC : 75.82608695652175, with (alpha, beta) = (10.0, 0.1)
 Max NMI : 82.42400914376056, with (alpha, beta) = (10.0, 0.1)
 Reconstruction Error : 19.54897691836096
 Max Silhoutter score : 0.5372210674452979, with (alpha, beta) = (0.001, 0.01)
 Max Dunn's Index score : 0.2865222269085639, with (alpha, beta) = (10.0, 1)
 Min David Bouldin score : 0.5159152431276728, with (alpha, beta) = (0.001, 0.01)
##################################################################################################
The results of running the Kmeans method 20 times and the average of 20 runs
##################################################################################################
 k1 = 100 : k2 = 10
 Avg ACC : 94.91075514874142, with (alpha, beta) = (10.0, 0.1)
 Avg NMI : 94.39737466504944, with (alpha, beta) = (10.0, 0.1)
 Reconstruction Error : 10.675581599833047
 Avg Silhoutte score : 0.6166251723255494, with (alpha, beta) = (10.0, 0.1)
 Avg Dunn's Index score : 0.21470540079437425, with (alpha, beta) = (10.0, 0.1)
 Avg David Bouldin score : 0.6368713735496521, with (alpha, beta) = (10.0, 0.1)
##################################################################################################
##################################################################################################
 k1 = 100 : k2 = 20
 Avg ACC : 94.71853546910755, with (alpha, beta) = (0.1, 0.01)
 Avg NMI : 96.98973902389814, with (alpha, beta) = (0.1, 0.01)
 Reconstruction Error : 12.142786615955394
 Avg Silhoutte score : 0.5244058314372974, with (alpha, beta) = (0.1, 0.01)
 Avg Dunn's Index score : 0.1640261936334014, with (alpha, beta) = (0.01, 0.01)
 Avg David Bouldin score : 0.8360573100040513, with (alpha, beta) = (0.1, 0.01)
##################################################################################################
##################################################################################################
 k1 = 100 : k2 = 30
 Avg ACC : 63.33180778032037, with (alpha, beta) = (10.0, 0.01)
 Avg NMI : 74.18291210206749, with (alpha, beta) = (10.0, 0.01)
 Reconstruction Error : 13.90928211432644
 Avg Silhoutte score : 0.24186135807636402, with (alpha, beta) = (0.001, 0.01)
 Avg Dunn's Index score : 0.24930746031082154, with (alpha, beta) = (10.0, 0.01)
 Avg David Bouldin score : 1.3517343395066377, with (alpha, beta) = (10.0, 0.1)
##################################################################################################
##################################################################################################
 k1 = 100 : k2 = 40
 Avg ACC : 58.70022883295194, with (alpha, beta) = (10.0, 0.01)
 Avg NMI : 75.2057185946794, with (alpha, beta) = (10.0, 0.01)
 Reconstruction Error : 15.281478828565865
 Avg Silhoutte score : 0.23653350010587632, with (alpha, beta) = (0.1, 1)
 Avg Dunn's Index score : 0.18953077054600212, with (alpha, beta) = (0.01, 0.01)
 Avg David Bouldin score : 1.218571421075941, with (alpha, beta) = (0.001, 0.1)
##################################################################################################
##################################################################################################
 k1 = 100 : k2 = 50
 Avg ACC : 58.34324942791762, with (alpha, beta) = (0.1, 0.01)
 Avg NMI : 71.57040118197455, with (alpha, beta) = (0.1, 0.01)
 Reconstruction Error : 18.272435897902778
 Avg Silhoutte score : 0.33591997604361207, with (alpha, beta) = (0.001, 0.1)
 Avg Dunn's Index score : 0.24301623734272962, with (alpha, beta) = (0.1, 0.01)
 Avg David Bouldin score : 0.5813986892215837, with (alpha, beta) = (0.001, 0.1)
##################################################################################################
##################################################################################################
 k1 = 100 : k2 = 60
 Avg ACC : 56.70480549199085, with (alpha, beta) = (10.0, 1)
 Avg NMI : 66.82555246928874, with (alpha, beta) = (10.0, 1)
 Reconstruction Error : 17.37210180602592
 Avg Silhoutte score : 0.2881896006389702, with (alpha, beta) = (0.001, 0.1)
 Avg Dunn's Index score : 0.2162241254190955, with (alpha, beta) = (10.0, 0.01)
 Avg David Bouldin score : 0.979950614170107, with (alpha, beta) = (0.001, 0.1)
##################################################################################################
##################################################################################################
 k1 = 100 : k2 = 70
 Avg ACC : 63.743707093821506, with (alpha, beta) = (10.0, 0.1)
 Avg NMI : 75.11219116069957, with (alpha, beta) = (10.0, 0.1)
 Reconstruction Error : 19.54897691836096
 Avg Silhoutte score : 0.521811636352767, with (alpha, beta) = (0.001, 0.01)
 Avg Dunn's Index score : 0.2865222269085639, with (alpha, beta) = (10.0, 1)
 Avg David Bouldin score : 0.5322495199434286, with (alpha, beta) = (0.001, 0.01)
##################################################################################################
The results of running the Kmeans method 20 times and the report of maximum of 20 runs
##################################################################################################
 k1 = 120 : k2 = 10 
 Max ACC : 91.65217391304348, with (alpha, beta) = (0.1, 0.01)
 Max NMI : 91.30256552736627, with (alpha, beta) = (0.1, 0.01)
 Reconstruction Error : 15.01399024877044
 Max Silhoutter score : 0.5624081469593917, with (alpha, beta) = (10.0, 0.01)
 Max Dunn's Index score : 0.1445286292929454, with (alpha, beta) = (0.1, 0.01)
 Min David Bouldin score : 1.1730310293883914, with (alpha, beta) = (10.0, 0.01)
##################################################################################################
##################################################################################################
 k1 = 120 : k2 = 20 
 Max ACC : 62.78260869565217, with (alpha, beta) = (0.01, 0.01)
 Max NMI : 77.25587980888126, with (alpha, beta) = (0.01, 0.01)
 Reconstruction Error : 15.777757070688487
 Max Silhoutter score : 0.27248712643856243, with (alpha, beta) = (0.01, 0.01)
 Max Dunn's Index score : 0.15578246114801614, with (alpha, beta) = (0.1, 0.01)
 Min David Bouldin score : 1.407669192039035, with (alpha, beta) = (0.001, 0.1)
##################################################################################################
##################################################################################################
 k1 = 120 : k2 = 30 
 Max ACC : 53.391304347826086, with (alpha, beta) = (10.0, 1)
 Max NMI : 63.68691311007907, with (alpha, beta) = (10.0, 1)
 Reconstruction Error : 17.97154693731129
 Max Silhoutter score : 0.35575570708046333, with (alpha, beta) = (0.001, 0.01)
 Max Dunn's Index score : 0.13307257715363782, with (alpha, beta) = (0.01, 0.01)
 Min David Bouldin score : 0.8062441161015752, with (alpha, beta) = (0.001, 0.1)
##################################################################################################
##################################################################################################
 k1 = 120 : k2 = 40 
 Max ACC : 55.30434782608695, with (alpha, beta) = (0.1, 0.01)
 Max NMI : 66.90486766021894, with (alpha, beta) = (0.1, 0.01)
 Reconstruction Error : 18.326039308054874
 Max Silhoutter score : 0.26281187648696636, with (alpha, beta) = (0.01, 1)
 Max Dunn's Index score : 0.2052459142164737, with (alpha, beta) = (0.01, 0.01)
 Min David Bouldin score : 1.4094566065205005, with (alpha, beta) = (0.01, 1)
##################################################################################################
##################################################################################################
 k1 = 120 : k2 = 50 
 Max ACC : 47.30434782608695, with (alpha, beta) = (10.0, 1)
 Max NMI : 58.63458455174367, with (alpha, beta) = (10.0, 1)
 Reconstruction Error : 18.733512418309857
 Max Silhoutter score : 0.2990781106739675, with (alpha, beta) = (0.01, 1)
 Max Dunn's Index score : 0.14874740281144586, with (alpha, beta) = (10.0, 1)
 Min David Bouldin score : 1.5410030676717752, with (alpha, beta) = (0.01, 1)
##################################################################################################
##################################################################################################
 k1 = 120 : k2 = 60 
 Max ACC : 44.869565217391305, with (alpha, beta) = (10.0, 0.01)
 Max NMI : 54.94710552710842, with (alpha, beta) = (10.0, 0.01)
 Reconstruction Error : 18.74636153353865
 Max Silhoutter score : 0.49389872422913217, with (alpha, beta) = (10.0, 1)
 Max Dunn's Index score : 0.10447871291024943, with (alpha, beta) = (0.01, 0.01)
 Min David Bouldin score : 1.460033288070432, with (alpha, beta) = (10.0, 1)
##################################################################################################
##################################################################################################
 k1 = 120 : k2 = 70 
 Max ACC : 39.82608695652174, with (alpha, beta) = (10.0, 0.1)
 Max NMI : 51.4996163571224, with (alpha, beta) = (10.0, 1)
 Reconstruction Error : 19.740942972842983
 Max Silhoutter score : 0.32386303286728196, with (alpha, beta) = (0.01, 0.1)
 Max Dunn's Index score : 0.08409774081786282, with (alpha, beta) = (0.1, 0.01)
 Min David Bouldin score : 1.3369325309504116, with (alpha, beta) = (0.1, 1)
##################################################################################################
The results of running the Kmeans method 20 times and the average of 20 runs
##################################################################################################
 k1 = 120 : k2 = 10
 Avg ACC : 90.01372997711671, with (alpha, beta) = (0.1, 0.01)
 Avg NMI : 90.39645106945737, with (alpha, beta) = (0.1, 0.01)
 Reconstruction Error : 15.01399024877044
 Avg Silhoutte score : 0.554697129892124, with (alpha, beta) = (10.0, 0.01)
 Avg Dunn's Index score : 0.1445286292929454, with (alpha, beta) = (0.1, 0.01)
 Avg David Bouldin score : 0.8211503313229724, with (alpha, beta) = (10.0, 0.01)
##################################################################################################
##################################################################################################
 k1 = 120 : k2 = 20
 Avg ACC : 58.215102974828376, with (alpha, beta) = (0.01, 0.01)
 Avg NMI : 74.6396952646867, with (alpha, beta) = (0.01, 0.01)
 Reconstruction Error : 15.777757070688487
 Avg Silhoutte score : 0.26542721135776454, with (alpha, beta) = (0.01, 0.01)
 Avg Dunn's Index score : 0.15578246114801614, with (alpha, beta) = (0.1, 0.01)
 Avg David Bouldin score : 1.268843568046543, with (alpha, beta) = (0.01, 1)
##################################################################################################
##################################################################################################
 k1 = 120 : k2 = 30
 Avg ACC : 48.75972540045767, with (alpha, beta) = (10.0, 1)
 Avg NMI : 60.57439761258459, with (alpha, beta) = (10.0, 1)
 Reconstruction Error : 17.97154693731129
 Avg Silhoutte score : 0.3337219773615726, with (alpha, beta) = (0.001, 0.01)
 Avg Dunn's Index score : 0.13307257715363782, with (alpha, beta) = (0.01, 0.01)
 Avg David Bouldin score : 0.7781561340644831, with (alpha, beta) = (0.001, 0.1)
##################################################################################################
##################################################################################################
 k1 = 120 : k2 = 40
 Avg ACC : 50.535469107551485, with (alpha, beta) = (0.1, 0.01)
 Avg NMI : 64.07147101652453, with (alpha, beta) = (0.1, 0.01)
 Reconstruction Error : 18.326039308054874
 Avg Silhoutte score : 0.25214918008448384, with (alpha, beta) = (0.01, 1)
 Avg Dunn's Index score : 0.2052459142164737, with (alpha, beta) = (0.01, 0.01)
 Avg David Bouldin score : 1.122131074021858, with (alpha, beta) = (0.01, 1)
##################################################################################################
##################################################################################################
 k1 = 120 : k2 = 50
 Avg ACC : 43.661327231121284, with (alpha, beta) = (10.0, 1)
 Avg NMI : 55.647876882521395, with (alpha, beta) = (10.0, 1)
 Reconstruction Error : 18.733512418309857
 Avg Silhoutte score : 0.28245123659067306, with (alpha, beta) = (0.01, 1)
 Avg Dunn's Index score : 0.14874740281144586, with (alpha, beta) = (10.0, 1)
 Avg David Bouldin score : 0.9330975989241651, with (alpha, beta) = (0.01, 1)
##################################################################################################
##################################################################################################
 k1 = 120 : k2 = 60
 Avg ACC : 41.382151029748286, with (alpha, beta) = (10.0, 0.01)
 Avg NMI : 50.94270892153623, with (alpha, beta) = (10.0, 0.01)
 Reconstruction Error : 18.74636153353865
 Avg Silhoutte score : 0.467074030343425, with (alpha, beta) = (10.0, 1)
 Avg Dunn's Index score : 0.10447871291024943, with (alpha, beta) = (0.01, 0.01)
 Avg David Bouldin score : 0.6370598879986501, with (alpha, beta) = (10.0, 1)
##################################################################################################
##################################################################################################
 k1 = 120 : k2 = 70
 Avg ACC : 37.30892448512586, with (alpha, beta) = (10.0, 0.1)
 Avg NMI : 49.47177272644337, with (alpha, beta) = (10.0, 1)
 Reconstruction Error : 19.740942972842983
 Avg Silhoutte score : 0.3137503058281878, with (alpha, beta) = (0.01, 0.1)
 Avg Dunn's Index score : 0.08409774081786282, with (alpha, beta) = (0.1, 0.01)
 Avg David Bouldin score : 0.7844484664757857, with (alpha, beta) = (0.1, 1)
##################################################################################################
The results of running the Kmeans method 20 times and the report of maximum of 20 runs
##################################################################################################
 k1 = 200 : k2 = 10 
 Max ACC : 43.130434782608695, with (alpha, beta) = (0.1, 0.1)
 Max NMI : 54.501472469623046, with (alpha, beta) = (0.1, 0.1)
 Reconstruction Error : 16.506428443992153
 Max Silhoutter score : 0.3284311520943348, with (alpha, beta) = (0.001, 0.1)
 Max Dunn's Index score : 0.06633090590103968, with (alpha, beta) = (0.1, 0.1)
 Min David Bouldin score : 0.8382434174831488, with (alpha, beta) = (0.001, 0.1)
##################################################################################################
##################################################################################################
 k1 = 200 : k2 = 20 
 Max ACC : 41.391304347826086, with (alpha, beta) = (10.0, 0.1)
 Max NMI : 48.894752416484714, with (alpha, beta) = (10.0, 0.1)
 Reconstruction Error : 17.01388655808247
 Max Silhoutter score : 0.36528831024103525, with (alpha, beta) = (0.1, 1)
 Max Dunn's Index score : 0.10415675949995018, with (alpha, beta) = (10.0, 0.1)
 Min David Bouldin score : 1.220020022452966, with (alpha, beta) = (0.1, 1)
##################################################################################################
##################################################################################################
 k1 = 200 : k2 = 30 
 Max ACC : 38.608695652173914, with (alpha, beta) = (0.1, 0.01)
 Max NMI : 46.99377806743394, with (alpha, beta) = (0.1, 0.01)
 Reconstruction Error : 18.383912554113724
 Max Silhoutter score : 0.5069993237249638, with (alpha, beta) = (0.01, 0.01)
 Max Dunn's Index score : 0.0734973177850939, with (alpha, beta) = (0.1, 0.01)
 Min David Bouldin score : 1.1266597873826962, with (alpha, beta) = (0.01, 0.01)
##################################################################################################
##################################################################################################
 k1 = 200 : k2 = 40 
 Max ACC : 38.78260869565218, with (alpha, beta) = (10.0, 0.1)
 Max NMI : 47.91064815335158, with (alpha, beta) = (10.0, 0.1)
 Reconstruction Error : 18.335402442721538
 Max Silhoutter score : 0.29612308939116694, with (alpha, beta) = (10.0, 0.01)
 Max Dunn's Index score : 0.09893608411201284, with (alpha, beta) = (10.0, 0.1)
 Min David Bouldin score : 1.318605690505278, with (alpha, beta) = (10.0, 0.01)
##################################################################################################
##################################################################################################
 k1 = 200 : k2 = 50 
 Max ACC : 37.565217391304344, with (alpha, beta) = (10.0, 0.1)
 Max NMI : 46.34954215834715, with (alpha, beta) = (10.0, 1)
 Reconstruction Error : 19.73273012602189
 Max Silhoutter score : 0.395751493967654, with (alpha, beta) = (0.001, 0.1)
 Max Dunn's Index score : 0.0879923352496602, with (alpha, beta) = (10.0, 0.01)
 Min David Bouldin score : 1.3773902539895888, with (alpha, beta) = (0.001, 0.1)
##################################################################################################
##################################################################################################
 k1 = 200 : k2 = 60 
 Max ACC : 37.913043478260875, with (alpha, beta) = (10.0, 1)
 Max NMI : 43.61288372267633, with (alpha, beta) = (10.0, 1)
 Reconstruction Error : 19.83168878470697
 Max Silhoutter score : 0.3392927292954231, with (alpha, beta) = (0.01, 1)
 Max Dunn's Index score : 0.060101567724461576, with (alpha, beta) = (0.01, 0.01)
 Min David Bouldin score : 1.1924257466918264, with (alpha, beta) = (0.01, 1)
##################################################################################################
##################################################################################################
 k1 = 200 : k2 = 70 
 Max ACC : 39.65217391304348, with (alpha, beta) = (10.0, 1)
 Max NMI : 51.812460885291436, with (alpha, beta) = (10.0, 1)
 Reconstruction Error : 19.612997051662283
 Max Silhoutter score : 0.6645507645157522, with (alpha, beta) = (0.001, 0.01)
 Max Dunn's Index score : 0.1562938221510251, with (alpha, beta) = (10.0, 1)
 Min David Bouldin score : 0.4316051582862185, with (alpha, beta) = (0.001, 0.01)
##################################################################################################
The results of running the Kmeans method 20 times and the average of 20 runs
##################################################################################################
 k1 = 200 : k2 = 10
 Avg ACC : 39.514874141876426, with (alpha, beta) = (0.1, 0.1)
 Avg NMI : 51.25334928421698, with (alpha, beta) = (0.1, 0.1)
 Reconstruction Error : 16.506428443992153
 Avg Silhoutte score : 0.30253367082282706, with (alpha, beta) = (0.001, 0.01)
 Avg Dunn's Index score : 0.06633090590103968, with (alpha, beta) = (0.1, 0.1)
 Avg David Bouldin score : 0.8516158156980452, with (alpha, beta) = (0.001, 0.1)
##################################################################################################
##################################################################################################
 k1 = 200 : k2 = 20
 Avg ACC : 38.91990846681922, with (alpha, beta) = (10.0, 0.1)
 Avg NMI : 46.40152350429571, with (alpha, beta) = (10.0, 0.1)
 Reconstruction Error : 17.01388655808247
 Avg Silhoutte score : 0.32780833874404064, with (alpha, beta) = (0.1, 1)
 Avg Dunn's Index score : 0.10415675949995018, with (alpha, beta) = (10.0, 0.1)
 Avg David Bouldin score : 0.7316157574468858, with (alpha, beta) = (0.1, 1)
##################################################################################################
##################################################################################################
 k1 = 200 : k2 = 30
 Avg ACC : 36.47597254004577, with (alpha, beta) = (0.1, 0.01)
 Avg NMI : 45.40192425989783, with (alpha, beta) = (0.1, 0.01)
 Reconstruction Error : 18.383912554113724
 Avg Silhoutte score : 0.49853816996676265, with (alpha, beta) = (0.01, 0.01)
 Avg Dunn's Index score : 0.0734973177850939, with (alpha, beta) = (0.1, 0.01)
 Avg David Bouldin score : 0.5991479949124559, with (alpha, beta) = (0.01, 0.01)
##################################################################################################
##################################################################################################
 k1 = 200 : k2 = 40
 Avg ACC : 35.78032036613272, with (alpha, beta) = (10.0, 0.1)
 Avg NMI : 45.55377826428484, with (alpha, beta) = (10.0, 0.1)
 Reconstruction Error : 18.335402442721538
 Avg Silhoutte score : 0.2783140744599291, with (alpha, beta) = (10.0, 0.01)
 Avg Dunn's Index score : 0.09893608411201284, with (alpha, beta) = (10.0, 0.1)
 Avg David Bouldin score : 0.9715475279231354, with (alpha, beta) = (10.0, 0.01)
##################################################################################################
##################################################################################################
 k1 = 200 : k2 = 50
 Avg ACC : 34.64530892448513, with (alpha, beta) = (10.0, 0.1)
 Avg NMI : 44.00489626157984, with (alpha, beta) = (10.0, 0.1)
 Reconstruction Error : 19.73273012602189
 Avg Silhoutte score : 0.3746620020207402, with (alpha, beta) = (0.001, 0.1)
 Avg Dunn's Index score : 0.0879923352496602, with (alpha, beta) = (10.0, 0.01)
 Avg David Bouldin score : 0.6580529484417328, with (alpha, beta) = (0.001, 0.1)
##################################################################################################
##################################################################################################
 k1 = 200 : k2 = 60
 Avg ACC : 34.26086956521739, with (alpha, beta) = (10.0, 1)
 Avg NMI : 41.271855626427325, with (alpha, beta) = (10.0, 1)
 Reconstruction Error : 19.83168878470697
 Avg Silhoutte score : 0.32488821316721966, with (alpha, beta) = (0.01, 1)
 Avg Dunn's Index score : 0.060101567724461576, with (alpha, beta) = (0.01, 0.01)
 Avg David Bouldin score : 0.8872584800348644, with (alpha, beta) = (0.01, 1)
##################################################################################################
##################################################################################################
 k1 = 200 : k2 = 70
 Avg ACC : 35.75286041189931, with (alpha, beta) = (10.0, 1)
 Avg NMI : 48.509610050692515, with (alpha, beta) = (10.0, 1)
 Reconstruction Error : 19.612997051662283
 Avg Silhoutte score : 0.6588700327947185, with (alpha, beta) = (0.001, 0.01)
 Avg Dunn's Index score : 0.1562938221510251, with (alpha, beta) = (10.0, 1)
 Avg David Bouldin score : 0.44563128960104254, with (alpha, beta) = (0.001, 0.01)
##################################################################################################
Average no. of iterations for k2 = 10 : 1
Average no. of iterations for k2 = 20 : 1
Average no. of iterations for k2 = 30 : 1
Average no. of iterations for k2 = 40 : 1
Average no. of iterations for k2 = 50 : 1
Average no. of iterations for k2 = 60 : 1
Average no. of iterations for k2 = 70 : 1
Overall average no. of iterations : 9.571428571428571
#Done!
