Model : nsNMF
Dataset : Umist.mat
max iterations : 100
myeps_1 : 1e-12
myeps_2 : 1e-10
**********************************************************************************************************
The results of running the Kmeans method 20 times and the report of maximum of 20 runs

k = 10 : best max_acc = 37.913043478260875 , with nu = 0.1
k = 10 : best max_nmi = 56.373973909676565 , with nu = 0.1


The results of running the Kmeans method 20 times and the report of average of 20 runs

k = 10 : best avg_acc = 35.47826086956522 , with nu = 0.1 
k = 10 : best avg_nmi = 54.97867312063154 , with nu = 0.1 
**********************************************************************************************************
**********************************************************************************************************
The results of running the Kmeans method 20 times and the report of maximum of 20 runs

k = 20 : best max_acc = 41.56521739130435 , with nu = 0.01
k = 20 : best max_nmi = 58.02212855876999 , with nu = 0.01


The results of running the Kmeans method 20 times and the report of average of 20 runs

k = 20 : best avg_acc = 38.837528604118994 , with nu = 0.01 
k = 20 : best avg_nmi = 55.710743756095596 , with nu = 0.1 
**********************************************************************************************************
**********************************************************************************************************
The results of running the Kmeans method 20 times and the report of maximum of 20 runs

k = 30 : best max_acc = 44.869565217391305 , with nu = 0.1
k = 30 : best max_nmi = 62.765575979431134 , with nu = 0.1


The results of running the Kmeans method 20 times and the report of average of 20 runs

k = 30 : best avg_acc = 40.81464530892448 , with nu = 0.1 
k = 30 : best avg_nmi = 59.09961394422613 , with nu = 0.1 
**********************************************************************************************************
**********************************************************************************************************
The results of running the Kmeans method 20 times and the report of maximum of 20 runs

k = 40 : best max_acc = 42.608695652173914 , with nu = 0.001
k = 40 : best max_nmi = 57.44805376209974 , with nu = 0.001


The results of running the Kmeans method 20 times and the report of average of 20 runs

k = 40 : best avg_acc = 38.46224256292906 , with nu = 0.001 
k = 40 : best avg_nmi = 53.71437135899943 , with nu = 0.001 
**********************************************************************************************************
**********************************************************************************************************
The results of running the Kmeans method 20 times and the report of maximum of 20 runs

k = 50 : best max_acc = 27.304347826086957 , with nu = 0.1
k = 50 : best max_nmi = 34.0106487110191 , with nu = 0.1


The results of running the Kmeans method 20 times and the report of average of 20 runs

k = 50 : best avg_acc = 24.805491990846683 , with nu = 0.1 
k = 50 : best avg_nmi = 30.665094517155655 , with nu = 0.1 
**********************************************************************************************************
**********************************************************************************************************
The results of running the Kmeans method 20 times and the report of maximum of 20 runs

k = 60 : best max_acc = 24.173913043478258 , with nu = 0.1
k = 60 : best max_nmi = 29.153917314609334 , with nu = 0.1


The results of running the Kmeans method 20 times and the report of average of 20 runs

k = 60 : best avg_acc = 22.434782608695652 , with nu = 0.1 
k = 60 : best avg_nmi = 26.788768491269362 , with nu = 0.1 
**********************************************************************************************************
**********************************************************************************************************
The results of running the Kmeans method 20 times and the report of maximum of 20 runs

k = 70 : best max_acc = 15.478260869565217 , with nu = 0.1
k = 70 : best max_nmi = 17.136615083229124 , with nu = 0.1


The results of running the Kmeans method 20 times and the report of average of 20 runs

k = 70 : best avg_acc = 14.508009153318078 , with nu = 0.1 
k = 70 : best avg_nmi = 15.401359492095315 , with nu = 0.1 
**********************************************************************************************************
 Max iterations = 39, avg iterations = 2.7857142857142856
done
