Model : OGNMF
Dataset : Umist.mat
max iterations : 100
myeps_1 : 1e-12
myeps_2 : 1e-10
**********************************************************************************************************
The results of running the Kmeans method 20 times and the report of maximum of 20 runs

k = 10 : best max_acc = 41.21739130434783 , with parameters = (10.0, 0.1), k_knn = 3
k = 10 : best max_nmi = 59.92541616509154 , with parameters = (10.0, 0.1), k_knn = 3


The results of running the Kmeans method 20 times and the report of average of 20 runs

k = 10 : best avg_acc = 38.205949656750576 , with parameters = (10.0, 1), k_knn = 3
k = 10 : best avg_nmi = 58.22599332853465 , with parameters = (10.0, 0.1), k_knn = 3
**********************************************************************************************************
**********************************************************************************************************
The results of running the Kmeans method 20 times and the report of maximum of 20 runs

k = 20 : best max_acc = 43.65217391304348 , with parameters = (10.0, 0.1), k_knn = 3
k = 20 : best max_nmi = 59.6281198992675 , with parameters = (10.0, 0.1), k_knn = 3


The results of running the Kmeans method 20 times and the report of average of 20 runs

k = 20 : best avg_acc = 39.7162471395881 , with parameters = (10.0, 0.1), k_knn = 3
k = 20 : best avg_nmi = 57.45374233315739 , with parameters = (10.0, 0.1), k_knn = 3
**********************************************************************************************************
**********************************************************************************************************
The results of running the Kmeans method 20 times and the report of maximum of 20 runs

k = 30 : best max_acc = 44.52173913043478 , with parameters = (10.0, 0.01), k_knn = 3
k = 30 : best max_nmi = 61.82307615077393 , with parameters = (10.0, 0.1), k_knn = 3


The results of running the Kmeans method 20 times and the report of average of 20 runs

k = 30 : best avg_acc = 40.39359267734554 , with parameters = (10.0, 1), k_knn = 3
k = 30 : best avg_nmi = 59.44116134181454 , with parameters = (10.0, 1), k_knn = 3
**********************************************************************************************************
**********************************************************************************************************
The results of running the Kmeans method 20 times and the report of maximum of 20 runs

k = 40 : best max_acc = 46.26086956521739 , with parameters = (0.1, 0.01), k_knn = 3
k = 40 : best max_nmi = 65.48937538078997 , with parameters = (10.0, 1), k_knn = 3


The results of running the Kmeans method 20 times and the report of average of 20 runs

k = 40 : best avg_acc = 42.47139588100686 , with parameters = (10.0, 0.01), k_knn = 3
k = 40 : best avg_nmi = 61.171322434180745 , with parameters = (10.0, 1), k_knn = 3
**********************************************************************************************************
**********************************************************************************************************
The results of running the Kmeans method 20 times and the report of maximum of 20 runs

k = 50 : best max_acc = 45.391304347826086 , with parameters = (10.0, 1), k_knn = 3
k = 50 : best max_nmi = 64.06133683748891 , with parameters = (0.1, 0.01), k_knn = 3


The results of running the Kmeans method 20 times and the report of average of 20 runs

k = 50 : best avg_acc = 39.88100686498856 , with parameters = (10.0, 1), k_knn = 3
k = 50 : best avg_nmi = 60.141205260316966 , with parameters = (10.0, 1), k_knn = 3
**********************************************************************************************************
**********************************************************************************************************
The results of running the Kmeans method 20 times and the report of maximum of 20 runs

k = 60 : best max_acc = 45.73913043478261 , with parameters = (0.01, 0.1), k_knn = 3
k = 60 : best max_nmi = 62.900187276285635 , with parameters = (10.0, 0.1), k_knn = 3


The results of running the Kmeans method 20 times and the report of average of 20 runs

k = 60 : best avg_acc = 40.75057208237986 , with parameters = (0.1, 0.1), k_knn = 3
k = 60 : best avg_nmi = 59.68050172127962 , with parameters = (10.0, 1), k_knn = 3
**********************************************************************************************************
**********************************************************************************************************
The results of running the Kmeans method 20 times and the report of maximum of 20 runs

k = 70 : best max_acc = 49.391304347826086 , with parameters = (0.1, 1), k_knn = 3
k = 70 : best max_nmi = 66.5014528225031 , with parameters = (10.0, 1), k_knn = 3


The results of running the Kmeans method 20 times and the report of average of 20 runs

k = 70 : best avg_acc = 43.121281464530895 , with parameters = (10.0, 1), k_knn = 3
k = 70 : best avg_nmi = 62.44396878102259 , with parameters = (10.0, 1), k_knn = 3
**********************************************************************************************************
**********************************************************************************************************
The results of running the Kmeans method 20 times and the report of maximum of 20 runs

k = 10 : best max_acc = 44.869565217391305 , with parameters = (0.1, 0.01), k_knn = 5
k = 10 : best max_nmi = 63.37499146750615 , with parameters = (10.0, 1), k_knn = 5


The results of running the Kmeans method 20 times and the report of average of 20 runs

k = 10 : best avg_acc = 41.91304347826087 , with parameters = (10.0, 1), k_knn = 5
k = 10 : best avg_nmi = 60.960736305169256 , with parameters = (10.0, 1), k_knn = 5
**********************************************************************************************************
**********************************************************************************************************
The results of running the Kmeans method 20 times and the report of maximum of 20 runs

k = 20 : best max_acc = 44.52173913043478 , with parameters = (10.0, 0.01), k_knn = 5
k = 20 : best max_nmi = 62.65737949837887 , with parameters = (10.0, 0.01), k_knn = 5


The results of running the Kmeans method 20 times and the report of average of 20 runs

k = 20 : best avg_acc = 40.23798627002289 , with parameters = (10.0, 1), k_knn = 5
k = 20 : best avg_nmi = 60.2488687648681 , with parameters = (10.0, 1), k_knn = 5
**********************************************************************************************************
**********************************************************************************************************
The results of running the Kmeans method 20 times and the report of maximum of 20 runs

k = 30 : best max_acc = 42.95652173913043 , with parameters = (10.0, 0.01), k_knn = 5
k = 30 : best max_nmi = 61.640885682609124 , with parameters = (10.0, 0.01), k_knn = 5


The results of running the Kmeans method 20 times and the report of average of 20 runs

k = 30 : best avg_acc = 39.36842105263158 , with parameters = (10.0, 0.01), k_knn = 5
k = 30 : best avg_nmi = 58.36790577948877 , with parameters = (10.0, 0.1), k_knn = 5
**********************************************************************************************************
**********************************************************************************************************
The results of running the Kmeans method 20 times and the report of maximum of 20 runs

k = 40 : best max_acc = 45.391304347826086 , with parameters = (0.01, 1), k_knn = 5
k = 40 : best max_nmi = 62.9695546855668 , with parameters = (10.0, 1), k_knn = 5


The results of running the Kmeans method 20 times and the report of average of 20 runs

k = 40 : best avg_acc = 41.04347826086956 , with parameters = (10.0, 0.1), k_knn = 5
k = 40 : best avg_nmi = 60.58200081207065 , with parameters = (10.0, 1), k_knn = 5
**********************************************************************************************************
**********************************************************************************************************
The results of running the Kmeans method 20 times and the report of maximum of 20 runs

k = 50 : best max_acc = 45.21739130434783 , with parameters = (0.1, 0.01), k_knn = 5
k = 50 : best max_nmi = 63.45872951440556 , with parameters = (10.0, 0.1), k_knn = 5


The results of running the Kmeans method 20 times and the report of average of 20 runs

k = 50 : best avg_acc = 41.473684210526315 , with parameters = (10.0, 1), k_knn = 5
k = 50 : best avg_nmi = 60.509528351802764 , with parameters = (10.0, 1), k_knn = 5
**********************************************************************************************************
**********************************************************************************************************
The results of running the Kmeans method 20 times and the report of maximum of 20 runs

k = 60 : best max_acc = 45.391304347826086 , with parameters = (10.0, 0.01), k_knn = 5
k = 60 : best max_nmi = 62.64686173173405 , with parameters = (10.0, 0.1), k_knn = 5


The results of running the Kmeans method 20 times and the report of average of 20 runs

k = 60 : best avg_acc = 41.76659038901602 , with parameters = (10.0, 0.01), k_knn = 5
k = 60 : best avg_nmi = 60.47362542882438 , with parameters = (10.0, 1), k_knn = 5
**********************************************************************************************************
**********************************************************************************************************
The results of running the Kmeans method 20 times and the report of maximum of 20 runs

k = 70 : best max_acc = 44.869565217391305 , with parameters = (0.01, 1), k_knn = 5
k = 70 : best max_nmi = 63.2963410127939 , with parameters = (10.0, 1), k_knn = 5


The results of running the Kmeans method 20 times and the report of average of 20 runs

k = 70 : best avg_acc = 40.640732265446225 , with parameters = (10.0, 0.1), k_knn = 5
k = 70 : best avg_nmi = 60.763860024104176 , with parameters = (10.0, 1), k_knn = 5
**********************************************************************************************************
**********************************************************************************************************
The results of running the Kmeans method 20 times and the report of maximum of 20 runs

k = 10 : best max_acc = 41.391304347826086 , with parameters = (10.0, 1), k_knn = 6
k = 10 : best max_nmi = 61.58278216658505 , with parameters = (10.0, 0.1), k_knn = 6


The results of running the Kmeans method 20 times and the report of average of 20 runs

k = 10 : best avg_acc = 38.068649885583525 , with parameters = (10.0, 1), k_knn = 6
k = 10 : best avg_nmi = 59.83873091064236 , with parameters = (10.0, 0.1), k_knn = 6
**********************************************************************************************************
**********************************************************************************************************
The results of running the Kmeans method 20 times and the report of maximum of 20 runs

k = 20 : best max_acc = 43.65217391304348 , with parameters = (10.0, 0.01), k_knn = 6
k = 20 : best max_nmi = 61.54811144953221 , with parameters = (10.0, 1), k_knn = 6


The results of running the Kmeans method 20 times and the report of average of 20 runs

k = 20 : best avg_acc = 40.05491990846682 , with parameters = (10.0, 1), k_knn = 6
k = 20 : best avg_nmi = 59.39516375678348 , with parameters = (10.0, 1), k_knn = 6
**********************************************************************************************************
**********************************************************************************************************
The results of running the Kmeans method 20 times and the report of maximum of 20 runs

k = 30 : best max_acc = 44.52173913043478 , with parameters = (10.0, 0.1), k_knn = 6
k = 30 : best max_nmi = 61.977826573590164 , with parameters = (10.0, 1), k_knn = 6


The results of running the Kmeans method 20 times and the report of average of 20 runs

k = 30 : best avg_acc = 41.04347826086956 , with parameters = (10.0, 0.1), k_knn = 6
k = 30 : best avg_nmi = 59.66217100645253 , with parameters = (10.0, 1), k_knn = 6
**********************************************************************************************************
**********************************************************************************************************
The results of running the Kmeans method 20 times and the report of maximum of 20 runs

k = 40 : best max_acc = 44.869565217391305 , with parameters = (10.0, 1), k_knn = 6
k = 40 : best max_nmi = 62.80589002178639 , with parameters = (10.0, 1), k_knn = 6


The results of running the Kmeans method 20 times and the report of average of 20 runs

k = 40 : best avg_acc = 41.720823798627 , with parameters = (10.0, 0.1), k_knn = 6
k = 40 : best avg_nmi = 60.44278872715319 , with parameters = (10.0, 1), k_knn = 6
**********************************************************************************************************
**********************************************************************************************************
The results of running the Kmeans method 20 times and the report of maximum of 20 runs

k = 50 : best max_acc = 47.130434782608695 , with parameters = (10.0, 0.01), k_knn = 6
k = 50 : best max_nmi = 64.42875557169614 , with parameters = (10.0, 0.01), k_knn = 6


The results of running the Kmeans method 20 times and the report of average of 20 runs

k = 50 : best avg_acc = 43.1395881006865 , with parameters = (10.0, 1), k_knn = 6
k = 50 : best avg_nmi = 62.0049303353129 , with parameters = (10.0, 1), k_knn = 6
**********************************************************************************************************
**********************************************************************************************************
The results of running the Kmeans method 20 times and the report of maximum of 20 runs

k = 60 : best max_acc = 47.82608695652174 , with parameters = (10.0, 0.1), k_knn = 6
k = 60 : best max_nmi = 66.45401987404513 , with parameters = (10.0, 1), k_knn = 6


The results of running the Kmeans method 20 times and the report of average of 20 runs

k = 60 : best avg_acc = 43.75286041189931 , with parameters = (0.1, 1), k_knn = 6
k = 60 : best avg_nmi = 63.263797846415805 , with parameters = (10.0, 1), k_knn = 6
**********************************************************************************************************
**********************************************************************************************************
The results of running the Kmeans method 20 times and the report of maximum of 20 runs

k = 70 : best max_acc = 45.391304347826086 , with parameters = (10.0, 1), k_knn = 6
k = 70 : best max_nmi = 65.6233241822727 , with parameters = (10.0, 1), k_knn = 6


The results of running the Kmeans method 20 times and the report of average of 20 runs

k = 70 : best avg_acc = 40.631578947368425 , with parameters = (10.0, 1), k_knn = 6
k = 70 : best avg_nmi = 61.700650853084625 , with parameters = (10.0, 0.1), k_knn = 6
**********************************************************************************************************
**********************************************************************************************************
The results of running the Kmeans method 20 times and the report of maximum of 20 runs

k = 10 : best max_acc = 43.47826086956522 , with parameters = (10.0, 0.1), k_knn = 11
k = 10 : best max_nmi = 61.25985132686943 , with parameters = (10.0, 0.1), k_knn = 11


The results of running the Kmeans method 20 times and the report of average of 20 runs

k = 10 : best avg_acc = 40.51258581235698 , with parameters = (10.0, 1), k_knn = 11
k = 10 : best avg_nmi = 59.959903771740336 , with parameters = (10.0, 0.1), k_knn = 11
**********************************************************************************************************
**********************************************************************************************************
The results of running the Kmeans method 20 times and the report of maximum of 20 runs

k = 20 : best max_acc = 42.608695652173914 , with parameters = (10.0, 1), k_knn = 11
k = 20 : best max_nmi = 61.602769525208686 , with parameters = (10.0, 1), k_knn = 11


The results of running the Kmeans method 20 times and the report of average of 20 runs

k = 20 : best avg_acc = 39.816933638443935 , with parameters = (10.0, 1), k_knn = 11
k = 20 : best avg_nmi = 59.66630733041137 , with parameters = (10.0, 1), k_knn = 11
**********************************************************************************************************
**********************************************************************************************************
The results of running the Kmeans method 20 times and the report of maximum of 20 runs

k = 30 : best max_acc = 46.26086956521739 , with parameters = (0.1, 0.1), k_knn = 11
k = 30 : best max_nmi = 64.19578625919642 , with parameters = (10.0, 0.1), k_knn = 11


The results of running the Kmeans method 20 times and the report of average of 20 runs

k = 30 : best avg_acc = 42.617848970251714 , with parameters = (10.0, 0.1), k_knn = 11
k = 30 : best avg_nmi = 61.463187213592285 , with parameters = (10.0, 0.1), k_knn = 11
**********************************************************************************************************
**********************************************************************************************************
The results of running the Kmeans method 20 times and the report of maximum of 20 runs

k = 40 : best max_acc = 43.47826086956522 , with parameters = (10.0, 1), k_knn = 11
k = 40 : best max_nmi = 62.807964247095306 , with parameters = (10.0, 1), k_knn = 11


The results of running the Kmeans method 20 times and the report of average of 20 runs

k = 40 : best avg_acc = 40.549199084668196 , with parameters = (10.0, 1), k_knn = 11
k = 40 : best avg_nmi = 60.97651129738853 , with parameters = (10.0, 1), k_knn = 11
**********************************************************************************************************
**********************************************************************************************************
The results of running the Kmeans method 20 times and the report of maximum of 20 runs

k = 50 : best max_acc = 47.130434782608695 , with parameters = (10.0, 0.1), k_knn = 11
k = 50 : best max_nmi = 63.77887429572364 , with parameters = (10.0, 0.1), k_knn = 11


The results of running the Kmeans method 20 times and the report of average of 20 runs

k = 50 : best avg_acc = 42.306636155606405 , with parameters = (10.0, 0.1), k_knn = 11
k = 50 : best avg_nmi = 61.41227897332049 , with parameters = (10.0, 1), k_knn = 11
**********************************************************************************************************
**********************************************************************************************************
The results of running the Kmeans method 20 times and the report of maximum of 20 runs

k = 60 : best max_acc = 45.565217391304344 , with parameters = (10.0, 0.1), k_knn = 11
k = 60 : best max_nmi = 64.45052048258698 , with parameters = (10.0, 0.1), k_knn = 11


The results of running the Kmeans method 20 times and the report of average of 20 runs

k = 60 : best avg_acc = 42.19679633867277 , with parameters = (10.0, 1), k_knn = 11
k = 60 : best avg_nmi = 62.566767725793675 , with parameters = (10.0, 1), k_knn = 11
**********************************************************************************************************
**********************************************************************************************************
The results of running the Kmeans method 20 times and the report of maximum of 20 runs

k = 70 : best max_acc = 46.608695652173914 , with parameters = (0.1, 1), k_knn = 11
k = 70 : best max_nmi = 64.1141803969466 , with parameters = (10.0, 1), k_knn = 11


The results of running the Kmeans method 20 times and the report of average of 20 runs

k = 70 : best avg_acc = 41.59267734553776 , with parameters = (10.0, 0.1), k_knn = 11
k = 70 : best avg_nmi = 62.00952883111635 , with parameters = (10.0, 1), k_knn = 11
**********************************************************************************************************
**********************************************************************************************************
The results of running the Kmeans method 20 times and the report of maximum of 20 runs

k = 10 : best max_acc = 45.391304347826086 , with parameters = (0.01, 0.1), k_knn = 21
k = 10 : best max_nmi = 62.226204693904265 , with parameters = (10.0, 0.1), k_knn = 21


The results of running the Kmeans method 20 times and the report of average of 20 runs

k = 10 : best avg_acc = 41.107551487414185 , with parameters = (0.01, 0.1), k_knn = 21
k = 10 : best avg_nmi = 59.228404098842574 , with parameters = (0.01, 0.1), k_knn = 21
**********************************************************************************************************
**********************************************************************************************************
The results of running the Kmeans method 20 times and the report of maximum of 20 runs

k = 20 : best max_acc = 43.47826086956522 , with parameters = (0.1, 1), k_knn = 21
k = 20 : best max_nmi = 61.55331085208196 , with parameters = (0.1, 0.01), k_knn = 21


The results of running the Kmeans method 20 times and the report of average of 20 runs

k = 20 : best avg_acc = 39.94508009153318 , with parameters = (10.0, 0.1), k_knn = 21
k = 20 : best avg_nmi = 58.50650374149049 , with parameters = (0.01, 1), k_knn = 21
**********************************************************************************************************
**********************************************************************************************************
The results of running the Kmeans method 20 times and the report of maximum of 20 runs

k = 30 : best max_acc = 42.434782608695656 , with parameters = (0.1, 0.1), k_knn = 21
k = 30 : best max_nmi = 60.4044143413979 , with parameters = (10.0, 0.01), k_knn = 21


The results of running the Kmeans method 20 times and the report of average of 20 runs

k = 30 : best avg_acc = 40.20137299771167 , with parameters = (10.0, 0.01), k_knn = 21
k = 30 : best avg_nmi = 58.032941143644834 , with parameters = (10.0, 0.01), k_knn = 21
**********************************************************************************************************
**********************************************************************************************************
The results of running the Kmeans method 20 times and the report of maximum of 20 runs

k = 40 : best max_acc = 42.95652173913043 , with parameters = (0.1, 0.1), k_knn = 21
k = 40 : best max_nmi = 59.526418968103926 , with parameters = (0.1, 0.1), k_knn = 21


The results of running the Kmeans method 20 times and the report of average of 20 runs

k = 40 : best avg_acc = 39.9908466819222 , with parameters = (10.0, 0.01), k_knn = 21
k = 40 : best avg_nmi = 57.550708319834555 , with parameters = (10.0, 0.01), k_knn = 21
**********************************************************************************************************
**********************************************************************************************************
The results of running the Kmeans method 20 times and the report of maximum of 20 runs

k = 50 : best max_acc = 47.65217391304348 , with parameters = (0.01, 0.1), k_knn = 21
k = 50 : best max_nmi = 62.96224041423054 , with parameters = (0.01, 0.1), k_knn = 21


The results of running the Kmeans method 20 times and the report of average of 20 runs

k = 50 : best avg_acc = 42.93821510297483 , with parameters = (0.01, 1), k_knn = 21
k = 50 : best avg_nmi = 60.83134689816677 , with parameters = (0.01, 1), k_knn = 21
**********************************************************************************************************
**********************************************************************************************************
The results of running the Kmeans method 20 times and the report of maximum of 20 runs

k = 60 : best max_acc = 43.30434782608696 , with parameters = (0.01, 1), k_knn = 21
k = 60 : best max_nmi = 60.546192539313246 , with parameters = (0.1, 0.01), k_knn = 21


The results of running the Kmeans method 20 times and the report of average of 20 runs

k = 60 : best avg_acc = 39.350114416475975 , with parameters = (0.01, 0.1), k_knn = 21
k = 60 : best avg_nmi = 57.68799821137466 , with parameters = (10.0, 0.1), k_knn = 21
**********************************************************************************************************
**********************************************************************************************************
The results of running the Kmeans method 20 times and the report of maximum of 20 runs

k = 70 : best max_acc = 42.78260869565217 , with parameters = (0.1, 0.01), k_knn = 21
k = 70 : best max_nmi = 61.50941017847291 , with parameters = (0.1, 0.1), k_knn = 21


The results of running the Kmeans method 20 times and the report of average of 20 runs

k = 70 : best avg_acc = 39.78032036613272 , with parameters = (0.1, 0.1), k_knn = 21
k = 70 : best avg_nmi = 58.78341576348775 , with parameters = (0.1, 0.1), k_knn = 21
**********************************************************************************************************
done!
