Model : GRSNMF
Dataset : warpAR10P.mat
max iterations : 100
myeps_1 : 1e-12
myeps_2 : 1e-10
The results of running the Kmeans method 20 times and the report of maximum of 20 runs
##################################################################################################
 k = 10 :  k_knn = 3  
 Max ACC : 25.384615384615383, with theta = 0.001
 Max NMI : 21.133680897113965, with theta = 0.001
 Reconstruction Error : 1.8269791773607785e+27
##################################################################################################
##################################################################################################
 k = 20 :  k_knn = 3  
 Max ACC : 25.384615384615383, with theta = 10.0
 Max NMI : 19.95673885156737, with theta = 10.0
 Reconstruction Error : 9.513097630647146e+28
##################################################################################################
##################################################################################################
 k = 30 :  k_knn = 3  
 Max ACC : 25.384615384615383, with theta = 10.0
 Max NMI : 22.126216297318535, with theta = 10.0
 Reconstruction Error : 9.9907511969694e+29
##################################################################################################
##################################################################################################
 k = 40 :  k_knn = 3  
 Max ACC : 30.0, with theta = 10.0
 Max NMI : 24.407484786944234, with theta = 10.0
 Reconstruction Error : 5.36482806807783e+30
##################################################################################################
##################################################################################################
 k = 50 :  k_knn = 3  
 Max ACC : 30.0, with theta = 10.0
 Max NMI : 21.286229523376022, with theta = 10.0
 Reconstruction Error : 2.044185366953234e+31
##################################################################################################
##################################################################################################
 k = 60 :  k_knn = 3  
 Max ACC : 27.692307692307693, with theta = 10.0
 Max NMI : 21.72840661661039, with theta = 10.0
 Reconstruction Error : 6.439601442269865e+31
##################################################################################################
##################################################################################################
 k = 70 :  k_knn = 3  
 Max ACC : 26.153846153846157, with theta = 0.001
 Max NMI : 20.845461569862913, with theta = 0.001
 Reconstruction Error : 1.5775516456505001e+32
##################################################################################################
The results of running the Kmeans method 20 times and the average of 20 runs
##################################################################################################
k = 10 :  k_knn = 3 
 Avg ACC : 25.182186234817813, with lambda = 0.001
 Avg NMI : 20.526370915526105, with lambda = 0.001
 Reconstruction Error : 1.8269791773607785e+27
##################################################################################################
##################################################################################################
k = 20 :  k_knn = 3 
 Avg ACC : 23.31983805668016, with lambda = 0.001
 Avg NMI : 18.812930005854003, with lambda = 0.01
 Reconstruction Error : 9.513097630647146e+28
##################################################################################################
##################################################################################################
k = 30 :  k_knn = 3 
 Avg ACC : 23.805668016194332, with lambda = 10.0
 Avg NMI : 19.757705325006505, with lambda = 10.0
 Reconstruction Error : 9.9907511969694e+29
##################################################################################################
##################################################################################################
k = 40 :  k_knn = 3 
 Avg ACC : 26.68016194331984, with lambda = 10.0
 Avg NMI : 19.993571284150075, with lambda = 10.0
 Reconstruction Error : 5.36482806807783e+30
##################################################################################################
##################################################################################################
k = 50 :  k_knn = 3 
 Avg ACC : 24.979757085020243, with lambda = 0.1
 Avg NMI : 18.65348750106789, with lambda = 10.0
 Reconstruction Error : 2.044185366953234e+31
##################################################################################################
##################################################################################################
k = 60 :  k_knn = 3 
 Avg ACC : 24.412955465587046, with lambda = 10.0
 Avg NMI : 18.360494213377812, with lambda = 10.0
 Reconstruction Error : 6.439601442269865e+31
##################################################################################################
##################################################################################################
k = 70 :  k_knn = 3 
 Avg ACC : 24.453441295546558, with lambda = 0.01
 Avg NMI : 18.624968106795713, with lambda = 0.001
 Reconstruction Error : 1.5775516456505001e+32
##################################################################################################
The results of running the Kmeans method 20 times and the report of maximum of 20 runs
##################################################################################################
 k = 10 :  k_knn = 5  
 Max ACC : 29.230769230769234, with theta = 10.0
 Max NMI : 21.963646628817706, with theta = 10.0
 Reconstruction Error : 6.540720857517252e+27
##################################################################################################
##################################################################################################
 k = 20 :  k_knn = 5  
 Max ACC : 23.846153846153847, with theta = 0.001
 Max NMI : 17.01271364447028, with theta = 0.001
 Reconstruction Error : 3.4041311538207956e+29
##################################################################################################
##################################################################################################
 k = 30 :  k_knn = 5  
 Max ACC : 25.384615384615383, with theta = 0.001
 Max NMI : 19.11768278664469, with theta = 10.0
 Reconstruction Error : 3.7314050674292894e+30
##################################################################################################
##################################################################################################
 k = 40 :  k_knn = 5  
 Max ACC : 26.923076923076923, with theta = 10.0
 Max NMI : 21.710754216179755, with theta = 10.0
 Reconstruction Error : 2.070168569313139e+31
##################################################################################################
##################################################################################################
 k = 50 :  k_knn = 5  
 Max ACC : 26.153846153846157, with theta = 0.01
 Max NMI : 19.191139354668383, with theta = 0.01
 Reconstruction Error : 8.627402513465735e+31
##################################################################################################
##################################################################################################
 k = 60 :  k_knn = 5  
 Max ACC : 28.46153846153846, with theta = 0.001
 Max NMI : 21.080441913136298, with theta = 0.001
 Reconstruction Error : 2.468939860179019e+32
##################################################################################################
##################################################################################################
 k = 70 :  k_knn = 5  
 Max ACC : 26.153846153846157, with theta = 0.001
 Max NMI : 20.222141105831522, with theta = 0.01
 Reconstruction Error : 5.9204340761917576e+32
##################################################################################################
The results of running the Kmeans method 20 times and the average of 20 runs
##################################################################################################
k = 10 :  k_knn = 5 
 Avg ACC : 25.587044534412957, with lambda = 10.0
 Avg NMI : 19.94123954448545, with lambda = 10.0
 Reconstruction Error : 6.540720857517252e+27
##################################################################################################
##################################################################################################
k = 20 :  k_knn = 5 
 Avg ACC : 22.51012145748988, with lambda = 0.01
 Avg NMI : 16.237841043855486, with lambda = 0.1
 Reconstruction Error : 3.4041311538207956e+29
##################################################################################################
##################################################################################################
k = 30 :  k_knn = 5 
 Avg ACC : 24.493927125506072, with lambda = 0.001
 Avg NMI : 16.7733107890295, with lambda = 0.001
 Reconstruction Error : 3.7314050674292894e+30
##################################################################################################
##################################################################################################
k = 40 :  k_knn = 5 
 Avg ACC : 24.251012145748987, with lambda = 0.001
 Avg NMI : 18.622580687760355, with lambda = 0.001
 Reconstruction Error : 2.070168569313139e+31
##################################################################################################
##################################################################################################
k = 50 :  k_knn = 5 
 Avg ACC : 25.506072874493928, with lambda = 0.01
 Avg NMI : 18.24307699479591, with lambda = 0.01
 Reconstruction Error : 8.627402513465735e+31
##################################################################################################
##################################################################################################
k = 60 :  k_knn = 5 
 Avg ACC : 23.805668016194332, with lambda = 0.001
 Avg NMI : 17.45044852275462, with lambda = 0.001
 Reconstruction Error : 2.468939860179019e+32
##################################################################################################
##################################################################################################
k = 70 :  k_knn = 5 
 Avg ACC : 25.587044534412957, with lambda = 0.01
 Avg NMI : 19.63136431946429, with lambda = 0.01
 Reconstruction Error : 5.9204340761917576e+32
##################################################################################################
The results of running the Kmeans method 20 times and the report of maximum of 20 runs
##################################################################################################
 k = 10 :  k_knn = 6  
 Max ACC : 25.384615384615383, with theta = 10.0
 Max NMI : 18.25336100312695, with theta = 10.0
 Reconstruction Error : 1.1774035485321654e+28
##################################################################################################
##################################################################################################
 k = 20 :  k_knn = 6  
 Max ACC : 26.153846153846157, with theta = 10.0
 Max NMI : 18.91357915771018, with theta = 10.0
 Reconstruction Error : 5.736702930204948e+29
##################################################################################################
##################################################################################################
 k = 30 :  k_knn = 6  
 Max ACC : 29.230769230769234, with theta = 10.0
 Max NMI : 22.69792539572099, with theta = 10.0
 Reconstruction Error : 6.871226809470432e+30
##################################################################################################
##################################################################################################
 k = 40 :  k_knn = 6  
 Max ACC : 25.384615384615383, with theta = 0.001
 Max NMI : 20.62504890129245, with theta = 10.0
 Reconstruction Error : 3.648514042075551e+31
##################################################################################################
##################################################################################################
 k = 50 :  k_knn = 6  
 Max ACC : 26.153846153846157, with theta = 10.0
 Max NMI : 19.556737464704256, with theta = 10.0
 Reconstruction Error : 1.2684530727688743e+32
##################################################################################################
##################################################################################################
 k = 60 :  k_knn = 6  
 Max ACC : 29.230769230769234, with theta = 10.0
 Max NMI : 23.137204458428677, with theta = 10.0
 Reconstruction Error : 3.984770207780214e+32
##################################################################################################
##################################################################################################
 k = 70 :  k_knn = 6  
 Max ACC : 26.923076923076923, with theta = 0.001
 Max NMI : 20.755888729208174, with theta = 0.001
 Reconstruction Error : 9.928074274516354e+32
##################################################################################################
The results of running the Kmeans method 20 times and the average of 20 runs
##################################################################################################
k = 10 :  k_knn = 6 
 Avg ACC : 23.11740890688259, with lambda = 0.1
 Avg NMI : 16.629978422113563, with lambda = 0.1
 Reconstruction Error : 1.1774035485321654e+28
##################################################################################################
##################################################################################################
k = 20 :  k_knn = 6 
 Avg ACC : 24.493927125506072, with lambda = 0.1
 Avg NMI : 17.058838097717228, with lambda = 0.1
 Reconstruction Error : 5.736702930204948e+29
##################################################################################################
##################################################################################################
k = 30 :  k_knn = 6 
 Avg ACC : 24.574898785425102, with lambda = 0.01
 Avg NMI : 17.46067764555964, with lambda = 10.0
 Reconstruction Error : 6.871226809470432e+30
##################################################################################################
##################################################################################################
k = 40 :  k_knn = 6 
 Avg ACC : 24.65587044534413, with lambda = 0.001
 Avg NMI : 19.33598578077265, with lambda = 0.01
 Reconstruction Error : 3.648514042075551e+31
##################################################################################################
##################################################################################################
k = 50 :  k_knn = 6 
 Avg ACC : 23.522267206477732, with lambda = 10.0
 Avg NMI : 16.78674596441, with lambda = 10.0
 Reconstruction Error : 1.2684530727688743e+32
##################################################################################################
##################################################################################################
k = 60 :  k_knn = 6 
 Avg ACC : 25.546558704453442, with lambda = 10.0
 Avg NMI : 19.01524314138365, with lambda = 10.0
 Reconstruction Error : 3.984770207780214e+32
##################################################################################################
##################################################################################################
k = 70 :  k_knn = 6 
 Avg ACC : 25.34412955465587, with lambda = 0.1
 Avg NMI : 19.85120235739519, with lambda = 0.001
 Reconstruction Error : 9.928074274516354e+32
##################################################################################################
The results of running the Kmeans method 20 times and the report of maximum of 20 runs
##################################################################################################
 k = 10 :  k_knn = 11  
 Max ACC : 26.923076923076923, with theta = 0.001
 Max NMI : 21.665710212189012, with theta = 0.01
 Reconstruction Error : 9.091675857867366e+28
##################################################################################################
##################################################################################################
 k = 20 :  k_knn = 11  
 Max ACC : 28.46153846153846, with theta = 10.0
 Max NMI : 22.98094315164681, with theta = 10.0
 Reconstruction Error : 4.4139169374113535e+30
##################################################################################################
##################################################################################################
 k = 30 :  k_knn = 11  
 Max ACC : 25.384615384615383, with theta = 0.1
 Max NMI : 20.946091867761943, with theta = 10.0
 Reconstruction Error : 5.557841363889734e+31
##################################################################################################
##################################################################################################
 k = 40 :  k_knn = 11  
 Max ACC : 30.0, with theta = 10.0
 Max NMI : 21.79687321622367, with theta = 10.0
 Reconstruction Error : 2.8051826463689884e+32
##################################################################################################
##################################################################################################
 k = 50 :  k_knn = 11  
 Max ACC : 25.384615384615383, with theta = 0.001
 Max NMI : 21.757971142175712, with theta = 10.0
 Reconstruction Error : 1.0165076824159214e+33
##################################################################################################
##################################################################################################
 k = 60 :  k_knn = 11  
 Max ACC : 30.76923076923077, with theta = 10.0
 Max NMI : 25.61041341206463, with theta = 10.0
 Reconstruction Error : 3.2289621964902307e+33
##################################################################################################
##################################################################################################
 k = 70 :  k_knn = 11  
 Max ACC : 27.692307692307693, with theta = 10.0
 Max NMI : 21.856356395134, with theta = 0.01
 Reconstruction Error : 7.827144693633967e+33
##################################################################################################
The results of running the Kmeans method 20 times and the average of 20 runs
##################################################################################################
k = 10 :  k_knn = 11 
 Avg ACC : 24.291497975708502, with lambda = 0.001
 Avg NMI : 20.448844862354225, with lambda = 0.01
 Reconstruction Error : 9.091675857867366e+28
##################################################################################################
##################################################################################################
k = 20 :  k_knn = 11 
 Avg ACC : 27.246963562753038, with lambda = 10.0
 Avg NMI : 21.218120622522605, with lambda = 10.0
 Reconstruction Error : 4.4139169374113535e+30
##################################################################################################
##################################################################################################
k = 30 :  k_knn = 11 
 Avg ACC : 23.522267206477732, with lambda = 0.01
 Avg NMI : 18.046256901861558, with lambda = 0.001
 Reconstruction Error : 5.557841363889734e+31
##################################################################################################
##################################################################################################
k = 40 :  k_knn = 11 
 Avg ACC : 27.611336032388664, with lambda = 10.0
 Avg NMI : 19.8790588322769, with lambda = 10.0
 Reconstruction Error : 2.8051826463689884e+32
##################################################################################################
##################################################################################################
k = 50 :  k_knn = 11 
 Avg ACC : 25.101214574898783, with lambda = 0.001
 Avg NMI : 19.758790139143144, with lambda = 10.0
 Reconstruction Error : 1.0165076824159214e+33
##################################################################################################
##################################################################################################
k = 60 :  k_knn = 11 
 Avg ACC : 27.813765182186238, with lambda = 10.0
 Avg NMI : 21.95984118725457, with lambda = 10.0
 Reconstruction Error : 3.2289621964902307e+33
##################################################################################################
##################################################################################################
k = 70 :  k_knn = 11 
 Avg ACC : 25.870445344129557, with lambda = 10.0
 Avg NMI : 20.628947194983375, with lambda = 0.01
 Reconstruction Error : 7.827144693633967e+33
##################################################################################################
The results of running the Kmeans method 20 times and the report of maximum of 20 runs
##################################################################################################
 k = 10 :  k_knn = 21  
 Max ACC : 30.76923076923077, with theta = 10.0
 Max NMI : 22.84439377169311, with theta = 10.0
 Reconstruction Error : 8.961283964901024e+29
##################################################################################################
##################################################################################################
 k = 20 :  k_knn = 21  
 Max ACC : 27.692307692307693, with theta = 10.0
 Max NMI : 23.269626826096495, with theta = 10.0
 Reconstruction Error : 5.536292912510411e+31
##################################################################################################
##################################################################################################
 k = 30 :  k_knn = 21  
 Max ACC : 25.384615384615383, with theta = 10.0
 Max NMI : 22.46657688888477, with theta = 10.0
 Reconstruction Error : 5.6555932655698375e+32
##################################################################################################
##################################################################################################
 k = 40 :  k_knn = 21  
 Max ACC : 28.46153846153846, with theta = 10.0
 Max NMI : 25.22608588300213, with theta = 10.0
 Reconstruction Error : 2.8179072934158017e+33
##################################################################################################
##################################################################################################
 k = 50 :  k_knn = 21  
 Max ACC : 30.0, with theta = 10.0
 Max NMI : 25.91663962728847, with theta = 10.0
 Reconstruction Error : 1.1224439692422319e+34
##################################################################################################
##################################################################################################
 k = 60 :  k_knn = 21  
 Max ACC : 28.46153846153846, with theta = 0.001
 Max NMI : 21.617193583830648, with theta = 0.001
 Reconstruction Error : 3.437313552193778e+34
##################################################################################################
##################################################################################################
 k = 70 :  k_knn = 21  
 Max ACC : 26.153846153846157, with theta = 10.0
 Max NMI : 22.752833994011983, with theta = 10.0
 Reconstruction Error : 8.255306296648377e+34
##################################################################################################
The results of running the Kmeans method 20 times and the average of 20 runs
##################################################################################################
k = 10 :  k_knn = 21 
 Avg ACC : 27.16599190283401, with lambda = 10.0
 Avg NMI : 21.027769620604825, with lambda = 10.0
 Reconstruction Error : 8.961283964901024e+29
##################################################################################################
##################################################################################################
k = 20 :  k_knn = 21 
 Avg ACC : 24.493927125506072, with lambda = 10.0
 Avg NMI : 21.27372691588849, with lambda = 10.0
 Reconstruction Error : 5.536292912510411e+31
##################################################################################################
##################################################################################################
k = 30 :  k_knn = 21 
 Avg ACC : 23.643724696356276, with lambda = 10.0
 Avg NMI : 20.860707878370945, with lambda = 10.0
 Reconstruction Error : 5.6555932655698375e+32
##################################################################################################
##################################################################################################
k = 40 :  k_knn = 21 
 Avg ACC : 26.88259109311741, with lambda = 10.0
 Avg NMI : 23.146713964290363, with lambda = 10.0
 Reconstruction Error : 2.8179072934158017e+33
##################################################################################################
##################################################################################################
k = 50 :  k_knn = 21 
 Avg ACC : 27.327935222672064, with lambda = 10.0
 Avg NMI : 23.045100323047286, with lambda = 10.0
 Reconstruction Error : 1.1224439692422319e+34
##################################################################################################
##################################################################################################
k = 60 :  k_knn = 21 
 Avg ACC : 26.518218623481783, with lambda = 0.001
 Avg NMI : 20.185425968955652, with lambda = 0.001
 Reconstruction Error : 3.437313552193778e+34
##################################################################################################
##################################################################################################
k = 70 :  k_knn = 21 
 Avg ACC : 24.655870445344128, with lambda = 0.001
 Avg NMI : 19.825580024849845, with lambda = 10.0
 Reconstruction Error : 8.255306296648377e+34
##################################################################################################
done
