Model : GNMF
Dataset : warpAR10P
max iterations : 100
myeps_1 : 1e-12
myeps_2 : 1e-10
The results of running the Kmeans method 20 times and the report of maximum of 20 runs
##################################################################################################
 k_knn = 3  
 k = 10 :  Max ACC : 39.23076923076923, with theta = 10.0
 k = 10 :  Max NMI : 40.45480291508916, with theta = 10.0
 k = 10 :  Reconstruction Error : 3.8757831603567885
 k = 10 :  Max Silhoutter score : 0.6576878968950588, with theta = 10.0
 k = 10 :  Max Dunn's Index score : 0.057177115914356876, with theta = 0.001
 k = 10 :  Min David Bouldin score : 1.1648154223784712, with theta = 10.0
##################################################################################################
##################################################################################################
 k_knn = 3  
 k = 20 :  Max ACC : 39.23076923076923, with theta = 10.0
 k = 20 :  Max NMI : 42.79392112402029, with theta = 10.0
 k = 20 :  Reconstruction Error : 3.9940821608295365
 k = 20 :  Max Silhoutter score : 0.6596159226132802, with theta = 10.0
 k = 20 :  Max Dunn's Index score : 0.0741403007123053, with theta = 0.001
 k = 20 :  Min David Bouldin score : 1.3327115300244876, with theta = 10.0
##################################################################################################
##################################################################################################
 k_knn = 3  
 k = 30 :  Max ACC : 38.46153846153847, with theta = 0.01
 k = 30 :  Max NMI : 41.70045692952852, with theta = 10.0
 k = 30 :  Reconstruction Error : 4.010262354896019
 k = 30 :  Max Silhoutter score : 0.6688111136917758, with theta = 10.0
 k = 30 :  Max Dunn's Index score : 0.07627949747087408, with theta = 0.001
 k = 30 :  Min David Bouldin score : 1.4155125745283816, with theta = 10.0
##################################################################################################
##################################################################################################
 k_knn = 3  
 k = 40 :  Max ACC : 40.76923076923077, with theta = 0.001
 k = 40 :  Max NMI : 44.68941055607446, with theta = 0.001
 k = 40 :  Reconstruction Error : 4.013664586139213
 k = 40 :  Max Silhoutter score : 0.6920957391354365, with theta = 10.0
 k = 40 :  Max Dunn's Index score : 0.09262840885960441, with theta = 0.001
 k = 40 :  Min David Bouldin score : 1.495814022794572, with theta = 10.0
##################################################################################################
##################################################################################################
 k_knn = 3  
 k = 50 :  Max ACC : 38.46153846153847, with theta = 10.0
 k = 50 :  Max NMI : 43.38354897415932, with theta = 10.0
 k = 50 :  Reconstruction Error : 4.015009605809664
 k = 50 :  Max Silhoutter score : 0.6856691618684937, with theta = 10.0
 k = 50 :  Max Dunn's Index score : 0.08948474790508802, with theta = 0.001
 k = 50 :  Min David Bouldin score : 1.4848555247839537, with theta = 10.0
##################################################################################################
##################################################################################################
 k_knn = 3  
 k = 60 :  Max ACC : 38.46153846153847, with theta = 0.01
 k = 60 :  Max NMI : 43.15228176853442, with theta = 10.0
 k = 60 :  Reconstruction Error : 4.027038058082928
 k = 60 :  Max Silhoutter score : 0.6955984549951179, with theta = 10.0
 k = 60 :  Max Dunn's Index score : 0.09157932539987929, with theta = 0.001
 k = 60 :  Min David Bouldin score : 1.4536895982546467, with theta = 10.0
##################################################################################################
##################################################################################################
 k_knn = 3  
 k = 70 :  Max ACC : 38.46153846153847, with theta = 0.001
 k = 70 :  Max NMI : 44.512465319668834, with theta = 0.001
 k = 70 :  Reconstruction Error : 4.019297262027754
 k = 70 :  Max Silhoutter score : 0.6958057354285068, with theta = 10.0
 k = 70 :  Max Dunn's Index score : 0.09135740630028036, with theta = 0.001
 k = 70 :  Min David Bouldin score : 1.4056530868406512, with theta = 10.0
##################################################################################################
The results of running the Kmeans method 20 times and the average of 20 runs
##################################################################################################
 k_knn = 3 
 k = 10 :  Avg ACC : 39.23076923076923, with theta = 10.0
 k = 10 :  Avg NMI : 40.454802915089154, with theta = 10.0
 k = 10 :  Reconstruction Error : 3.8757831603567885
 k = 10 :  Avg Silhoutte score : 0.6576878968950588, with theta = 10.0
 k = 10 :  Avg Dunn's Index score : 0.057177115914356876, with theta = 0.001
 k = 10 :  Avg David Bouldin score : 1.2448607127814872, with theta = 10.0
##################################################################################################
##################################################################################################
 k_knn = 3 
 k = 20 :  Avg ACC : 39.10931174089069, with theta = 10.0
 k = 20 :  Avg NMI : 40.38151006061841, with theta = 10.0
 k = 20 :  Reconstruction Error : 3.9940821608295365
 k = 20 :  Avg Silhoutte score : 0.6592442047778484, with theta = 10.0
 k = 20 :  Avg Dunn's Index score : 0.0741403007123053, with theta = 0.001
 k = 20 :  Avg David Bouldin score : 1.4632142011726839, with theta = 10.0
##################################################################################################
##################################################################################################
 k_knn = 3 
 k = 30 :  Avg ACC : 38.46153846153847, with theta = 10.0
 k = 30 :  Avg NMI : 41.70045692952852, with theta = 10.0
 k = 30 :  Reconstruction Error : 4.010262354896019
 k = 30 :  Avg Silhoutte score : 0.6688111136917758, with theta = 10.0
 k = 30 :  Avg Dunn's Index score : 0.07627949747087408, with theta = 0.001
 k = 30 :  Avg David Bouldin score : 1.5618333860147326, with theta = 10.0
##################################################################################################
##################################################################################################
 k_knn = 3 
 k = 40 :  Avg ACC : 38.46153846153847, with theta = 10.0
 k = 40 :  Avg NMI : 42.53184397096742, with theta = 10.0
 k = 40 :  Reconstruction Error : 4.013664586139213
 k = 40 :  Avg Silhoutte score : 0.6920957391354365, with theta = 10.0
 k = 40 :  Avg Dunn's Index score : 0.09262840885960441, with theta = 0.001
 k = 40 :  Avg David Bouldin score : 1.5592329648898555, with theta = 10.0
##################################################################################################
##################################################################################################
 k_knn = 3 
 k = 50 :  Avg ACC : 38.46153846153847, with theta = 10.0
 k = 50 :  Avg NMI : 43.38354897415931, with theta = 10.0
 k = 50 :  Reconstruction Error : 4.015009605809664
 k = 50 :  Avg Silhoutte score : 0.6856691618684937, with theta = 10.0
 k = 50 :  Avg Dunn's Index score : 0.08948474790508802, with theta = 0.001
 k = 50 :  Avg David Bouldin score : 1.6322795178938367, with theta = 10.0
##################################################################################################
##################################################################################################
 k_knn = 3 
 k = 60 :  Avg ACC : 38.46153846153847, with theta = 10.0
 k = 60 :  Avg NMI : 42.564498591892004, with theta = 10.0
 k = 60 :  Reconstruction Error : 4.027038058082928
 k = 60 :  Avg Silhoutte score : 0.6927463474415466, with theta = 10.0
 k = 60 :  Avg Dunn's Index score : 0.09157932539987929, with theta = 0.001
 k = 60 :  Avg David Bouldin score : 1.5664269914210696, with theta = 10.0
##################################################################################################
##################################################################################################
 k_knn = 3 
 k = 70 :  Avg ACC : 38.46153846153847, with theta = 10.0
 k = 70 :  Avg NMI : 42.62149712919815, with theta = 10.0
 k = 70 :  Reconstruction Error : 4.019297262027754
 k = 70 :  Avg Silhoutte score : 0.6954552354521585, with theta = 10.0
 k = 70 :  Avg Dunn's Index score : 0.09135740630028036, with theta = 0.001
 k = 70 :  Avg David Bouldin score : 1.6048946686717211, with theta = 10.0
##################################################################################################
The results of running the Kmeans method 20 times and the report of maximum of 20 runs
##################################################################################################
 k_knn = 5  
 k = 10 :  Max ACC : 33.84615384615385, with theta = 10.0
 k = 10 :  Max NMI : 34.22937266920335, with theta = 0.01
 k = 10 :  Reconstruction Error : 4.12849927368255
 k = 10 :  Max Silhoutter score : 0.45746650609185496, with theta = 10.0
 k = 10 :  Max Dunn's Index score : 0.04887638654065165, with theta = 0.001
 k = 10 :  Min David Bouldin score : 1.216385003807805, with theta = 10.0
##################################################################################################
##################################################################################################
 k_knn = 5  
 k = 20 :  Max ACC : 38.46153846153847, with theta = 0.001
 k = 20 :  Max NMI : 42.72008338251839, with theta = 0.001
 k = 20 :  Reconstruction Error : 4.127107451610278
 k = 20 :  Max Silhoutter score : 0.4749947379537096, with theta = 10.0
 k = 20 :  Max Dunn's Index score : 0.050333561334645914, with theta = 0.01
 k = 20 :  Min David Bouldin score : 1.3878327448456447, with theta = 10.0
##################################################################################################
##################################################################################################
 k_knn = 5  
 k = 30 :  Max ACC : 33.07692307692307, with theta = 0.01
 k = 30 :  Max NMI : 33.74242554203569, with theta = 0.001
 k = 30 :  Reconstruction Error : 4.134426202158915
 k = 30 :  Max Silhoutter score : 0.44819019243915237, with theta = 10.0
 k = 30 :  Max Dunn's Index score : 0.0651580448237975, with theta = 0.001
 k = 30 :  Min David Bouldin score : 1.3990301167744685, with theta = 10.0
##################################################################################################
##################################################################################################
 k_knn = 5  
 k = 40 :  Max ACC : 38.46153846153847, with theta = 0.001
 k = 40 :  Max NMI : 39.53243706055737, with theta = 0.001
 k = 40 :  Reconstruction Error : 4.123494527783965
 k = 40 :  Max Silhoutter score : 0.44327841190148876, with theta = 0.1
 k = 40 :  Max Dunn's Index score : 0.07184685097489162, with theta = 0.001
 k = 40 :  Min David Bouldin score : 1.448496455340543, with theta = 0.1
##################################################################################################
##################################################################################################
 k_knn = 5  
 k = 50 :  Max ACC : 36.15384615384615, with theta = 10.0
 k = 50 :  Max NMI : 33.5041420654037, with theta = 0.1
 k = 50 :  Reconstruction Error : 4.1278204332968595
 k = 50 :  Max Silhoutter score : 0.4853248203748206, with theta = 10.0
 k = 50 :  Max Dunn's Index score : 0.07847484756439618, with theta = 0.001
 k = 50 :  Min David Bouldin score : 1.4245888614435853, with theta = 10.0
##################################################################################################
##################################################################################################
 k_knn = 5  
 k = 60 :  Max ACC : 36.15384615384615, with theta = 10.0
 k = 60 :  Max NMI : 36.62294143166211, with theta = 0.1
 k = 60 :  Reconstruction Error : 4.124554078189603
 k = 60 :  Max Silhoutter score : 0.4469309576348646, with theta = 10.0
 k = 60 :  Max Dunn's Index score : 0.08392019476124783, with theta = 0.001
 k = 60 :  Min David Bouldin score : 1.4314871468360422, with theta = 10.0
##################################################################################################
##################################################################################################
 k_knn = 5  
 k = 70 :  Max ACC : 33.84615384615385, with theta = 0.001
 k = 70 :  Max NMI : 36.43730363973963, with theta = 0.001
 k = 70 :  Reconstruction Error : 4.131024960114112
 k = 70 :  Max Silhoutter score : 0.45845604414586044, with theta = 10.0
 k = 70 :  Max Dunn's Index score : 0.0879000886230831, with theta = 0.001
 k = 70 :  Min David Bouldin score : 1.4329324826999132, with theta = 10.0
##################################################################################################
The results of running the Kmeans method 20 times and the average of 20 runs
##################################################################################################
 k_knn = 5 
 k = 10 :  Avg ACC : 31.983805668016196, with theta = 10.0
 k = 10 :  Avg NMI : 28.946853887308748, with theta = 10.0
 k = 10 :  Reconstruction Error : 4.12849927368255
 k = 10 :  Avg Silhoutte score : 0.44675349290208854, with theta = 10.0
 k = 10 :  Avg Dunn's Index score : 0.04887638654065165, with theta = 0.001
 k = 10 :  Avg David Bouldin score : 1.3128333882930272, with theta = 10.0
##################################################################################################
##################################################################################################
 k_knn = 5 
 k = 20 :  Avg ACC : 34.493927125506076, with theta = 0.001
 k = 20 :  Avg NMI : 36.334119507035304, with theta = 0.001
 k = 20 :  Reconstruction Error : 4.127107451610278
 k = 20 :  Avg Silhoutte score : 0.4623842986684086, with theta = 10.0
 k = 20 :  Avg Dunn's Index score : 0.050333561334645914, with theta = 0.01
 k = 20 :  Avg David Bouldin score : 1.4342938751354901, with theta = 10.0
##################################################################################################
##################################################################################################
 k_knn = 5 
 k = 30 :  Avg ACC : 29.959514170040485, with theta = 10.0
 k = 30 :  Avg NMI : 28.155650857979147, with theta = 10.0
 k = 30 :  Reconstruction Error : 4.134426202158915
 k = 30 :  Avg Silhoutte score : 0.41737922047238013, with theta = 10.0
 k = 30 :  Avg Dunn's Index score : 0.0651580448237975, with theta = 0.001
 k = 30 :  Avg David Bouldin score : 1.4976956045725294, with theta = 10.0
##################################################################################################
##################################################################################################
 k_knn = 5 
 k = 40 :  Avg ACC : 35.50607287449393, with theta = 10.0
 k = 40 :  Avg NMI : 34.8810753630755, with theta = 10.0
 k = 40 :  Reconstruction Error : 4.123494527783965
 k = 40 :  Avg Silhoutte score : 0.423514311946264, with theta = 0.1
 k = 40 :  Avg Dunn's Index score : 0.07184685097489162, with theta = 0.001
 k = 40 :  Avg David Bouldin score : 1.5513987996688807, with theta = 10.0
##################################################################################################
##################################################################################################
 k_knn = 5 
 k = 50 :  Avg ACC : 33.60323886639676, with theta = 10.0
 k = 50 :  Avg NMI : 31.349657264059438, with theta = 10.0
 k = 50 :  Reconstruction Error : 4.1278204332968595
 k = 50 :  Avg Silhoutte score : 0.46845160777463474, with theta = 10.0
 k = 50 :  Avg Dunn's Index score : 0.07847484756439618, with theta = 0.001
 k = 50 :  Avg David Bouldin score : 1.6017601494151734, with theta = 10.0
##################################################################################################
##################################################################################################
 k_knn = 5 
 k = 60 :  Avg ACC : 35.10121457489878, with theta = 10.0
 k = 60 :  Avg NMI : 32.72320767453947, with theta = 10.0
 k = 60 :  Reconstruction Error : 4.124554078189603
 k = 60 :  Avg Silhoutte score : 0.44445768735005886, with theta = 10.0
 k = 60 :  Avg Dunn's Index score : 0.08392019476124783, with theta = 0.001
 k = 60 :  Avg David Bouldin score : 1.5989422561733244, with theta = 10.0
##################################################################################################
##################################################################################################
 k_knn = 5 
 k = 70 :  Avg ACC : 31.821862348178136, with theta = 10.0
 k = 70 :  Avg NMI : 31.484696233052752, with theta = 10.0
 k = 70 :  Reconstruction Error : 4.131024960114112
 k = 70 :  Avg Silhoutte score : 0.44407578810870363, with theta = 10.0
 k = 70 :  Avg Dunn's Index score : 0.0879000886230831, with theta = 0.001
 k = 70 :  Avg David Bouldin score : 1.5703881592465028, with theta = 10.0
##################################################################################################
The results of running the Kmeans method 20 times and the report of maximum of 20 runs
##################################################################################################
 k_knn = 6  
 k = 10 :  Max ACC : 33.84615384615385, with theta = 10.0
 k = 10 :  Max NMI : 35.98165822253219, with theta = 10.0
 k = 10 :  Reconstruction Error : 4.135505334321533
 k = 10 :  Max Silhoutter score : 0.38494919993891685, with theta = 10.0
 k = 10 :  Max Dunn's Index score : 0.038737839599254, with theta = 0.001
 k = 10 :  Min David Bouldin score : 1.18552382389656, with theta = 10.0
##################################################################################################
##################################################################################################
 k_knn = 6  
 k = 20 :  Max ACC : 31.538461538461537, with theta = 0.001
 k = 20 :  Max NMI : 33.19287015428469, with theta = 0.001
 k = 20 :  Reconstruction Error : 4.1330234469600535
 k = 20 :  Max Silhoutter score : 0.4307937032303915, with theta = 10.0
 k = 20 :  Max Dunn's Index score : 0.0590483440128117, with theta = 0.001
 k = 20 :  Min David Bouldin score : 1.2839341369567419, with theta = 10.0
##################################################################################################
##################################################################################################
 k_knn = 6  
 k = 30 :  Max ACC : 30.76923076923077, with theta = 0.001
 k = 30 :  Max NMI : 32.44419039336731, with theta = 0.001
 k = 30 :  Reconstruction Error : 4.1324760312712705
 k = 30 :  Max Silhoutter score : 0.43578526213591057, with theta = 10.0
 k = 30 :  Max Dunn's Index score : 0.06930514170692822, with theta = 0.001
 k = 30 :  Min David Bouldin score : 1.3560083099721754, with theta = 10.0
##################################################################################################
##################################################################################################
 k_knn = 6  
 k = 40 :  Max ACC : 30.0, with theta = 0.001
 k = 40 :  Max NMI : 34.33006482210576, with theta = 0.001
 k = 40 :  Reconstruction Error : 4.1292745126475925
 k = 40 :  Max Silhoutter score : 0.40245615277975905, with theta = 10.0
 k = 40 :  Max Dunn's Index score : 0.08800870555746866, with theta = 0.001
 k = 40 :  Min David Bouldin score : 1.445936603649819, with theta = 10.0
##################################################################################################
##################################################################################################
 k_knn = 6  
 k = 50 :  Max ACC : 33.84615384615385, with theta = 0.01
 k = 50 :  Max NMI : 37.16005092498042, with theta = 0.1
 k = 50 :  Reconstruction Error : 4.130454102470267
 k = 50 :  Max Silhoutter score : 0.4083150242094302, with theta = 10.0
 k = 50 :  Max Dunn's Index score : 0.07669374052633043, with theta = 0.001
 k = 50 :  Min David Bouldin score : 1.4728563803312815, with theta = 0.1
##################################################################################################
##################################################################################################
 k_knn = 6  
 k = 60 :  Max ACC : 33.84615384615385, with theta = 0.1
 k = 60 :  Max NMI : 37.63053742232103, with theta = 0.1
 k = 60 :  Reconstruction Error : 4.133008853881825
 k = 60 :  Max Silhoutter score : 0.39964314495351233, with theta = 10.0
 k = 60 :  Max Dunn's Index score : 0.07743177466505029, with theta = 0.001
 k = 60 :  Min David Bouldin score : 1.430687745910646, with theta = 10.0
##################################################################################################
##################################################################################################
 k_knn = 6  
 k = 70 :  Max ACC : 33.07692307692307, with theta = 0.001
 k = 70 :  Max NMI : 40.1519500119508, with theta = 0.1
 k = 70 :  Reconstruction Error : 4.13526375321668
 k = 70 :  Max Silhoutter score : 0.41260946728963255, with theta = 10.0
 k = 70 :  Max Dunn's Index score : 0.08406885688049699, with theta = 0.001
 k = 70 :  Min David Bouldin score : 1.438681437340182, with theta = 0.1
##################################################################################################
The results of running the Kmeans method 20 times and the average of 20 runs
##################################################################################################
 k_knn = 6 
 k = 10 :  Avg ACC : 30.89068825910931, with theta = 10.0
 k = 10 :  Avg NMI : 32.77514491799012, with theta = 10.0
 k = 10 :  Reconstruction Error : 4.135505334321533
 k = 10 :  Avg Silhoutte score : 0.3661429960553454, with theta = 10.0
 k = 10 :  Avg Dunn's Index score : 0.038737839599254, with theta = 0.001
 k = 10 :  Avg David Bouldin score : 1.2913671794491588, with theta = 10.0
##################################################################################################
##################################################################################################
 k_knn = 6 
 k = 20 :  Avg ACC : 27.813765182186238, with theta = 10.0
 k = 20 :  Avg NMI : 28.221728106111375, with theta = 10.0
 k = 20 :  Reconstruction Error : 4.1330234469600535
 k = 20 :  Avg Silhoutte score : 0.414319975633376, with theta = 10.0
 k = 20 :  Avg Dunn's Index score : 0.0590483440128117, with theta = 0.001
 k = 20 :  Avg David Bouldin score : 1.379319350339835, with theta = 10.0
##################################################################################################
##################################################################################################
 k_knn = 6 
 k = 30 :  Avg ACC : 27.44939271255061, with theta = 10.0
 k = 30 :  Avg NMI : 27.175807565517918, with theta = 0.1
 k = 30 :  Reconstruction Error : 4.1324760312712705
 k = 30 :  Avg Silhoutte score : 0.42254061875435905, with theta = 10.0
 k = 30 :  Avg Dunn's Index score : 0.06930514170692822, with theta = 0.001
 k = 30 :  Avg David Bouldin score : 1.4519222016491904, with theta = 10.0
##################################################################################################
##################################################################################################
 k_knn = 6 
 k = 40 :  Avg ACC : 27.004048582995953, with theta = 10.0
 k = 40 :  Avg NMI : 27.501601875713344, with theta = 0.1
 k = 40 :  Reconstruction Error : 4.1292745126475925
 k = 40 :  Avg Silhoutte score : 0.392480457381483, with theta = 10.0
 k = 40 :  Avg Dunn's Index score : 0.08800870555746866, with theta = 0.001
 k = 40 :  Avg David Bouldin score : 1.5792175278544258, with theta = 10.0
##################################################################################################
##################################################################################################
 k_knn = 6 
 k = 50 :  Avg ACC : 28.866396761133604, with theta = 0.1
 k = 50 :  Avg NMI : 35.34646191354999, with theta = 0.1
 k = 50 :  Reconstruction Error : 4.130454102470267
 k = 50 :  Avg Silhoutte score : 0.3865763152218736, with theta = 10.0
 k = 50 :  Avg Dunn's Index score : 0.07669374052633043, with theta = 0.001
 k = 50 :  Avg David Bouldin score : 1.577517212594073, with theta = 0.1
##################################################################################################
##################################################################################################
 k_knn = 6 
 k = 60 :  Avg ACC : 30.80971659919028, with theta = 0.1
 k = 60 :  Avg NMI : 34.59226663680062, with theta = 0.1
 k = 60 :  Reconstruction Error : 4.133008853881825
 k = 60 :  Avg Silhoutte score : 0.3896423446607188, with theta = 10.0
 k = 60 :  Avg Dunn's Index score : 0.07743177466505029, with theta = 0.001
 k = 60 :  Avg David Bouldin score : 1.5388743144022432, with theta = 10.0
##################################################################################################
##################################################################################################
 k_knn = 6 
 k = 70 :  Avg ACC : 30.48582995951417, with theta = 0.1
 k = 70 :  Avg NMI : 37.15479415138398, with theta = 0.1
 k = 70 :  Reconstruction Error : 4.13526375321668
 k = 70 :  Avg Silhoutte score : 0.3951105535016528, with theta = 10.0
 k = 70 :  Avg Dunn's Index score : 0.08406885688049699, with theta = 0.001
 k = 70 :  Avg David Bouldin score : 1.566078070286047, with theta = 10.0
##################################################################################################
The results of running the Kmeans method 20 times and the report of maximum of 20 runs
##################################################################################################
 k_knn = 11  
 k = 10 :  Max ACC : 30.0, with theta = 10.0
 k = 10 :  Max NMI : 31.388610709059034, with theta = 10.0
 k = 10 :  Reconstruction Error : 4.1404370199619525
 k = 10 :  Max Silhoutter score : 0.4429988705795837, with theta = 10.0
 k = 10 :  Max Dunn's Index score : 0.04192833870858699, with theta = 0.001
 k = 10 :  Min David Bouldin score : 1.1851828196153869, with theta = 0.1
##################################################################################################
##################################################################################################
 k_knn = 11  
 k = 20 :  Max ACC : 29.230769230769234, with theta = 0.001
 k = 20 :  Max NMI : 30.987019323990992, with theta = 0.001
 k = 20 :  Reconstruction Error : 4.137448366048604
 k = 20 :  Max Silhoutter score : 0.43817260486959975, with theta = 0.1
 k = 20 :  Max Dunn's Index score : 0.059420702212326336, with theta = 0.001
 k = 20 :  Min David Bouldin score : 1.3144361791211658, with theta = 0.1
##################################################################################################
##################################################################################################
 k_knn = 11  
 k = 30 :  Max ACC : 32.30769230769231, with theta = 0.001
 k = 30 :  Max NMI : 33.52187685561711, with theta = 0.001
 k = 30 :  Reconstruction Error : 4.136287902526869
 k = 30 :  Max Silhoutter score : 0.41398257903674185, with theta = 10.0
 k = 30 :  Max Dunn's Index score : 0.05950804200941721, with theta = 0.001
 k = 30 :  Min David Bouldin score : 1.4184051748361675, with theta = 10.0
##################################################################################################
##################################################################################################
 k_knn = 11  
 k = 40 :  Max ACC : 30.0, with theta = 0.001
 k = 40 :  Max NMI : 35.024514889417816, with theta = 0.001
 k = 40 :  Reconstruction Error : 4.1362041088787045
 k = 40 :  Max Silhoutter score : 0.43302614489694485, with theta = 0.1
 k = 40 :  Max Dunn's Index score : 0.07011597869161817, with theta = 0.001
 k = 40 :  Min David Bouldin score : 1.47432025571011, with theta = 0.1
##################################################################################################
##################################################################################################
 k_knn = 11  
 k = 50 :  Max ACC : 31.538461538461537, with theta = 0.001
 k = 50 :  Max NMI : 34.81055483446571, with theta = 0.001
 k = 50 :  Reconstruction Error : 4.136746402594953
 k = 50 :  Max Silhoutter score : 0.41210829347862954, with theta = 10.0
 k = 50 :  Max Dunn's Index score : 0.06916776448420825, with theta = 0.001
 k = 50 :  Min David Bouldin score : 1.441628968739169, with theta = 10.0
##################################################################################################
##################################################################################################
 k_knn = 11  
 k = 60 :  Max ACC : 28.46153846153846, with theta = 0.001
 k = 60 :  Max NMI : 30.329971061601135, with theta = 10.0
 k = 60 :  Reconstruction Error : 4.136654526032388
 k = 60 :  Max Silhoutter score : 0.4219507303386083, with theta = 0.1
 k = 60 :  Max Dunn's Index score : 0.08796072645498229, with theta = 0.001
 k = 60 :  Min David Bouldin score : 1.4170237938128234, with theta = 0.1
##################################################################################################
##################################################################################################
 k_knn = 11  
 k = 70 :  Max ACC : 30.0, with theta = 0.001
 k = 70 :  Max NMI : 29.490049541080165, with theta = 0.001
 k = 70 :  Reconstruction Error : 4.131279193576804
 k = 70 :  Max Silhoutter score : 0.411363044201821, with theta = 10.0
 k = 70 :  Max Dunn's Index score : 0.06305481489324705, with theta = 0.001
 k = 70 :  Min David Bouldin score : 1.476350059411212, with theta = 10.0
##################################################################################################
The results of running the Kmeans method 20 times and the average of 20 runs
##################################################################################################
 k_knn = 11 
 k = 10 :  Avg ACC : 27.125506072874494, with theta = 10.0
 k = 10 :  Avg NMI : 27.782622825985644, with theta = 10.0
 k = 10 :  Reconstruction Error : 4.1404370199619525
 k = 10 :  Avg Silhoutte score : 0.4238071197760116, with theta = 10.0
 k = 10 :  Avg Dunn's Index score : 0.04192833870858699, with theta = 0.001
 k = 10 :  Avg David Bouldin score : 1.2495018992831675, with theta = 10.0
##################################################################################################
##################################################################################################
 k_knn = 11 
 k = 20 :  Avg ACC : 25.384615384615387, with theta = 10.0
 k = 20 :  Avg NMI : 25.49828194520704, with theta = 0.1
 k = 20 :  Reconstruction Error : 4.137448366048604
 k = 20 :  Avg Silhoutte score : 0.42963888490510266, with theta = 0.1
 k = 20 :  Avg Dunn's Index score : 0.059420702212326336, with theta = 0.001
 k = 20 :  Avg David Bouldin score : 1.384743838693668, with theta = 0.1
##################################################################################################
##################################################################################################
 k_knn = 11 
 k = 30 :  Avg ACC : 26.113360323886642, with theta = 0.1
 k = 30 :  Avg NMI : 27.288142660198304, with theta = 0.001
 k = 30 :  Reconstruction Error : 4.136287902526869
 k = 30 :  Avg Silhoutte score : 0.3948098784074504, with theta = 10.0
 k = 30 :  Avg Dunn's Index score : 0.05950804200941721, with theta = 0.001
 k = 30 :  Avg David Bouldin score : 1.4974969580332167, with theta = 10.0
##################################################################################################
##################################################################################################
 k_knn = 11 
 k = 40 :  Avg ACC : 25.870445344129557, with theta = 10.0
 k = 40 :  Avg NMI : 28.079674194962664, with theta = 10.0
 k = 40 :  Reconstruction Error : 4.1362041088787045
 k = 40 :  Avg Silhoutte score : 0.4240360362678494, with theta = 0.1
 k = 40 :  Avg Dunn's Index score : 0.07011597869161817, with theta = 0.001
 k = 40 :  Avg David Bouldin score : 1.5355900705139127, with theta = 0.1
##################################################################################################
##################################################################################################
 k_knn = 11 
 k = 50 :  Avg ACC : 26.39676113360324, with theta = 10.0
 k = 50 :  Avg NMI : 27.437504507085794, with theta = 10.0
 k = 50 :  Reconstruction Error : 4.136746402594953
 k = 50 :  Avg Silhoutte score : 0.38389602254275207, with theta = 10.0
 k = 50 :  Avg Dunn's Index score : 0.06916776448420825, with theta = 0.001
 k = 50 :  Avg David Bouldin score : 1.5427632328660945, with theta = 10.0
##################################################################################################
##################################################################################################
 k_knn = 11 
 k = 60 :  Avg ACC : 26.477732793522268, with theta = 10.0
 k = 60 :  Avg NMI : 27.66034286350307, with theta = 10.0
 k = 60 :  Reconstruction Error : 4.136654526032388
 k = 60 :  Avg Silhoutte score : 0.4094489409684947, with theta = 0.1
 k = 60 :  Avg Dunn's Index score : 0.08796072645498229, with theta = 0.001
 k = 60 :  Avg David Bouldin score : 1.4853405125718508, with theta = 0.1
##################################################################################################
##################################################################################################
 k_knn = 11 
 k = 70 :  Avg ACC : 24.979757085020243, with theta = 10.0
 k = 70 :  Avg NMI : 26.12696905557042, with theta = 10.0
 k = 70 :  Reconstruction Error : 4.131279193576804
 k = 70 :  Avg Silhoutte score : 0.40026384278366367, with theta = 10.0
 k = 70 :  Avg Dunn's Index score : 0.06305481489324705, with theta = 0.001
 k = 70 :  Avg David Bouldin score : 1.5520312573960513, with theta = 10.0
##################################################################################################
The results of running the Kmeans method 20 times and the report of maximum of 20 runs
##################################################################################################
 k_knn = 21  
 k = 10 :  Max ACC : 30.0, with theta = 10.0
 k = 10 :  Max NMI : 32.174669485302296, with theta = 10.0
 k = 10 :  Reconstruction Error : 4.140889673543233
 k = 10 :  Max Silhoutter score : 0.3753132342597317, with theta = 10.0
 k = 10 :  Max Dunn's Index score : 0.029903053147989786, with theta = 0.001
 k = 10 :  Min David Bouldin score : 1.1945099036742222, with theta = 10.0
##################################################################################################
##################################################################################################
 k_knn = 21  
 k = 20 :  Max ACC : 30.0, with theta = 0.1
 k = 20 :  Max NMI : 32.15948871580698, with theta = 0.1
 k = 20 :  Reconstruction Error : 4.134047219536595
 k = 20 :  Max Silhoutter score : 0.40058550904373635, with theta = 10.0
 k = 20 :  Max Dunn's Index score : 0.051051984744693815, with theta = 0.001
 k = 20 :  Min David Bouldin score : 1.323020750324618, with theta = 10.0
##################################################################################################
##################################################################################################
 k_knn = 21  
 k = 30 :  Max ACC : 30.0, with theta = 10.0
 k = 30 :  Max NMI : 32.487491244331494, with theta = 10.0
 k = 30 :  Reconstruction Error : 4.139740014293176
 k = 30 :  Max Silhoutter score : 0.35970951410111046, with theta = 10.0
 k = 30 :  Max Dunn's Index score : 0.05701367739471878, with theta = 0.001
 k = 30 :  Min David Bouldin score : 1.424725922198074, with theta = 10.0
##################################################################################################
##################################################################################################
 k_knn = 21  
 k = 40 :  Max ACC : 29.230769230769234, with theta = 0.001
 k = 40 :  Max NMI : 31.684548386422197, with theta = 0.1
 k = 40 :  Reconstruction Error : 4.138482061309673
 k = 40 :  Max Silhoutter score : 0.3844950152946187, with theta = 10.0
 k = 40 :  Max Dunn's Index score : 0.053193195613592065, with theta = 0.001
 k = 40 :  Min David Bouldin score : 1.403177288673298, with theta = 10.0
##################################################################################################
##################################################################################################
 k_knn = 21  
 k = 50 :  Max ACC : 27.692307692307693, with theta = 0.001
 k = 50 :  Max NMI : 31.50871150898854, with theta = 10.0
 k = 50 :  Reconstruction Error : 4.138729419216279
 k = 50 :  Max Silhoutter score : 0.36650304020147795, with theta = 0.1
 k = 50 :  Max Dunn's Index score : 0.05524555248086574, with theta = 0.001
 k = 50 :  Min David Bouldin score : 1.4144727332689258, with theta = 0.01
##################################################################################################
##################################################################################################
 k_knn = 21  
 k = 60 :  Max ACC : 29.230769230769234, with theta = 0.01
 k = 60 :  Max NMI : 29.435103279404796, with theta = 10.0
 k = 60 :  Reconstruction Error : 4.137819122038799
 k = 60 :  Max Silhoutter score : 0.3653236413787085, with theta = 10.0
 k = 60 :  Max Dunn's Index score : 0.06280457935177627, with theta = 0.001
 k = 60 :  Min David Bouldin score : 1.424708460680845, with theta = 10.0
##################################################################################################
##################################################################################################
 k_knn = 21  
 k = 70 :  Max ACC : 30.76923076923077, with theta = 0.001
 k = 70 :  Max NMI : 33.88956837758586, with theta = 0.001
 k = 70 :  Reconstruction Error : 4.136950135555068
 k = 70 :  Max Silhoutter score : 0.3655579408800006, with theta = 0.1
 k = 70 :  Max Dunn's Index score : 0.05733845786813979, with theta = 0.001
 k = 70 :  Min David Bouldin score : 1.413177026204516, with theta = 0.1
##################################################################################################
The results of running the Kmeans method 20 times and the average of 20 runs
##################################################################################################
 k_knn = 21 
 k = 10 :  Avg ACC : 28.663967611336034, with theta = 10.0
 k = 10 :  Avg NMI : 30.088248718262278, with theta = 10.0
 k = 10 :  Reconstruction Error : 4.140889673543233
 k = 10 :  Avg Silhoutte score : 0.35579674916824805, with theta = 10.0
 k = 10 :  Avg Dunn's Index score : 0.029903053147989786, with theta = 0.001
 k = 10 :  Avg David Bouldin score : 1.2791204500418316, with theta = 10.0
##################################################################################################
##################################################################################################
 k_knn = 21 
 k = 20 :  Avg ACC : 26.437246963562753, with theta = 0.1
 k = 20 :  Avg NMI : 29.20047570188188, with theta = 0.1
 k = 20 :  Reconstruction Error : 4.134047219536595
 k = 20 :  Avg Silhoutte score : 0.38752965339360324, with theta = 10.0
 k = 20 :  Avg Dunn's Index score : 0.051051984744693815, with theta = 0.001
 k = 20 :  Avg David Bouldin score : 1.4065068601339694, with theta = 10.0
##################################################################################################
##################################################################################################
 k_knn = 21 
 k = 30 :  Avg ACC : 28.582995951417004, with theta = 10.0
 k = 30 :  Avg NMI : 30.64528176539207, with theta = 10.0
 k = 30 :  Reconstruction Error : 4.139740014293176
 k = 30 :  Avg Silhoutte score : 0.3442992801837988, with theta = 10.0
 k = 30 :  Avg Dunn's Index score : 0.05701367739471878, with theta = 0.001
 k = 30 :  Avg David Bouldin score : 1.4995547918053498, with theta = 10.0
##################################################################################################
##################################################################################################
 k_knn = 21 
 k = 40 :  Avg ACC : 26.963562753036438, with theta = 0.1
 k = 40 :  Avg NMI : 29.07881172862701, with theta = 0.1
 k = 40 :  Reconstruction Error : 4.138482061309673
 k = 40 :  Avg Silhoutte score : 0.3674527411798938, with theta = 10.0
 k = 40 :  Avg Dunn's Index score : 0.053193195613592065, with theta = 0.001
 k = 40 :  Avg David Bouldin score : 1.4789902104234518, with theta = 10.0
##################################################################################################
##################################################################################################
 k_knn = 21 
 k = 50 :  Avg ACC : 26.437246963562753, with theta = 10.0
 k = 50 :  Avg NMI : 29.04716485310878, with theta = 10.0
 k = 50 :  Reconstruction Error : 4.138729419216279
 k = 50 :  Avg Silhoutte score : 0.34758385986506873, with theta = 10.0
 k = 50 :  Avg Dunn's Index score : 0.05524555248086574, with theta = 0.001
 k = 50 :  Avg David Bouldin score : 1.4925372889578543, with theta = 0.01
##################################################################################################
##################################################################################################
 k_knn = 21 
 k = 60 :  Avg ACC : 25.991902834008098, with theta = 10.0
 k = 60 :  Avg NMI : 26.881734481291076, with theta = 10.0
 k = 60 :  Reconstruction Error : 4.137819122038799
 k = 60 :  Avg Silhoutte score : 0.3445563682986179, with theta = 0.1
 k = 60 :  Avg Dunn's Index score : 0.06280457935177627, with theta = 0.001
 k = 60 :  Avg David Bouldin score : 1.5235088953960372, with theta = 0.1
##################################################################################################
##################################################################################################
 k_knn = 21 
 k = 70 :  Avg ACC : 27.57085020242915, with theta = 10.0
 k = 70 :  Avg NMI : 29.22878448437745, with theta = 10.0
 k = 70 :  Reconstruction Error : 4.136950135555068
 k = 70 :  Avg Silhoutte score : 0.3514325456183762, with theta = 0.1
 k = 70 :  Avg Dunn's Index score : 0.05733845786813979, with theta = 0.001
 k = 70 :  Avg David Bouldin score : 1.4832490699258023, with theta = 0.1
##################################################################################################
{10: [100, 100, 100, 100, 100, 100, 100, 12, 100, 100, 100, 17, 100, 100, 100, 10, 100, 100, 5, 11], 20: [100, 100, 100, 100, 100, 100, 100, 10, 100, 100, 100, 8, 100, 100, 8, 5, 100, 100, 4, 3], 30: [100, 100, 100, 100, 100, 100, 100, 17, 100, 100, 100, 9, 100, 100, 5, 5, 100, 100, 3, 4], 40: [100, 100, 100, 100, 100, 100, 100, 7, 100, 100, 100, 8, 100, 100, 9, 4, 100, 5, 3, 4], 50: [100, 100, 100, 100, 100, 100, 100, 9, 100, 100, 100, 9, 100, 100, 4, 5, 100, 5, 3, 3], 60: [100, 100, 100, 100, 100, 100, 100, 8, 100, 100, 100, 8, 100, 100, 5, 5, 100, 4, 3, 3], 70: [100, 100, 100, 100, 100, 100, 100, 12, 100, 100, 100, 11, 100, 100, 4, 4, 100, 4, 4, 3]}
Average no. of iterations for k = 10 : 77.75
Average no. of iterations for k = 20 : 71.9
Average no. of iterations for k = 30 : 72.15
Average no. of iterations for k = 40 : 67
Average no. of iterations for k = 50 : 66.9
Average no. of iterations for k = 60 : 66.8
Average no. of iterations for k = 70 : 67.1
Overall average no. of iterations : 69.94285714285714
done
