Model : DGONMF
Dataset : warpAR10P
max iterations : 100
myeps_1 : 1e-12
myeps_2 : 1e-10
The results of running the Kmeans method 20 times and the report of maximum of 20 runs
##################################################################################################
 k1 = 80 : k2 = 10 
 Max ACC : 95.38461538461539, with (alpha, beta) = (10.0, 0.01)
 Max NMI : 93.34592206133922, with (alpha, beta) = (10.0, 0.01)
 Reconstruction Error : 3.557853557856425
 Max Silhoutter score : 0.6738187801416003, with (alpha, beta) = (10.0, 0.01)
 Max Dunn's Index score : 0.1683536315955972, with (alpha, beta) = (10.0, 0.1)
 Min David Bouldin score : 0.7915308616920187, with (alpha, beta) = (10.0, 0.01)
##################################################################################################
##################################################################################################
 k1 = 80 : k2 = 20 
 Max ACC : 90.0, with (alpha, beta) = (10.0, 0.01)
 Max NMI : 87.2049821416921, with (alpha, beta) = (10.0, 0.01)
 Reconstruction Error : 3.706909288132809
 Max Silhoutter score : 0.47590889897997035, with (alpha, beta) = (10.0, 0.01)
 Max Dunn's Index score : 0.23950964665380808, with (alpha, beta) = (10.0, 0.01)
 Min David Bouldin score : 1.3341286418528533, with (alpha, beta) = (10.0, 1)
##################################################################################################
##################################################################################################
 k1 = 80 : k2 = 30 
 Max ACC : 92.3076923076923, with (alpha, beta) = (0.1, 0.01)
 Max NMI : 89.29738202254718, with (alpha, beta) = (0.1, 0.01)
 Reconstruction Error : 3.7284365085534206
 Max Silhoutter score : 0.3037902178328349, with (alpha, beta) = (0.1, 1)
 Max Dunn's Index score : 0.35311574643668553, with (alpha, beta) = (0.1, 0.01)
 Min David Bouldin score : 1.6246573671146294, with (alpha, beta) = (10.0, 0.1)
##################################################################################################
##################################################################################################
 k1 = 80 : k2 = 40 
 Max ACC : 91.53846153846153, with (alpha, beta) = (0.1, 1)
 Max NMI : 89.35790660896504, with (alpha, beta) = (0.1, 1)
 Reconstruction Error : 3.481386525212732
 Max Silhoutter score : 0.33111966651980057, with (alpha, beta) = (0.1, 1)
 Max Dunn's Index score : 0.30336852628939914, with (alpha, beta) = (0.1, 1)
 Min David Bouldin score : 1.6450209527116666, with (alpha, beta) = (0.001, 1)
##################################################################################################
##################################################################################################
 k1 = 80 : k2 = 50 
 Max ACC : 82.3076923076923, with (alpha, beta) = (0.01, 0.1)
 Max NMI : 78.67277166729983, with (alpha, beta) = (0.01, 0.1)
 Reconstruction Error : 3.220086440783522
 Max Silhoutter score : 0.3213117453323053, with (alpha, beta) = (10.0, 0.01)
 Max Dunn's Index score : 0.2972185940931908, with (alpha, beta) = (0.01, 0.1)
 Min David Bouldin score : 1.8386813740963803, with (alpha, beta) = (10.0, 0.01)
##################################################################################################
##################################################################################################
 k1 = 80 : k2 = 60 
 Max ACC : 68.46153846153847, with (alpha, beta) = (0.001, 0.01)
 Max NMI : 69.31995110793659, with (alpha, beta) = (0.001, 0.01)
 Reconstruction Error : 3.0389249110003838
 Max Silhoutter score : 0.5250721087961318, with (alpha, beta) = (0.1, 0.1)
 Max Dunn's Index score : 0.20386153767890622, with (alpha, beta) = (0.001, 0.01)
 Min David Bouldin score : 1.8680921564927537, with (alpha, beta) = (0.01, 0.01)
##################################################################################################
##################################################################################################
 k1 = 80 : k2 = 70 
 Max ACC : 50.0, with (alpha, beta) = (0.001, 0.1)
 Max NMI : 50.36829373099631, with (alpha, beta) = (0.001, 0.1)
 Reconstruction Error : 2.8968420036279174
 Max Silhoutter score : 0.5570958086091187, with (alpha, beta) = (0.01, 0.1)
 Max Dunn's Index score : 0.15199006351100894, with (alpha, beta) = (0.001, 0.1)
 Min David Bouldin score : 0.7356860362156726, with (alpha, beta) = (0.01, 0.1)
##################################################################################################
The results of running the Kmeans method 20 times and the average of 20 runs
##################################################################################################
 k1 = 80 : k2 = 10
 Avg ACC : 95.38461538461539, with (alpha, beta) = (10.0, 0.01)
 Avg NMI : 92.9302894890874, with (alpha, beta) = (10.0, 0.01)
 Reconstruction Error : 3.557853557856425
 Avg Silhoutte score : 0.6736042496746725, with (alpha, beta) = (10.0, 0.01)
 Avg Dunn's Index score : 0.1683536315955972, with (alpha, beta) = (10.0, 0.1)
 Avg David Bouldin score : 0.538409805458221, with (alpha, beta) = (10.0, 0.01)
##################################################################################################
##################################################################################################
 k1 = 80 : k2 = 20
 Avg ACC : 84.8178137651822, with (alpha, beta) = (10.0, 0.01)
 Avg NMI : 84.90108882014871, with (alpha, beta) = (10.0, 0.01)
 Reconstruction Error : 3.706909288132809
 Avg Silhoutte score : 0.46728521094861464, with (alpha, beta) = (10.0, 0.01)
 Avg Dunn's Index score : 0.23950964665380808, with (alpha, beta) = (10.0, 0.01)
 Avg David Bouldin score : 0.9365219615528323, with (alpha, beta) = (10.0, 1)
##################################################################################################
##################################################################################################
 k1 = 80 : k2 = 30
 Avg ACC : 86.11336032388664, with (alpha, beta) = (0.1, 0.01)
 Avg NMI : 82.37899514811879, with (alpha, beta) = (0.1, 1)
 Reconstruction Error : 3.7284365085534206
 Avg Silhoutte score : 0.2965930009400382, with (alpha, beta) = (0.1, 1)
 Avg Dunn's Index score : 0.35311574643668553, with (alpha, beta) = (0.1, 0.01)
 Avg David Bouldin score : 1.1573697267838776, with (alpha, beta) = (10.0, 0.1)
##################################################################################################
##################################################################################################
 k1 = 80 : k2 = 40
 Avg ACC : 86.84210526315789, with (alpha, beta) = (0.1, 1)
 Avg NMI : 85.43443268993492, with (alpha, beta) = (0.1, 1)
 Reconstruction Error : 3.481386525212732
 Avg Silhoutte score : 0.32199822671849976, with (alpha, beta) = (0.1, 1)
 Avg Dunn's Index score : 0.30336852628939914, with (alpha, beta) = (0.1, 1)
 Avg David Bouldin score : 0.9627845380736949, with (alpha, beta) = (0.001, 1)
##################################################################################################
##################################################################################################
 k1 = 80 : k2 = 50
 Avg ACC : 69.06882591093118, with (alpha, beta) = (0.01, 0.01)
 Avg NMI : 74.21579962503625, with (alpha, beta) = (0.01, 0.01)
 Reconstruction Error : 3.220086440783522
 Avg Silhoutte score : 0.25253156074222105, with (alpha, beta) = (10.0, 0.01)
 Avg Dunn's Index score : 0.2972185940931908, with (alpha, beta) = (0.01, 0.1)
 Avg David Bouldin score : 0.7360872308793486, with (alpha, beta) = (10.0, 0.01)
##################################################################################################
##################################################################################################
 k1 = 80 : k2 = 60
 Avg ACC : 54.69635627530364, with (alpha, beta) = (0.001, 0.01)
 Avg NMI : 59.13865053843933, with (alpha, beta) = (0.001, 0.01)
 Reconstruction Error : 3.0389249110003838
 Avg Silhoutte score : 0.5079994299788719, with (alpha, beta) = (0.1, 0.1)
 Avg Dunn's Index score : 0.20386153767890622, with (alpha, beta) = (0.001, 0.01)
 Avg David Bouldin score : 0.5608777361949122, with (alpha, beta) = (0.01, 0.01)
##################################################################################################
##################################################################################################
 k1 = 80 : k2 = 70
 Avg ACC : 45.060728744939276, with (alpha, beta) = (0.001, 0.1)
 Avg NMI : 46.13682283735618, with (alpha, beta) = (0.001, 0.1)
 Reconstruction Error : 2.8968420036279174
 Avg Silhoutte score : 0.5333505984227375, with (alpha, beta) = (0.01, 0.1)
 Avg Dunn's Index score : 0.15199006351100894, with (alpha, beta) = (0.001, 0.1)
 Avg David Bouldin score : 0.6304177617849807, with (alpha, beta) = (0.01, 0.1)
##################################################################################################
The results of running the Kmeans method 20 times and the report of maximum of 20 runs
##################################################################################################
 k1 = 100 : k2 = 10 
 Max ACC : 96.15384615384616, with (alpha, beta) = (10.0, 1)
 Max NMI : 94.53420685487717, with (alpha, beta) = (10.0, 1)
 Reconstruction Error : 3.4897676371784168
 Max Silhoutter score : 0.6733308765246859, with (alpha, beta) = (10.0, 0.01)
 Max Dunn's Index score : 0.2772010462302983, with (alpha, beta) = (10.0, 1)
 Min David Bouldin score : 0.8066488969024986, with (alpha, beta) = (10.0, 1)
##################################################################################################
##################################################################################################
 k1 = 100 : k2 = 20 
 Max ACC : 93.07692307692308, with (alpha, beta) = (10.0, 1)
 Max NMI : 90.1580269044508, with (alpha, beta) = (10.0, 1)
 Reconstruction Error : 5.380718977167455
 Max Silhoutter score : 0.5474374596927084, with (alpha, beta) = (10.0, 1)
 Max Dunn's Index score : 0.2405404263940794, with (alpha, beta) = (0.1, 0.01)
 Min David Bouldin score : 1.1832372578913524, with (alpha, beta) = (10.0, 0.1)
##################################################################################################
##################################################################################################
 k1 = 100 : k2 = 30 
 Max ACC : 90.0, with (alpha, beta) = (0.1, 0.1)
 Max NMI : 87.40016537193587, with (alpha, beta) = (0.1, 0.1)
 Reconstruction Error : 4.327827444624676
 Max Silhoutter score : 0.3422526270613165, with (alpha, beta) = (0.1, 0.1)
 Max Dunn's Index score : 0.3392193199931381, with (alpha, beta) = (0.1, 0.1)
 Min David Bouldin score : 1.5716499453952317, with (alpha, beta) = (10.0, 1)
##################################################################################################
##################################################################################################
 k1 = 100 : k2 = 40 
 Max ACC : 90.76923076923077, with (alpha, beta) = (0.1, 1)
 Max NMI : 88.11972833444565, with (alpha, beta) = (0.1, 1)
 Reconstruction Error : 3.8237798536804712
 Max Silhoutter score : 0.5928824636035767, with (alpha, beta) = (10.0, 0.01)
 Max Dunn's Index score : 0.29714323862119074, with (alpha, beta) = (0.1, 1)
 Min David Bouldin score : 1.3808087727876242, with (alpha, beta) = (10.0, 0.01)
##################################################################################################
##################################################################################################
 k1 = 100 : k2 = 50 
 Max ACC : 75.38461538461539, with (alpha, beta) = (0.01, 0.1)
 Max NMI : 79.99752633530217, with (alpha, beta) = (0.01, 0.1)
 Reconstruction Error : 3.701957778275676
 Max Silhoutter score : 0.3995692226688631, with (alpha, beta) = (10.0, 1)
 Max Dunn's Index score : 0.23228264194727466, with (alpha, beta) = (0.01, 0.1)
 Min David Bouldin score : 1.627049053615849, with (alpha, beta) = (10.0, 1)
##################################################################################################
##################################################################################################
 k1 = 100 : k2 = 60 
 Max ACC : 76.15384615384615, with (alpha, beta) = (0.01, 0.1)
 Max NMI : 77.68128266606053, with (alpha, beta) = (0.01, 0.1)
 Reconstruction Error : 3.290624971091728
 Max Silhoutter score : 0.689514005145973, with (alpha, beta) = (10.0, 1)
 Max Dunn's Index score : 0.31360111870064766, with (alpha, beta) = (0.01, 0.1)
 Min David Bouldin score : 2.0608547668005164, with (alpha, beta) = (10.0, 0.01)
##################################################################################################
##################################################################################################
 k1 = 100 : k2 = 70 
 Max ACC : 58.46153846153847, with (alpha, beta) = (0.001, 0.01)
 Max NMI : 60.773210509746775, with (alpha, beta) = (0.001, 0.1)
 Reconstruction Error : 3.315658278356705
 Max Silhoutter score : 0.6053627080426658, with (alpha, beta) = (0.1, 0.01)
 Max Dunn's Index score : 0.2466278910074324, with (alpha, beta) = (0.001, 0.01)
 Min David Bouldin score : 1.7925875696225426, with (alpha, beta) = (0.1, 0.01)
##################################################################################################
The results of running the Kmeans method 20 times and the average of 20 runs
##################################################################################################
 k1 = 100 : k2 = 10
 Avg ACC : 93.23886639676114, with (alpha, beta) = (10.0, 1)
 Avg NMI : 92.99874563739988, with (alpha, beta) = (10.0, 1)
 Reconstruction Error : 3.4897676371784168
 Avg Silhoutte score : 0.6577481591443646, with (alpha, beta) = (10.0, 1)
 Avg Dunn's Index score : 0.2772010462302983, with (alpha, beta) = (10.0, 1)
 Avg David Bouldin score : 0.6066465312088217, with (alpha, beta) = (10.0, 0.01)
##################################################################################################
##################################################################################################
 k1 = 100 : k2 = 20
 Avg ACC : 91.65991902834008, with (alpha, beta) = (10.0, 1)
 Avg NMI : 88.46449664007925, with (alpha, beta) = (10.0, 1)
 Reconstruction Error : 5.380718977167455
 Avg Silhoutte score : 0.5449552229171265, with (alpha, beta) = (10.0, 1)
 Avg Dunn's Index score : 0.2405404263940794, with (alpha, beta) = (0.1, 0.01)
 Avg David Bouldin score : 0.8508306839924183, with (alpha, beta) = (10.0, 1)
##################################################################################################
##################################################################################################
 k1 = 100 : k2 = 30
 Avg ACC : 83.96761133603239, with (alpha, beta) = (0.1, 0.1)
 Avg NMI : 84.02435444160932, with (alpha, beta) = (0.1, 0.1)
 Reconstruction Error : 4.327827444624676
 Avg Silhoutte score : 0.33389072856648805, with (alpha, beta) = (0.1, 0.1)
 Avg Dunn's Index score : 0.3392193199931381, with (alpha, beta) = (0.1, 0.1)
 Avg David Bouldin score : 1.2925624286852528, with (alpha, beta) = (10.0, 1)
##################################################################################################
##################################################################################################
 k1 = 100 : k2 = 40
 Avg ACC : 78.42105263157895, with (alpha, beta) = (0.1, 1)
 Avg NMI : 79.48798673156574, with (alpha, beta) = (0.1, 1)
 Reconstruction Error : 3.8237798536804712
 Avg Silhoutte score : 0.5369233644508944, with (alpha, beta) = (10.0, 0.01)
 Avg Dunn's Index score : 0.29714323862119074, with (alpha, beta) = (0.1, 1)
 Avg David Bouldin score : 0.4916497582033479, with (alpha, beta) = (10.0, 0.01)
##################################################################################################
##################################################################################################
 k1 = 100 : k2 = 50
 Avg ACC : 65.70850202429149, with (alpha, beta) = (0.01, 0.1)
 Avg NMI : 70.76574039400641, with (alpha, beta) = (0.01, 0.1)
 Reconstruction Error : 3.701957778275676
 Avg Silhoutte score : 0.3682156587539772, with (alpha, beta) = (10.0, 1)
 Avg Dunn's Index score : 0.23228264194727466, with (alpha, beta) = (0.01, 0.1)
 Avg David Bouldin score : 0.7103629401796192, with (alpha, beta) = (10.0, 1)
##################################################################################################
##################################################################################################
 k1 = 100 : k2 = 60
 Avg ACC : 65.62753036437248, with (alpha, beta) = (0.01, 0.1)
 Avg NMI : 71.67195263576517, with (alpha, beta) = (0.01, 0.1)
 Reconstruction Error : 3.290624971091728
 Avg Silhoutte score : 0.6558971262464163, with (alpha, beta) = (10.0, 1)
 Avg Dunn's Index score : 0.31360111870064766, with (alpha, beta) = (0.01, 0.1)
 Avg David Bouldin score : 0.3803818560807416, with (alpha, beta) = (10.0, 0.01)
##################################################################################################
##################################################################################################
 k1 = 100 : k2 = 70
 Avg ACC : 49.635627530364374, with (alpha, beta) = (0.001, 0.01)
 Avg NMI : 53.817919460248305, with (alpha, beta) = (0.001, 0.1)
 Reconstruction Error : 3.315658278356705
 Avg Silhoutte score : 0.6032986531132768, with (alpha, beta) = (0.1, 0.01)
 Avg Dunn's Index score : 0.2466278910074324, with (alpha, beta) = (0.001, 0.01)
 Avg David Bouldin score : 0.36645328324627024, with (alpha, beta) = (0.1, 0.01)
##################################################################################################
The results of running the Kmeans method 20 times and the report of maximum of 20 runs
##################################################################################################
 k1 = 120 : k2 = 10 
 Max ACC : 94.61538461538461, with (alpha, beta) = (10.0, 0.01)
 Max NMI : 91.67477990094393, with (alpha, beta) = (10.0, 0.01)
 Reconstruction Error : 4.274666783006386
 Max Silhoutter score : 0.6360085113567462, with (alpha, beta) = (10.0, 0.01)
 Max Dunn's Index score : 0.22002513853414093, with (alpha, beta) = (10.0, 0.01)
 Min David Bouldin score : 0.8764621344800666, with (alpha, beta) = (10.0, 0.1)
##################################################################################################
##################################################################################################
 k1 = 120 : k2 = 20 
 Max ACC : 92.3076923076923, with (alpha, beta) = (10.0, 0.01)
 Max NMI : 89.32820683369484, with (alpha, beta) = (10.0, 0.1)
 Reconstruction Error : 5.380675781053919
 Max Silhoutter score : 0.516481587256026, with (alpha, beta) = (10.0, 0.01)
 Max Dunn's Index score : 0.22443385045316983, with (alpha, beta) = (0.1, 0.1)
 Min David Bouldin score : 1.1941238716439506, with (alpha, beta) = (10.0, 1)
##################################################################################################
##################################################################################################
 k1 = 120 : k2 = 30 
 Max ACC : 78.46153846153847, with (alpha, beta) = (0.1, 1)
 Max NMI : 75.18260636596315, with (alpha, beta) = (0.1, 1)
 Reconstruction Error : 4.800053642387208
 Max Silhoutter score : 0.2952409648847886, with (alpha, beta) = (10.0, 0.1)
 Max Dunn's Index score : 0.25192389628347384, with (alpha, beta) = (10.0, 0.1)
 Min David Bouldin score : 1.421188094823049, with (alpha, beta) = (10.0, 0.01)
##################################################################################################
##################################################################################################
 k1 = 120 : k2 = 40 
 Max ACC : 81.53846153846153, with (alpha, beta) = (0.1, 1)
 Max NMI : 81.20379658437724, with (alpha, beta) = (0.1, 1)
 Reconstruction Error : 4.019705004727121
 Max Silhoutter score : 0.5966040505574132, with (alpha, beta) = (0.001, 1)
 Max Dunn's Index score : 0.26734849271903866, with (alpha, beta) = (0.1, 0.1)
 Min David Bouldin score : 1.961657230704542, with (alpha, beta) = (0.001, 1)
##################################################################################################
##################################################################################################
 k1 = 120 : k2 = 50 
 Max ACC : 66.92307692307692, with (alpha, beta) = (0.01, 0.1)
 Max NMI : 66.46889706698708, with (alpha, beta) = (0.01, 0.1)
 Reconstruction Error : 3.862651615083375
 Max Silhoutter score : 0.819340730271339, with (alpha, beta) = (0.1, 1)
 Max Dunn's Index score : 0.2580631911578027, with (alpha, beta) = (0.01, 0.01)
 Min David Bouldin score : 1.6023398986736954, with (alpha, beta) = (0.1, 1)
##################################################################################################
##################################################################################################
 k1 = 120 : k2 = 60 
 Max ACC : 70.76923076923077, with (alpha, beta) = (0.01, 0.1)
 Max NMI : 70.81883769716106, with (alpha, beta) = (0.01, 0.1)
 Reconstruction Error : 3.631344716908053
 Max Silhoutter score : 0.6848116619081104, with (alpha, beta) = (10.0, 1)
 Max Dunn's Index score : 0.25053426665045925, with (alpha, beta) = (0.001, 0.01)
 Min David Bouldin score : 1.9569085886492477, with (alpha, beta) = (10.0, 1)
##################################################################################################
##################################################################################################
 k1 = 120 : k2 = 70 
 Max ACC : 47.69230769230769, with (alpha, beta) = (0.001, 0.1)
 Max NMI : 50.999076972485334, with (alpha, beta) = (0.01, 1)
 Reconstruction Error : 3.6473050823388937
 Max Silhoutter score : 0.6490939167086807, with (alpha, beta) = (0.1, 0.1)
 Max Dunn's Index score : 0.20505811092109144, with (alpha, beta) = (0.001, 0.01)
 Min David Bouldin score : 1.9647746639869474, with (alpha, beta) = (0.1, 0.1)
##################################################################################################
The results of running the Kmeans method 20 times and the average of 20 runs
##################################################################################################
 k1 = 120 : k2 = 10
 Avg ACC : 94.61538461538461, with (alpha, beta) = (10.0, 0.01)
 Avg NMI : 91.64032197440238, with (alpha, beta) = (10.0, 0.01)
 Reconstruction Error : 4.274666783006386
 Avg Silhoutte score : 0.6359271248437713, with (alpha, beta) = (10.0, 0.01)
 Avg Dunn's Index score : 0.22002513853414093, with (alpha, beta) = (10.0, 0.01)
 Avg David Bouldin score : 0.6565078187794157, with (alpha, beta) = (10.0, 0.1)
##################################################################################################
##################################################################################################
 k1 = 120 : k2 = 20
 Avg ACC : 91.57894736842104, with (alpha, beta) = (10.0, 0.01)
 Avg NMI : 88.18198913474755, with (alpha, beta) = (10.0, 0.01)
 Reconstruction Error : 5.380675781053919
 Avg Silhoutte score : 0.5155811469398981, with (alpha, beta) = (10.0, 0.01)
 Avg Dunn's Index score : 0.22443385045316983, with (alpha, beta) = (0.1, 0.1)
 Avg David Bouldin score : 0.9100637177850196, with (alpha, beta) = (10.0, 0.01)
##################################################################################################
##################################################################################################
 k1 = 120 : k2 = 30
 Avg ACC : 68.17813765182186, with (alpha, beta) = (10.0, 0.1)
 Avg NMI : 71.16989125760817, with (alpha, beta) = (10.0, 0.1)
 Reconstruction Error : 4.800053642387208
 Avg Silhoutte score : 0.27928561589644246, with (alpha, beta) = (10.0, 0.1)
 Avg Dunn's Index score : 0.25192389628347384, with (alpha, beta) = (10.0, 0.1)
 Avg David Bouldin score : 1.233336241854644, with (alpha, beta) = (10.0, 0.01)
##################################################################################################
##################################################################################################
 k1 = 120 : k2 = 40
 Avg ACC : 70.93117408906882, with (alpha, beta) = (0.1, 1)
 Avg NMI : 73.30702929622767, with (alpha, beta) = (0.1, 1)
 Reconstruction Error : 4.019705004727121
 Avg Silhoutte score : 0.4410308709807169, with (alpha, beta) = (0.001, 1)
 Avg Dunn's Index score : 0.26734849271903866, with (alpha, beta) = (0.1, 0.1)
 Avg David Bouldin score : 0.42787072389422587, with (alpha, beta) = (0.001, 1)
##################################################################################################
##################################################################################################
 k1 = 120 : k2 = 50
 Avg ACC : 56.558704453441294, with (alpha, beta) = (0.01, 0.1)
 Avg NMI : 60.05669293464806, with (alpha, beta) = (0.01, 0.1)
 Reconstruction Error : 3.862651615083375
 Avg Silhoutte score : 0.8190112618399636, with (alpha, beta) = (0.1, 1)
 Avg Dunn's Index score : 0.2580631911578027, with (alpha, beta) = (0.01, 0.01)
 Avg David Bouldin score : 0.27541914791696037, with (alpha, beta) = (0.1, 1)
##################################################################################################
##################################################################################################
 k1 = 120 : k2 = 60
 Avg ACC : 58.906882591093115, with (alpha, beta) = (0.01, 0.1)
 Avg NMI : 61.16562365520216, with (alpha, beta) = (0.01, 0.1)
 Reconstruction Error : 3.631344716908053
 Avg Silhoutte score : 0.6329395771084202, with (alpha, beta) = (10.0, 1)
 Avg Dunn's Index score : 0.25053426665045925, with (alpha, beta) = (0.001, 0.01)
 Avg David Bouldin score : 0.3139922260073722, with (alpha, beta) = (10.0, 1)
##################################################################################################
##################################################################################################
 k1 = 120 : k2 = 70
 Avg ACC : 41.45748987854251, with (alpha, beta) = (0.001, 0.1)
 Avg NMI : 46.403983118069924, with (alpha, beta) = (0.01, 1)
 Reconstruction Error : 3.6473050823388937
 Avg Silhoutte score : 0.6490939167086807, with (alpha, beta) = (0.1, 0.1)
 Avg Dunn's Index score : 0.20505811092109144, with (alpha, beta) = (0.001, 0.01)
 Avg David Bouldin score : 0.2809973420495184, with (alpha, beta) = (0.1, 0.1)
##################################################################################################
The results of running the Kmeans method 20 times and the report of maximum of 20 runs
##################################################################################################
 k1 = 200 : k2 = 10 
 Max ACC : 78.46153846153847, with (alpha, beta) = (10.0, 0.01)
 Max NMI : 88.22898888789946, with (alpha, beta) = (10.0, 0.01)
 Reconstruction Error : 4.138700826080639
 Max Silhoutter score : 0.6222840888422894, with (alpha, beta) = (10.0, 0.01)
 Max Dunn's Index score : 0.11273692760325654, with (alpha, beta) = (10.0, 1)
 Min David Bouldin score : 0.7987369008645373, with (alpha, beta) = (10.0, 0.01)
##################################################################################################
##################################################################################################
 k1 = 200 : k2 = 20 
 Max ACC : 80.76923076923077, with (alpha, beta) = (10.0, 0.01)
 Max NMI : 78.88903158598555, with (alpha, beta) = (10.0, 0.01)
 Reconstruction Error : 4.363294249850877
 Max Silhoutter score : 0.26608682979258685, with (alpha, beta) = (10.0, 0.01)
 Max Dunn's Index score : 0.20010945756194548, with (alpha, beta) = (0.1, 0.1)
 Min David Bouldin score : 1.2809448008113364, with (alpha, beta) = (10.0, 0.1)
##################################################################################################
##################################################################################################
 k1 = 200 : k2 = 30 
 Max ACC : 65.38461538461539, with (alpha, beta) = (0.1, 0.01)
 Max NMI : 65.15831874087328, with (alpha, beta) = (0.1, 0.01)
 Reconstruction Error : 4.18806527907066
 Max Silhoutter score : 0.20835304604009225, with (alpha, beta) = (10.0, 0.01)
 Max Dunn's Index score : 0.26458121114383165, with (alpha, beta) = (0.1, 1)
 Min David Bouldin score : 1.431164808288036, with (alpha, beta) = (0.001, 1)
##################################################################################################
##################################################################################################
 k1 = 200 : k2 = 40 
 Max ACC : 77.6923076923077, with (alpha, beta) = (0.1, 1)
 Max NMI : 79.24088432215981, with (alpha, beta) = (0.1, 0.1)
 Reconstruction Error : 4.315415824484615
 Max Silhoutter score : 0.19467706235908755, with (alpha, beta) = (0.1, 1)
 Max Dunn's Index score : 0.2834274839554329, with (alpha, beta) = (0.1, 0.01)
 Min David Bouldin score : 1.266085811181024, with (alpha, beta) = (10.0, 0.1)
##################################################################################################
##################################################################################################
 k1 = 200 : k2 = 50 
 Max ACC : 60.0, with (alpha, beta) = (0.01, 0.01)
 Max NMI : 65.01799755159549, with (alpha, beta) = (0.01, 1)
 Reconstruction Error : 4.257277824454401
 Max Silhoutter score : 0.3543785793052084, with (alpha, beta) = (0.001, 1)
 Max Dunn's Index score : 0.27044240941384484, with (alpha, beta) = (0.01, 0.1)
 Min David Bouldin score : 1.4263842743137927, with (alpha, beta) = (10.0, 1)
##################################################################################################
##################################################################################################
 k1 = 200 : k2 = 60 
 Max ACC : 53.84615384615385, with (alpha, beta) = (0.01, 0.01)
 Max NMI : 53.114584560026415, with (alpha, beta) = (0.01, 0.01)
 Reconstruction Error : 3.9600373003019174
 Max Silhoutter score : 0.47594771466589336, with (alpha, beta) = (0.001, 1)
 Max Dunn's Index score : 0.27729717406615645, with (alpha, beta) = (0.01, 0.01)
 Min David Bouldin score : 1.6856954774874162, with (alpha, beta) = (0.001, 1)
##################################################################################################
##################################################################################################
 k1 = 200 : k2 = 70 
 Max ACC : 60.76923076923077, with (alpha, beta) = (0.01, 0.1)
 Max NMI : 58.797301521572365, with (alpha, beta) = (0.01, 0.1)
 Reconstruction Error : 3.9956580881698898
 Max Silhoutter score : 0.4685606431035631, with (alpha, beta) = (10.0, 1)
 Max Dunn's Index score : 0.3525344637824959, with (alpha, beta) = (0.01, 0.1)
 Min David Bouldin score : 1.6518758397884898, with (alpha, beta) = (10.0, 1)
##################################################################################################
The results of running the Kmeans method 20 times and the average of 20 runs
##################################################################################################
 k1 = 200 : k2 = 10
 Avg ACC : 77.81376518218624, with (alpha, beta) = (10.0, 0.01)
 Avg NMI : 87.76830947157455, with (alpha, beta) = (10.0, 0.01)
 Reconstruction Error : 4.138700826080639
 Avg Silhoutte score : 0.6169777356688108, with (alpha, beta) = (10.0, 0.01)
 Avg Dunn's Index score : 0.11273692760325654, with (alpha, beta) = (10.0, 1)
 Avg David Bouldin score : 0.7792197244462271, with (alpha, beta) = (10.0, 0.01)
##################################################################################################
##################################################################################################
 k1 = 200 : k2 = 20
 Avg ACC : 70.12145748987854, with (alpha, beta) = (10.0, 0.01)
 Avg NMI : 71.83890142761672, with (alpha, beta) = (10.0, 0.01)
 Reconstruction Error : 4.363294249850877
 Avg Silhoutte score : 0.2476372056331514, with (alpha, beta) = (10.0, 0.01)
 Avg Dunn's Index score : 0.20010945756194548, with (alpha, beta) = (0.1, 0.1)
 Avg David Bouldin score : 1.1806408607473635, with (alpha, beta) = (10.0, 0.1)
##################################################################################################
##################################################################################################
 k1 = 200 : k2 = 30
 Avg ACC : 59.23076923076923, with (alpha, beta) = (0.1, 0.01)
 Avg NMI : 62.222121203040246, with (alpha, beta) = (0.1, 0.01)
 Reconstruction Error : 4.18806527907066
 Avg Silhoutte score : 0.17142403957280788, with (alpha, beta) = (10.0, 0.01)
 Avg Dunn's Index score : 0.26458121114383165, with (alpha, beta) = (0.1, 1)
 Avg David Bouldin score : 1.296047259775019, with (alpha, beta) = (0.001, 1)
##################################################################################################
##################################################################################################
 k1 = 200 : k2 = 40
 Avg ACC : 67.04453441295547, with (alpha, beta) = (0.1, 1)
 Avg NMI : 71.34855890338359, with (alpha, beta) = (0.1, 1)
 Reconstruction Error : 4.315415824484615
 Avg Silhoutte score : 0.18265348271527312, with (alpha, beta) = (0.1, 1)
 Avg Dunn's Index score : 0.2834274839554329, with (alpha, beta) = (0.1, 0.01)
 Avg David Bouldin score : 1.4106381262987795, with (alpha, beta) = (10.0, 0.1)
##################################################################################################
##################################################################################################
 k1 = 200 : k2 = 50
 Avg ACC : 53.68421052631579, with (alpha, beta) = (0.01, 1)
 Avg NMI : 57.52359306344539, with (alpha, beta) = (0.01, 1)
 Reconstruction Error : 4.257277824454401
 Avg Silhoutte score : 0.33224284999699544, with (alpha, beta) = (0.001, 1)
 Avg Dunn's Index score : 0.27044240941384484, with (alpha, beta) = (0.01, 0.1)
 Avg David Bouldin score : 0.8757163493672354, with (alpha, beta) = (0.001, 1)
##################################################################################################
##################################################################################################
 k1 = 200 : k2 = 60
 Avg ACC : 47.24696356275304, with (alpha, beta) = (0.01, 0.01)
 Avg NMI : 47.065027213225314, with (alpha, beta) = (0.01, 0.01)
 Reconstruction Error : 3.9600373003019174
 Avg Silhoutte score : 0.389382282491056, with (alpha, beta) = (0.001, 1)
 Avg Dunn's Index score : 0.27729717406615645, with (alpha, beta) = (0.01, 0.01)
 Avg David Bouldin score : 0.5284132600712759, with (alpha, beta) = (0.001, 1)
##################################################################################################
##################################################################################################
 k1 = 200 : k2 = 70
 Avg ACC : 49.635627530364374, with (alpha, beta) = (0.01, 0.1)
 Avg NMI : 51.19023018933225, with (alpha, beta) = (0.01, 0.1)
 Reconstruction Error : 3.9956580881698898
 Avg Silhoutte score : 0.39363938953191274, with (alpha, beta) = (10.0, 1)
 Avg Dunn's Index score : 0.3525344637824959, with (alpha, beta) = (0.01, 0.1)
 Avg David Bouldin score : 0.4127843808570554, with (alpha, beta) = (10.0, 1)
##################################################################################################
Average no. of iterations for k2 = 10 : 54.25
Average no. of iterations for k2 = 20 : 27.75
Average no. of iterations for k2 = 30 : 2.25
Average no. of iterations for k2 = 40 : 1.25
Average no. of iterations for k2 = 50 : 1
Average no. of iterations for k2 = 60 : 1
Average no. of iterations for k2 = 70 : 1
Overall average no. of iterations : 63.11904761904762
#Done!
