Model : dnsNMF
Dataset : warpAR10P.mat
max iterations : 100
myeps_1 : 1e-12
myeps_2 : 1e-10
The results of running the Kmeans method 20 times and the report of maximum of 20 runs
##################################################################################################
 k1 = 80 : k2 = 10 
 Max ACC : 26.153846153846157, with theta = 0.1
 Max NMI : 19.506090880107774, with theta = 0.01
 Reconstruction Error : 118.35019788036686
##################################################################################################
##################################################################################################
 k1 = 80 : k2 = 20 
 Max ACC : 26.153846153846157, with theta = 0.01
 Max NMI : 19.41096178156922, with theta = 0.1
 Reconstruction Error : 197.68310633133615
##################################################################################################
##################################################################################################
 k1 = 80 : k2 = 30 
 Max ACC : 26.153846153846157, with theta = 0.01
 Max NMI : 19.42153500812295, with theta = 0.01
 Reconstruction Error : 235.89471207574698
##################################################################################################
##################################################################################################
 k1 = 80 : k2 = 40 
 Max ACC : 30.0, with theta = 0.01
 Max NMI : 24.324944723536042, with theta = 0.01
 Reconstruction Error : 1339.4118161766062
##################################################################################################
##################################################################################################
 k1 = 80 : k2 = 50 
 Max ACC : 25.384615384615383, with theta = 0.001
 Max NMI : 20.30798419531398, with theta = 10.0
 Reconstruction Error : 12116.402021119899
##################################################################################################
##################################################################################################
 k1 = 80 : k2 = 60 
 Max ACC : 27.692307692307693, with theta = 0.001
 Max NMI : 21.601140303867197, with theta = 10.0
 Reconstruction Error : 15565.45690929694
##################################################################################################
##################################################################################################
 k1 = 80 : k2 = 70 
 Max ACC : 26.923076923076923, with theta = 0.001
 Max NMI : 21.740902935953947, with theta = 0.01
 Reconstruction Error : 15107.46754927667
##################################################################################################
The results of running the Kmeans method 20 times and the average of 20 runs
##################################################################################################
 k1 = 80 : k2 = 10
 Avg ACC : 24.331983805668017, with theta = 0.1
 Avg NMI : 17.67486813240486, with theta = 0.1
 Reconstruction Error : 118.35019788036686
##################################################################################################
##################################################################################################
 k1 = 80 : k2 = 20
 Avg ACC : 23.60323886639676, with theta = 10.0
 Avg NMI : 15.723304277854893, with theta = 0.1
 Reconstruction Error : 197.68310633133615
##################################################################################################
##################################################################################################
 k1 = 80 : k2 = 30
 Avg ACC : 23.27935222672065, with theta = 0.1
 Avg NMI : 17.073551430229532, with theta = 0.01
 Reconstruction Error : 235.89471207574698
##################################################################################################
##################################################################################################
 k1 = 80 : k2 = 40
 Avg ACC : 25.020242914979757, with theta = 0.01
 Avg NMI : 17.56870535140562, with theta = 0.01
 Reconstruction Error : 1339.4118161766062
##################################################################################################
##################################################################################################
 k1 = 80 : k2 = 50
 Avg ACC : 23.522267206477732, with theta = 0.001
 Avg NMI : 17.283153111031602, with theta = 0.01
 Reconstruction Error : 12116.402021119899
##################################################################################################
##################################################################################################
 k1 = 80 : k2 = 60
 Avg ACC : 23.40080971659919, with theta = 10.0
 Avg NMI : 17.49061974628303, with theta = 10.0
 Reconstruction Error : 15565.45690929694
##################################################################################################
##################################################################################################
 k1 = 80 : k2 = 70
 Avg ACC : 24.574898785425102, with theta = 0.01
 Avg NMI : 18.895164490787394, with theta = 0.01
 Reconstruction Error : 15107.46754927667
##################################################################################################
The results of running the Kmeans method 20 times and the report of maximum of 20 runs
##################################################################################################
 k1 = 100 : k2 = 10 
 Max ACC : 25.384615384615383, with theta = 0.001
 Max NMI : 17.821696929707898, with theta = 0.001
 Reconstruction Error : 153.05904441277812
##################################################################################################
##################################################################################################
 k1 = 100 : k2 = 20 
 Max ACC : 26.923076923076923, with theta = 0.001
 Max NMI : 20.656183118294074, with theta = 0.001
 Reconstruction Error : 243.575198159885
##################################################################################################
##################################################################################################
 k1 = 100 : k2 = 30 
 Max ACC : 27.692307692307693, with theta = 0.01
 Max NMI : 20.37262404731818, with theta = 0.01
 Reconstruction Error : 273.23170179833653
##################################################################################################
##################################################################################################
 k1 = 100 : k2 = 40 
 Max ACC : 28.46153846153846, with theta = 0.001
 Max NMI : 20.71079942788951, with theta = 0.001
 Reconstruction Error : 312.73201416723055
##################################################################################################
##################################################################################################
 k1 = 100 : k2 = 50 
 Max ACC : 26.153846153846157, with theta = 0.1
 Max NMI : 21.68010291279891, with theta = 0.1
 Reconstruction Error : 13125.616192016743
##################################################################################################
##################################################################################################
 k1 = 100 : k2 = 60 
 Max ACC : 26.923076923076923, with theta = 0.01
 Max NMI : 21.461804776216763, with theta = 0.01
 Reconstruction Error : 26584.039146215637
##################################################################################################
##################################################################################################
 k1 = 100 : k2 = 70 
 Max ACC : 26.153846153846157, with theta = 0.1
 Max NMI : 21.01108683687641, with theta = 0.1
 Reconstruction Error : 33767.476549222316
##################################################################################################
The results of running the Kmeans method 20 times and the average of 20 runs
##################################################################################################
 k1 = 100 : k2 = 10
 Avg ACC : 22.793522267206477, with theta = 0.001
 Avg NMI : 16.069186961948233, with theta = 10.0
 Reconstruction Error : 153.05904441277812
##################################################################################################
##################################################################################################
 k1 = 100 : k2 = 20
 Avg ACC : 24.574898785425102, with theta = 0.01
 Avg NMI : 17.66847111652024, with theta = 0.01
 Reconstruction Error : 243.575198159885
##################################################################################################
##################################################################################################
 k1 = 100 : k2 = 30
 Avg ACC : 23.60323886639676, with theta = 0.01
 Avg NMI : 17.670241911474683, with theta = 0.001
 Reconstruction Error : 273.23170179833653
##################################################################################################
##################################################################################################
 k1 = 100 : k2 = 40
 Avg ACC : 25.020242914979757, with theta = 0.001
 Avg NMI : 18.749935029653127, with theta = 0.001
 Reconstruction Error : 312.73201416723055
##################################################################################################
##################################################################################################
 k1 = 100 : k2 = 50
 Avg ACC : 23.157894736842106, with theta = 0.01
 Avg NMI : 17.555789430867318, with theta = 0.1
 Reconstruction Error : 13125.616192016743
##################################################################################################
##################################################################################################
 k1 = 100 : k2 = 60
 Avg ACC : 23.522267206477732, with theta = 10.0
 Avg NMI : 17.308828661639687, with theta = 0.01
 Reconstruction Error : 26584.039146215637
##################################################################################################
##################################################################################################
 k1 = 100 : k2 = 70
 Avg ACC : 23.157894736842106, with theta = 0.1
 Avg NMI : 16.682459535599058, with theta = 0.1
 Reconstruction Error : 33767.476549222316
##################################################################################################
The results of running the Kmeans method 20 times and the report of maximum of 20 runs
##################################################################################################
 k1 = 120 : k2 = 10 
 Max ACC : 25.384615384615383, with theta = 0.001
 Max NMI : 18.87097578043293, with theta = 0.001
 Reconstruction Error : 181.69431181496054
##################################################################################################
##################################################################################################
 k1 = 120 : k2 = 20 
 Max ACC : 26.153846153846157, with theta = 10.0
 Max NMI : 22.28895581005441, with theta = 10.0
 Reconstruction Error : 274.3254611519615
##################################################################################################
##################################################################################################
 k1 = 120 : k2 = 30 
 Max ACC : 25.384615384615383, with theta = 0.1
 Max NMI : 18.161699627719077, with theta = 0.01
 Reconstruction Error : 397.53257149542173
##################################################################################################
##################################################################################################
 k1 = 120 : k2 = 40 
 Max ACC : 25.384615384615383, with theta = 0.01
 Max NMI : 21.009985423414413, with theta = 0.1
 Reconstruction Error : 1091.556259570199
##################################################################################################
##################################################################################################
 k1 = 120 : k2 = 50 
 Max ACC : 27.692307692307693, with theta = 0.1
 Max NMI : 20.911471339200748, with theta = 0.1
 Reconstruction Error : 17462.137760122216
##################################################################################################
##################################################################################################
 k1 = 120 : k2 = 60 
 Max ACC : 25.384615384615383, with theta = 0.001
 Max NMI : 20.61962897275728, with theta = 0.01
 Reconstruction Error : 22306.138417796665
##################################################################################################
##################################################################################################
 k1 = 120 : k2 = 70 
 Max ACC : 30.0, with theta = 0.01
 Max NMI : 22.303342213948312, with theta = 0.01
 Reconstruction Error : 41007.176590899086
##################################################################################################
The results of running the Kmeans method 20 times and the average of 20 runs
##################################################################################################
 k1 = 120 : k2 = 10
 Avg ACC : 22.79352226720648, with theta = 0.01
 Avg NMI : 15.880546958700569, with theta = 0.01
 Reconstruction Error : 181.69431181496054
##################################################################################################
##################################################################################################
 k1 = 120 : k2 = 20
 Avg ACC : 24.291497975708502, with theta = 10.0
 Avg NMI : 21.820519301380838, with theta = 10.0
 Reconstruction Error : 274.3254611519615
##################################################################################################
##################################################################################################
 k1 = 120 : k2 = 30
 Avg ACC : 22.550607287449395, with theta = 0.1
 Avg NMI : 15.670213487637959, with theta = 0.1
 Reconstruction Error : 397.53257149542173
##################################################################################################
##################################################################################################
 k1 = 120 : k2 = 40
 Avg ACC : 23.68421052631579, with theta = 0.1
 Avg NMI : 17.51436871133513, with theta = 0.1
 Reconstruction Error : 1091.556259570199
##################################################################################################
##################################################################################################
 k1 = 120 : k2 = 50
 Avg ACC : 23.765182186234817, with theta = 10.0
 Avg NMI : 18.13471737074143, with theta = 0.001
 Reconstruction Error : 17462.137760122216
##################################################################################################
##################################################################################################
 k1 = 120 : k2 = 60
 Avg ACC : 23.68421052631579, with theta = 0.001
 Avg NMI : 17.47366902184833, with theta = 0.001
 Reconstruction Error : 22306.138417796665
##################################################################################################
##################################################################################################
 k1 = 120 : k2 = 70
 Avg ACC : 24.736842105263158, with theta = 0.01
 Avg NMI : 18.81204920875722, with theta = 0.01
 Reconstruction Error : 41007.176590899086
##################################################################################################
