Model : ERWNMF
Dataset : warpAR10P.mat
max iterations : 100
myeps_1 : 1e-12
myeps_2 : 1e-10
**********************************************************************************************************
The results of running the Kmeans method 20 times and the report of maximum of 20 runs

k = 10 : best max_acc = 40.0 , with nu = 2147483648
k = 10 : best max_nmi = 42.472323398559546 , with nu = 2147483648


The results of running the Kmeans method 20 times and the report of average of 20 runs

k = 10 : best avg_acc = 35.26315789473684 , with nu = 2147483648 
k = 10 : best avg_nmi = 36.959472402163044 , with nu = 268435456 
**********************************************************************************************************
**********************************************************************************************************
The results of running the Kmeans method 20 times and the report of maximum of 20 runs

k = 20 : best max_acc = 44.61538461538462 , with nu = 1073741824
k = 20 : best max_nmi = 46.58251266785772 , with nu = 1073741824


The results of running the Kmeans method 20 times and the report of average of 20 runs

k = 20 : best avg_acc = 37.08502024291498 , with nu = 1073741824 
k = 20 : best avg_nmi = 39.05194023588226 , with nu = 1073741824 
**********************************************************************************************************
**********************************************************************************************************
The results of running the Kmeans method 20 times and the report of maximum of 20 runs

k = 30 : best max_acc = 46.92307692307692 , with nu = 134217728
k = 30 : best max_nmi = 54.67891640405752 , with nu = 134217728


The results of running the Kmeans method 20 times and the report of average of 20 runs

k = 30 : best avg_acc = 38.502024291497975 , with nu = 2147483648 
k = 30 : best avg_nmi = 40.991318054105655 , with nu = 67108864 
**********************************************************************************************************
**********************************************************************************************************
The results of running the Kmeans method 20 times and the report of maximum of 20 runs

k = 40 : best max_acc = 49.23076923076923 , with nu = 8388608
k = 40 : best max_nmi = 55.57370254029309 , with nu = 8388608


The results of running the Kmeans method 20 times and the report of average of 20 runs

k = 40 : best avg_acc = 37.81376518218624 , with nu = 4294967296 
k = 40 : best avg_nmi = 43.39321683500381 , with nu = 4294967296 
**********************************************************************************************************
**********************************************************************************************************
The results of running the Kmeans method 20 times and the report of maximum of 20 runs

k = 50 : best max_acc = 46.92307692307692 , with nu = 16777216
k = 50 : best max_nmi = 51.79631008721288 , with nu = 16777216


The results of running the Kmeans method 20 times and the report of average of 20 runs

k = 50 : best avg_acc = 38.42105263157895 , with nu = 268435456 
k = 50 : best avg_nmi = 41.81321228808984 , with nu = 67108864 
**********************************************************************************************************
**********************************************************************************************************
The results of running the Kmeans method 20 times and the report of maximum of 20 runs

k = 60 : best max_acc = 51.53846153846153 , with nu = 1073741824
k = 60 : best max_nmi = 53.632648125767716 , with nu = 1073741824


The results of running the Kmeans method 20 times and the report of average of 20 runs

k = 60 : best avg_acc = 40.5668016194332 , with nu = 268435456 
k = 60 : best avg_nmi = 44.0778881717183 , with nu = 268435456 
**********************************************************************************************************
**********************************************************************************************************
The results of running the Kmeans method 20 times and the report of maximum of 20 runs

k = 70 : best max_acc = 50.76923076923077 , with nu = 16777216
k = 70 : best max_nmi = 58.736352697224724 , with nu = 16777216


The results of running the Kmeans method 20 times and the report of average of 20 runs

k = 70 : best avg_acc = 37.935222672064775 , with nu = 8388608 
k = 70 : best avg_nmi = 42.12169904021151 , with nu = 8388608 
**********************************************************************************************************

....................................................
 best acc(avg) = 40.5668016194332 for k = 60
 best nmi(avg) = 44.0778881717183 for k = 60
....................................................
done!
