Dataset : jaffe.mat
max iterations : 100
myeps_1 : 1e-12
myeps_2 : 1e-10
##################################################################################################
The results of running the Kmeans method 20 times and the report of maximum of 20 runs
##################################################################################################
 k = 10 : maxACC = 97.65258215962442
 k = 10 : maxNMI = 96.55047894420608
##################################################################################################
The results of running the Kmeans method 20 times and the average of 20 runs
##################################################################################################
 k = 10 : meanACC = 96.68890536199653
 k = 10 : meanNMI = 94.77489915035694


##################################################################################################
The results of running the Kmeans method 20 times and the report of maximum of 20 runs
##################################################################################################
 k = 20 : maxACC = 98.59154929577466
 k = 20 : maxNMI = 98.16925337381413
##################################################################################################
The results of running the Kmeans method 20 times and the average of 20 runs
##################################################################################################
 k = 20 : meanACC = 97.89967877440078
 k = 20 : meanNMI = 97.38157936765398


##################################################################################################
The results of running the Kmeans method 20 times and the report of maximum of 20 runs
##################################################################################################
 k = 30 : maxACC = 80.75117370892019
 k = 30 : maxNMI = 85.57269145136529
##################################################################################################
The results of running the Kmeans method 20 times and the average of 20 runs
##################################################################################################
 k = 30 : meanACC = 79.02149740548555
 k = 30 : meanNMI = 83.38978360937966


